2020-04-21 07:25:39,433:get_data.py:60:WARNING:El subtitulo: subtitles\antena3 HD_spa_TXT.st 2019 10 18.xlogmorning_new está vacio 

2020-04-21 07:25:39,433:get_data.py:62:WARNING:El subtitulo: subtitles\antena3 HD_spa_TXT.st 2019 10 18.xlogafternoon_new está vacio 

2020-04-21 07:25:40,277:get_data.py:60:WARNING:El subtitulo: subtitles\antena3_spa_OCR.st 2019 10 18.xlogmorning_new está vacio 

2020-04-21 07:25:40,277:get_data.py:62:WARNING:El subtitulo: subtitles\antena3_spa_OCR.st 2019 10 18.xlogafternoon_new está vacio 

2020-04-21 07:25:43,991:get_data.py:60:WARNING:El subtitulo: subtitles\laSexta HD_spa_TXT.st 2019 10 18.xlogmorning_new está vacio 

2020-04-21 07:25:43,991:get_data.py:62:WARNING:El subtitulo: subtitles\laSexta HD_spa_TXT.st 2019 10 18.xlogafternoon_new está vacio 

2020-04-21 07:25:49,692:get_data.py:60:WARNING:El subtitulo: subtitles\RTVE-La1-Madrid.st 2019 09 10.xlogmorning_new está vacio 

2020-04-21 07:25:49,692:get_data.py:62:WARNING:El subtitulo: subtitles\RTVE-La1-Madrid.st 2019 09 10.xlogafternoon_new está vacio 

2020-04-21 07:25:49,692:get_data.py:60:WARNING:El subtitulo: subtitles\RTVE-La1-Madrid.st 2019 09 16.xlogmorning_new está vacio 

2020-04-21 07:25:49,692:get_data.py:62:WARNING:El subtitulo: subtitles\RTVE-La1-Madrid.st 2019 09 16.xlogafternoon_new está vacio 

2020-04-21 07:25:49,707:get_data.py:60:WARNING:El subtitulo: subtitles\RTVE-La1-Madrid.st 2019 09 17.xlogmorning_new está vacio 

2020-04-21 07:25:49,707:get_data.py:62:WARNING:El subtitulo: subtitles\RTVE-La1-Madrid.st 2019 09 17.xlogafternoon_new está vacio 

2020-04-21 07:25:49,707:get_data.py:60:WARNING:El subtitulo: subtitles\RTVE-La1-Madrid.st 2019 09 18.xlogmorning_new está vacio 

2020-04-21 07:25:49,707:get_data.py:62:WARNING:El subtitulo: subtitles\RTVE-La1-Madrid.st 2019 09 18.xlogafternoon_new está vacio 

2020-04-21 07:25:49,707:get_data.py:60:WARNING:El subtitulo: subtitles\RTVE-La1-Madrid.st 2019 09 19.xlogmorning_new está vacio 

2020-04-21 07:25:49,707:get_data.py:62:WARNING:El subtitulo: subtitles\RTVE-La1-Madrid.st 2019 09 19.xlogafternoon_new está vacio 

2020-04-21 07:25:49,707:get_data.py:60:WARNING:El subtitulo: subtitles\RTVE-La1-Madrid.st 2019 09 20.xlogmorning_new está vacio 

2020-04-21 07:25:49,707:get_data.py:62:WARNING:El subtitulo: subtitles\RTVE-La1-Madrid.st 2019 09 20.xlogafternoon_new está vacio 

2020-04-21 07:25:49,707:get_data.py:60:WARNING:El subtitulo: subtitles\RTVE-La1-Madrid.st 2019 09 23.xlogmorning_new está vacio 

2020-04-21 07:25:49,707:get_data.py:62:WARNING:El subtitulo: subtitles\RTVE-La1-Madrid.st 2019 09 23.xlogafternoon_new está vacio 

2020-04-21 07:25:49,707:get_data.py:60:WARNING:El subtitulo: subtitles\RTVE-La1-Madrid.st 2019 09 24.xlogmorning_new está vacio 

2020-04-21 07:25:49,707:get_data.py:62:WARNING:El subtitulo: subtitles\RTVE-La1-Madrid.st 2019 09 24.xlogafternoon_new está vacio 

2020-04-21 07:25:49,707:get_data.py:60:WARNING:El subtitulo: subtitles\RTVE-La1-Madrid.st 2019 09 25.xlogmorning_new está vacio 

2020-04-21 07:25:49,707:get_data.py:62:WARNING:El subtitulo: subtitles\RTVE-La1-Madrid.st 2019 09 25.xlogafternoon_new está vacio 

2020-04-21 07:25:49,707:get_data.py:60:WARNING:El subtitulo: subtitles\RTVE-La1-Merida.st 2019 09 16.xlogmorning_new está vacio 

2020-04-21 07:25:49,707:get_data.py:62:WARNING:El subtitulo: subtitles\RTVE-La1-Merida.st 2019 09 16.xlogafternoon_new está vacio 

2020-04-21 07:25:49,707:get_data.py:60:WARNING:El subtitulo: subtitles\RTVE-La1-Merida.st 2019 09 17.xlogmorning_new está vacio 

2020-04-21 07:25:49,707:get_data.py:62:WARNING:El subtitulo: subtitles\RTVE-La1-Merida.st 2019 09 17.xlogafternoon_new está vacio 

2020-04-21 07:25:49,707:get_data.py:60:WARNING:El subtitulo: subtitles\RTVE-La1-Merida.st 2019 09 18.xlogmorning_new está vacio 

2020-04-21 07:25:49,707:get_data.py:62:WARNING:El subtitulo: subtitles\RTVE-La1-Merida.st 2019 09 18.xlogafternoon_new está vacio 

2020-04-21 07:25:49,707:get_data.py:60:WARNING:El subtitulo: subtitles\RTVE-La1-Merida.st 2019 09 19.xlogmorning_new está vacio 

2020-04-21 07:25:49,707:get_data.py:62:WARNING:El subtitulo: subtitles\RTVE-La1-Merida.st 2019 09 19.xlogafternoon_new está vacio 

2020-04-21 07:25:49,707:get_data.py:60:WARNING:El subtitulo: subtitles\RTVE-La1-Merida.st 2019 09 20.xlogmorning_new está vacio 

2020-04-21 07:25:49,707:get_data.py:62:WARNING:El subtitulo: subtitles\RTVE-La1-Merida.st 2019 09 20.xlogafternoon_new está vacio 

2020-04-21 07:25:49,723:get_data.py:60:WARNING:El subtitulo: subtitles\RTVE-La1-Merida.st 2019 09 23.xlogmorning_new está vacio 

2020-04-21 07:25:49,723:get_data.py:62:WARNING:El subtitulo: subtitles\RTVE-La1-Merida.st 2019 09 23.xlogafternoon_new está vacio 

2020-04-21 07:25:49,723:get_data.py:60:WARNING:El subtitulo: subtitles\RTVE-La1-Merida.st 2019 09 24.xlogmorning_new está vacio 

2020-04-21 07:25:49,723:get_data.py:62:WARNING:El subtitulo: subtitles\RTVE-La1-Merida.st 2019 09 24.xlogafternoon_new está vacio 

2020-04-21 07:25:49,723:get_data.py:60:WARNING:El subtitulo: subtitles\RTVE-La1-Merida.st 2019 09 25.xlogmorning_new está vacio 

2020-04-21 07:25:49,723:get_data.py:62:WARNING:El subtitulo: subtitles\RTVE-La1-Merida.st 2019 09 25.xlogafternoon_new está vacio 

2020-04-21 07:25:49,723:get_data.py:60:WARNING:El subtitulo: subtitles\RTVE-La1-Merida.st 2019 09 26.xlogmorning_new está vacio 

2020-04-21 07:25:49,723:get_data.py:62:WARNING:El subtitulo: subtitles\RTVE-La1-Merida.st 2019 09 26.xlogafternoon_new está vacio 

2020-04-21 07:25:49,723:get_data.py:60:WARNING:El subtitulo: subtitles\RTVE-La1-Merida.st 2019 09 27.xlogmorning_new está vacio 

2020-04-21 07:25:49,723:get_data.py:62:WARNING:El subtitulo: subtitles\RTVE-La1-Merida.st 2019 09 27.xlogafternoon_new está vacio 

2020-04-21 07:25:49,723:get_data.py:60:WARNING:El subtitulo: subtitles\RTVE-La1-Merida.st 2019 09 30.xlogmorning_new está vacio 

2020-04-21 07:25:49,723:get_data.py:62:WARNING:El subtitulo: subtitles\RTVE-La1-Merida.st 2019 09 30.xlogafternoon_new está vacio 

2020-04-21 07:25:49,723:get_data.py:60:WARNING:El subtitulo: subtitles\RTVE-La1-Merida.st 2019 10 01.xlogmorning_new está vacio 

2020-04-21 07:25:49,723:get_data.py:62:WARNING:El subtitulo: subtitles\RTVE-La1-Merida.st 2019 10 01.xlogafternoon_new está vacio 

2020-04-21 07:25:49,723:get_data.py:60:WARNING:El subtitulo: subtitles\RTVE-La1-Merida.st 2019 10 02.xlogmorning_new está vacio 

2020-04-21 07:25:49,723:get_data.py:62:WARNING:El subtitulo: subtitles\RTVE-La1-Merida.st 2019 10 02.xlogafternoon_new está vacio 

2020-04-21 07:25:49,723:get_data.py:60:WARNING:El subtitulo: subtitles\RTVE-La1-Merida.st 2019 10 03.xlogmorning_new está vacio 

2020-04-21 07:25:49,723:get_data.py:62:WARNING:El subtitulo: subtitles\RTVE-La1-Merida.st 2019 10 03.xlogafternoon_new está vacio 

2020-04-21 07:25:49,723:get_data.py:60:WARNING:El subtitulo: subtitles\RTVE-La1-Merida.st 2019 10 04.xlogmorning_new está vacio 

2020-04-21 07:25:49,723:get_data.py:62:WARNING:El subtitulo: subtitles\RTVE-La1-Merida.st 2019 10 04.xlogafternoon_new está vacio 

2020-04-21 07:25:49,723:get_data.py:60:WARNING:El subtitulo: subtitles\RTVE-La1-Merida.st 2019 10 07.xlogmorning_new está vacio 

2020-04-21 07:25:49,723:get_data.py:62:WARNING:El subtitulo: subtitles\RTVE-La1-Merida.st 2019 10 07.xlogafternoon_new está vacio 

2020-04-21 07:25:49,723:get_data.py:60:WARNING:El subtitulo: subtitles\RTVE-La1-Merida.st 2019 10 08.xlogmorning_new está vacio 

2020-04-21 07:25:49,723:get_data.py:62:WARNING:El subtitulo: subtitles\RTVE-La1-Merida.st 2019 10 08.xlogafternoon_new está vacio 

2020-04-21 07:25:49,723:get_data.py:60:WARNING:El subtitulo: subtitles\RTVE-La1-Merida.st 2019 10 09.xlogmorning_new está vacio 

2020-04-21 07:25:49,723:get_data.py:62:WARNING:El subtitulo: subtitles\RTVE-La1-Merida.st 2019 10 09.xlogafternoon_new está vacio 

2020-04-21 07:25:49,739:get_data.py:60:WARNING:El subtitulo: subtitles\RTVE-La1-Merida.st 2019 10 10.xlogmorning_new está vacio 

2020-04-21 07:25:49,739:get_data.py:62:WARNING:El subtitulo: subtitles\RTVE-La1-Merida.st 2019 10 10.xlogafternoon_new está vacio 

2020-04-21 07:25:49,739:get_data.py:60:WARNING:El subtitulo: subtitles\RTVE-La1-Merida.st 2019 10 11.xlogmorning_new está vacio 

2020-04-21 07:25:49,739:get_data.py:62:WARNING:El subtitulo: subtitles\RTVE-La1-Merida.st 2019 10 11.xlogafternoon_new está vacio 

2020-04-21 07:25:49,739:get_data.py:60:WARNING:El subtitulo: subtitles\RTVE-La1-Merida.st 2019 10 14.xlogmorning_new está vacio 

2020-04-21 07:25:49,739:get_data.py:62:WARNING:El subtitulo: subtitles\RTVE-La1-Merida.st 2019 10 14.xlogafternoon_new está vacio 

2020-04-21 07:25:49,739:get_data.py:60:WARNING:El subtitulo: subtitles\RTVE-La1-Merida.st 2019 10 15.xlogmorning_new está vacio 

2020-04-21 07:25:49,739:get_data.py:62:WARNING:El subtitulo: subtitles\RTVE-La1-Merida.st 2019 10 15.xlogafternoon_new está vacio 

2020-04-21 07:25:49,739:get_data.py:60:WARNING:El subtitulo: subtitles\RTVE-La1-Merida.st 2019 10 16.xlogmorning_new está vacio 

2020-04-21 07:25:49,739:get_data.py:62:WARNING:El subtitulo: subtitles\RTVE-La1-Merida.st 2019 10 16.xlogafternoon_new está vacio 

2020-04-21 07:25:49,739:get_data.py:60:WARNING:El subtitulo: subtitles\RTVE-La1-Merida.st 2019 10 17.xlogmorning_new está vacio 

2020-04-21 07:25:49,739:get_data.py:62:WARNING:El subtitulo: subtitles\RTVE-La1-Merida.st 2019 10 17.xlogafternoon_new está vacio 

2020-04-21 07:25:49,739:get_data.py:60:WARNING:El subtitulo: subtitles\RTVE-La1-Oviedo.st 2019 09 23.xlogmorning_new está vacio 

2020-04-21 07:25:49,739:get_data.py:62:WARNING:El subtitulo: subtitles\RTVE-La1-Oviedo.st 2019 09 23.xlogafternoon_new está vacio 

2020-04-21 07:25:49,739:get_data.py:60:WARNING:El subtitulo: subtitles\RTVE-La1-Sevilla.st 2019 06 18.xlogmorning_new está vacio 

2020-04-21 07:25:49,739:get_data.py:62:WARNING:El subtitulo: subtitles\RTVE-La1-Sevilla.st 2019 06 18.xlogafternoon_new está vacio 

2020-04-21 07:25:49,739:get_data.py:60:WARNING:El subtitulo: subtitles\RTVE-La1-Sevilla.st 2019 09 16.xlogmorning_new está vacio 

2020-04-21 07:25:49,739:get_data.py:62:WARNING:El subtitulo: subtitles\RTVE-La1-Sevilla.st 2019 09 16.xlogafternoon_new está vacio 

2020-04-21 07:25:49,739:get_data.py:60:WARNING:El subtitulo: subtitles\RTVE-La1-Sevilla.st 2019 09 17.xlogmorning_new está vacio 

2020-04-21 07:25:49,739:get_data.py:62:WARNING:El subtitulo: subtitles\RTVE-La1-Sevilla.st 2019 09 17.xlogafternoon_new está vacio 

2020-04-21 07:25:49,739:get_data.py:60:WARNING:El subtitulo: subtitles\RTVE-La1-Sevilla.st 2019 09 18.xlogmorning_new está vacio 

2020-04-21 07:25:49,739:get_data.py:62:WARNING:El subtitulo: subtitles\RTVE-La1-Sevilla.st 2019 09 18.xlogafternoon_new está vacio 

2020-04-21 07:25:49,739:get_data.py:60:WARNING:El subtitulo: subtitles\RTVE-La1-Sevilla.st 2019 09 19.xlogmorning_new está vacio 

2020-04-21 07:25:49,739:get_data.py:62:WARNING:El subtitulo: subtitles\RTVE-La1-Sevilla.st 2019 09 19.xlogafternoon_new está vacio 

2020-04-21 07:25:49,739:get_data.py:60:WARNING:El subtitulo: subtitles\RTVE-La1-Sevilla.st 2019 09 20.xlogmorning_new está vacio 

2020-04-21 07:25:49,739:get_data.py:62:WARNING:El subtitulo: subtitles\RTVE-La1-Sevilla.st 2019 09 20.xlogafternoon_new está vacio 

2020-04-21 07:25:49,739:get_data.py:60:WARNING:El subtitulo: subtitles\RTVE-La1-Sevilla.st 2019 09 23.xlogmorning_new está vacio 

2020-04-21 07:25:49,739:get_data.py:62:WARNING:El subtitulo: subtitles\RTVE-La1-Sevilla.st 2019 09 23.xlogafternoon_new está vacio 

2020-04-21 07:25:49,739:get_data.py:60:WARNING:El subtitulo: subtitles\RTVE-La1-Sevilla.st 2019 09 24.xlogmorning_new está vacio 

2020-04-21 07:25:49,754:get_data.py:62:WARNING:El subtitulo: subtitles\RTVE-La1-Sevilla.st 2019 09 24.xlogafternoon_new está vacio 

2020-04-21 07:25:49,754:get_data.py:60:WARNING:El subtitulo: subtitles\RTVE-La1-Sevilla.st 2019 09 25.xlogmorning_new está vacio 

2020-04-21 07:25:49,754:get_data.py:62:WARNING:El subtitulo: subtitles\RTVE-La1-Sevilla.st 2019 09 25.xlogafternoon_new está vacio 

2020-04-21 07:25:49,754:get_data.py:60:WARNING:El subtitulo: subtitles\RTVE-La1-Sevilla.st 2019 09 26.xlogmorning_new está vacio 

2020-04-21 07:25:49,754:get_data.py:62:WARNING:El subtitulo: subtitles\RTVE-La1-Sevilla.st 2019 09 26.xlogafternoon_new está vacio 

2020-04-21 07:25:49,754:get_data.py:60:WARNING:El subtitulo: subtitles\RTVE-La1-Sevilla.st 2019 09 27.xlogmorning_new está vacio 

2020-04-21 07:25:49,754:get_data.py:62:WARNING:El subtitulo: subtitles\RTVE-La1-Sevilla.st 2019 09 27.xlogafternoon_new está vacio 

2020-04-21 07:25:49,754:get_data.py:60:WARNING:El subtitulo: subtitles\RTVE-La1-Sevilla.st 2019 09 30.xlogmorning_new está vacio 

2020-04-21 07:25:49,754:get_data.py:62:WARNING:El subtitulo: subtitles\RTVE-La1-Sevilla.st 2019 09 30.xlogafternoon_new está vacio 

2020-04-21 07:25:49,754:get_data.py:60:WARNING:El subtitulo: subtitles\RTVE-La1-Sevilla.st 2019 10 01.xlogmorning_new está vacio 

2020-04-21 07:25:49,754:get_data.py:62:WARNING:El subtitulo: subtitles\RTVE-La1-Sevilla.st 2019 10 01.xlogafternoon_new está vacio 

2020-04-21 07:25:49,754:get_data.py:60:WARNING:El subtitulo: subtitles\RTVE-La1-Sevilla.st 2019 10 02.xlogmorning_new está vacio 

2020-04-21 07:25:49,754:get_data.py:62:WARNING:El subtitulo: subtitles\RTVE-La1-Sevilla.st 2019 10 02.xlogafternoon_new está vacio 

2020-04-21 07:25:49,754:get_data.py:60:WARNING:El subtitulo: subtitles\RTVE-La1-Sevilla.st 2019 10 03.xlogmorning_new está vacio 

2020-04-21 07:25:49,754:get_data.py:62:WARNING:El subtitulo: subtitles\RTVE-La1-Sevilla.st 2019 10 03.xlogafternoon_new está vacio 

2020-04-21 07:25:49,754:get_data.py:60:WARNING:El subtitulo: subtitles\RTVE-La1-Sevilla.st 2019 10 04.xlogmorning_new está vacio 

2020-04-21 07:25:49,754:get_data.py:62:WARNING:El subtitulo: subtitles\RTVE-La1-Sevilla.st 2019 10 04.xlogafternoon_new está vacio 

2020-04-21 07:25:49,754:get_data.py:60:WARNING:El subtitulo: subtitles\RTVE-La1-Sevilla.st 2019 10 07.xlogmorning_new está vacio 

2020-04-21 07:25:49,754:get_data.py:62:WARNING:El subtitulo: subtitles\RTVE-La1-Sevilla.st 2019 10 07.xlogafternoon_new está vacio 

2020-04-21 07:25:49,754:get_data.py:60:WARNING:El subtitulo: subtitles\RTVE-La1-Sevilla.st 2019 10 08.xlogmorning_new está vacio 

2020-04-21 07:25:49,754:get_data.py:62:WARNING:El subtitulo: subtitles\RTVE-La1-Sevilla.st 2019 10 08.xlogafternoon_new está vacio 

2020-04-21 07:25:49,754:get_data.py:60:WARNING:El subtitulo: subtitles\RTVE-La1-Sevilla.st 2019 10 09.xlogmorning_new está vacio 

2020-04-21 07:25:49,754:get_data.py:62:WARNING:El subtitulo: subtitles\RTVE-La1-Sevilla.st 2019 10 09.xlogafternoon_new está vacio 

2020-04-21 07:25:49,754:get_data.py:60:WARNING:El subtitulo: subtitles\RTVE-La1-Sevilla.st 2019 10 10.xlogmorning_new está vacio 

2020-04-21 07:25:49,754:get_data.py:62:WARNING:El subtitulo: subtitles\RTVE-La1-Sevilla.st 2019 10 10.xlogafternoon_new está vacio 

2020-04-21 07:25:49,754:get_data.py:60:WARNING:El subtitulo: subtitles\RTVE-La1-Sevilla.st 2019 10 11.xlogmorning_new está vacio 

2020-04-21 07:25:49,754:get_data.py:62:WARNING:El subtitulo: subtitles\RTVE-La1-Sevilla.st 2019 10 11.xlogafternoon_new está vacio 

2020-04-21 07:25:49,754:get_data.py:60:WARNING:El subtitulo: subtitles\RTVE-La1-Sevilla.st 2019 10 14.xlogmorning_new está vacio 

2020-04-21 07:25:49,770:get_data.py:62:WARNING:El subtitulo: subtitles\RTVE-La1-Sevilla.st 2019 10 14.xlogafternoon_new está vacio 

2020-04-21 07:25:49,770:get_data.py:60:WARNING:El subtitulo: subtitles\RTVE-La1-Sevilla.st 2019 10 15.xlogmorning_new está vacio 

2020-04-21 07:25:49,770:get_data.py:62:WARNING:El subtitulo: subtitles\RTVE-La1-Sevilla.st 2019 10 15.xlogafternoon_new está vacio 

2020-04-21 07:25:49,770:get_data.py:60:WARNING:El subtitulo: subtitles\RTVE-La1-Sevilla.st 2019 10 16.xlogmorning_new está vacio 

2020-04-21 07:25:49,770:get_data.py:62:WARNING:El subtitulo: subtitles\RTVE-La1-Sevilla.st 2019 10 16.xlogafternoon_new está vacio 

2020-04-21 07:25:49,770:get_data.py:60:WARNING:El subtitulo: subtitles\RTVE-La1-Toledo.st 2019 09 16.xlogmorning_new está vacio 

2020-04-21 07:25:49,770:get_data.py:62:WARNING:El subtitulo: subtitles\RTVE-La1-Toledo.st 2019 09 16.xlogafternoon_new está vacio 

2020-04-21 07:25:49,770:get_data.py:60:WARNING:El subtitulo: subtitles\RTVE-La1-Toledo.st 2019 09 17.xlogmorning_new está vacio 

2020-04-21 07:25:49,770:get_data.py:62:WARNING:El subtitulo: subtitles\RTVE-La1-Toledo.st 2019 09 17.xlogafternoon_new está vacio 

2020-04-21 07:25:49,770:get_data.py:60:WARNING:El subtitulo: subtitles\RTVE-La1-Toledo.st 2019 09 18.xlogmorning_new está vacio 

2020-04-21 07:25:49,770:get_data.py:62:WARNING:El subtitulo: subtitles\RTVE-La1-Toledo.st 2019 09 18.xlogafternoon_new está vacio 

2020-04-21 07:25:49,770:get_data.py:60:WARNING:El subtitulo: subtitles\RTVE-La1-Toledo.st 2019 09 19.xlogmorning_new está vacio 

2020-04-21 07:25:49,770:get_data.py:62:WARNING:El subtitulo: subtitles\RTVE-La1-Toledo.st 2019 09 19.xlogafternoon_new está vacio 

2020-04-21 07:25:49,770:get_data.py:60:WARNING:El subtitulo: subtitles\RTVE-La1-Toledo.st 2019 09 20.xlogmorning_new está vacio 

2020-04-21 07:25:49,770:get_data.py:62:WARNING:El subtitulo: subtitles\RTVE-La1-Toledo.st 2019 09 20.xlogafternoon_new está vacio 

2020-04-21 07:25:49,770:get_data.py:60:WARNING:El subtitulo: subtitles\RTVE-La1-Toledo.st 2019 09 23.xlogmorning_new está vacio 

2020-04-21 07:25:49,770:get_data.py:62:WARNING:El subtitulo: subtitles\RTVE-La1-Toledo.st 2019 09 23.xlogafternoon_new está vacio 

2020-04-21 07:25:49,770:get_data.py:60:WARNING:El subtitulo: subtitles\RTVE-La1-Toledo.st 2019 09 24.xlogmorning_new está vacio 

2020-04-21 07:25:49,770:get_data.py:62:WARNING:El subtitulo: subtitles\RTVE-La1-Toledo.st 2019 09 24.xlogafternoon_new está vacio 

2020-04-21 07:25:49,770:get_data.py:60:WARNING:El subtitulo: subtitles\RTVE-La1-Toledo.st 2019 09 25.xlogmorning_new está vacio 

2020-04-21 07:25:49,770:get_data.py:62:WARNING:El subtitulo: subtitles\RTVE-La1-Toledo.st 2019 09 25.xlogafternoon_new está vacio 

2020-04-21 07:25:49,770:get_data.py:60:WARNING:El subtitulo: subtitles\RTVE-La1-Toledo.st 2019 09 26.xlogmorning_new está vacio 

2020-04-21 07:25:49,770:get_data.py:62:WARNING:El subtitulo: subtitles\RTVE-La1-Toledo.st 2019 09 26.xlogafternoon_new está vacio 

2020-04-21 07:25:49,770:get_data.py:60:WARNING:El subtitulo: subtitles\RTVE-La1-Toledo.st 2019 09 27.xlogmorning_new está vacio 

2020-04-21 07:25:49,770:get_data.py:62:WARNING:El subtitulo: subtitles\RTVE-La1-Toledo.st 2019 09 27.xlogafternoon_new está vacio 

2020-04-21 07:25:49,770:get_data.py:60:WARNING:El subtitulo: subtitles\RTVE-La1-Toledo.st 2019 09 30.xlogmorning_new está vacio 

2020-04-21 07:25:49,770:get_data.py:62:WARNING:El subtitulo: subtitles\RTVE-La1-Toledo.st 2019 09 30.xlogafternoon_new está vacio 

2020-04-21 07:25:49,786:get_data.py:60:WARNING:El subtitulo: subtitles\RTVE-La1-Toledo.st 2019 10 01.xlogmorning_new está vacio 

2020-04-21 07:25:49,786:get_data.py:62:WARNING:El subtitulo: subtitles\RTVE-La1-Toledo.st 2019 10 01.xlogafternoon_new está vacio 

2020-04-21 07:25:49,786:get_data.py:60:WARNING:El subtitulo: subtitles\RTVE-La1-Toledo.st 2019 10 04.xlogmorning_new está vacio 

2020-04-21 07:25:49,786:get_data.py:62:WARNING:El subtitulo: subtitles\RTVE-La1-Toledo.st 2019 10 04.xlogafternoon_new está vacio 

2020-04-21 07:25:49,786:get_data.py:60:WARNING:El subtitulo: subtitles\RTVE-La1-Toledo.st 2019 10 07.xlogmorning_new está vacio 

2020-04-21 07:25:49,786:get_data.py:62:WARNING:El subtitulo: subtitles\RTVE-La1-Toledo.st 2019 10 07.xlogafternoon_new está vacio 

2020-04-21 07:25:49,786:get_data.py:60:WARNING:El subtitulo: subtitles\RTVE-La1-Toledo.st 2019 10 08.xlogmorning_new está vacio 

2020-04-21 07:25:49,786:get_data.py:62:WARNING:El subtitulo: subtitles\RTVE-La1-Toledo.st 2019 10 08.xlogafternoon_new está vacio 

2020-04-21 07:25:49,786:get_data.py:60:WARNING:El subtitulo: subtitles\RTVE-La1-Toledo.st 2019 10 09.xlogmorning_new está vacio 

2020-04-21 07:25:49,786:get_data.py:62:WARNING:El subtitulo: subtitles\RTVE-La1-Toledo.st 2019 10 09.xlogafternoon_new está vacio 

2020-04-21 07:25:49,786:get_data.py:60:WARNING:El subtitulo: subtitles\RTVE-La1-Toledo.st 2019 10 10.xlogmorning_new está vacio 

2020-04-21 07:25:49,786:get_data.py:62:WARNING:El subtitulo: subtitles\RTVE-La1-Toledo.st 2019 10 10.xlogafternoon_new está vacio 

2020-04-21 07:25:49,786:get_data.py:60:WARNING:El subtitulo: subtitles\RTVE-La1-Toledo.st 2019 10 11.xlogmorning_new está vacio 

2020-04-21 07:25:49,786:get_data.py:62:WARNING:El subtitulo: subtitles\RTVE-La1-Toledo.st 2019 10 11.xlogafternoon_new está vacio 

2020-04-21 07:25:49,786:get_data.py:60:WARNING:El subtitulo: subtitles\RTVE-La1-Toledo.st 2019 10 14.xlogmorning_new está vacio 

2020-04-21 07:25:49,786:get_data.py:62:WARNING:El subtitulo: subtitles\RTVE-La1-Toledo.st 2019 10 14.xlogafternoon_new está vacio 

2020-04-21 07:25:49,786:get_data.py:60:WARNING:El subtitulo: subtitles\RTVE-La1-Toledo.st 2019 10 15.xlogmorning_new está vacio 

2020-04-21 07:25:49,786:get_data.py:62:WARNING:El subtitulo: subtitles\RTVE-La1-Toledo.st 2019 10 15.xlogafternoon_new está vacio 

2020-04-21 07:25:49,786:get_data.py:60:WARNING:El subtitulo: subtitles\RTVE-La1-Toledo.st 2019 10 16.xlogmorning_new está vacio 

2020-04-21 07:25:49,786:get_data.py:62:WARNING:El subtitulo: subtitles\RTVE-La1-Toledo.st 2019 10 16.xlogafternoon_new está vacio 

2020-04-21 07:25:49,786:get_data.py:60:WARNING:El subtitulo: subtitles\RTVE-La1-Toledo.st 2019 10 17.xlogmorning_new está vacio 

2020-04-21 07:25:49,786:get_data.py:62:WARNING:El subtitulo: subtitles\RTVE-La1-Toledo.st 2019 10 17.xlogafternoon_new está vacio 

2020-04-21 07:25:49,786:get_data.py:60:WARNING:El subtitulo: subtitles\RTVE-La1-Valladolid.st 2019 09 23.xlogmorning_new está vacio 

2020-04-21 07:25:49,786:get_data.py:62:WARNING:El subtitulo: subtitles\RTVE-La1-Valladolid.st 2019 09 23.xlogafternoon_new está vacio 

2020-04-21 07:25:49,801:get_data.py:60:WARNING:El subtitulo: subtitles\Telecinco HD_spa_TXT.st 2019 09 18.xlogmorning_new está vacio 

2020-04-21 07:25:49,864:get_data.py:60:WARNING:El subtitulo: subtitles\Telecinco HD_spa_TXT.st 2019 09 21.xlogmorning_new está vacio 

2020-04-21 07:25:49,864:get_data.py:62:WARNING:El subtitulo: subtitles\Telecinco HD_spa_TXT.st 2019 09 21.xlogafternoon_new está vacio 

2020-04-21 07:25:49,879:get_data.py:60:WARNING:El subtitulo: subtitles\Telecinco HD_spa_TXT.st 2019 09 22.xlogmorning_new está vacio 

2020-04-21 07:25:49,926:get_data.py:62:WARNING:El subtitulo: subtitles\Telecinco HD_spa_TXT.st 2019 09 25.xlogafternoon_new está vacio 

2020-04-21 07:25:49,957:get_data.py:62:WARNING:El subtitulo: subtitles\Telecinco HD_spa_TXT.st 2019 09 26.xlogafternoon_new está vacio 

2020-04-21 07:25:49,989:get_data.py:60:WARNING:El subtitulo: subtitles\Telecinco HD_spa_TXT.st 2019 09 28.xlogmorning_new está vacio 

2020-04-21 07:25:50,004:get_data.py:60:WARNING:El subtitulo: subtitles\Telecinco HD_spa_TXT.st 2019 09 29.xlogmorning_new está vacio 

2020-04-21 07:25:50,035:get_data.py:62:WARNING:El subtitulo: subtitles\Telecinco HD_spa_TXT.st 2019 10 01.xlogafternoon_new está vacio 

2020-04-21 07:25:50,082:get_data.py:62:WARNING:El subtitulo: subtitles\Telecinco HD_spa_TXT.st 2019 10 04.xlogafternoon_new está vacio 

2020-04-21 07:25:50,098:get_data.py:60:WARNING:El subtitulo: subtitles\Telecinco HD_spa_TXT.st 2019 10 05.xlogmorning_new está vacio 

2020-04-21 07:25:50,114:get_data.py:60:WARNING:El subtitulo: subtitles\Telecinco HD_spa_TXT.st 2019 10 06.xlogmorning_new está vacio 

2020-04-21 07:25:50,145:get_data.py:62:WARNING:El subtitulo: subtitles\Telecinco HD_spa_TXT.st 2019 10 07.xlogafternoon_new está vacio 

2020-04-21 07:25:50,176:get_data.py:62:WARNING:El subtitulo: subtitles\Telecinco HD_spa_TXT.st 2019 10 09.xlogafternoon_new está vacio 

2020-04-21 07:25:50,223:get_data.py:62:WARNING:El subtitulo: subtitles\Telecinco HD_spa_TXT.st 2019 10 11.xlogafternoon_new está vacio 

2020-04-21 07:25:50,239:get_data.py:60:WARNING:El subtitulo: subtitles\Telecinco HD_spa_TXT.st 2019 10 12.xlogmorning_new está vacio 

2020-04-21 07:25:50,239:get_data.py:60:WARNING:El subtitulo: subtitles\Telecinco HD_spa_TXT.st 2019 10 13.xlogmorning_new está vacio 

2020-04-21 07:25:50,270:get_data.py:62:WARNING:El subtitulo: subtitles\Telecinco HD_spa_TXT.st 2019 10 14.xlogafternoon_new está vacio 

2020-04-21 07:25:50,285:get_data.py:60:WARNING:El subtitulo: subtitles\Telecinco HD_spa_TXT.st 2019 10 16.xlogmorning_new está vacio 

2020-04-21 07:25:50,301:get_data.py:60:WARNING:El subtitulo: subtitles\Telecinco HD_spa_TXT.st 2019 10 17.xlogmorning_new está vacio 

2020-04-21 07:25:50,301:get_data.py:60:WARNING:El subtitulo: subtitles\Telecinco HD_spa_TXT.st 2019 10 18.xlogmorning_new está vacio 

2020-04-21 07:25:50,301:get_data.py:62:WARNING:El subtitulo: subtitles\Telecinco HD_spa_TXT.st 2019 10 18.xlogafternoon_new está vacio 

2020-04-21 07:25:50,317:get_data.py:60:WARNING:El subtitulo: subtitles\Telecinco_spa_TXT.st 2019 09 18.xlogmorning_new está vacio 

2020-04-21 07:25:50,363:get_data.py:60:WARNING:El subtitulo: subtitles\Telecinco_spa_TXT.st 2019 09 21.xlogmorning_new está vacio 

2020-04-21 07:25:50,363:get_data.py:62:WARNING:El subtitulo: subtitles\Telecinco_spa_TXT.st 2019 09 21.xlogafternoon_new está vacio 

2020-04-21 07:25:50,379:get_data.py:60:WARNING:El subtitulo: subtitles\Telecinco_spa_TXT.st 2019 09 22.xlogmorning_new está vacio 

2020-04-21 07:25:50,426:get_data.py:62:WARNING:El subtitulo: subtitles\Telecinco_spa_TXT.st 2019 09 25.xlogafternoon_new está vacio 

2020-04-21 07:25:50,457:get_data.py:62:WARNING:El subtitulo: subtitles\Telecinco_spa_TXT.st 2019 09 26.xlogafternoon_new está vacio 

2020-04-21 07:25:50,488:get_data.py:60:WARNING:El subtitulo: subtitles\Telecinco_spa_TXT.st 2019 09 28.xlogmorning_new está vacio 

2020-04-21 07:25:50,504:get_data.py:60:WARNING:El subtitulo: subtitles\Telecinco_spa_TXT.st 2019 09 29.xlogmorning_new está vacio 

2020-04-21 07:25:50,535:get_data.py:62:WARNING:El subtitulo: subtitles\Telecinco_spa_TXT.st 2019 10 01.xlogafternoon_new está vacio 

2020-04-21 07:25:50,598:get_data.py:62:WARNING:El subtitulo: subtitles\Telecinco_spa_TXT.st 2019 10 04.xlogafternoon_new está vacio 

2020-04-21 07:25:50,598:get_data.py:60:WARNING:El subtitulo: subtitles\Telecinco_spa_TXT.st 2019 10 05.xlogmorning_new está vacio 

2020-04-21 07:25:50,613:get_data.py:60:WARNING:El subtitulo: subtitles\Telecinco_spa_TXT.st 2019 10 06.xlogmorning_new está vacio 

2020-04-21 07:25:50,645:get_data.py:62:WARNING:El subtitulo: subtitles\Telecinco_spa_TXT.st 2019 10 07.xlogafternoon_new está vacio 

2020-04-21 07:25:50,676:get_data.py:62:WARNING:El subtitulo: subtitles\Telecinco_spa_TXT.st 2019 10 09.xlogafternoon_new está vacio 

2020-04-21 07:25:50,723:get_data.py:62:WARNING:El subtitulo: subtitles\Telecinco_spa_TXT.st 2019 10 11.xlogafternoon_new está vacio 

2020-04-21 07:25:50,738:get_data.py:60:WARNING:El subtitulo: subtitles\Telecinco_spa_TXT.st 2019 10 12.xlogmorning_new está vacio 

2020-04-21 07:25:50,754:get_data.py:60:WARNING:El subtitulo: subtitles\Telecinco_spa_TXT.st 2019 10 13.xlogmorning_new está vacio 

2020-04-21 07:25:50,770:get_data.py:62:WARNING:El subtitulo: subtitles\Telecinco_spa_TXT.st 2019 10 14.xlogafternoon_new está vacio 

2020-04-21 07:25:50,801:get_data.py:60:WARNING:El subtitulo: subtitles\Telecinco_spa_TXT.st 2019 10 16.xlogmorning_new está vacio 

2020-04-21 07:25:50,801:get_data.py:60:WARNING:El subtitulo: subtitles\Telecinco_spa_TXT.st 2019 10 17.xlogmorning_new está vacio 

2020-04-21 07:25:50,817:get_data.py:60:WARNING:El subtitulo: subtitles\Telecinco_spa_TXT.st 2019 10 18.xlogmorning_new está vacio 

2020-04-21 07:25:50,817:get_data.py:62:WARNING:El subtitulo: subtitles\Telecinco_spa_TXT.st 2019 10 18.xlogafternoon_new está vacio 

2020-04-21 07:27:01,098:get_data.py:60:WARNING:El subtitulo: subtitles\antena3 HD_spa_TXT.st 2019 10 18.xlogmorning_new está vacio 

2020-04-21 07:27:01,098:get_data.py:62:WARNING:El subtitulo: subtitles\antena3 HD_spa_TXT.st 2019 10 18.xlogafternoon_new está vacio 

2020-04-21 07:27:01,801:get_data.py:60:WARNING:El subtitulo: subtitles\antena3_spa_OCR.st 2019 10 18.xlogmorning_new está vacio 

2020-04-21 07:27:01,801:get_data.py:62:WARNING:El subtitulo: subtitles\antena3_spa_OCR.st 2019 10 18.xlogafternoon_new está vacio 

2020-04-21 07:27:05,018:get_data.py:60:WARNING:El subtitulo: subtitles\laSexta HD_spa_TXT.st 2019 10 18.xlogmorning_new está vacio 

2020-04-21 07:27:05,018:get_data.py:62:WARNING:El subtitulo: subtitles\laSexta HD_spa_TXT.st 2019 10 18.xlogafternoon_new está vacio 

2020-04-21 07:27:09,938:get_data.py:60:WARNING:El subtitulo: subtitles\RTVE-La1-Madrid.st 2019 09 10.xlogmorning_new está vacio 

2020-04-21 07:27:09,938:get_data.py:62:WARNING:El subtitulo: subtitles\RTVE-La1-Madrid.st 2019 09 10.xlogafternoon_new está vacio 

2020-04-21 07:27:09,938:get_data.py:60:WARNING:El subtitulo: subtitles\RTVE-La1-Madrid.st 2019 09 16.xlogmorning_new está vacio 

2020-04-21 07:27:09,938:get_data.py:62:WARNING:El subtitulo: subtitles\RTVE-La1-Madrid.st 2019 09 16.xlogafternoon_new está vacio 

2020-04-21 07:27:09,938:get_data.py:60:WARNING:El subtitulo: subtitles\RTVE-La1-Madrid.st 2019 09 17.xlogmorning_new está vacio 

2020-04-21 07:27:09,938:get_data.py:62:WARNING:El subtitulo: subtitles\RTVE-La1-Madrid.st 2019 09 17.xlogafternoon_new está vacio 

2020-04-21 07:27:09,938:get_data.py:60:WARNING:El subtitulo: subtitles\RTVE-La1-Madrid.st 2019 09 18.xlogmorning_new está vacio 

2020-04-21 07:27:09,938:get_data.py:62:WARNING:El subtitulo: subtitles\RTVE-La1-Madrid.st 2019 09 18.xlogafternoon_new está vacio 

2020-04-21 07:27:09,938:get_data.py:60:WARNING:El subtitulo: subtitles\RTVE-La1-Madrid.st 2019 09 19.xlogmorning_new está vacio 

2020-04-21 07:27:09,938:get_data.py:62:WARNING:El subtitulo: subtitles\RTVE-La1-Madrid.st 2019 09 19.xlogafternoon_new está vacio 

2020-04-21 07:27:09,938:get_data.py:60:WARNING:El subtitulo: subtitles\RTVE-La1-Madrid.st 2019 09 20.xlogmorning_new está vacio 

2020-04-21 07:27:09,938:get_data.py:62:WARNING:El subtitulo: subtitles\RTVE-La1-Madrid.st 2019 09 20.xlogafternoon_new está vacio 

2020-04-21 07:27:09,938:get_data.py:60:WARNING:El subtitulo: subtitles\RTVE-La1-Madrid.st 2019 09 23.xlogmorning_new está vacio 

2020-04-21 07:27:09,938:get_data.py:62:WARNING:El subtitulo: subtitles\RTVE-La1-Madrid.st 2019 09 23.xlogafternoon_new está vacio 

2020-04-21 07:27:09,938:get_data.py:60:WARNING:El subtitulo: subtitles\RTVE-La1-Madrid.st 2019 09 24.xlogmorning_new está vacio 

2020-04-21 07:27:09,938:get_data.py:62:WARNING:El subtitulo: subtitles\RTVE-La1-Madrid.st 2019 09 24.xlogafternoon_new está vacio 

2020-04-21 07:27:09,938:get_data.py:60:WARNING:El subtitulo: subtitles\RTVE-La1-Madrid.st 2019 09 25.xlogmorning_new está vacio 

2020-04-21 07:27:09,938:get_data.py:62:WARNING:El subtitulo: subtitles\RTVE-La1-Madrid.st 2019 09 25.xlogafternoon_new está vacio 

2020-04-21 07:27:09,938:get_data.py:60:WARNING:El subtitulo: subtitles\RTVE-La1-Merida.st 2019 09 16.xlogmorning_new está vacio 

2020-04-21 07:27:09,938:get_data.py:62:WARNING:El subtitulo: subtitles\RTVE-La1-Merida.st 2019 09 16.xlogafternoon_new está vacio 

2020-04-21 07:27:09,938:get_data.py:60:WARNING:El subtitulo: subtitles\RTVE-La1-Merida.st 2019 09 17.xlogmorning_new está vacio 

2020-04-21 07:27:09,938:get_data.py:62:WARNING:El subtitulo: subtitles\RTVE-La1-Merida.st 2019 09 17.xlogafternoon_new está vacio 

2020-04-21 07:27:09,938:get_data.py:60:WARNING:El subtitulo: subtitles\RTVE-La1-Merida.st 2019 09 18.xlogmorning_new está vacio 

2020-04-21 07:27:09,938:get_data.py:62:WARNING:El subtitulo: subtitles\RTVE-La1-Merida.st 2019 09 18.xlogafternoon_new está vacio 

2020-04-21 07:27:09,938:get_data.py:60:WARNING:El subtitulo: subtitles\RTVE-La1-Merida.st 2019 09 19.xlogmorning_new está vacio 

2020-04-21 07:27:09,938:get_data.py:62:WARNING:El subtitulo: subtitles\RTVE-La1-Merida.st 2019 09 19.xlogafternoon_new está vacio 

2020-04-21 07:27:09,938:get_data.py:60:WARNING:El subtitulo: subtitles\RTVE-La1-Merida.st 2019 09 20.xlogmorning_new está vacio 

2020-04-21 07:27:09,938:get_data.py:62:WARNING:El subtitulo: subtitles\RTVE-La1-Merida.st 2019 09 20.xlogafternoon_new está vacio 

2020-04-21 07:27:09,938:get_data.py:60:WARNING:El subtitulo: subtitles\RTVE-La1-Merida.st 2019 09 23.xlogmorning_new está vacio 

2020-04-21 07:27:09,938:get_data.py:62:WARNING:El subtitulo: subtitles\RTVE-La1-Merida.st 2019 09 23.xlogafternoon_new está vacio 

2020-04-21 07:27:09,938:get_data.py:60:WARNING:El subtitulo: subtitles\RTVE-La1-Merida.st 2019 09 24.xlogmorning_new está vacio 

2020-04-21 07:27:09,938:get_data.py:62:WARNING:El subtitulo: subtitles\RTVE-La1-Merida.st 2019 09 24.xlogafternoon_new está vacio 

2020-04-21 07:27:09,938:get_data.py:60:WARNING:El subtitulo: subtitles\RTVE-La1-Merida.st 2019 09 25.xlogmorning_new está vacio 

2020-04-21 07:27:09,938:get_data.py:62:WARNING:El subtitulo: subtitles\RTVE-La1-Merida.st 2019 09 25.xlogafternoon_new está vacio 

2020-04-21 07:27:09,938:get_data.py:60:WARNING:El subtitulo: subtitles\RTVE-La1-Merida.st 2019 09 26.xlogmorning_new está vacio 

2020-04-21 07:27:09,938:get_data.py:62:WARNING:El subtitulo: subtitles\RTVE-La1-Merida.st 2019 09 26.xlogafternoon_new está vacio 

2020-04-21 07:27:09,938:get_data.py:60:WARNING:El subtitulo: subtitles\RTVE-La1-Merida.st 2019 09 27.xlogmorning_new está vacio 

2020-04-21 07:27:09,938:get_data.py:62:WARNING:El subtitulo: subtitles\RTVE-La1-Merida.st 2019 09 27.xlogafternoon_new está vacio 

2020-04-21 07:27:09,938:get_data.py:60:WARNING:El subtitulo: subtitles\RTVE-La1-Merida.st 2019 09 30.xlogmorning_new está vacio 

2020-04-21 07:27:09,938:get_data.py:62:WARNING:El subtitulo: subtitles\RTVE-La1-Merida.st 2019 09 30.xlogafternoon_new está vacio 

2020-04-21 07:27:09,938:get_data.py:60:WARNING:El subtitulo: subtitles\RTVE-La1-Merida.st 2019 10 01.xlogmorning_new está vacio 

2020-04-21 07:27:09,938:get_data.py:62:WARNING:El subtitulo: subtitles\RTVE-La1-Merida.st 2019 10 01.xlogafternoon_new está vacio 

2020-04-21 07:27:09,938:get_data.py:60:WARNING:El subtitulo: subtitles\RTVE-La1-Merida.st 2019 10 02.xlogmorning_new está vacio 

2020-04-21 07:27:09,938:get_data.py:62:WARNING:El subtitulo: subtitles\RTVE-La1-Merida.st 2019 10 02.xlogafternoon_new está vacio 

2020-04-21 07:27:09,938:get_data.py:60:WARNING:El subtitulo: subtitles\RTVE-La1-Merida.st 2019 10 03.xlogmorning_new está vacio 

2020-04-21 07:27:09,938:get_data.py:62:WARNING:El subtitulo: subtitles\RTVE-La1-Merida.st 2019 10 03.xlogafternoon_new está vacio 

2020-04-21 07:27:09,938:get_data.py:60:WARNING:El subtitulo: subtitles\RTVE-La1-Merida.st 2019 10 04.xlogmorning_new está vacio 

2020-04-21 07:27:09,938:get_data.py:62:WARNING:El subtitulo: subtitles\RTVE-La1-Merida.st 2019 10 04.xlogafternoon_new está vacio 

2020-04-21 07:27:09,938:get_data.py:60:WARNING:El subtitulo: subtitles\RTVE-La1-Merida.st 2019 10 07.xlogmorning_new está vacio 

2020-04-21 07:27:09,938:get_data.py:62:WARNING:El subtitulo: subtitles\RTVE-La1-Merida.st 2019 10 07.xlogafternoon_new está vacio 

2020-04-21 07:27:09,938:get_data.py:60:WARNING:El subtitulo: subtitles\RTVE-La1-Merida.st 2019 10 08.xlogmorning_new está vacio 

2020-04-21 07:27:09,938:get_data.py:62:WARNING:El subtitulo: subtitles\RTVE-La1-Merida.st 2019 10 08.xlogafternoon_new está vacio 

2020-04-21 07:27:09,953:get_data.py:60:WARNING:El subtitulo: subtitles\RTVE-La1-Merida.st 2019 10 09.xlogmorning_new está vacio 

2020-04-21 07:27:09,953:get_data.py:62:WARNING:El subtitulo: subtitles\RTVE-La1-Merida.st 2019 10 09.xlogafternoon_new está vacio 

2020-04-21 07:27:09,953:get_data.py:60:WARNING:El subtitulo: subtitles\RTVE-La1-Merida.st 2019 10 10.xlogmorning_new está vacio 

2020-04-21 07:27:09,953:get_data.py:62:WARNING:El subtitulo: subtitles\RTVE-La1-Merida.st 2019 10 10.xlogafternoon_new está vacio 

2020-04-21 07:27:09,953:get_data.py:60:WARNING:El subtitulo: subtitles\RTVE-La1-Merida.st 2019 10 11.xlogmorning_new está vacio 

2020-04-21 07:27:09,953:get_data.py:62:WARNING:El subtitulo: subtitles\RTVE-La1-Merida.st 2019 10 11.xlogafternoon_new está vacio 

2020-04-21 07:27:09,953:get_data.py:60:WARNING:El subtitulo: subtitles\RTVE-La1-Merida.st 2019 10 14.xlogmorning_new está vacio 

2020-04-21 07:27:09,953:get_data.py:62:WARNING:El subtitulo: subtitles\RTVE-La1-Merida.st 2019 10 14.xlogafternoon_new está vacio 

2020-04-21 07:27:09,953:get_data.py:60:WARNING:El subtitulo: subtitles\RTVE-La1-Merida.st 2019 10 15.xlogmorning_new está vacio 

2020-04-21 07:27:09,953:get_data.py:62:WARNING:El subtitulo: subtitles\RTVE-La1-Merida.st 2019 10 15.xlogafternoon_new está vacio 

2020-04-21 07:27:09,953:get_data.py:60:WARNING:El subtitulo: subtitles\RTVE-La1-Merida.st 2019 10 16.xlogmorning_new está vacio 

2020-04-21 07:27:09,953:get_data.py:62:WARNING:El subtitulo: subtitles\RTVE-La1-Merida.st 2019 10 16.xlogafternoon_new está vacio 

2020-04-21 07:27:09,953:get_data.py:60:WARNING:El subtitulo: subtitles\RTVE-La1-Merida.st 2019 10 17.xlogmorning_new está vacio 

2020-04-21 07:27:09,953:get_data.py:62:WARNING:El subtitulo: subtitles\RTVE-La1-Merida.st 2019 10 17.xlogafternoon_new está vacio 

2020-04-21 07:27:09,953:get_data.py:60:WARNING:El subtitulo: subtitles\RTVE-La1-Oviedo.st 2019 09 23.xlogmorning_new está vacio 

2020-04-21 07:27:09,953:get_data.py:62:WARNING:El subtitulo: subtitles\RTVE-La1-Oviedo.st 2019 09 23.xlogafternoon_new está vacio 

2020-04-21 07:27:09,953:get_data.py:60:WARNING:El subtitulo: subtitles\RTVE-La1-Sevilla.st 2019 06 18.xlogmorning_new está vacio 

2020-04-21 07:27:09,953:get_data.py:62:WARNING:El subtitulo: subtitles\RTVE-La1-Sevilla.st 2019 06 18.xlogafternoon_new está vacio 

2020-04-21 07:27:09,953:get_data.py:60:WARNING:El subtitulo: subtitles\RTVE-La1-Sevilla.st 2019 09 16.xlogmorning_new está vacio 

2020-04-21 07:27:09,953:get_data.py:62:WARNING:El subtitulo: subtitles\RTVE-La1-Sevilla.st 2019 09 16.xlogafternoon_new está vacio 

2020-04-21 07:27:09,953:get_data.py:60:WARNING:El subtitulo: subtitles\RTVE-La1-Sevilla.st 2019 09 17.xlogmorning_new está vacio 

2020-04-21 07:27:09,953:get_data.py:62:WARNING:El subtitulo: subtitles\RTVE-La1-Sevilla.st 2019 09 17.xlogafternoon_new está vacio 

2020-04-21 07:27:09,953:get_data.py:60:WARNING:El subtitulo: subtitles\RTVE-La1-Sevilla.st 2019 09 18.xlogmorning_new está vacio 

2020-04-21 07:27:09,953:get_data.py:62:WARNING:El subtitulo: subtitles\RTVE-La1-Sevilla.st 2019 09 18.xlogafternoon_new está vacio 

2020-04-21 07:27:09,953:get_data.py:60:WARNING:El subtitulo: subtitles\RTVE-La1-Sevilla.st 2019 09 19.xlogmorning_new está vacio 

2020-04-21 07:27:09,953:get_data.py:62:WARNING:El subtitulo: subtitles\RTVE-La1-Sevilla.st 2019 09 19.xlogafternoon_new está vacio 

2020-04-21 07:27:09,953:get_data.py:60:WARNING:El subtitulo: subtitles\RTVE-La1-Sevilla.st 2019 09 20.xlogmorning_new está vacio 

2020-04-21 07:27:09,953:get_data.py:62:WARNING:El subtitulo: subtitles\RTVE-La1-Sevilla.st 2019 09 20.xlogafternoon_new está vacio 

2020-04-21 07:27:09,953:get_data.py:60:WARNING:El subtitulo: subtitles\RTVE-La1-Sevilla.st 2019 09 23.xlogmorning_new está vacio 

2020-04-21 07:27:09,953:get_data.py:62:WARNING:El subtitulo: subtitles\RTVE-La1-Sevilla.st 2019 09 23.xlogafternoon_new está vacio 

2020-04-21 07:27:09,953:get_data.py:60:WARNING:El subtitulo: subtitles\RTVE-La1-Sevilla.st 2019 09 24.xlogmorning_new está vacio 

2020-04-21 07:27:09,953:get_data.py:62:WARNING:El subtitulo: subtitles\RTVE-La1-Sevilla.st 2019 09 24.xlogafternoon_new está vacio 

2020-04-21 07:27:09,953:get_data.py:60:WARNING:El subtitulo: subtitles\RTVE-La1-Sevilla.st 2019 09 25.xlogmorning_new está vacio 

2020-04-21 07:27:09,953:get_data.py:62:WARNING:El subtitulo: subtitles\RTVE-La1-Sevilla.st 2019 09 25.xlogafternoon_new está vacio 

2020-04-21 07:27:09,953:get_data.py:60:WARNING:El subtitulo: subtitles\RTVE-La1-Sevilla.st 2019 09 26.xlogmorning_new está vacio 

2020-04-21 07:27:09,953:get_data.py:62:WARNING:El subtitulo: subtitles\RTVE-La1-Sevilla.st 2019 09 26.xlogafternoon_new está vacio 

2020-04-21 07:27:09,953:get_data.py:60:WARNING:El subtitulo: subtitles\RTVE-La1-Sevilla.st 2019 09 27.xlogmorning_new está vacio 

2020-04-21 07:27:09,953:get_data.py:62:WARNING:El subtitulo: subtitles\RTVE-La1-Sevilla.st 2019 09 27.xlogafternoon_new está vacio 

2020-04-21 07:27:09,953:get_data.py:60:WARNING:El subtitulo: subtitles\RTVE-La1-Sevilla.st 2019 09 30.xlogmorning_new está vacio 

2020-04-21 07:27:09,953:get_data.py:62:WARNING:El subtitulo: subtitles\RTVE-La1-Sevilla.st 2019 09 30.xlogafternoon_new está vacio 

2020-04-21 07:27:09,953:get_data.py:60:WARNING:El subtitulo: subtitles\RTVE-La1-Sevilla.st 2019 10 01.xlogmorning_new está vacio 

2020-04-21 07:27:09,953:get_data.py:62:WARNING:El subtitulo: subtitles\RTVE-La1-Sevilla.st 2019 10 01.xlogafternoon_new está vacio 

2020-04-21 07:27:09,953:get_data.py:60:WARNING:El subtitulo: subtitles\RTVE-La1-Sevilla.st 2019 10 02.xlogmorning_new está vacio 

2020-04-21 07:27:09,953:get_data.py:62:WARNING:El subtitulo: subtitles\RTVE-La1-Sevilla.st 2019 10 02.xlogafternoon_new está vacio 

2020-04-21 07:27:09,953:get_data.py:60:WARNING:El subtitulo: subtitles\RTVE-La1-Sevilla.st 2019 10 03.xlogmorning_new está vacio 

2020-04-21 07:27:09,953:get_data.py:62:WARNING:El subtitulo: subtitles\RTVE-La1-Sevilla.st 2019 10 03.xlogafternoon_new está vacio 

2020-04-21 07:27:09,953:get_data.py:60:WARNING:El subtitulo: subtitles\RTVE-La1-Sevilla.st 2019 10 04.xlogmorning_new está vacio 

2020-04-21 07:27:09,953:get_data.py:62:WARNING:El subtitulo: subtitles\RTVE-La1-Sevilla.st 2019 10 04.xlogafternoon_new está vacio 

2020-04-21 07:27:09,953:get_data.py:60:WARNING:El subtitulo: subtitles\RTVE-La1-Sevilla.st 2019 10 07.xlogmorning_new está vacio 

2020-04-21 07:27:09,953:get_data.py:62:WARNING:El subtitulo: subtitles\RTVE-La1-Sevilla.st 2019 10 07.xlogafternoon_new está vacio 

2020-04-21 07:27:09,953:get_data.py:60:WARNING:El subtitulo: subtitles\RTVE-La1-Sevilla.st 2019 10 08.xlogmorning_new está vacio 

2020-04-21 07:27:09,953:get_data.py:62:WARNING:El subtitulo: subtitles\RTVE-La1-Sevilla.st 2019 10 08.xlogafternoon_new está vacio 

2020-04-21 07:27:09,953:get_data.py:60:WARNING:El subtitulo: subtitles\RTVE-La1-Sevilla.st 2019 10 09.xlogmorning_new está vacio 

2020-04-21 07:27:09,953:get_data.py:62:WARNING:El subtitulo: subtitles\RTVE-La1-Sevilla.st 2019 10 09.xlogafternoon_new está vacio 

2020-04-21 07:27:09,953:get_data.py:60:WARNING:El subtitulo: subtitles\RTVE-La1-Sevilla.st 2019 10 10.xlogmorning_new está vacio 

2020-04-21 07:27:09,953:get_data.py:62:WARNING:El subtitulo: subtitles\RTVE-La1-Sevilla.st 2019 10 10.xlogafternoon_new está vacio 

2020-04-21 07:27:09,953:get_data.py:60:WARNING:El subtitulo: subtitles\RTVE-La1-Sevilla.st 2019 10 11.xlogmorning_new está vacio 

2020-04-21 07:27:09,953:get_data.py:62:WARNING:El subtitulo: subtitles\RTVE-La1-Sevilla.st 2019 10 11.xlogafternoon_new está vacio 

2020-04-21 07:27:09,953:get_data.py:60:WARNING:El subtitulo: subtitles\RTVE-La1-Sevilla.st 2019 10 14.xlogmorning_new está vacio 

2020-04-21 07:27:09,953:get_data.py:62:WARNING:El subtitulo: subtitles\RTVE-La1-Sevilla.st 2019 10 14.xlogafternoon_new está vacio 

2020-04-21 07:27:09,953:get_data.py:60:WARNING:El subtitulo: subtitles\RTVE-La1-Sevilla.st 2019 10 15.xlogmorning_new está vacio 

2020-04-21 07:27:09,953:get_data.py:62:WARNING:El subtitulo: subtitles\RTVE-La1-Sevilla.st 2019 10 15.xlogafternoon_new está vacio 

2020-04-21 07:27:09,953:get_data.py:60:WARNING:El subtitulo: subtitles\RTVE-La1-Sevilla.st 2019 10 16.xlogmorning_new está vacio 

2020-04-21 07:27:09,953:get_data.py:62:WARNING:El subtitulo: subtitles\RTVE-La1-Sevilla.st 2019 10 16.xlogafternoon_new está vacio 

2020-04-21 07:27:09,953:get_data.py:60:WARNING:El subtitulo: subtitles\RTVE-La1-Toledo.st 2019 09 16.xlogmorning_new está vacio 

2020-04-21 07:27:09,953:get_data.py:62:WARNING:El subtitulo: subtitles\RTVE-La1-Toledo.st 2019 09 16.xlogafternoon_new está vacio 

2020-04-21 07:27:09,953:get_data.py:60:WARNING:El subtitulo: subtitles\RTVE-La1-Toledo.st 2019 09 17.xlogmorning_new está vacio 

2020-04-21 07:27:09,953:get_data.py:62:WARNING:El subtitulo: subtitles\RTVE-La1-Toledo.st 2019 09 17.xlogafternoon_new está vacio 

2020-04-21 07:27:09,953:get_data.py:60:WARNING:El subtitulo: subtitles\RTVE-La1-Toledo.st 2019 09 18.xlogmorning_new está vacio 

2020-04-21 07:27:09,953:get_data.py:62:WARNING:El subtitulo: subtitles\RTVE-La1-Toledo.st 2019 09 18.xlogafternoon_new está vacio 

2020-04-21 07:27:09,969:get_data.py:60:WARNING:El subtitulo: subtitles\RTVE-La1-Toledo.st 2019 09 19.xlogmorning_new está vacio 

2020-04-21 07:27:09,969:get_data.py:62:WARNING:El subtitulo: subtitles\RTVE-La1-Toledo.st 2019 09 19.xlogafternoon_new está vacio 

2020-04-21 07:27:09,969:get_data.py:60:WARNING:El subtitulo: subtitles\RTVE-La1-Toledo.st 2019 09 20.xlogmorning_new está vacio 

2020-04-21 07:27:09,969:get_data.py:62:WARNING:El subtitulo: subtitles\RTVE-La1-Toledo.st 2019 09 20.xlogafternoon_new está vacio 

2020-04-21 07:27:09,969:get_data.py:60:WARNING:El subtitulo: subtitles\RTVE-La1-Toledo.st 2019 09 23.xlogmorning_new está vacio 

2020-04-21 07:27:09,969:get_data.py:62:WARNING:El subtitulo: subtitles\RTVE-La1-Toledo.st 2019 09 23.xlogafternoon_new está vacio 

2020-04-21 07:27:09,969:get_data.py:60:WARNING:El subtitulo: subtitles\RTVE-La1-Toledo.st 2019 09 24.xlogmorning_new está vacio 

2020-04-21 07:27:09,969:get_data.py:62:WARNING:El subtitulo: subtitles\RTVE-La1-Toledo.st 2019 09 24.xlogafternoon_new está vacio 

2020-04-21 07:27:09,969:get_data.py:60:WARNING:El subtitulo: subtitles\RTVE-La1-Toledo.st 2019 09 25.xlogmorning_new está vacio 

2020-04-21 07:27:09,969:get_data.py:62:WARNING:El subtitulo: subtitles\RTVE-La1-Toledo.st 2019 09 25.xlogafternoon_new está vacio 

2020-04-21 07:27:09,969:get_data.py:60:WARNING:El subtitulo: subtitles\RTVE-La1-Toledo.st 2019 09 26.xlogmorning_new está vacio 

2020-04-21 07:27:09,969:get_data.py:62:WARNING:El subtitulo: subtitles\RTVE-La1-Toledo.st 2019 09 26.xlogafternoon_new está vacio 

2020-04-21 07:27:09,969:get_data.py:60:WARNING:El subtitulo: subtitles\RTVE-La1-Toledo.st 2019 09 27.xlogmorning_new está vacio 

2020-04-21 07:27:09,969:get_data.py:62:WARNING:El subtitulo: subtitles\RTVE-La1-Toledo.st 2019 09 27.xlogafternoon_new está vacio 

2020-04-21 07:27:09,969:get_data.py:60:WARNING:El subtitulo: subtitles\RTVE-La1-Toledo.st 2019 09 30.xlogmorning_new está vacio 

2020-04-21 07:27:09,969:get_data.py:62:WARNING:El subtitulo: subtitles\RTVE-La1-Toledo.st 2019 09 30.xlogafternoon_new está vacio 

2020-04-21 07:27:09,969:get_data.py:60:WARNING:El subtitulo: subtitles\RTVE-La1-Toledo.st 2019 10 01.xlogmorning_new está vacio 

2020-04-21 07:27:09,969:get_data.py:62:WARNING:El subtitulo: subtitles\RTVE-La1-Toledo.st 2019 10 01.xlogafternoon_new está vacio 

2020-04-21 07:27:09,969:get_data.py:60:WARNING:El subtitulo: subtitles\RTVE-La1-Toledo.st 2019 10 04.xlogmorning_new está vacio 

2020-04-21 07:27:09,969:get_data.py:62:WARNING:El subtitulo: subtitles\RTVE-La1-Toledo.st 2019 10 04.xlogafternoon_new está vacio 

2020-04-21 07:27:09,969:get_data.py:60:WARNING:El subtitulo: subtitles\RTVE-La1-Toledo.st 2019 10 07.xlogmorning_new está vacio 

2020-04-21 07:27:09,969:get_data.py:62:WARNING:El subtitulo: subtitles\RTVE-La1-Toledo.st 2019 10 07.xlogafternoon_new está vacio 

2020-04-21 07:27:09,969:get_data.py:60:WARNING:El subtitulo: subtitles\RTVE-La1-Toledo.st 2019 10 08.xlogmorning_new está vacio 

2020-04-21 07:27:09,969:get_data.py:62:WARNING:El subtitulo: subtitles\RTVE-La1-Toledo.st 2019 10 08.xlogafternoon_new está vacio 

2020-04-21 07:27:09,969:get_data.py:60:WARNING:El subtitulo: subtitles\RTVE-La1-Toledo.st 2019 10 09.xlogmorning_new está vacio 

2020-04-21 07:27:09,969:get_data.py:62:WARNING:El subtitulo: subtitles\RTVE-La1-Toledo.st 2019 10 09.xlogafternoon_new está vacio 

2020-04-21 07:27:09,969:get_data.py:60:WARNING:El subtitulo: subtitles\RTVE-La1-Toledo.st 2019 10 10.xlogmorning_new está vacio 

2020-04-21 07:27:09,969:get_data.py:62:WARNING:El subtitulo: subtitles\RTVE-La1-Toledo.st 2019 10 10.xlogafternoon_new está vacio 

2020-04-21 07:27:09,969:get_data.py:60:WARNING:El subtitulo: subtitles\RTVE-La1-Toledo.st 2019 10 11.xlogmorning_new está vacio 

2020-04-21 07:27:09,969:get_data.py:62:WARNING:El subtitulo: subtitles\RTVE-La1-Toledo.st 2019 10 11.xlogafternoon_new está vacio 

2020-04-21 07:27:09,969:get_data.py:60:WARNING:El subtitulo: subtitles\RTVE-La1-Toledo.st 2019 10 14.xlogmorning_new está vacio 

2020-04-21 07:27:09,969:get_data.py:62:WARNING:El subtitulo: subtitles\RTVE-La1-Toledo.st 2019 10 14.xlogafternoon_new está vacio 

2020-04-21 07:27:09,969:get_data.py:60:WARNING:El subtitulo: subtitles\RTVE-La1-Toledo.st 2019 10 15.xlogmorning_new está vacio 

2020-04-21 07:27:09,969:get_data.py:62:WARNING:El subtitulo: subtitles\RTVE-La1-Toledo.st 2019 10 15.xlogafternoon_new está vacio 

2020-04-21 07:27:09,969:get_data.py:60:WARNING:El subtitulo: subtitles\RTVE-La1-Toledo.st 2019 10 16.xlogmorning_new está vacio 

2020-04-21 07:27:09,969:get_data.py:62:WARNING:El subtitulo: subtitles\RTVE-La1-Toledo.st 2019 10 16.xlogafternoon_new está vacio 

2020-04-21 07:27:09,969:get_data.py:60:WARNING:El subtitulo: subtitles\RTVE-La1-Toledo.st 2019 10 17.xlogmorning_new está vacio 

2020-04-21 07:27:09,969:get_data.py:62:WARNING:El subtitulo: subtitles\RTVE-La1-Toledo.st 2019 10 17.xlogafternoon_new está vacio 

2020-04-21 07:27:09,969:get_data.py:60:WARNING:El subtitulo: subtitles\RTVE-La1-Valladolid.st 2019 09 23.xlogmorning_new está vacio 

2020-04-21 07:27:09,969:get_data.py:62:WARNING:El subtitulo: subtitles\RTVE-La1-Valladolid.st 2019 09 23.xlogafternoon_new está vacio 

2020-04-21 07:27:09,969:get_data.py:60:WARNING:El subtitulo: subtitles\Telecinco HD_spa_TXT.st 2019 09 18.xlogmorning_new está vacio 

2020-04-21 07:27:10,016:get_data.py:60:WARNING:El subtitulo: subtitles\Telecinco HD_spa_TXT.st 2019 09 21.xlogmorning_new está vacio 

2020-04-21 07:27:10,016:get_data.py:62:WARNING:El subtitulo: subtitles\Telecinco HD_spa_TXT.st 2019 09 21.xlogafternoon_new está vacio 

2020-04-21 07:27:10,031:get_data.py:60:WARNING:El subtitulo: subtitles\Telecinco HD_spa_TXT.st 2019 09 22.xlogmorning_new está vacio 

2020-04-21 07:27:10,063:get_data.py:62:WARNING:El subtitulo: subtitles\Telecinco HD_spa_TXT.st 2019 09 25.xlogafternoon_new está vacio 

2020-04-21 07:27:10,094:get_data.py:62:WARNING:El subtitulo: subtitles\Telecinco HD_spa_TXT.st 2019 09 26.xlogafternoon_new está vacio 

2020-04-21 07:27:10,125:get_data.py:60:WARNING:El subtitulo: subtitles\Telecinco HD_spa_TXT.st 2019 09 28.xlogmorning_new está vacio 

2020-04-21 07:27:10,125:get_data.py:60:WARNING:El subtitulo: subtitles\Telecinco HD_spa_TXT.st 2019 09 29.xlogmorning_new está vacio 

2020-04-21 07:27:10,156:get_data.py:62:WARNING:El subtitulo: subtitles\Telecinco HD_spa_TXT.st 2019 10 01.xlogafternoon_new está vacio 

2020-04-21 07:27:10,203:get_data.py:62:WARNING:El subtitulo: subtitles\Telecinco HD_spa_TXT.st 2019 10 04.xlogafternoon_new está vacio 

2020-04-21 07:27:10,219:get_data.py:60:WARNING:El subtitulo: subtitles\Telecinco HD_spa_TXT.st 2019 10 05.xlogmorning_new está vacio 

2020-04-21 07:27:10,219:get_data.py:60:WARNING:El subtitulo: subtitles\Telecinco HD_spa_TXT.st 2019 10 06.xlogmorning_new está vacio 

2020-04-21 07:27:10,250:get_data.py:62:WARNING:El subtitulo: subtitles\Telecinco HD_spa_TXT.st 2019 10 07.xlogafternoon_new está vacio 

2020-04-21 07:27:10,281:get_data.py:62:WARNING:El subtitulo: subtitles\Telecinco HD_spa_TXT.st 2019 10 09.xlogafternoon_new está vacio 

2020-04-21 07:27:10,312:get_data.py:62:WARNING:El subtitulo: subtitles\Telecinco HD_spa_TXT.st 2019 10 11.xlogafternoon_new está vacio 

2020-04-21 07:27:10,328:get_data.py:60:WARNING:El subtitulo: subtitles\Telecinco HD_spa_TXT.st 2019 10 12.xlogmorning_new está vacio 

2020-04-21 07:27:10,328:get_data.py:60:WARNING:El subtitulo: subtitles\Telecinco HD_spa_TXT.st 2019 10 13.xlogmorning_new está vacio 

2020-04-21 07:27:10,359:get_data.py:62:WARNING:El subtitulo: subtitles\Telecinco HD_spa_TXT.st 2019 10 14.xlogafternoon_new está vacio 

2020-04-21 07:27:10,375:get_data.py:60:WARNING:El subtitulo: subtitles\Telecinco HD_spa_TXT.st 2019 10 16.xlogmorning_new está vacio 

2020-04-21 07:27:10,375:get_data.py:60:WARNING:El subtitulo: subtitles\Telecinco HD_spa_TXT.st 2019 10 17.xlogmorning_new está vacio 

2020-04-21 07:27:10,391:get_data.py:60:WARNING:El subtitulo: subtitles\Telecinco HD_spa_TXT.st 2019 10 18.xlogmorning_new está vacio 

2020-04-21 07:27:10,391:get_data.py:62:WARNING:El subtitulo: subtitles\Telecinco HD_spa_TXT.st 2019 10 18.xlogafternoon_new está vacio 

2020-04-21 07:27:10,391:get_data.py:60:WARNING:El subtitulo: subtitles\Telecinco_spa_TXT.st 2019 09 18.xlogmorning_new está vacio 

2020-04-21 07:27:10,437:get_data.py:60:WARNING:El subtitulo: subtitles\Telecinco_spa_TXT.st 2019 09 21.xlogmorning_new está vacio 

2020-04-21 07:27:10,437:get_data.py:62:WARNING:El subtitulo: subtitles\Telecinco_spa_TXT.st 2019 09 21.xlogafternoon_new está vacio 

2020-04-21 07:27:10,437:get_data.py:60:WARNING:El subtitulo: subtitles\Telecinco_spa_TXT.st 2019 09 22.xlogmorning_new está vacio 

2020-04-21 07:27:10,484:get_data.py:62:WARNING:El subtitulo: subtitles\Telecinco_spa_TXT.st 2019 09 25.xlogafternoon_new está vacio 

2020-04-21 07:27:10,516:get_data.py:62:WARNING:El subtitulo: subtitles\Telecinco_spa_TXT.st 2019 09 26.xlogafternoon_new está vacio 

2020-04-21 07:27:10,547:get_data.py:60:WARNING:El subtitulo: subtitles\Telecinco_spa_TXT.st 2019 09 28.xlogmorning_new está vacio 

2020-04-21 07:27:10,547:get_data.py:60:WARNING:El subtitulo: subtitles\Telecinco_spa_TXT.st 2019 09 29.xlogmorning_new está vacio 

2020-04-21 07:27:10,578:get_data.py:62:WARNING:El subtitulo: subtitles\Telecinco_spa_TXT.st 2019 10 01.xlogafternoon_new está vacio 

2020-04-21 07:27:10,625:get_data.py:62:WARNING:El subtitulo: subtitles\Telecinco_spa_TXT.st 2019 10 04.xlogafternoon_new está vacio 

2020-04-21 07:27:10,640:get_data.py:60:WARNING:El subtitulo: subtitles\Telecinco_spa_TXT.st 2019 10 05.xlogmorning_new está vacio 

2020-04-21 07:27:10,640:get_data.py:60:WARNING:El subtitulo: subtitles\Telecinco_spa_TXT.st 2019 10 06.xlogmorning_new está vacio 

2020-04-21 07:27:10,672:get_data.py:62:WARNING:El subtitulo: subtitles\Telecinco_spa_TXT.st 2019 10 07.xlogafternoon_new está vacio 

2020-04-21 07:27:10,703:get_data.py:62:WARNING:El subtitulo: subtitles\Telecinco_spa_TXT.st 2019 10 09.xlogafternoon_new está vacio 

2020-04-21 07:27:10,734:get_data.py:62:WARNING:El subtitulo: subtitles\Telecinco_spa_TXT.st 2019 10 11.xlogafternoon_new está vacio 

2020-04-21 07:27:10,750:get_data.py:60:WARNING:El subtitulo: subtitles\Telecinco_spa_TXT.st 2019 10 12.xlogmorning_new está vacio 

2020-04-21 07:27:10,750:get_data.py:60:WARNING:El subtitulo: subtitles\Telecinco_spa_TXT.st 2019 10 13.xlogmorning_new está vacio 

2020-04-21 07:27:10,781:get_data.py:62:WARNING:El subtitulo: subtitles\Telecinco_spa_TXT.st 2019 10 14.xlogafternoon_new está vacio 

2020-04-21 07:27:10,797:get_data.py:60:WARNING:El subtitulo: subtitles\Telecinco_spa_TXT.st 2019 10 16.xlogmorning_new está vacio 

2020-04-21 07:27:10,797:get_data.py:60:WARNING:El subtitulo: subtitles\Telecinco_spa_TXT.st 2019 10 17.xlogmorning_new está vacio 

2020-04-21 07:27:10,812:get_data.py:60:WARNING:El subtitulo: subtitles\Telecinco_spa_TXT.st 2019 10 18.xlogmorning_new está vacio 

2020-04-21 07:27:10,812:get_data.py:62:WARNING:El subtitulo: subtitles\Telecinco_spa_TXT.st 2019 10 18.xlogafternoon_new está vacio 

