2020-04-30 08:20:10,190:get_data.py:71:WARNING:El subtitulo: subtitles\antena3 HD_spa_TXT.st 2019 10 18.xlogmorning_new está vacio 

2020-04-30 08:20:10,191:get_data.py:73:WARNING:El subtitulo: subtitles\antena3 HD_spa_TXT.st 2019 10 18.xlogafternoon_new está vacio 

2020-04-30 08:20:11,085:get_data.py:71:WARNING:El subtitulo: subtitles\antena3_spa_OCR.st 2019 10 18.xlogmorning_new está vacio 

2020-04-30 08:20:11,085:get_data.py:73:WARNING:El subtitulo: subtitles\antena3_spa_OCR.st 2019 10 18.xlogafternoon_new está vacio 

2020-04-30 08:20:14,170:get_data.py:89:WARNING:UnicodeDecodeError --- The subtititle: subtitles\La 1_spa_OCR.st 2016 12 29.xlog cant be decodified  

2020-04-30 08:20:14,185:get_data.py:89:WARNING:UnicodeDecodeError --- The subtititle: subtitles\La 1_spa_OCR.st 2016 12 30.xlog cant be decodified  

2020-04-30 08:20:16,653:get_data.py:89:WARNING:UnicodeDecodeError --- The subtititle: subtitles\La 1_spa_OCR.st 2017 02 20.xlog cant be decodified  

2020-04-30 08:20:16,981:get_data.py:71:WARNING:El subtitulo: subtitles\La 1_spa_OCR.st 2017 03 05.xlogmorning_new está vacio 

2020-04-30 08:20:17,313:get_data.py:71:WARNING:El subtitulo: subtitles\La 1_spa_OCR.st 2017 03 21.xlogmorning_new está vacio 

2020-04-30 08:20:18,125:get_data.py:71:WARNING:El subtitulo: subtitles\La 1_spa_OCR.st 2017 04 27.xlogmorning_new está vacio 

2020-04-30 08:20:18,203:get_data.py:71:WARNING:El subtitulo: subtitles\La 1_spa_OCR.st 2017 04 28.xlogmorning_new está vacio 

2020-04-30 08:20:18,734:get_data.py:73:WARNING:El subtitulo: subtitles\La 1_spa_OCR.st 2017 05 22.xlogafternoon_new está vacio 

2020-04-30 08:20:21,892:get_data.py:89:WARNING:UnicodeDecodeError --- The subtititle: subtitles\La 1_spa_OCR.st 2017 09 04.xlog cant be decodified  

2020-04-30 08:20:22,548:get_data.py:71:WARNING:El subtitulo: subtitles\La 1_spa_OCR.st 2017 09 24.xlogmorning_new está vacio 

2020-04-30 08:20:22,548:get_data.py:73:WARNING:El subtitulo: subtitles\La 1_spa_OCR.st 2017 09 24.xlogafternoon_new está vacio 

2020-04-30 08:20:22,673:get_data.py:71:WARNING:El subtitulo: subtitles\La 1_spa_OCR.st 2017 09 26.xlogmorning_new está vacio 

2020-04-30 08:20:22,813:get_data.py:73:WARNING:El subtitulo: subtitles\La 1_spa_OCR.st 2017 09 29.xlogafternoon_new está vacio 

2020-04-30 08:20:22,845:get_data.py:71:WARNING:El subtitulo: subtitles\La 1_spa_OCR.st 2017 10 04.xlogmorning_new está vacio 

2020-04-30 08:20:22,892:get_data.py:71:WARNING:El subtitulo: subtitles\La 1_spa_OCR.st 2017 10 07.xlogmorning_new está vacio 

2020-04-30 08:20:22,892:get_data.py:73:WARNING:El subtitulo: subtitles\La 1_spa_OCR.st 2017 10 07.xlogafternoon_new está vacio 

2020-04-30 08:20:23,659:get_data.py:71:WARNING:El subtitulo: subtitles\La 1_spa_OCR.st 2017 11 09.xlogmorning_new está vacio 

2020-04-30 08:20:23,908:get_data.py:71:WARNING:El subtitulo: subtitles\La 1_spa_OCR.st 2017 11 21.xlogmorning_new está vacio 

2020-04-30 08:20:23,908:get_data.py:73:WARNING:El subtitulo: subtitles\La 1_spa_OCR.st 2017 11 21.xlogafternoon_new está vacio 

2020-04-30 08:20:23,955:get_data.py:71:WARNING:El subtitulo: subtitles\La 1_spa_OCR.st 2017 11 23.xlogmorning_new está vacio 

2020-04-30 08:20:24,940:get_data.py:71:WARNING:El subtitulo: subtitles\La 1_spa_OCR.st 2017 12 27.xlogmorning_new está vacio 

2020-04-30 08:20:25,205:get_data.py:89:WARNING:UnicodeDecodeError --- The subtititle: subtitles\La 1_spa_OCR.st 2018 01 09.xlog cant be decodified  

2020-04-30 08:20:25,299:get_data.py:89:WARNING:UnicodeDecodeError --- The subtititle: subtitles\La 1_spa_OCR.st 2018 01 16.xlog cant be decodified  

2020-04-30 08:20:26,878:get_data.py:73:WARNING:El subtitulo: subtitles\La 1_spa_OCR.st 2018 04 04.xlogafternoon_new está vacio 

2020-04-30 08:20:27,411:get_data.py:71:WARNING:El subtitulo: subtitles\La 1_spa_OCR.st 2018 04 26.xlogmorning_new está vacio 

2020-04-30 08:20:27,411:get_data.py:73:WARNING:El subtitulo: subtitles\La 1_spa_OCR.st 2018 04 26.xlogafternoon_new está vacio 

2020-04-30 08:20:29,692:get_data.py:89:WARNING:UnicodeDecodeError --- The subtititle: subtitles\La 1_spa_OCR.st 2018 06 23.xlog cant be decodified  

2020-04-30 08:20:32,960:get_data.py:71:WARNING:El subtitulo: subtitles\La 1_spa_OCR.st 2018 08 10.xlogmorning_new está vacio 

2020-04-30 08:20:32,960:get_data.py:73:WARNING:El subtitulo: subtitles\La 1_spa_OCR.st 2018 08 10.xlogafternoon_new está vacio 

2020-04-30 08:20:33,585:get_data.py:71:WARNING:El subtitulo: subtitles\La 1_spa_OCR.st 2018 09 04.xlogmorning_new está vacio 

2020-04-30 08:20:33,585:get_data.py:73:WARNING:El subtitulo: subtitles\La 1_spa_OCR.st 2018 09 04.xlogafternoon_new está vacio 

2020-04-30 08:20:33,632:get_data.py:71:WARNING:El subtitulo: subtitles\La 1_spa_OCR.st 2018 09 12.xlogmorning_new está vacio 

2020-04-30 08:20:35,498:get_data.py:71:WARNING:El subtitulo: subtitles\La 1_spa_OCR.st 2018 10 29.xlogmorning_new está vacio 

2020-04-30 08:20:35,498:get_data.py:73:WARNING:El subtitulo: subtitles\La 1_spa_OCR.st 2018 10 29.xlogafternoon_new está vacio 

2020-04-30 08:20:38,779:get_data.py:89:WARNING:UnicodeDecodeError --- The subtititle: subtitles\La 1_spa_OCR.st 2019 02 12.xlog cant be decodified  

2020-04-30 08:20:39,029:get_data.py:71:WARNING:El subtitulo: subtitles\La 1_spa_OCR.st 2019 02 20.xlogmorning_new está vacio 

2020-04-30 08:20:39,029:get_data.py:73:WARNING:El subtitulo: subtitles\La 1_spa_OCR.st 2019 02 20.xlogafternoon_new está vacio 

2020-04-30 08:20:39,060:get_data.py:71:WARNING:El subtitulo: subtitles\La 1_spa_OCR.st 2019 03 19.xlogmorning_new está vacio 

2020-04-30 08:20:42,251:get_data.py:71:WARNING:El subtitulo: subtitles\La 1_spa_OCR.st 2019 07 21.xlogmorning_new está vacio 

2020-04-30 08:20:42,251:get_data.py:73:WARNING:El subtitulo: subtitles\La 1_spa_OCR.st 2019 07 21.xlogafternoon_new está vacio 

2020-04-30 08:20:42,564:get_data.py:73:WARNING:El subtitulo: subtitles\La 1_spa_OCR.st 2019 10 30.xlogafternoon_new está vacio 

2020-04-30 08:20:42,579:get_data.py:71:WARNING:El subtitulo: subtitles\La 1_spa_OCR.st 2019 11 04.xlogmorning_new está vacio 

2020-04-30 08:20:42,579:get_data.py:73:WARNING:El subtitulo: subtitles\La 1_spa_OCR.st 2019 11 04.xlogafternoon_new está vacio 

2020-04-30 08:20:42,704:get_data.py:71:WARNING:El subtitulo: subtitles\La 1_spa_OCR.st 2019 11 06.xlogmorning_new está vacio 

2020-04-30 08:20:42,704:get_data.py:73:WARNING:El subtitulo: subtitles\La 1_spa_OCR.st 2019 11 06.xlogafternoon_new está vacio 

2020-04-30 08:20:42,720:get_data.py:71:WARNING:El subtitulo: subtitles\La 1_spa_OCR.st 2019 12 02.xlogmorning_new está vacio 

2020-04-30 08:20:42,736:get_data.py:89:WARNING:UnicodeDecodeError --- The subtititle: subtitles\La 1_spa_OCR.st 2019 12 03.xlog cant be decodified  

2020-04-30 08:20:43,211:get_data.py:89:WARNING:UnicodeDecodeError --- The subtititle: subtitles\La 1_spa_OCR.st 2019 12 21.xlog cant be decodified  

2020-04-30 08:20:43,367:get_data.py:71:WARNING:El subtitulo: subtitles\La 1_spa_OCR.st 2019 12 27.xlogmorning_new está vacio 

2020-04-30 08:20:43,367:get_data.py:73:WARNING:El subtitulo: subtitles\La 1_spa_OCR.st 2019 12 27.xlogafternoon_new está vacio 

2020-04-30 08:20:45,704:get_data.py:89:WARNING:UnicodeDecodeError --- The subtititle: subtitles\La 1_spa_TXT.st 2016 12 29.xlog cant be decodified  

2020-04-30 08:20:45,720:get_data.py:89:WARNING:UnicodeDecodeError --- The subtititle: subtitles\La 1_spa_TXT.st 2016 12 30.xlog cant be decodified  

2020-04-30 08:20:47,989:get_data.py:89:WARNING:UnicodeDecodeError --- The subtititle: subtitles\La 1_spa_TXT.st 2017 02 20.xlog cant be decodified  

2020-04-30 08:20:48,324:get_data.py:71:WARNING:El subtitulo: subtitles\La 1_spa_TXT.st 2017 03 05.xlogmorning_new está vacio 

2020-04-30 08:20:48,630:get_data.py:71:WARNING:El subtitulo: subtitles\La 1_spa_TXT.st 2017 03 21.xlogmorning_new está vacio 

2020-04-30 08:20:49,384:get_data.py:71:WARNING:El subtitulo: subtitles\La 1_spa_TXT.st 2017 04 27.xlogmorning_new está vacio 

2020-04-30 08:20:49,443:get_data.py:71:WARNING:El subtitulo: subtitles\La 1_spa_TXT.st 2017 04 28.xlogmorning_new está vacio 

2020-04-30 08:20:52,944:get_data.py:89:WARNING:UnicodeDecodeError --- The subtititle: subtitles\La 1_spa_TXT.st 2017 09 04.xlog cant be decodified  

2020-04-30 08:20:53,587:get_data.py:71:WARNING:El subtitulo: subtitles\La 1_spa_TXT.st 2017 09 24.xlogmorning_new está vacio 

2020-04-30 08:20:53,587:get_data.py:73:WARNING:El subtitulo: subtitles\La 1_spa_TXT.st 2017 09 24.xlogafternoon_new está vacio 

2020-04-30 08:20:53,711:get_data.py:71:WARNING:El subtitulo: subtitles\La 1_spa_TXT.st 2017 09 26.xlogmorning_new está vacio 

2020-04-30 08:20:53,868:get_data.py:73:WARNING:El subtitulo: subtitles\La 1_spa_TXT.st 2017 09 29.xlogafternoon_new está vacio 

2020-04-30 08:20:53,899:get_data.py:71:WARNING:El subtitulo: subtitles\La 1_spa_TXT.st 2017 10 04.xlogmorning_new está vacio 

2020-04-30 08:20:53,946:get_data.py:71:WARNING:El subtitulo: subtitles\La 1_spa_TXT.st 2017 10 07.xlogmorning_new está vacio 

2020-04-30 08:20:53,946:get_data.py:73:WARNING:El subtitulo: subtitles\La 1_spa_TXT.st 2017 10 07.xlogafternoon_new está vacio 

2020-04-30 08:20:54,666:get_data.py:71:WARNING:El subtitulo: subtitles\La 1_spa_TXT.st 2017 11 09.xlogmorning_new está vacio 

2020-04-30 08:20:54,916:get_data.py:71:WARNING:El subtitulo: subtitles\La 1_spa_TXT.st 2017 11 21.xlogmorning_new está vacio 

2020-04-30 08:20:54,916:get_data.py:73:WARNING:El subtitulo: subtitles\La 1_spa_TXT.st 2017 11 21.xlogafternoon_new está vacio 

2020-04-30 08:20:54,963:get_data.py:71:WARNING:El subtitulo: subtitles\La 1_spa_TXT.st 2017 11 23.xlogmorning_new está vacio 

2020-04-30 08:20:55,839:get_data.py:71:WARNING:El subtitulo: subtitles\La 1_spa_TXT.st 2017 12 27.xlogmorning_new está vacio 

2020-04-30 08:20:56,105:get_data.py:89:WARNING:UnicodeDecodeError --- The subtititle: subtitles\La 1_spa_TXT.st 2018 01 09.xlog cant be decodified  

2020-04-30 08:20:56,219:get_data.py:89:WARNING:UnicodeDecodeError --- The subtititle: subtitles\La 1_spa_TXT.st 2018 01 16.xlog cant be decodified  

2020-04-30 08:20:57,730:get_data.py:73:WARNING:El subtitulo: subtitles\La 1_spa_TXT.st 2018 04 04.xlogafternoon_new está vacio 

2020-04-30 08:20:58,210:get_data.py:71:WARNING:El subtitulo: subtitles\La 1_spa_TXT.st 2018 04 26.xlogmorning_new está vacio 

2020-04-30 08:20:58,210:get_data.py:73:WARNING:El subtitulo: subtitles\La 1_spa_TXT.st 2018 04 26.xlogafternoon_new está vacio 

2020-04-30 08:21:03,422:get_data.py:71:WARNING:El subtitulo: subtitles\La 1_spa_TXT.st 2018 08 10.xlogmorning_new está vacio 

2020-04-30 08:21:03,422:get_data.py:73:WARNING:El subtitulo: subtitles\La 1_spa_TXT.st 2018 08 10.xlogafternoon_new está vacio 

2020-04-30 08:21:03,984:get_data.py:71:WARNING:El subtitulo: subtitles\La 1_spa_TXT.st 2018 09 04.xlogmorning_new está vacio 

2020-04-30 08:21:03,984:get_data.py:73:WARNING:El subtitulo: subtitles\La 1_spa_TXT.st 2018 09 04.xlogafternoon_new está vacio 

2020-04-30 08:21:04,031:get_data.py:71:WARNING:El subtitulo: subtitles\La 1_spa_TXT.st 2018 09 12.xlogmorning_new está vacio 

2020-04-30 08:21:04,625:get_data.py:71:WARNING:El subtitulo: subtitles\La 1_spa_TXT.st 2018 10 06.xlogmorning_new está vacio 

2020-04-30 08:21:05,515:get_data.py:71:WARNING:El subtitulo: subtitles\La 1_spa_TXT.st 2018 10 29.xlogmorning_new está vacio 

2020-04-30 08:21:05,515:get_data.py:73:WARNING:El subtitulo: subtitles\La 1_spa_TXT.st 2018 10 29.xlogafternoon_new está vacio 

2020-04-30 08:21:08,605:get_data.py:71:WARNING:El subtitulo: subtitles\La 1_spa_TXT.st 2019 02 20.xlogmorning_new está vacio 

2020-04-30 08:21:08,605:get_data.py:73:WARNING:El subtitulo: subtitles\La 1_spa_TXT.st 2019 02 20.xlogafternoon_new está vacio 

2020-04-30 08:21:08,636:get_data.py:71:WARNING:El subtitulo: subtitles\La 1_spa_TXT.st 2019 03 19.xlogmorning_new está vacio 

2020-04-30 08:21:11,390:get_data.py:71:WARNING:El subtitulo: subtitles\La 1_spa_TXT.st 2019 07 21.xlogmorning_new está vacio 

2020-04-30 08:21:11,390:get_data.py:73:WARNING:El subtitulo: subtitles\La 1_spa_TXT.st 2019 07 21.xlogafternoon_new está vacio 

2020-04-30 08:21:11,691:get_data.py:73:WARNING:El subtitulo: subtitles\La 1_spa_TXT.st 2019 10 30.xlogafternoon_new está vacio 

2020-04-30 08:21:11,698:get_data.py:71:WARNING:El subtitulo: subtitles\La 1_spa_TXT.st 2019 11 04.xlogmorning_new está vacio 

2020-04-30 08:21:11,698:get_data.py:73:WARNING:El subtitulo: subtitles\La 1_spa_TXT.st 2019 11 04.xlogafternoon_new está vacio 

2020-04-30 08:21:11,829:get_data.py:71:WARNING:El subtitulo: subtitles\La 1_spa_TXT.st 2019 11 06.xlogmorning_new está vacio 

2020-04-30 08:21:11,829:get_data.py:73:WARNING:El subtitulo: subtitles\La 1_spa_TXT.st 2019 11 06.xlogafternoon_new está vacio 

2020-04-30 08:21:11,845:get_data.py:71:WARNING:El subtitulo: subtitles\La 1_spa_TXT.st 2019 12 02.xlogmorning_new está vacio 

2020-04-30 08:21:11,860:get_data.py:89:WARNING:UnicodeDecodeError --- The subtititle: subtitles\La 1_spa_TXT.st 2019 12 03.xlog cant be decodified  

2020-04-30 08:21:12,222:get_data.py:89:WARNING:UnicodeDecodeError --- The subtititle: subtitles\La 1_spa_TXT.st 2019 12 21.xlog cant be decodified  

2020-04-30 08:21:12,352:get_data.py:71:WARNING:El subtitulo: subtitles\La 1_spa_TXT.st 2019 12 27.xlogmorning_new está vacio 

2020-04-30 08:21:12,352:get_data.py:73:WARNING:El subtitulo: subtitles\La 1_spa_TXT.st 2019 12 27.xlogafternoon_new está vacio 

2020-04-30 08:21:15,311:get_data.py:71:WARNING:El subtitulo: subtitles\laSexta HD_spa_TXT.st 2019 10 18.xlogmorning_new está vacio 

2020-04-30 08:21:15,311:get_data.py:73:WARNING:El subtitulo: subtitles\laSexta HD_spa_TXT.st 2019 10 18.xlogafternoon_new está vacio 

2020-04-30 08:21:21,190:get_data.py:71:WARNING:El subtitulo: subtitles\RTVE-La1-Madrid.st 2019 09 10.xlogmorning_new está vacio 

2020-04-30 08:21:21,190:get_data.py:73:WARNING:El subtitulo: subtitles\RTVE-La1-Madrid.st 2019 09 10.xlogafternoon_new está vacio 

2020-04-30 08:21:21,206:get_data.py:71:WARNING:El subtitulo: subtitles\RTVE-La1-Madrid.st 2019 09 16.xlogmorning_new está vacio 

2020-04-30 08:21:21,206:get_data.py:73:WARNING:El subtitulo: subtitles\RTVE-La1-Madrid.st 2019 09 16.xlogafternoon_new está vacio 

2020-04-30 08:21:21,221:get_data.py:71:WARNING:El subtitulo: subtitles\RTVE-La1-Madrid.st 2019 09 17.xlogmorning_new está vacio 

2020-04-30 08:21:21,221:get_data.py:73:WARNING:El subtitulo: subtitles\RTVE-La1-Madrid.st 2019 09 17.xlogafternoon_new está vacio 

2020-04-30 08:21:21,237:get_data.py:71:WARNING:El subtitulo: subtitles\RTVE-La1-Madrid.st 2019 09 18.xlogmorning_new está vacio 

2020-04-30 08:21:21,237:get_data.py:73:WARNING:El subtitulo: subtitles\RTVE-La1-Madrid.st 2019 09 18.xlogafternoon_new está vacio 

2020-04-30 08:21:21,253:get_data.py:71:WARNING:El subtitulo: subtitles\RTVE-La1-Madrid.st 2019 09 19.xlogmorning_new está vacio 

2020-04-30 08:21:21,253:get_data.py:73:WARNING:El subtitulo: subtitles\RTVE-La1-Madrid.st 2019 09 19.xlogafternoon_new está vacio 

2020-04-30 08:21:21,268:get_data.py:71:WARNING:El subtitulo: subtitles\RTVE-La1-Madrid.st 2019 09 20.xlogmorning_new está vacio 

2020-04-30 08:21:21,268:get_data.py:73:WARNING:El subtitulo: subtitles\RTVE-La1-Madrid.st 2019 09 20.xlogafternoon_new está vacio 

2020-04-30 08:21:21,284:get_data.py:73:WARNING:El subtitulo: subtitles\RTVE-La1-Madrid.st 2019 09 23.xlogafternoon_new está vacio 

2020-04-30 08:21:21,299:get_data.py:71:WARNING:El subtitulo: subtitles\RTVE-La1-Madrid.st 2019 09 24.xlogmorning_new está vacio 

2020-04-30 08:21:21,299:get_data.py:73:WARNING:El subtitulo: subtitles\RTVE-La1-Madrid.st 2019 09 24.xlogafternoon_new está vacio 

2020-04-30 08:21:21,299:get_data.py:71:WARNING:El subtitulo: subtitles\RTVE-La1-Madrid.st 2019 09 25.xlogmorning_new está vacio 

2020-04-30 08:21:21,299:get_data.py:73:WARNING:El subtitulo: subtitles\RTVE-La1-Madrid.st 2019 09 25.xlogafternoon_new está vacio 

2020-04-30 08:21:21,331:get_data.py:71:WARNING:El subtitulo: subtitles\RTVE-La1-Merida.st 2019 09 16.xlogmorning_new está vacio 

2020-04-30 08:21:21,331:get_data.py:73:WARNING:El subtitulo: subtitles\RTVE-La1-Merida.st 2019 09 16.xlogafternoon_new está vacio 

2020-04-30 08:21:21,346:get_data.py:71:WARNING:El subtitulo: subtitles\RTVE-La1-Merida.st 2019 09 17.xlogmorning_new está vacio 

2020-04-30 08:21:21,346:get_data.py:73:WARNING:El subtitulo: subtitles\RTVE-La1-Merida.st 2019 09 17.xlogafternoon_new está vacio 

2020-04-30 08:21:21,362:get_data.py:71:WARNING:El subtitulo: subtitles\RTVE-La1-Merida.st 2019 09 18.xlogmorning_new está vacio 

2020-04-30 08:21:21,362:get_data.py:73:WARNING:El subtitulo: subtitles\RTVE-La1-Merida.st 2019 09 18.xlogafternoon_new está vacio 

2020-04-30 08:21:21,378:get_data.py:71:WARNING:El subtitulo: subtitles\RTVE-La1-Merida.st 2019 09 19.xlogmorning_new está vacio 

2020-04-30 08:21:21,378:get_data.py:73:WARNING:El subtitulo: subtitles\RTVE-La1-Merida.st 2019 09 19.xlogafternoon_new está vacio 

2020-04-30 08:21:21,393:get_data.py:71:WARNING:El subtitulo: subtitles\RTVE-La1-Merida.st 2019 09 20.xlogmorning_new está vacio 

2020-04-30 08:21:21,393:get_data.py:73:WARNING:El subtitulo: subtitles\RTVE-La1-Merida.st 2019 09 20.xlogafternoon_new está vacio 

2020-04-30 08:21:21,393:get_data.py:73:WARNING:El subtitulo: subtitles\RTVE-La1-Merida.st 2019 09 23.xlogafternoon_new está vacio 

2020-04-30 08:21:21,409:get_data.py:71:WARNING:El subtitulo: subtitles\RTVE-La1-Merida.st 2019 09 24.xlogmorning_new está vacio 

2020-04-30 08:21:21,409:get_data.py:73:WARNING:El subtitulo: subtitles\RTVE-La1-Merida.st 2019 09 24.xlogafternoon_new está vacio 

2020-04-30 08:21:21,424:get_data.py:71:WARNING:El subtitulo: subtitles\RTVE-La1-Merida.st 2019 09 25.xlogmorning_new está vacio 

2020-04-30 08:21:21,440:get_data.py:71:WARNING:El subtitulo: subtitles\RTVE-La1-Merida.st 2019 09 26.xlogmorning_new está vacio 

2020-04-30 08:21:21,440:get_data.py:73:WARNING:El subtitulo: subtitles\RTVE-La1-Merida.st 2019 09 26.xlogafternoon_new está vacio 

2020-04-30 08:21:21,456:get_data.py:71:WARNING:El subtitulo: subtitles\RTVE-La1-Merida.st 2019 09 27.xlogmorning_new está vacio 

2020-04-30 08:21:21,456:get_data.py:73:WARNING:El subtitulo: subtitles\RTVE-La1-Merida.st 2019 09 27.xlogafternoon_new está vacio 

2020-04-30 08:21:21,471:get_data.py:71:WARNING:El subtitulo: subtitles\RTVE-La1-Merida.st 2019 09 30.xlogmorning_new está vacio 

2020-04-30 08:21:21,471:get_data.py:73:WARNING:El subtitulo: subtitles\RTVE-La1-Merida.st 2019 09 30.xlogafternoon_new está vacio 

2020-04-30 08:21:21,487:get_data.py:71:WARNING:El subtitulo: subtitles\RTVE-La1-Merida.st 2019 10 01.xlogmorning_new está vacio 

2020-04-30 08:21:21,487:get_data.py:73:WARNING:El subtitulo: subtitles\RTVE-La1-Merida.st 2019 10 01.xlogafternoon_new está vacio 

2020-04-30 08:21:21,503:get_data.py:71:WARNING:El subtitulo: subtitles\RTVE-La1-Merida.st 2019 10 02.xlogmorning_new está vacio 

2020-04-30 08:21:21,503:get_data.py:73:WARNING:El subtitulo: subtitles\RTVE-La1-Merida.st 2019 10 02.xlogafternoon_new está vacio 

2020-04-30 08:21:21,518:get_data.py:71:WARNING:El subtitulo: subtitles\RTVE-La1-Merida.st 2019 10 03.xlogmorning_new está vacio 

2020-04-30 08:21:21,518:get_data.py:73:WARNING:El subtitulo: subtitles\RTVE-La1-Merida.st 2019 10 03.xlogafternoon_new está vacio 

2020-04-30 08:21:21,534:get_data.py:71:WARNING:El subtitulo: subtitles\RTVE-La1-Merida.st 2019 10 04.xlogmorning_new está vacio 

2020-04-30 08:21:21,534:get_data.py:73:WARNING:El subtitulo: subtitles\RTVE-La1-Merida.st 2019 10 04.xlogafternoon_new está vacio 

2020-04-30 08:21:21,534:get_data.py:71:WARNING:El subtitulo: subtitles\RTVE-La1-Merida.st 2019 10 07.xlogmorning_new está vacio 

2020-04-30 08:21:21,534:get_data.py:73:WARNING:El subtitulo: subtitles\RTVE-La1-Merida.st 2019 10 07.xlogafternoon_new está vacio 

2020-04-30 08:21:21,549:get_data.py:71:WARNING:El subtitulo: subtitles\RTVE-La1-Merida.st 2019 10 08.xlogmorning_new está vacio 

2020-04-30 08:21:21,549:get_data.py:73:WARNING:El subtitulo: subtitles\RTVE-La1-Merida.st 2019 10 08.xlogafternoon_new está vacio 

2020-04-30 08:21:21,581:get_data.py:71:WARNING:El subtitulo: subtitles\RTVE-La1-Merida.st 2019 10 09.xlogmorning_new está vacio 

2020-04-30 08:21:21,581:get_data.py:73:WARNING:El subtitulo: subtitles\RTVE-La1-Merida.st 2019 10 09.xlogafternoon_new está vacio 

2020-04-30 08:21:21,612:get_data.py:71:WARNING:El subtitulo: subtitles\RTVE-La1-Merida.st 2019 10 10.xlogmorning_new está vacio 

2020-04-30 08:21:21,612:get_data.py:73:WARNING:El subtitulo: subtitles\RTVE-La1-Merida.st 2019 10 10.xlogafternoon_new está vacio 

2020-04-30 08:21:21,659:get_data.py:71:WARNING:El subtitulo: subtitles\RTVE-La1-Merida.st 2019 10 11.xlogmorning_new está vacio 

2020-04-30 08:21:21,659:get_data.py:73:WARNING:El subtitulo: subtitles\RTVE-La1-Merida.st 2019 10 11.xlogafternoon_new está vacio 

2020-04-30 08:21:21,674:get_data.py:71:WARNING:El subtitulo: subtitles\RTVE-La1-Merida.st 2019 10 14.xlogmorning_new está vacio 

2020-04-30 08:21:21,674:get_data.py:73:WARNING:El subtitulo: subtitles\RTVE-La1-Merida.st 2019 10 14.xlogafternoon_new está vacio 

2020-04-30 08:21:21,690:get_data.py:71:WARNING:El subtitulo: subtitles\RTVE-La1-Merida.st 2019 10 15.xlogmorning_new está vacio 

2020-04-30 08:21:21,690:get_data.py:73:WARNING:El subtitulo: subtitles\RTVE-La1-Merida.st 2019 10 15.xlogafternoon_new está vacio 

2020-04-30 08:21:21,690:get_data.py:71:WARNING:El subtitulo: subtitles\RTVE-La1-Merida.st 2019 10 16.xlogmorning_new está vacio 

2020-04-30 08:21:21,690:get_data.py:73:WARNING:El subtitulo: subtitles\RTVE-La1-Merida.st 2019 10 16.xlogafternoon_new está vacio 

2020-04-30 08:21:21,706:get_data.py:71:WARNING:El subtitulo: subtitles\RTVE-La1-Merida.st 2019 10 17.xlogmorning_new está vacio 

2020-04-30 08:21:21,706:get_data.py:73:WARNING:El subtitulo: subtitles\RTVE-La1-Merida.st 2019 10 17.xlogafternoon_new está vacio 

2020-04-30 08:21:21,706:get_data.py:73:WARNING:El subtitulo: subtitles\RTVE-La1-Oviedo.st 2019 09 23.xlogafternoon_new está vacio 

2020-04-30 08:21:21,706:get_data.py:71:WARNING:El subtitulo: subtitles\RTVE-La1-Sevilla.st 2019 06 18.xlogmorning_new está vacio 

2020-04-30 08:21:21,706:get_data.py:73:WARNING:El subtitulo: subtitles\RTVE-La1-Sevilla.st 2019 06 18.xlogafternoon_new está vacio 

2020-04-30 08:21:21,721:get_data.py:71:WARNING:El subtitulo: subtitles\RTVE-La1-Sevilla.st 2019 09 16.xlogmorning_new está vacio 

2020-04-30 08:21:21,721:get_data.py:73:WARNING:El subtitulo: subtitles\RTVE-La1-Sevilla.st 2019 09 16.xlogafternoon_new está vacio 

2020-04-30 08:21:21,737:get_data.py:71:WARNING:El subtitulo: subtitles\RTVE-La1-Sevilla.st 2019 09 17.xlogmorning_new está vacio 

2020-04-30 08:21:21,737:get_data.py:73:WARNING:El subtitulo: subtitles\RTVE-La1-Sevilla.st 2019 09 17.xlogafternoon_new está vacio 

2020-04-30 08:21:21,752:get_data.py:71:WARNING:El subtitulo: subtitles\RTVE-La1-Sevilla.st 2019 09 18.xlogmorning_new está vacio 

2020-04-30 08:21:21,752:get_data.py:73:WARNING:El subtitulo: subtitles\RTVE-La1-Sevilla.st 2019 09 18.xlogafternoon_new está vacio 

2020-04-30 08:21:21,784:get_data.py:71:WARNING:El subtitulo: subtitles\RTVE-La1-Sevilla.st 2019 09 19.xlogmorning_new está vacio 

2020-04-30 08:21:21,784:get_data.py:73:WARNING:El subtitulo: subtitles\RTVE-La1-Sevilla.st 2019 09 19.xlogafternoon_new está vacio 

2020-04-30 08:21:21,784:get_data.py:71:WARNING:El subtitulo: subtitles\RTVE-La1-Sevilla.st 2019 09 20.xlogmorning_new está vacio 

2020-04-30 08:21:21,784:get_data.py:73:WARNING:El subtitulo: subtitles\RTVE-La1-Sevilla.st 2019 09 20.xlogafternoon_new está vacio 

2020-04-30 08:21:21,799:get_data.py:73:WARNING:El subtitulo: subtitles\RTVE-La1-Sevilla.st 2019 09 23.xlogafternoon_new está vacio 

2020-04-30 08:21:21,815:get_data.py:71:WARNING:El subtitulo: subtitles\RTVE-La1-Sevilla.st 2019 09 24.xlogmorning_new está vacio 

2020-04-30 08:21:21,815:get_data.py:73:WARNING:El subtitulo: subtitles\RTVE-La1-Sevilla.st 2019 09 24.xlogafternoon_new está vacio 

2020-04-30 08:21:21,831:get_data.py:71:WARNING:El subtitulo: subtitles\RTVE-La1-Sevilla.st 2019 09 25.xlogmorning_new está vacio 

2020-04-30 08:21:21,846:get_data.py:71:WARNING:El subtitulo: subtitles\RTVE-La1-Sevilla.st 2019 09 26.xlogmorning_new está vacio 

2020-04-30 08:21:21,846:get_data.py:73:WARNING:El subtitulo: subtitles\RTVE-La1-Sevilla.st 2019 09 26.xlogafternoon_new está vacio 

2020-04-30 08:21:21,862:get_data.py:71:WARNING:El subtitulo: subtitles\RTVE-La1-Sevilla.st 2019 09 27.xlogmorning_new está vacio 

2020-04-30 08:21:21,862:get_data.py:73:WARNING:El subtitulo: subtitles\RTVE-La1-Sevilla.st 2019 09 27.xlogafternoon_new está vacio 

2020-04-30 08:21:21,877:get_data.py:71:WARNING:El subtitulo: subtitles\RTVE-La1-Sevilla.st 2019 09 30.xlogmorning_new está vacio 

2020-04-30 08:21:21,877:get_data.py:73:WARNING:El subtitulo: subtitles\RTVE-La1-Sevilla.st 2019 09 30.xlogafternoon_new está vacio 

2020-04-30 08:21:21,877:get_data.py:71:WARNING:El subtitulo: subtitles\RTVE-La1-Sevilla.st 2019 10 01.xlogmorning_new está vacio 

2020-04-30 08:21:21,877:get_data.py:73:WARNING:El subtitulo: subtitles\RTVE-La1-Sevilla.st 2019 10 01.xlogafternoon_new está vacio 

2020-04-30 08:21:21,893:get_data.py:71:WARNING:El subtitulo: subtitles\RTVE-La1-Sevilla.st 2019 10 02.xlogmorning_new está vacio 

2020-04-30 08:21:21,893:get_data.py:73:WARNING:El subtitulo: subtitles\RTVE-La1-Sevilla.st 2019 10 02.xlogafternoon_new está vacio 

2020-04-30 08:21:21,924:get_data.py:71:WARNING:El subtitulo: subtitles\RTVE-La1-Sevilla.st 2019 10 03.xlogmorning_new está vacio 

2020-04-30 08:21:21,924:get_data.py:73:WARNING:El subtitulo: subtitles\RTVE-La1-Sevilla.st 2019 10 03.xlogafternoon_new está vacio 

2020-04-30 08:21:21,940:get_data.py:71:WARNING:El subtitulo: subtitles\RTVE-La1-Sevilla.st 2019 10 04.xlogmorning_new está vacio 

2020-04-30 08:21:21,940:get_data.py:73:WARNING:El subtitulo: subtitles\RTVE-La1-Sevilla.st 2019 10 04.xlogafternoon_new está vacio 

2020-04-30 08:21:21,940:get_data.py:71:WARNING:El subtitulo: subtitles\RTVE-La1-Sevilla.st 2019 10 07.xlogmorning_new está vacio 

2020-04-30 08:21:21,940:get_data.py:73:WARNING:El subtitulo: subtitles\RTVE-La1-Sevilla.st 2019 10 07.xlogafternoon_new está vacio 

2020-04-30 08:21:21,956:get_data.py:71:WARNING:El subtitulo: subtitles\RTVE-La1-Sevilla.st 2019 10 08.xlogmorning_new está vacio 

2020-04-30 08:21:21,956:get_data.py:73:WARNING:El subtitulo: subtitles\RTVE-La1-Sevilla.st 2019 10 08.xlogafternoon_new está vacio 

2020-04-30 08:21:21,971:get_data.py:71:WARNING:El subtitulo: subtitles\RTVE-La1-Sevilla.st 2019 10 09.xlogmorning_new está vacio 

2020-04-30 08:21:21,971:get_data.py:73:WARNING:El subtitulo: subtitles\RTVE-La1-Sevilla.st 2019 10 09.xlogafternoon_new está vacio 

2020-04-30 08:21:21,987:get_data.py:71:WARNING:El subtitulo: subtitles\RTVE-La1-Sevilla.st 2019 10 10.xlogmorning_new está vacio 

2020-04-30 08:21:21,987:get_data.py:73:WARNING:El subtitulo: subtitles\RTVE-La1-Sevilla.st 2019 10 10.xlogafternoon_new está vacio 

2020-04-30 08:21:22,002:get_data.py:71:WARNING:El subtitulo: subtitles\RTVE-La1-Sevilla.st 2019 10 11.xlogmorning_new está vacio 

2020-04-30 08:21:22,002:get_data.py:73:WARNING:El subtitulo: subtitles\RTVE-La1-Sevilla.st 2019 10 11.xlogafternoon_new está vacio 

2020-04-30 08:21:22,002:get_data.py:71:WARNING:El subtitulo: subtitles\RTVE-La1-Sevilla.st 2019 10 14.xlogmorning_new está vacio 

2020-04-30 08:21:22,002:get_data.py:73:WARNING:El subtitulo: subtitles\RTVE-La1-Sevilla.st 2019 10 14.xlogafternoon_new está vacio 

2020-04-30 08:21:22,034:get_data.py:71:WARNING:El subtitulo: subtitles\RTVE-La1-Sevilla.st 2019 10 15.xlogmorning_new está vacio 

2020-04-30 08:21:22,034:get_data.py:73:WARNING:El subtitulo: subtitles\RTVE-La1-Sevilla.st 2019 10 15.xlogafternoon_new está vacio 

2020-04-30 08:21:22,034:get_data.py:71:WARNING:El subtitulo: subtitles\RTVE-La1-Sevilla.st 2019 10 16.xlogmorning_new está vacio 

2020-04-30 08:21:22,034:get_data.py:73:WARNING:El subtitulo: subtitles\RTVE-La1-Sevilla.st 2019 10 16.xlogafternoon_new está vacio 

2020-04-30 08:21:22,065:get_data.py:71:WARNING:El subtitulo: subtitles\RTVE-La1-Toledo.st 2019 09 16.xlogmorning_new está vacio 

2020-04-30 08:21:22,065:get_data.py:73:WARNING:El subtitulo: subtitles\RTVE-La1-Toledo.st 2019 09 16.xlogafternoon_new está vacio 

2020-04-30 08:21:22,080:get_data.py:71:WARNING:El subtitulo: subtitles\RTVE-La1-Toledo.st 2019 09 17.xlogmorning_new está vacio 

2020-04-30 08:21:22,080:get_data.py:73:WARNING:El subtitulo: subtitles\RTVE-La1-Toledo.st 2019 09 17.xlogafternoon_new está vacio 

2020-04-30 08:21:22,096:get_data.py:71:WARNING:El subtitulo: subtitles\RTVE-La1-Toledo.st 2019 09 18.xlogmorning_new está vacio 

2020-04-30 08:21:22,096:get_data.py:73:WARNING:El subtitulo: subtitles\RTVE-La1-Toledo.st 2019 09 18.xlogafternoon_new está vacio 

2020-04-30 08:21:22,112:get_data.py:71:WARNING:El subtitulo: subtitles\RTVE-La1-Toledo.st 2019 09 19.xlogmorning_new está vacio 

2020-04-30 08:21:22,112:get_data.py:73:WARNING:El subtitulo: subtitles\RTVE-La1-Toledo.st 2019 09 19.xlogafternoon_new está vacio 

2020-04-30 08:21:22,127:get_data.py:71:WARNING:El subtitulo: subtitles\RTVE-La1-Toledo.st 2019 09 20.xlogmorning_new está vacio 

2020-04-30 08:21:22,127:get_data.py:73:WARNING:El subtitulo: subtitles\RTVE-La1-Toledo.st 2019 09 20.xlogafternoon_new está vacio 

2020-04-30 08:21:22,127:get_data.py:73:WARNING:El subtitulo: subtitles\RTVE-La1-Toledo.st 2019 09 23.xlogafternoon_new está vacio 

2020-04-30 08:21:22,156:get_data.py:71:WARNING:El subtitulo: subtitles\RTVE-La1-Toledo.st 2019 09 24.xlogmorning_new está vacio 

2020-04-30 08:21:22,156:get_data.py:73:WARNING:El subtitulo: subtitles\RTVE-La1-Toledo.st 2019 09 24.xlogafternoon_new está vacio 

2020-04-30 08:21:22,172:get_data.py:71:WARNING:El subtitulo: subtitles\RTVE-La1-Toledo.st 2019 09 25.xlogmorning_new está vacio 

2020-04-30 08:21:22,188:get_data.py:71:WARNING:El subtitulo: subtitles\RTVE-La1-Toledo.st 2019 09 26.xlogmorning_new está vacio 

2020-04-30 08:21:22,188:get_data.py:73:WARNING:El subtitulo: subtitles\RTVE-La1-Toledo.st 2019 09 26.xlogafternoon_new está vacio 

2020-04-30 08:21:22,203:get_data.py:71:WARNING:El subtitulo: subtitles\RTVE-La1-Toledo.st 2019 09 27.xlogmorning_new está vacio 

2020-04-30 08:21:22,203:get_data.py:73:WARNING:El subtitulo: subtitles\RTVE-La1-Toledo.st 2019 09 27.xlogafternoon_new está vacio 

2020-04-30 08:21:22,217:get_data.py:71:WARNING:El subtitulo: subtitles\RTVE-La1-Toledo.st 2019 09 30.xlogmorning_new está vacio 

2020-04-30 08:21:22,217:get_data.py:73:WARNING:El subtitulo: subtitles\RTVE-La1-Toledo.st 2019 09 30.xlogafternoon_new está vacio 

2020-04-30 08:21:22,232:get_data.py:71:WARNING:El subtitulo: subtitles\RTVE-La1-Toledo.st 2019 10 01.xlogmorning_new está vacio 

2020-04-30 08:21:22,232:get_data.py:73:WARNING:El subtitulo: subtitles\RTVE-La1-Toledo.st 2019 10 01.xlogafternoon_new está vacio 

2020-04-30 08:21:22,237:get_data.py:71:WARNING:El subtitulo: subtitles\RTVE-La1-Toledo.st 2019 10 04.xlogmorning_new está vacio 

2020-04-30 08:21:22,238:get_data.py:73:WARNING:El subtitulo: subtitles\RTVE-La1-Toledo.st 2019 10 04.xlogafternoon_new está vacio 

2020-04-30 08:21:22,248:get_data.py:71:WARNING:El subtitulo: subtitles\RTVE-La1-Toledo.st 2019 10 07.xlogmorning_new está vacio 

2020-04-30 08:21:22,248:get_data.py:73:WARNING:El subtitulo: subtitles\RTVE-La1-Toledo.st 2019 10 07.xlogafternoon_new está vacio 

2020-04-30 08:21:22,264:get_data.py:71:WARNING:El subtitulo: subtitles\RTVE-La1-Toledo.st 2019 10 08.xlogmorning_new está vacio 

2020-04-30 08:21:22,264:get_data.py:73:WARNING:El subtitulo: subtitles\RTVE-La1-Toledo.st 2019 10 08.xlogafternoon_new está vacio 

2020-04-30 08:21:22,280:get_data.py:71:WARNING:El subtitulo: subtitles\RTVE-La1-Toledo.st 2019 10 09.xlogmorning_new está vacio 

2020-04-30 08:21:22,280:get_data.py:73:WARNING:El subtitulo: subtitles\RTVE-La1-Toledo.st 2019 10 09.xlogafternoon_new está vacio 

2020-04-30 08:21:22,297:get_data.py:71:WARNING:El subtitulo: subtitles\RTVE-La1-Toledo.st 2019 10 10.xlogmorning_new está vacio 

2020-04-30 08:21:22,297:get_data.py:73:WARNING:El subtitulo: subtitles\RTVE-La1-Toledo.st 2019 10 10.xlogafternoon_new está vacio 

2020-04-30 08:21:22,313:get_data.py:71:WARNING:El subtitulo: subtitles\RTVE-La1-Toledo.st 2019 10 11.xlogmorning_new está vacio 

2020-04-30 08:21:22,313:get_data.py:73:WARNING:El subtitulo: subtitles\RTVE-La1-Toledo.st 2019 10 11.xlogafternoon_new está vacio 

2020-04-30 08:21:22,318:get_data.py:71:WARNING:El subtitulo: subtitles\RTVE-La1-Toledo.st 2019 10 14.xlogmorning_new está vacio 

2020-04-30 08:21:22,318:get_data.py:73:WARNING:El subtitulo: subtitles\RTVE-La1-Toledo.st 2019 10 14.xlogafternoon_new está vacio 

2020-04-30 08:21:22,333:get_data.py:71:WARNING:El subtitulo: subtitles\RTVE-La1-Toledo.st 2019 10 15.xlogmorning_new está vacio 

2020-04-30 08:21:22,333:get_data.py:73:WARNING:El subtitulo: subtitles\RTVE-La1-Toledo.st 2019 10 15.xlogafternoon_new está vacio 

2020-04-30 08:21:22,343:get_data.py:71:WARNING:El subtitulo: subtitles\RTVE-La1-Toledo.st 2019 10 16.xlogmorning_new está vacio 

2020-04-30 08:21:22,343:get_data.py:73:WARNING:El subtitulo: subtitles\RTVE-La1-Toledo.st 2019 10 16.xlogafternoon_new está vacio 

2020-04-30 08:21:22,358:get_data.py:71:WARNING:El subtitulo: subtitles\RTVE-La1-Toledo.st 2019 10 17.xlogmorning_new está vacio 

2020-04-30 08:21:22,358:get_data.py:73:WARNING:El subtitulo: subtitles\RTVE-La1-Toledo.st 2019 10 17.xlogafternoon_new está vacio 

2020-04-30 08:21:22,359:get_data.py:73:WARNING:El subtitulo: subtitles\RTVE-La1-Valladolid.st 2019 09 23.xlogafternoon_new está vacio 

2020-04-30 08:21:22,363:get_data.py:71:WARNING:El subtitulo: subtitles\Telecinco HD_spa_TXT.st 2019 09 18.xlogmorning_new está vacio 

2020-04-30 08:21:22,416:get_data.py:71:WARNING:El subtitulo: subtitles\Telecinco HD_spa_TXT.st 2019 09 21.xlogmorning_new está vacio 

2020-04-30 08:21:22,416:get_data.py:73:WARNING:El subtitulo: subtitles\Telecinco HD_spa_TXT.st 2019 09 21.xlogafternoon_new está vacio 

2020-04-30 08:21:22,439:get_data.py:71:WARNING:El subtitulo: subtitles\Telecinco HD_spa_TXT.st 2019 09 22.xlogmorning_new está vacio 

2020-04-30 08:21:22,492:get_data.py:73:WARNING:El subtitulo: subtitles\Telecinco HD_spa_TXT.st 2019 09 25.xlogafternoon_new está vacio 

2020-04-30 08:21:22,539:get_data.py:73:WARNING:El subtitulo: subtitles\Telecinco HD_spa_TXT.st 2019 09 26.xlogafternoon_new está vacio 

2020-04-30 08:21:22,560:get_data.py:71:WARNING:El subtitulo: subtitles\Telecinco HD_spa_TXT.st 2019 09 28.xlogmorning_new está vacio 

2020-04-30 08:21:22,571:get_data.py:71:WARNING:El subtitulo: subtitles\Telecinco HD_spa_TXT.st 2019 09 29.xlogmorning_new está vacio 

2020-04-30 08:21:22,597:get_data.py:73:WARNING:El subtitulo: subtitles\Telecinco HD_spa_TXT.st 2019 10 01.xlogafternoon_new está vacio 

2020-04-30 08:21:22,644:get_data.py:73:WARNING:El subtitulo: subtitles\Telecinco HD_spa_TXT.st 2019 10 04.xlogafternoon_new está vacio 

2020-04-30 08:21:22,660:get_data.py:71:WARNING:El subtitulo: subtitles\Telecinco HD_spa_TXT.st 2019 10 05.xlogmorning_new está vacio 

2020-04-30 08:21:22,675:get_data.py:71:WARNING:El subtitulo: subtitles\Telecinco HD_spa_TXT.st 2019 10 06.xlogmorning_new está vacio 

2020-04-30 08:21:22,691:get_data.py:73:WARNING:El subtitulo: subtitles\Telecinco HD_spa_TXT.st 2019 10 07.xlogafternoon_new está vacio 

2020-04-30 08:21:22,738:get_data.py:73:WARNING:El subtitulo: subtitles\Telecinco HD_spa_TXT.st 2019 10 09.xlogafternoon_new está vacio 

2020-04-30 08:21:22,785:get_data.py:73:WARNING:El subtitulo: subtitles\Telecinco HD_spa_TXT.st 2019 10 11.xlogafternoon_new está vacio 

2020-04-30 08:21:22,800:get_data.py:71:WARNING:El subtitulo: subtitles\Telecinco HD_spa_TXT.st 2019 10 12.xlogmorning_new está vacio 

2020-04-30 08:21:22,800:get_data.py:71:WARNING:El subtitulo: subtitles\Telecinco HD_spa_TXT.st 2019 10 13.xlogmorning_new está vacio 

2020-04-30 08:21:22,831:get_data.py:73:WARNING:El subtitulo: subtitles\Telecinco HD_spa_TXT.st 2019 10 14.xlogafternoon_new está vacio 

2020-04-30 08:21:22,847:get_data.py:71:WARNING:El subtitulo: subtitles\Telecinco HD_spa_TXT.st 2019 10 16.xlogmorning_new está vacio 

2020-04-30 08:21:22,863:get_data.py:71:WARNING:El subtitulo: subtitles\Telecinco HD_spa_TXT.st 2019 10 17.xlogmorning_new está vacio 

2020-04-30 08:21:22,863:get_data.py:71:WARNING:El subtitulo: subtitles\Telecinco HD_spa_TXT.st 2019 10 18.xlogmorning_new está vacio 

2020-04-30 08:21:22,863:get_data.py:73:WARNING:El subtitulo: subtitles\Telecinco HD_spa_TXT.st 2019 10 18.xlogafternoon_new está vacio 

2020-04-30 08:21:22,878:get_data.py:71:WARNING:El subtitulo: subtitles\Telecinco_spa_TXT.st 2019 09 18.xlogmorning_new está vacio 

2020-04-30 08:21:22,925:get_data.py:71:WARNING:El subtitulo: subtitles\Telecinco_spa_TXT.st 2019 09 21.xlogmorning_new está vacio 

2020-04-30 08:21:22,925:get_data.py:73:WARNING:El subtitulo: subtitles\Telecinco_spa_TXT.st 2019 09 21.xlogafternoon_new está vacio 

2020-04-30 08:21:22,941:get_data.py:71:WARNING:El subtitulo: subtitles\Telecinco_spa_TXT.st 2019 09 22.xlogmorning_new está vacio 

2020-04-30 08:21:23,003:get_data.py:73:WARNING:El subtitulo: subtitles\Telecinco_spa_TXT.st 2019 09 25.xlogafternoon_new está vacio 

2020-04-30 08:21:23,034:get_data.py:73:WARNING:El subtitulo: subtitles\Telecinco_spa_TXT.st 2019 09 26.xlogafternoon_new está vacio 

2020-04-30 08:21:23,066:get_data.py:71:WARNING:El subtitulo: subtitles\Telecinco_spa_TXT.st 2019 09 28.xlogmorning_new está vacio 

2020-04-30 08:21:23,081:get_data.py:71:WARNING:El subtitulo: subtitles\Telecinco_spa_TXT.st 2019 09 29.xlogmorning_new está vacio 

2020-04-30 08:21:23,130:get_data.py:73:WARNING:El subtitulo: subtitles\Telecinco_spa_TXT.st 2019 10 01.xlogafternoon_new está vacio 

2020-04-30 08:21:23,185:get_data.py:73:WARNING:El subtitulo: subtitles\Telecinco_spa_TXT.st 2019 10 04.xlogafternoon_new está vacio 

2020-04-30 08:21:23,191:get_data.py:71:WARNING:El subtitulo: subtitles\Telecinco_spa_TXT.st 2019 10 05.xlogmorning_new está vacio 

2020-04-30 08:21:23,207:get_data.py:71:WARNING:El subtitulo: subtitles\Telecinco_spa_TXT.st 2019 10 06.xlogmorning_new está vacio 

2020-04-30 08:21:23,222:get_data.py:73:WARNING:El subtitulo: subtitles\Telecinco_spa_TXT.st 2019 10 07.xlogafternoon_new está vacio 

2020-04-30 08:21:23,269:get_data.py:73:WARNING:El subtitulo: subtitles\Telecinco_spa_TXT.st 2019 10 09.xlogafternoon_new está vacio 

2020-04-30 08:21:23,316:get_data.py:73:WARNING:El subtitulo: subtitles\Telecinco_spa_TXT.st 2019 10 11.xlogafternoon_new está vacio 

2020-04-30 08:21:23,316:get_data.py:71:WARNING:El subtitulo: subtitles\Telecinco_spa_TXT.st 2019 10 12.xlogmorning_new está vacio 

2020-04-30 08:21:23,332:get_data.py:71:WARNING:El subtitulo: subtitles\Telecinco_spa_TXT.st 2019 10 13.xlogmorning_new está vacio 

2020-04-30 08:21:23,363:get_data.py:73:WARNING:El subtitulo: subtitles\Telecinco_spa_TXT.st 2019 10 14.xlogafternoon_new está vacio 

2020-04-30 08:21:23,379:get_data.py:71:WARNING:El subtitulo: subtitles\Telecinco_spa_TXT.st 2019 10 16.xlogmorning_new está vacio 

2020-04-30 08:21:23,394:get_data.py:71:WARNING:El subtitulo: subtitles\Telecinco_spa_TXT.st 2019 10 17.xlogmorning_new está vacio 

2020-04-30 08:21:23,394:get_data.py:71:WARNING:El subtitulo: subtitles\Telecinco_spa_TXT.st 2019 10 18.xlogmorning_new está vacio 

2020-04-30 08:21:23,394:get_data.py:73:WARNING:El subtitulo: subtitles\Telecinco_spa_TXT.st 2019 10 18.xlogafternoon_new está vacio 

2020-04-30 08:27:17,271:get_data.py:71:WARNING:El subtitulo: subtitles\antena3 HD_spa_TXT.st 2019 10 18.xlogmorning_new está vacio 

2020-04-30 08:27:17,271:get_data.py:73:WARNING:El subtitulo: subtitles\antena3 HD_spa_TXT.st 2019 10 18.xlogafternoon_new está vacio 

2020-04-30 08:27:18,192:get_data.py:71:WARNING:El subtitulo: subtitles\antena3_spa_OCR.st 2019 10 18.xlogmorning_new está vacio 

2020-04-30 08:27:18,192:get_data.py:73:WARNING:El subtitulo: subtitles\antena3_spa_OCR.st 2019 10 18.xlogafternoon_new está vacio 

2020-04-30 08:27:21,181:get_data.py:89:WARNING:UnicodeDecodeError --- The subtititle: subtitles\La 1_spa_OCR.st 2016 12 29.xlog cant be decodified  

2020-04-30 08:27:21,189:get_data.py:89:WARNING:UnicodeDecodeError --- The subtititle: subtitles\La 1_spa_OCR.st 2016 12 30.xlog cant be decodified  

2020-04-30 08:27:23,555:get_data.py:89:WARNING:UnicodeDecodeError --- The subtititle: subtitles\La 1_spa_OCR.st 2017 02 20.xlog cant be decodified  

2020-04-30 08:27:23,930:get_data.py:71:WARNING:El subtitulo: subtitles\La 1_spa_OCR.st 2017 03 05.xlogmorning_new está vacio 

2020-04-30 08:27:24,276:get_data.py:71:WARNING:El subtitulo: subtitles\La 1_spa_OCR.st 2017 03 21.xlogmorning_new está vacio 

2020-04-30 08:27:25,087:get_data.py:71:WARNING:El subtitulo: subtitles\La 1_spa_OCR.st 2017 04 27.xlogmorning_new está vacio 

2020-04-30 08:27:25,166:get_data.py:71:WARNING:El subtitulo: subtitles\La 1_spa_OCR.st 2017 04 28.xlogmorning_new está vacio 

2020-04-30 08:27:25,712:get_data.py:73:WARNING:El subtitulo: subtitles\La 1_spa_OCR.st 2017 05 22.xlogafternoon_new está vacio 

2020-04-30 08:27:28,949:get_data.py:89:WARNING:UnicodeDecodeError --- The subtititle: subtitles\La 1_spa_OCR.st 2017 09 04.xlog cant be decodified  

2020-04-30 08:27:29,605:get_data.py:71:WARNING:El subtitulo: subtitles\La 1_spa_OCR.st 2017 09 24.xlogmorning_new está vacio 

2020-04-30 08:27:29,605:get_data.py:73:WARNING:El subtitulo: subtitles\La 1_spa_OCR.st 2017 09 24.xlogafternoon_new está vacio 

2020-04-30 08:27:29,730:get_data.py:71:WARNING:El subtitulo: subtitles\La 1_spa_OCR.st 2017 09 26.xlogmorning_new está vacio 

2020-04-30 08:27:29,870:get_data.py:73:WARNING:El subtitulo: subtitles\La 1_spa_OCR.st 2017 09 29.xlogafternoon_new está vacio 

2020-04-30 08:27:29,902:get_data.py:71:WARNING:El subtitulo: subtitles\La 1_spa_OCR.st 2017 10 04.xlogmorning_new está vacio 

2020-04-30 08:27:29,964:get_data.py:71:WARNING:El subtitulo: subtitles\La 1_spa_OCR.st 2017 10 07.xlogmorning_new está vacio 

2020-04-30 08:27:29,964:get_data.py:73:WARNING:El subtitulo: subtitles\La 1_spa_OCR.st 2017 10 07.xlogafternoon_new está vacio 

2020-04-30 08:27:30,763:get_data.py:71:WARNING:El subtitulo: subtitles\La 1_spa_OCR.st 2017 11 09.xlogmorning_new está vacio 

2020-04-30 08:27:31,028:get_data.py:71:WARNING:El subtitulo: subtitles\La 1_spa_OCR.st 2017 11 21.xlogmorning_new está vacio 

2020-04-30 08:27:31,028:get_data.py:73:WARNING:El subtitulo: subtitles\La 1_spa_OCR.st 2017 11 21.xlogafternoon_new está vacio 

2020-04-30 08:27:31,075:get_data.py:71:WARNING:El subtitulo: subtitles\La 1_spa_OCR.st 2017 11 23.xlogmorning_new está vacio 

2020-04-30 08:27:32,060:get_data.py:71:WARNING:El subtitulo: subtitles\La 1_spa_OCR.st 2017 12 27.xlogmorning_new está vacio 

2020-04-30 08:27:32,358:get_data.py:89:WARNING:UnicodeDecodeError --- The subtititle: subtitles\La 1_spa_OCR.st 2018 01 09.xlog cant be decodified  

2020-04-30 08:27:32,469:get_data.py:89:WARNING:UnicodeDecodeError --- The subtititle: subtitles\La 1_spa_OCR.st 2018 01 16.xlog cant be decodified  

2020-04-30 08:27:34,136:get_data.py:73:WARNING:El subtitulo: subtitles\La 1_spa_OCR.st 2018 04 04.xlogafternoon_new está vacio 

2020-04-30 08:27:34,634:get_data.py:71:WARNING:El subtitulo: subtitles\La 1_spa_OCR.st 2018 04 26.xlogmorning_new está vacio 

2020-04-30 08:27:34,634:get_data.py:73:WARNING:El subtitulo: subtitles\La 1_spa_OCR.st 2018 04 26.xlogafternoon_new está vacio 

2020-04-30 08:27:36,907:get_data.py:89:WARNING:UnicodeDecodeError --- The subtititle: subtitles\La 1_spa_OCR.st 2018 06 23.xlog cant be decodified  

2020-04-30 08:27:40,063:get_data.py:71:WARNING:El subtitulo: subtitles\La 1_spa_OCR.st 2018 08 10.xlogmorning_new está vacio 

2020-04-30 08:27:40,063:get_data.py:73:WARNING:El subtitulo: subtitles\La 1_spa_OCR.st 2018 08 10.xlogafternoon_new está vacio 

2020-04-30 08:27:40,677:get_data.py:71:WARNING:El subtitulo: subtitles\La 1_spa_OCR.st 2018 09 04.xlogmorning_new está vacio 

2020-04-30 08:27:40,677:get_data.py:73:WARNING:El subtitulo: subtitles\La 1_spa_OCR.st 2018 09 04.xlogafternoon_new está vacio 

2020-04-30 08:27:40,729:get_data.py:71:WARNING:El subtitulo: subtitles\La 1_spa_OCR.st 2018 09 12.xlogmorning_new está vacio 

2020-04-30 08:27:42,620:get_data.py:71:WARNING:El subtitulo: subtitles\La 1_spa_OCR.st 2018 10 29.xlogmorning_new está vacio 

2020-04-30 08:27:42,620:get_data.py:73:WARNING:El subtitulo: subtitles\La 1_spa_OCR.st 2018 10 29.xlogafternoon_new está vacio 

2020-04-30 08:27:45,973:get_data.py:89:WARNING:UnicodeDecodeError --- The subtititle: subtitles\La 1_spa_OCR.st 2019 02 12.xlog cant be decodified  

2020-04-30 08:27:46,238:get_data.py:71:WARNING:El subtitulo: subtitles\La 1_spa_OCR.st 2019 02 20.xlogmorning_new está vacio 

2020-04-30 08:27:46,238:get_data.py:73:WARNING:El subtitulo: subtitles\La 1_spa_OCR.st 2019 02 20.xlogafternoon_new está vacio 

2020-04-30 08:27:46,269:get_data.py:71:WARNING:El subtitulo: subtitles\La 1_spa_OCR.st 2019 03 19.xlogmorning_new está vacio 

2020-04-30 08:27:49,460:get_data.py:71:WARNING:El subtitulo: subtitles\La 1_spa_OCR.st 2019 07 21.xlogmorning_new está vacio 

2020-04-30 08:27:49,460:get_data.py:73:WARNING:El subtitulo: subtitles\La 1_spa_OCR.st 2019 07 21.xlogafternoon_new está vacio 

2020-04-30 08:27:49,756:get_data.py:73:WARNING:El subtitulo: subtitles\La 1_spa_OCR.st 2019 10 30.xlogafternoon_new está vacio 

2020-04-30 08:27:49,788:get_data.py:71:WARNING:El subtitulo: subtitles\La 1_spa_OCR.st 2019 11 04.xlogmorning_new está vacio 

2020-04-30 08:27:49,788:get_data.py:73:WARNING:El subtitulo: subtitles\La 1_spa_OCR.st 2019 11 04.xlogafternoon_new está vacio 

2020-04-30 08:27:49,913:get_data.py:71:WARNING:El subtitulo: subtitles\La 1_spa_OCR.st 2019 11 06.xlogmorning_new está vacio 

2020-04-30 08:27:49,913:get_data.py:73:WARNING:El subtitulo: subtitles\La 1_spa_OCR.st 2019 11 06.xlogafternoon_new está vacio 

2020-04-30 08:27:49,928:get_data.py:71:WARNING:El subtitulo: subtitles\La 1_spa_OCR.st 2019 12 02.xlogmorning_new está vacio 

2020-04-30 08:27:49,944:get_data.py:89:WARNING:UnicodeDecodeError --- The subtititle: subtitles\La 1_spa_OCR.st 2019 12 03.xlog cant be decodified  

2020-04-30 08:27:50,444:get_data.py:89:WARNING:UnicodeDecodeError --- The subtititle: subtitles\La 1_spa_OCR.st 2019 12 21.xlog cant be decodified  

2020-04-30 08:27:50,600:get_data.py:71:WARNING:El subtitulo: subtitles\La 1_spa_OCR.st 2019 12 27.xlogmorning_new está vacio 

2020-04-30 08:27:50,600:get_data.py:73:WARNING:El subtitulo: subtitles\La 1_spa_OCR.st 2019 12 27.xlogafternoon_new está vacio 

2020-04-30 08:27:52,868:get_data.py:89:WARNING:UnicodeDecodeError --- The subtititle: subtitles\La 1_spa_TXT.st 2016 12 29.xlog cant be decodified  

2020-04-30 08:27:52,883:get_data.py:89:WARNING:UnicodeDecodeError --- The subtititle: subtitles\La 1_spa_TXT.st 2016 12 30.xlog cant be decodified  

2020-04-30 08:27:55,212:get_data.py:89:WARNING:UnicodeDecodeError --- The subtititle: subtitles\La 1_spa_TXT.st 2017 02 20.xlog cant be decodified  

2020-04-30 08:27:55,540:get_data.py:71:WARNING:El subtitulo: subtitles\La 1_spa_TXT.st 2017 03 05.xlogmorning_new está vacio 

2020-04-30 08:27:55,852:get_data.py:71:WARNING:El subtitulo: subtitles\La 1_spa_TXT.st 2017 03 21.xlogmorning_new está vacio 

2020-04-30 08:27:56,633:get_data.py:71:WARNING:El subtitulo: subtitles\La 1_spa_TXT.st 2017 04 27.xlogmorning_new está vacio 

2020-04-30 08:27:56,713:get_data.py:71:WARNING:El subtitulo: subtitles\La 1_spa_TXT.st 2017 04 28.xlogmorning_new está vacio 

2020-04-30 08:28:00,058:get_data.py:89:WARNING:UnicodeDecodeError --- The subtititle: subtitles\La 1_spa_TXT.st 2017 09 04.xlog cant be decodified  

2020-04-30 08:28:00,717:get_data.py:71:WARNING:El subtitulo: subtitles\La 1_spa_TXT.st 2017 09 24.xlogmorning_new está vacio 

2020-04-30 08:28:00,717:get_data.py:73:WARNING:El subtitulo: subtitles\La 1_spa_TXT.st 2017 09 24.xlogafternoon_new está vacio 

2020-04-30 08:28:00,844:get_data.py:71:WARNING:El subtitulo: subtitles\La 1_spa_TXT.st 2017 09 26.xlogmorning_new está vacio 

2020-04-30 08:28:00,980:get_data.py:73:WARNING:El subtitulo: subtitles\La 1_spa_TXT.st 2017 09 29.xlogafternoon_new está vacio 

2020-04-30 08:28:00,998:get_data.py:71:WARNING:El subtitulo: subtitles\La 1_spa_TXT.st 2017 10 04.xlogmorning_new está vacio 

2020-04-30 08:28:01,045:get_data.py:71:WARNING:El subtitulo: subtitles\La 1_spa_TXT.st 2017 10 07.xlogmorning_new está vacio 

2020-04-30 08:28:01,045:get_data.py:73:WARNING:El subtitulo: subtitles\La 1_spa_TXT.st 2017 10 07.xlogafternoon_new está vacio 

2020-04-30 08:28:01,763:get_data.py:71:WARNING:El subtitulo: subtitles\La 1_spa_TXT.st 2017 11 09.xlogmorning_new está vacio 

2020-04-30 08:28:02,044:get_data.py:71:WARNING:El subtitulo: subtitles\La 1_spa_TXT.st 2017 11 21.xlogmorning_new está vacio 

2020-04-30 08:28:02,044:get_data.py:73:WARNING:El subtitulo: subtitles\La 1_spa_TXT.st 2017 11 21.xlogafternoon_new está vacio 

2020-04-30 08:28:02,075:get_data.py:71:WARNING:El subtitulo: subtitles\La 1_spa_TXT.st 2017 11 23.xlogmorning_new está vacio 

2020-04-30 08:28:02,983:get_data.py:71:WARNING:El subtitulo: subtitles\La 1_spa_TXT.st 2017 12 27.xlogmorning_new está vacio 

2020-04-30 08:28:03,256:get_data.py:89:WARNING:UnicodeDecodeError --- The subtititle: subtitles\La 1_spa_TXT.st 2018 01 09.xlog cant be decodified  

2020-04-30 08:28:03,397:get_data.py:89:WARNING:UnicodeDecodeError --- The subtititle: subtitles\La 1_spa_TXT.st 2018 01 16.xlog cant be decodified  

2020-04-30 08:28:04,896:get_data.py:73:WARNING:El subtitulo: subtitles\La 1_spa_TXT.st 2018 04 04.xlogafternoon_new está vacio 

2020-04-30 08:28:05,352:get_data.py:71:WARNING:El subtitulo: subtitles\La 1_spa_TXT.st 2018 04 26.xlogmorning_new está vacio 

2020-04-30 08:28:05,352:get_data.py:73:WARNING:El subtitulo: subtitles\La 1_spa_TXT.st 2018 04 26.xlogafternoon_new está vacio 

2020-04-30 08:28:10,563:get_data.py:71:WARNING:El subtitulo: subtitles\La 1_spa_TXT.st 2018 08 10.xlogmorning_new está vacio 

2020-04-30 08:28:10,563:get_data.py:73:WARNING:El subtitulo: subtitles\La 1_spa_TXT.st 2018 08 10.xlogafternoon_new está vacio 

2020-04-30 08:28:11,159:get_data.py:71:WARNING:El subtitulo: subtitles\La 1_spa_TXT.st 2018 09 04.xlogmorning_new está vacio 

2020-04-30 08:28:11,159:get_data.py:73:WARNING:El subtitulo: subtitles\La 1_spa_TXT.st 2018 09 04.xlogafternoon_new está vacio 

2020-04-30 08:28:11,204:get_data.py:71:WARNING:El subtitulo: subtitles\La 1_spa_TXT.st 2018 09 12.xlogmorning_new está vacio 

2020-04-30 08:28:11,818:get_data.py:71:WARNING:El subtitulo: subtitles\La 1_spa_TXT.st 2018 10 06.xlogmorning_new está vacio 

2020-04-30 08:28:12,769:get_data.py:71:WARNING:El subtitulo: subtitles\La 1_spa_TXT.st 2018 10 29.xlogmorning_new está vacio 

2020-04-30 08:28:12,769:get_data.py:73:WARNING:El subtitulo: subtitles\La 1_spa_TXT.st 2018 10 29.xlogafternoon_new está vacio 

2020-04-30 08:28:15,859:get_data.py:71:WARNING:El subtitulo: subtitles\La 1_spa_TXT.st 2019 02 20.xlogmorning_new está vacio 

2020-04-30 08:28:15,859:get_data.py:73:WARNING:El subtitulo: subtitles\La 1_spa_TXT.st 2019 02 20.xlogafternoon_new está vacio 

2020-04-30 08:28:15,912:get_data.py:71:WARNING:El subtitulo: subtitles\La 1_spa_TXT.st 2019 03 19.xlogmorning_new está vacio 

2020-04-30 08:28:18,739:get_data.py:71:WARNING:El subtitulo: subtitles\La 1_spa_TXT.st 2019 07 21.xlogmorning_new está vacio 

2020-04-30 08:28:18,739:get_data.py:73:WARNING:El subtitulo: subtitles\La 1_spa_TXT.st 2019 07 21.xlogafternoon_new está vacio 

2020-04-30 08:28:19,020:get_data.py:73:WARNING:El subtitulo: subtitles\La 1_spa_TXT.st 2019 10 30.xlogafternoon_new está vacio 

2020-04-30 08:28:19,036:get_data.py:71:WARNING:El subtitulo: subtitles\La 1_spa_TXT.st 2019 11 04.xlogmorning_new está vacio 

2020-04-30 08:28:19,036:get_data.py:73:WARNING:El subtitulo: subtitles\La 1_spa_TXT.st 2019 11 04.xlogafternoon_new está vacio 

2020-04-30 08:28:19,169:get_data.py:71:WARNING:El subtitulo: subtitles\La 1_spa_TXT.st 2019 11 06.xlogmorning_new está vacio 

2020-04-30 08:28:19,169:get_data.py:73:WARNING:El subtitulo: subtitles\La 1_spa_TXT.st 2019 11 06.xlogafternoon_new está vacio 

2020-04-30 08:28:19,188:get_data.py:71:WARNING:El subtitulo: subtitles\La 1_spa_TXT.st 2019 12 02.xlogmorning_new está vacio 

2020-04-30 08:28:19,196:get_data.py:89:WARNING:UnicodeDecodeError --- The subtititle: subtitles\La 1_spa_TXT.st 2019 12 03.xlog cant be decodified  

2020-04-30 08:28:19,512:get_data.py:89:WARNING:UnicodeDecodeError --- The subtititle: subtitles\La 1_spa_TXT.st 2019 12 21.xlog cant be decodified  

2020-04-30 08:28:19,652:get_data.py:71:WARNING:El subtitulo: subtitles\La 1_spa_TXT.st 2019 12 27.xlogmorning_new está vacio 

2020-04-30 08:28:19,652:get_data.py:73:WARNING:El subtitulo: subtitles\La 1_spa_TXT.st 2019 12 27.xlogafternoon_new está vacio 

2020-04-30 08:28:22,716:get_data.py:71:WARNING:El subtitulo: subtitles\laSexta HD_spa_TXT.st 2019 10 18.xlogmorning_new está vacio 

2020-04-30 08:28:22,716:get_data.py:73:WARNING:El subtitulo: subtitles\laSexta HD_spa_TXT.st 2019 10 18.xlogafternoon_new está vacio 

2020-04-30 08:28:28,531:get_data.py:71:WARNING:El subtitulo: subtitles\RTVE-La1-Madrid.st 2019 09 10.xlogmorning_new está vacio 

2020-04-30 08:28:28,531:get_data.py:73:WARNING:El subtitulo: subtitles\RTVE-La1-Madrid.st 2019 09 10.xlogafternoon_new está vacio 

2020-04-30 08:28:28,562:get_data.py:71:WARNING:El subtitulo: subtitles\RTVE-La1-Madrid.st 2019 09 16.xlogmorning_new está vacio 

2020-04-30 08:28:28,562:get_data.py:73:WARNING:El subtitulo: subtitles\RTVE-La1-Madrid.st 2019 09 16.xlogafternoon_new está vacio 

2020-04-30 08:28:28,578:get_data.py:71:WARNING:El subtitulo: subtitles\RTVE-La1-Madrid.st 2019 09 17.xlogmorning_new está vacio 

2020-04-30 08:28:28,578:get_data.py:73:WARNING:El subtitulo: subtitles\RTVE-La1-Madrid.st 2019 09 17.xlogafternoon_new está vacio 

2020-04-30 08:28:28,593:get_data.py:71:WARNING:El subtitulo: subtitles\RTVE-La1-Madrid.st 2019 09 18.xlogmorning_new está vacio 

2020-04-30 08:28:28,593:get_data.py:73:WARNING:El subtitulo: subtitles\RTVE-La1-Madrid.st 2019 09 18.xlogafternoon_new está vacio 

2020-04-30 08:28:28,609:get_data.py:71:WARNING:El subtitulo: subtitles\RTVE-La1-Madrid.st 2019 09 19.xlogmorning_new está vacio 

2020-04-30 08:28:28,609:get_data.py:73:WARNING:El subtitulo: subtitles\RTVE-La1-Madrid.st 2019 09 19.xlogafternoon_new está vacio 

2020-04-30 08:28:28,625:get_data.py:71:WARNING:El subtitulo: subtitles\RTVE-La1-Madrid.st 2019 09 20.xlogmorning_new está vacio 

2020-04-30 08:28:28,625:get_data.py:73:WARNING:El subtitulo: subtitles\RTVE-La1-Madrid.st 2019 09 20.xlogafternoon_new está vacio 

2020-04-30 08:28:28,625:get_data.py:73:WARNING:El subtitulo: subtitles\RTVE-La1-Madrid.st 2019 09 23.xlogafternoon_new está vacio 

2020-04-30 08:28:28,640:get_data.py:71:WARNING:El subtitulo: subtitles\RTVE-La1-Madrid.st 2019 09 24.xlogmorning_new está vacio 

2020-04-30 08:28:28,640:get_data.py:73:WARNING:El subtitulo: subtitles\RTVE-La1-Madrid.st 2019 09 24.xlogafternoon_new está vacio 

2020-04-30 08:28:28,656:get_data.py:71:WARNING:El subtitulo: subtitles\RTVE-La1-Madrid.st 2019 09 25.xlogmorning_new está vacio 

2020-04-30 08:28:28,656:get_data.py:73:WARNING:El subtitulo: subtitles\RTVE-La1-Madrid.st 2019 09 25.xlogafternoon_new está vacio 

2020-04-30 08:28:28,672:get_data.py:71:WARNING:El subtitulo: subtitles\RTVE-La1-Merida.st 2019 09 16.xlogmorning_new está vacio 

2020-04-30 08:28:28,672:get_data.py:73:WARNING:El subtitulo: subtitles\RTVE-La1-Merida.st 2019 09 16.xlogafternoon_new está vacio 

2020-04-30 08:28:28,687:get_data.py:71:WARNING:El subtitulo: subtitles\RTVE-La1-Merida.st 2019 09 17.xlogmorning_new está vacio 

2020-04-30 08:28:28,687:get_data.py:73:WARNING:El subtitulo: subtitles\RTVE-La1-Merida.st 2019 09 17.xlogafternoon_new está vacio 

2020-04-30 08:28:28,703:get_data.py:71:WARNING:El subtitulo: subtitles\RTVE-La1-Merida.st 2019 09 18.xlogmorning_new está vacio 

2020-04-30 08:28:28,703:get_data.py:73:WARNING:El subtitulo: subtitles\RTVE-La1-Merida.st 2019 09 18.xlogafternoon_new está vacio 

2020-04-30 08:28:28,718:get_data.py:71:WARNING:El subtitulo: subtitles\RTVE-La1-Merida.st 2019 09 19.xlogmorning_new está vacio 

2020-04-30 08:28:28,718:get_data.py:73:WARNING:El subtitulo: subtitles\RTVE-La1-Merida.st 2019 09 19.xlogafternoon_new está vacio 

2020-04-30 08:28:28,734:get_data.py:71:WARNING:El subtitulo: subtitles\RTVE-La1-Merida.st 2019 09 20.xlogmorning_new está vacio 

2020-04-30 08:28:28,734:get_data.py:73:WARNING:El subtitulo: subtitles\RTVE-La1-Merida.st 2019 09 20.xlogafternoon_new está vacio 

2020-04-30 08:28:28,750:get_data.py:73:WARNING:El subtitulo: subtitles\RTVE-La1-Merida.st 2019 09 23.xlogafternoon_new está vacio 

2020-04-30 08:28:28,765:get_data.py:71:WARNING:El subtitulo: subtitles\RTVE-La1-Merida.st 2019 09 24.xlogmorning_new está vacio 

2020-04-30 08:28:28,765:get_data.py:73:WARNING:El subtitulo: subtitles\RTVE-La1-Merida.st 2019 09 24.xlogafternoon_new está vacio 

2020-04-30 08:28:28,781:get_data.py:71:WARNING:El subtitulo: subtitles\RTVE-La1-Merida.st 2019 09 25.xlogmorning_new está vacio 

2020-04-30 08:28:28,796:get_data.py:71:WARNING:El subtitulo: subtitles\RTVE-La1-Merida.st 2019 09 26.xlogmorning_new está vacio 

2020-04-30 08:28:28,796:get_data.py:73:WARNING:El subtitulo: subtitles\RTVE-La1-Merida.st 2019 09 26.xlogafternoon_new está vacio 

2020-04-30 08:28:28,796:get_data.py:71:WARNING:El subtitulo: subtitles\RTVE-La1-Merida.st 2019 09 27.xlogmorning_new está vacio 

2020-04-30 08:28:28,796:get_data.py:73:WARNING:El subtitulo: subtitles\RTVE-La1-Merida.st 2019 09 27.xlogafternoon_new está vacio 

2020-04-30 08:28:28,812:get_data.py:71:WARNING:El subtitulo: subtitles\RTVE-La1-Merida.st 2019 09 30.xlogmorning_new está vacio 

2020-04-30 08:28:28,812:get_data.py:73:WARNING:El subtitulo: subtitles\RTVE-La1-Merida.st 2019 09 30.xlogafternoon_new está vacio 

2020-04-30 08:28:28,828:get_data.py:71:WARNING:El subtitulo: subtitles\RTVE-La1-Merida.st 2019 10 01.xlogmorning_new está vacio 

2020-04-30 08:28:28,828:get_data.py:73:WARNING:El subtitulo: subtitles\RTVE-La1-Merida.st 2019 10 01.xlogafternoon_new está vacio 

2020-04-30 08:28:28,843:get_data.py:71:WARNING:El subtitulo: subtitles\RTVE-La1-Merida.st 2019 10 02.xlogmorning_new está vacio 

2020-04-30 08:28:28,843:get_data.py:73:WARNING:El subtitulo: subtitles\RTVE-La1-Merida.st 2019 10 02.xlogafternoon_new está vacio 

2020-04-30 08:28:28,859:get_data.py:71:WARNING:El subtitulo: subtitles\RTVE-La1-Merida.st 2019 10 03.xlogmorning_new está vacio 

2020-04-30 08:28:28,859:get_data.py:73:WARNING:El subtitulo: subtitles\RTVE-La1-Merida.st 2019 10 03.xlogafternoon_new está vacio 

2020-04-30 08:28:28,875:get_data.py:71:WARNING:El subtitulo: subtitles\RTVE-La1-Merida.st 2019 10 04.xlogmorning_new está vacio 

2020-04-30 08:28:28,875:get_data.py:73:WARNING:El subtitulo: subtitles\RTVE-La1-Merida.st 2019 10 04.xlogafternoon_new está vacio 

2020-04-30 08:28:28,875:get_data.py:71:WARNING:El subtitulo: subtitles\RTVE-La1-Merida.st 2019 10 07.xlogmorning_new está vacio 

2020-04-30 08:28:28,875:get_data.py:73:WARNING:El subtitulo: subtitles\RTVE-La1-Merida.st 2019 10 07.xlogafternoon_new está vacio 

2020-04-30 08:28:28,890:get_data.py:71:WARNING:El subtitulo: subtitles\RTVE-La1-Merida.st 2019 10 08.xlogmorning_new está vacio 

2020-04-30 08:28:28,890:get_data.py:73:WARNING:El subtitulo: subtitles\RTVE-La1-Merida.st 2019 10 08.xlogafternoon_new está vacio 

2020-04-30 08:28:28,906:get_data.py:71:WARNING:El subtitulo: subtitles\RTVE-La1-Merida.st 2019 10 09.xlogmorning_new está vacio 

2020-04-30 08:28:28,906:get_data.py:73:WARNING:El subtitulo: subtitles\RTVE-La1-Merida.st 2019 10 09.xlogafternoon_new está vacio 

2020-04-30 08:28:28,921:get_data.py:71:WARNING:El subtitulo: subtitles\RTVE-La1-Merida.st 2019 10 10.xlogmorning_new está vacio 

2020-04-30 08:28:28,921:get_data.py:73:WARNING:El subtitulo: subtitles\RTVE-La1-Merida.st 2019 10 10.xlogafternoon_new está vacio 

2020-04-30 08:28:28,937:get_data.py:71:WARNING:El subtitulo: subtitles\RTVE-La1-Merida.st 2019 10 11.xlogmorning_new está vacio 

2020-04-30 08:28:28,937:get_data.py:73:WARNING:El subtitulo: subtitles\RTVE-La1-Merida.st 2019 10 11.xlogafternoon_new está vacio 

2020-04-30 08:28:28,953:get_data.py:71:WARNING:El subtitulo: subtitles\RTVE-La1-Merida.st 2019 10 14.xlogmorning_new está vacio 

2020-04-30 08:28:28,953:get_data.py:73:WARNING:El subtitulo: subtitles\RTVE-La1-Merida.st 2019 10 14.xlogafternoon_new está vacio 

2020-04-30 08:28:28,968:get_data.py:71:WARNING:El subtitulo: subtitles\RTVE-La1-Merida.st 2019 10 15.xlogmorning_new está vacio 

2020-04-30 08:28:28,968:get_data.py:73:WARNING:El subtitulo: subtitles\RTVE-La1-Merida.st 2019 10 15.xlogafternoon_new está vacio 

2020-04-30 08:28:28,968:get_data.py:71:WARNING:El subtitulo: subtitles\RTVE-La1-Merida.st 2019 10 16.xlogmorning_new está vacio 

2020-04-30 08:28:28,968:get_data.py:73:WARNING:El subtitulo: subtitles\RTVE-La1-Merida.st 2019 10 16.xlogafternoon_new está vacio 

2020-04-30 08:28:29,000:get_data.py:71:WARNING:El subtitulo: subtitles\RTVE-La1-Merida.st 2019 10 17.xlogmorning_new está vacio 

2020-04-30 08:28:29,000:get_data.py:73:WARNING:El subtitulo: subtitles\RTVE-La1-Merida.st 2019 10 17.xlogafternoon_new está vacio 

2020-04-30 08:28:29,000:get_data.py:73:WARNING:El subtitulo: subtitles\RTVE-La1-Oviedo.st 2019 09 23.xlogafternoon_new está vacio 

2020-04-30 08:28:29,000:get_data.py:71:WARNING:El subtitulo: subtitles\RTVE-La1-Sevilla.st 2019 06 18.xlogmorning_new está vacio 

2020-04-30 08:28:29,000:get_data.py:73:WARNING:El subtitulo: subtitles\RTVE-La1-Sevilla.st 2019 06 18.xlogafternoon_new está vacio 

2020-04-30 08:28:29,015:get_data.py:71:WARNING:El subtitulo: subtitles\RTVE-La1-Sevilla.st 2019 09 16.xlogmorning_new está vacio 

2020-04-30 08:28:29,015:get_data.py:73:WARNING:El subtitulo: subtitles\RTVE-La1-Sevilla.st 2019 09 16.xlogafternoon_new está vacio 

2020-04-30 08:28:29,031:get_data.py:71:WARNING:El subtitulo: subtitles\RTVE-La1-Sevilla.st 2019 09 17.xlogmorning_new está vacio 

2020-04-30 08:28:29,031:get_data.py:73:WARNING:El subtitulo: subtitles\RTVE-La1-Sevilla.st 2019 09 17.xlogafternoon_new está vacio 

2020-04-30 08:28:29,046:get_data.py:71:WARNING:El subtitulo: subtitles\RTVE-La1-Sevilla.st 2019 09 18.xlogmorning_new está vacio 

2020-04-30 08:28:29,046:get_data.py:73:WARNING:El subtitulo: subtitles\RTVE-La1-Sevilla.st 2019 09 18.xlogafternoon_new está vacio 

2020-04-30 08:28:29,062:get_data.py:71:WARNING:El subtitulo: subtitles\RTVE-La1-Sevilla.st 2019 09 19.xlogmorning_new está vacio 

2020-04-30 08:28:29,062:get_data.py:73:WARNING:El subtitulo: subtitles\RTVE-La1-Sevilla.st 2019 09 19.xlogafternoon_new está vacio 

2020-04-30 08:28:29,062:get_data.py:71:WARNING:El subtitulo: subtitles\RTVE-La1-Sevilla.st 2019 09 20.xlogmorning_new está vacio 

2020-04-30 08:28:29,062:get_data.py:73:WARNING:El subtitulo: subtitles\RTVE-La1-Sevilla.st 2019 09 20.xlogafternoon_new está vacio 

2020-04-30 08:28:29,078:get_data.py:73:WARNING:El subtitulo: subtitles\RTVE-La1-Sevilla.st 2019 09 23.xlogafternoon_new está vacio 

2020-04-30 08:28:29,093:get_data.py:71:WARNING:El subtitulo: subtitles\RTVE-La1-Sevilla.st 2019 09 24.xlogmorning_new está vacio 

2020-04-30 08:28:29,093:get_data.py:73:WARNING:El subtitulo: subtitles\RTVE-La1-Sevilla.st 2019 09 24.xlogafternoon_new está vacio 

2020-04-30 08:28:29,109:get_data.py:71:WARNING:El subtitulo: subtitles\RTVE-La1-Sevilla.st 2019 09 25.xlogmorning_new está vacio 

2020-04-30 08:28:29,125:get_data.py:71:WARNING:El subtitulo: subtitles\RTVE-La1-Sevilla.st 2019 09 26.xlogmorning_new está vacio 

2020-04-30 08:28:29,125:get_data.py:73:WARNING:El subtitulo: subtitles\RTVE-La1-Sevilla.st 2019 09 26.xlogafternoon_new está vacio 

2020-04-30 08:28:29,125:get_data.py:71:WARNING:El subtitulo: subtitles\RTVE-La1-Sevilla.st 2019 09 27.xlogmorning_new está vacio 

2020-04-30 08:28:29,125:get_data.py:73:WARNING:El subtitulo: subtitles\RTVE-La1-Sevilla.st 2019 09 27.xlogafternoon_new está vacio 

2020-04-30 08:28:29,150:get_data.py:71:WARNING:El subtitulo: subtitles\RTVE-La1-Sevilla.st 2019 09 30.xlogmorning_new está vacio 

2020-04-30 08:28:29,150:get_data.py:73:WARNING:El subtitulo: subtitles\RTVE-La1-Sevilla.st 2019 09 30.xlogafternoon_new está vacio 

2020-04-30 08:28:29,163:get_data.py:71:WARNING:El subtitulo: subtitles\RTVE-La1-Sevilla.st 2019 10 01.xlogmorning_new está vacio 

2020-04-30 08:28:29,164:get_data.py:73:WARNING:El subtitulo: subtitles\RTVE-La1-Sevilla.st 2019 10 01.xlogafternoon_new está vacio 

2020-04-30 08:28:29,178:get_data.py:71:WARNING:El subtitulo: subtitles\RTVE-La1-Sevilla.st 2019 10 02.xlogmorning_new está vacio 

2020-04-30 08:28:29,178:get_data.py:73:WARNING:El subtitulo: subtitles\RTVE-La1-Sevilla.st 2019 10 02.xlogafternoon_new está vacio 

2020-04-30 08:28:29,192:get_data.py:71:WARNING:El subtitulo: subtitles\RTVE-La1-Sevilla.st 2019 10 03.xlogmorning_new está vacio 

2020-04-30 08:28:29,192:get_data.py:73:WARNING:El subtitulo: subtitles\RTVE-La1-Sevilla.st 2019 10 03.xlogafternoon_new está vacio 

2020-04-30 08:28:29,206:get_data.py:71:WARNING:El subtitulo: subtitles\RTVE-La1-Sevilla.st 2019 10 04.xlogmorning_new está vacio 

2020-04-30 08:28:29,206:get_data.py:73:WARNING:El subtitulo: subtitles\RTVE-La1-Sevilla.st 2019 10 04.xlogafternoon_new está vacio 

2020-04-30 08:28:29,215:get_data.py:71:WARNING:El subtitulo: subtitles\RTVE-La1-Sevilla.st 2019 10 07.xlogmorning_new está vacio 

2020-04-30 08:28:29,215:get_data.py:73:WARNING:El subtitulo: subtitles\RTVE-La1-Sevilla.st 2019 10 07.xlogafternoon_new está vacio 

2020-04-30 08:28:29,229:get_data.py:71:WARNING:El subtitulo: subtitles\RTVE-La1-Sevilla.st 2019 10 08.xlogmorning_new está vacio 

2020-04-30 08:28:29,229:get_data.py:73:WARNING:El subtitulo: subtitles\RTVE-La1-Sevilla.st 2019 10 08.xlogafternoon_new está vacio 

2020-04-30 08:28:29,242:get_data.py:71:WARNING:El subtitulo: subtitles\RTVE-La1-Sevilla.st 2019 10 09.xlogmorning_new está vacio 

2020-04-30 08:28:29,242:get_data.py:73:WARNING:El subtitulo: subtitles\RTVE-La1-Sevilla.st 2019 10 09.xlogafternoon_new está vacio 

2020-04-30 08:28:29,258:get_data.py:71:WARNING:El subtitulo: subtitles\RTVE-La1-Sevilla.st 2019 10 10.xlogmorning_new está vacio 

2020-04-30 08:28:29,258:get_data.py:73:WARNING:El subtitulo: subtitles\RTVE-La1-Sevilla.st 2019 10 10.xlogafternoon_new está vacio 

2020-04-30 08:28:29,273:get_data.py:71:WARNING:El subtitulo: subtitles\RTVE-La1-Sevilla.st 2019 10 11.xlogmorning_new está vacio 

2020-04-30 08:28:29,273:get_data.py:73:WARNING:El subtitulo: subtitles\RTVE-La1-Sevilla.st 2019 10 11.xlogafternoon_new está vacio 

2020-04-30 08:28:29,278:get_data.py:71:WARNING:El subtitulo: subtitles\RTVE-La1-Sevilla.st 2019 10 14.xlogmorning_new está vacio 

2020-04-30 08:28:29,278:get_data.py:73:WARNING:El subtitulo: subtitles\RTVE-La1-Sevilla.st 2019 10 14.xlogafternoon_new está vacio 

2020-04-30 08:28:29,292:get_data.py:71:WARNING:El subtitulo: subtitles\RTVE-La1-Sevilla.st 2019 10 15.xlogmorning_new está vacio 

2020-04-30 08:28:29,292:get_data.py:73:WARNING:El subtitulo: subtitles\RTVE-La1-Sevilla.st 2019 10 15.xlogafternoon_new está vacio 

2020-04-30 08:28:29,298:get_data.py:71:WARNING:El subtitulo: subtitles\RTVE-La1-Sevilla.st 2019 10 16.xlogmorning_new está vacio 

2020-04-30 08:28:29,298:get_data.py:73:WARNING:El subtitulo: subtitles\RTVE-La1-Sevilla.st 2019 10 16.xlogafternoon_new está vacio 

2020-04-30 08:28:29,314:get_data.py:71:WARNING:El subtitulo: subtitles\RTVE-La1-Toledo.st 2019 09 16.xlogmorning_new está vacio 

2020-04-30 08:28:29,314:get_data.py:73:WARNING:El subtitulo: subtitles\RTVE-La1-Toledo.st 2019 09 16.xlogafternoon_new está vacio 

2020-04-30 08:28:29,329:get_data.py:71:WARNING:El subtitulo: subtitles\RTVE-La1-Toledo.st 2019 09 17.xlogmorning_new está vacio 

2020-04-30 08:28:29,329:get_data.py:73:WARNING:El subtitulo: subtitles\RTVE-La1-Toledo.st 2019 09 17.xlogafternoon_new está vacio 

2020-04-30 08:28:29,345:get_data.py:71:WARNING:El subtitulo: subtitles\RTVE-La1-Toledo.st 2019 09 18.xlogmorning_new está vacio 

2020-04-30 08:28:29,345:get_data.py:73:WARNING:El subtitulo: subtitles\RTVE-La1-Toledo.st 2019 09 18.xlogafternoon_new está vacio 

2020-04-30 08:28:29,361:get_data.py:71:WARNING:El subtitulo: subtitles\RTVE-La1-Toledo.st 2019 09 19.xlogmorning_new está vacio 

2020-04-30 08:28:29,361:get_data.py:73:WARNING:El subtitulo: subtitles\RTVE-La1-Toledo.st 2019 09 19.xlogafternoon_new está vacio 

2020-04-30 08:28:29,376:get_data.py:71:WARNING:El subtitulo: subtitles\RTVE-La1-Toledo.st 2019 09 20.xlogmorning_new está vacio 

2020-04-30 08:28:29,376:get_data.py:73:WARNING:El subtitulo: subtitles\RTVE-La1-Toledo.st 2019 09 20.xlogafternoon_new está vacio 

2020-04-30 08:28:29,376:get_data.py:73:WARNING:El subtitulo: subtitles\RTVE-La1-Toledo.st 2019 09 23.xlogafternoon_new está vacio 

2020-04-30 08:28:29,392:get_data.py:71:WARNING:El subtitulo: subtitles\RTVE-La1-Toledo.st 2019 09 24.xlogmorning_new está vacio 

2020-04-30 08:28:29,392:get_data.py:73:WARNING:El subtitulo: subtitles\RTVE-La1-Toledo.st 2019 09 24.xlogafternoon_new está vacio 

2020-04-30 08:28:29,408:get_data.py:71:WARNING:El subtitulo: subtitles\RTVE-La1-Toledo.st 2019 09 25.xlogmorning_new está vacio 

2020-04-30 08:28:29,423:get_data.py:71:WARNING:El subtitulo: subtitles\RTVE-La1-Toledo.st 2019 09 26.xlogmorning_new está vacio 

2020-04-30 08:28:29,423:get_data.py:73:WARNING:El subtitulo: subtitles\RTVE-La1-Toledo.st 2019 09 26.xlogafternoon_new está vacio 

2020-04-30 08:28:29,439:get_data.py:71:WARNING:El subtitulo: subtitles\RTVE-La1-Toledo.st 2019 09 27.xlogmorning_new está vacio 

2020-04-30 08:28:29,439:get_data.py:73:WARNING:El subtitulo: subtitles\RTVE-La1-Toledo.st 2019 09 27.xlogafternoon_new está vacio 

2020-04-30 08:28:29,454:get_data.py:71:WARNING:El subtitulo: subtitles\RTVE-La1-Toledo.st 2019 09 30.xlogmorning_new está vacio 

2020-04-30 08:28:29,454:get_data.py:73:WARNING:El subtitulo: subtitles\RTVE-La1-Toledo.st 2019 09 30.xlogafternoon_new está vacio 

2020-04-30 08:28:29,470:get_data.py:71:WARNING:El subtitulo: subtitles\RTVE-La1-Toledo.st 2019 10 01.xlogmorning_new está vacio 

2020-04-30 08:28:29,470:get_data.py:73:WARNING:El subtitulo: subtitles\RTVE-La1-Toledo.st 2019 10 01.xlogafternoon_new está vacio 

2020-04-30 08:28:29,470:get_data.py:71:WARNING:El subtitulo: subtitles\RTVE-La1-Toledo.st 2019 10 04.xlogmorning_new está vacio 

2020-04-30 08:28:29,470:get_data.py:73:WARNING:El subtitulo: subtitles\RTVE-La1-Toledo.st 2019 10 04.xlogafternoon_new está vacio 

2020-04-30 08:28:29,486:get_data.py:71:WARNING:El subtitulo: subtitles\RTVE-La1-Toledo.st 2019 10 07.xlogmorning_new está vacio 

2020-04-30 08:28:29,486:get_data.py:73:WARNING:El subtitulo: subtitles\RTVE-La1-Toledo.st 2019 10 07.xlogafternoon_new está vacio 

2020-04-30 08:28:29,501:get_data.py:71:WARNING:El subtitulo: subtitles\RTVE-La1-Toledo.st 2019 10 08.xlogmorning_new está vacio 

2020-04-30 08:28:29,501:get_data.py:73:WARNING:El subtitulo: subtitles\RTVE-La1-Toledo.st 2019 10 08.xlogafternoon_new está vacio 

2020-04-30 08:28:29,517:get_data.py:71:WARNING:El subtitulo: subtitles\RTVE-La1-Toledo.st 2019 10 09.xlogmorning_new está vacio 

2020-04-30 08:28:29,517:get_data.py:73:WARNING:El subtitulo: subtitles\RTVE-La1-Toledo.st 2019 10 09.xlogafternoon_new está vacio 

2020-04-30 08:28:29,533:get_data.py:71:WARNING:El subtitulo: subtitles\RTVE-La1-Toledo.st 2019 10 10.xlogmorning_new está vacio 

2020-04-30 08:28:29,533:get_data.py:73:WARNING:El subtitulo: subtitles\RTVE-La1-Toledo.st 2019 10 10.xlogafternoon_new está vacio 

2020-04-30 08:28:29,548:get_data.py:71:WARNING:El subtitulo: subtitles\RTVE-La1-Toledo.st 2019 10 11.xlogmorning_new está vacio 

2020-04-30 08:28:29,548:get_data.py:73:WARNING:El subtitulo: subtitles\RTVE-La1-Toledo.st 2019 10 11.xlogafternoon_new está vacio 

2020-04-30 08:28:29,548:get_data.py:71:WARNING:El subtitulo: subtitles\RTVE-La1-Toledo.st 2019 10 14.xlogmorning_new está vacio 

2020-04-30 08:28:29,548:get_data.py:73:WARNING:El subtitulo: subtitles\RTVE-La1-Toledo.st 2019 10 14.xlogafternoon_new está vacio 

2020-04-30 08:28:29,564:get_data.py:71:WARNING:El subtitulo: subtitles\RTVE-La1-Toledo.st 2019 10 15.xlogmorning_new está vacio 

2020-04-30 08:28:29,564:get_data.py:73:WARNING:El subtitulo: subtitles\RTVE-La1-Toledo.st 2019 10 15.xlogafternoon_new está vacio 

2020-04-30 08:28:29,564:get_data.py:71:WARNING:El subtitulo: subtitles\RTVE-La1-Toledo.st 2019 10 16.xlogmorning_new está vacio 

2020-04-30 08:28:29,564:get_data.py:73:WARNING:El subtitulo: subtitles\RTVE-La1-Toledo.st 2019 10 16.xlogafternoon_new está vacio 

2020-04-30 08:28:29,579:get_data.py:71:WARNING:El subtitulo: subtitles\RTVE-La1-Toledo.st 2019 10 17.xlogmorning_new está vacio 

2020-04-30 08:28:29,579:get_data.py:73:WARNING:El subtitulo: subtitles\RTVE-La1-Toledo.st 2019 10 17.xlogafternoon_new está vacio 

2020-04-30 08:28:29,579:get_data.py:73:WARNING:El subtitulo: subtitles\RTVE-La1-Valladolid.st 2019 09 23.xlogafternoon_new está vacio 

2020-04-30 08:28:29,595:get_data.py:71:WARNING:El subtitulo: subtitles\Telecinco HD_spa_TXT.st 2019 09 18.xlogmorning_new está vacio 

2020-04-30 08:28:29,657:get_data.py:71:WARNING:El subtitulo: subtitles\Telecinco HD_spa_TXT.st 2019 09 21.xlogmorning_new está vacio 

2020-04-30 08:28:29,657:get_data.py:73:WARNING:El subtitulo: subtitles\Telecinco HD_spa_TXT.st 2019 09 21.xlogafternoon_new está vacio 

2020-04-30 08:28:29,673:get_data.py:71:WARNING:El subtitulo: subtitles\Telecinco HD_spa_TXT.st 2019 09 22.xlogmorning_new está vacio 

2020-04-30 08:28:29,736:get_data.py:73:WARNING:El subtitulo: subtitles\Telecinco HD_spa_TXT.st 2019 09 25.xlogafternoon_new está vacio 

2020-04-30 08:28:29,767:get_data.py:73:WARNING:El subtitulo: subtitles\Telecinco HD_spa_TXT.st 2019 09 26.xlogafternoon_new está vacio 

2020-04-30 08:28:29,798:get_data.py:71:WARNING:El subtitulo: subtitles\Telecinco HD_spa_TXT.st 2019 09 28.xlogmorning_new está vacio 

2020-04-30 08:28:29,798:get_data.py:71:WARNING:El subtitulo: subtitles\Telecinco HD_spa_TXT.st 2019 09 29.xlogmorning_new está vacio 

2020-04-30 08:28:29,829:get_data.py:73:WARNING:El subtitulo: subtitles\Telecinco HD_spa_TXT.st 2019 10 01.xlogafternoon_new está vacio 

2020-04-30 08:28:29,892:get_data.py:73:WARNING:El subtitulo: subtitles\Telecinco HD_spa_TXT.st 2019 10 04.xlogafternoon_new está vacio 

2020-04-30 08:28:29,907:get_data.py:71:WARNING:El subtitulo: subtitles\Telecinco HD_spa_TXT.st 2019 10 05.xlogmorning_new está vacio 

2020-04-30 08:28:29,923:get_data.py:71:WARNING:El subtitulo: subtitles\Telecinco HD_spa_TXT.st 2019 10 06.xlogmorning_new está vacio 

2020-04-30 08:28:29,954:get_data.py:73:WARNING:El subtitulo: subtitles\Telecinco HD_spa_TXT.st 2019 10 07.xlogafternoon_new está vacio 

2020-04-30 08:28:29,986:get_data.py:73:WARNING:El subtitulo: subtitles\Telecinco HD_spa_TXT.st 2019 10 09.xlogafternoon_new está vacio 

2020-04-30 08:28:30,032:get_data.py:73:WARNING:El subtitulo: subtitles\Telecinco HD_spa_TXT.st 2019 10 11.xlogafternoon_new está vacio 

2020-04-30 08:28:30,048:get_data.py:71:WARNING:El subtitulo: subtitles\Telecinco HD_spa_TXT.st 2019 10 12.xlogmorning_new está vacio 

2020-04-30 08:28:30,048:get_data.py:71:WARNING:El subtitulo: subtitles\Telecinco HD_spa_TXT.st 2019 10 13.xlogmorning_new está vacio 

2020-04-30 08:28:30,079:get_data.py:73:WARNING:El subtitulo: subtitles\Telecinco HD_spa_TXT.st 2019 10 14.xlogafternoon_new está vacio 

2020-04-30 08:28:30,095:get_data.py:71:WARNING:El subtitulo: subtitles\Telecinco HD_spa_TXT.st 2019 10 16.xlogmorning_new está vacio 

2020-04-30 08:28:30,111:get_data.py:71:WARNING:El subtitulo: subtitles\Telecinco HD_spa_TXT.st 2019 10 17.xlogmorning_new está vacio 

2020-04-30 08:28:30,111:get_data.py:71:WARNING:El subtitulo: subtitles\Telecinco HD_spa_TXT.st 2019 10 18.xlogmorning_new está vacio 

2020-04-30 08:28:30,111:get_data.py:73:WARNING:El subtitulo: subtitles\Telecinco HD_spa_TXT.st 2019 10 18.xlogafternoon_new está vacio 

2020-04-30 08:28:30,126:get_data.py:71:WARNING:El subtitulo: subtitles\Telecinco_spa_TXT.st 2019 09 18.xlogmorning_new está vacio 

2020-04-30 08:28:30,179:get_data.py:71:WARNING:El subtitulo: subtitles\Telecinco_spa_TXT.st 2019 09 21.xlogmorning_new está vacio 

2020-04-30 08:28:30,179:get_data.py:73:WARNING:El subtitulo: subtitles\Telecinco_spa_TXT.st 2019 09 21.xlogafternoon_new está vacio 

2020-04-30 08:28:30,193:get_data.py:71:WARNING:El subtitulo: subtitles\Telecinco_spa_TXT.st 2019 09 22.xlogmorning_new está vacio 

2020-04-30 08:28:30,247:get_data.py:73:WARNING:El subtitulo: subtitles\Telecinco_spa_TXT.st 2019 09 25.xlogafternoon_new está vacio 

2020-04-30 08:28:30,286:get_data.py:73:WARNING:El subtitulo: subtitles\Telecinco_spa_TXT.st 2019 09 26.xlogafternoon_new está vacio 

2020-04-30 08:28:30,312:get_data.py:71:WARNING:El subtitulo: subtitles\Telecinco_spa_TXT.st 2019 09 28.xlogmorning_new está vacio 

2020-04-30 08:28:30,324:get_data.py:71:WARNING:El subtitulo: subtitles\Telecinco_spa_TXT.st 2019 09 29.xlogmorning_new está vacio 

2020-04-30 08:28:30,364:get_data.py:73:WARNING:El subtitulo: subtitles\Telecinco_spa_TXT.st 2019 10 01.xlogafternoon_new está vacio 

2020-04-30 08:28:30,425:get_data.py:73:WARNING:El subtitulo: subtitles\Telecinco_spa_TXT.st 2019 10 04.xlogafternoon_new está vacio 

2020-04-30 08:28:30,438:get_data.py:71:WARNING:El subtitulo: subtitles\Telecinco_spa_TXT.st 2019 10 05.xlogmorning_new está vacio 

2020-04-30 08:28:30,452:get_data.py:71:WARNING:El subtitulo: subtitles\Telecinco_spa_TXT.st 2019 10 06.xlogmorning_new está vacio 

2020-04-30 08:28:30,481:get_data.py:73:WARNING:El subtitulo: subtitles\Telecinco_spa_TXT.st 2019 10 07.xlogafternoon_new está vacio 

2020-04-30 08:28:30,527:get_data.py:73:WARNING:El subtitulo: subtitles\Telecinco_spa_TXT.st 2019 10 09.xlogafternoon_new está vacio 

2020-04-30 08:28:30,570:get_data.py:73:WARNING:El subtitulo: subtitles\Telecinco_spa_TXT.st 2019 10 11.xlogafternoon_new está vacio 

2020-04-30 08:28:30,589:get_data.py:71:WARNING:El subtitulo: subtitles\Telecinco_spa_TXT.st 2019 10 12.xlogmorning_new está vacio 

2020-04-30 08:28:30,603:get_data.py:71:WARNING:El subtitulo: subtitles\Telecinco_spa_TXT.st 2019 10 13.xlogmorning_new está vacio 

2020-04-30 08:28:30,630:get_data.py:73:WARNING:El subtitulo: subtitles\Telecinco_spa_TXT.st 2019 10 14.xlogafternoon_new está vacio 

2020-04-30 08:28:30,655:get_data.py:71:WARNING:El subtitulo: subtitles\Telecinco_spa_TXT.st 2019 10 16.xlogmorning_new está vacio 

2020-04-30 08:28:30,659:get_data.py:71:WARNING:El subtitulo: subtitles\Telecinco_spa_TXT.st 2019 10 17.xlogmorning_new está vacio 

2020-04-30 08:28:30,669:get_data.py:71:WARNING:El subtitulo: subtitles\Telecinco_spa_TXT.st 2019 10 18.xlogmorning_new está vacio 

2020-04-30 08:28:30,669:get_data.py:73:WARNING:El subtitulo: subtitles\Telecinco_spa_TXT.st 2019 10 18.xlogafternoon_new está vacio 

2020-05-01 09:45:09,378:get_data.py:71:WARNING:El subtitulo: subtitles\antena3 HD_spa_TXT.st 2019 10 18.xlogmorning_new está vacio 

2020-05-01 09:45:09,379:get_data.py:73:WARNING:El subtitulo: subtitles\antena3 HD_spa_TXT.st 2019 10 18.xlogafternoon_new está vacio 

2020-05-01 09:45:10,337:get_data.py:71:WARNING:El subtitulo: subtitles\antena3_spa_OCR.st 2019 10 18.xlogmorning_new está vacio 

2020-05-01 09:45:10,337:get_data.py:73:WARNING:El subtitulo: subtitles\antena3_spa_OCR.st 2019 10 18.xlogafternoon_new está vacio 

2020-05-01 09:45:14,028:get_data.py:89:WARNING:UnicodeDecodeError --- The subtititle: subtitles\La 1_spa_OCR.st 2016 12 29.xlog cant be decodified  

2020-05-01 09:45:14,028:get_data.py:89:WARNING:UnicodeDecodeError --- The subtititle: subtitles\La 1_spa_OCR.st 2016 12 30.xlog cant be decodified  

2020-05-01 09:45:16,473:get_data.py:89:WARNING:UnicodeDecodeError --- The subtititle: subtitles\La 1_spa_OCR.st 2017 02 20.xlog cant be decodified  

2020-05-01 09:45:16,857:get_data.py:71:WARNING:El subtitulo: subtitles\La 1_spa_OCR.st 2017 03 05.xlogmorning_new está vacio 

2020-05-01 09:45:17,292:get_data.py:71:WARNING:El subtitulo: subtitles\La 1_spa_OCR.st 2017 03 21.xlogmorning_new está vacio 

2020-05-01 09:45:18,520:get_data.py:71:WARNING:El subtitulo: subtitles\La 1_spa_OCR.st 2017 04 27.xlogmorning_new está vacio 

2020-05-01 09:45:18,598:get_data.py:71:WARNING:El subtitulo: subtitles\La 1_spa_OCR.st 2017 04 28.xlogmorning_new está vacio 

2020-05-01 09:45:19,150:get_data.py:73:WARNING:El subtitulo: subtitles\La 1_spa_OCR.st 2017 05 22.xlogafternoon_new está vacio 

2020-05-01 09:45:22,672:get_data.py:89:WARNING:UnicodeDecodeError --- The subtititle: subtitles\La 1_spa_OCR.st 2017 09 04.xlog cant be decodified  

2020-05-01 09:45:23,426:get_data.py:71:WARNING:El subtitulo: subtitles\La 1_spa_OCR.st 2017 09 24.xlogmorning_new está vacio 

2020-05-01 09:45:23,427:get_data.py:73:WARNING:El subtitulo: subtitles\La 1_spa_OCR.st 2017 09 24.xlogafternoon_new está vacio 

2020-05-01 09:45:23,558:get_data.py:71:WARNING:El subtitulo: subtitles\La 1_spa_OCR.st 2017 09 26.xlogmorning_new está vacio 

2020-05-01 09:45:23,724:get_data.py:73:WARNING:El subtitulo: subtitles\La 1_spa_OCR.st 2017 09 29.xlogafternoon_new está vacio 

2020-05-01 09:45:23,755:get_data.py:71:WARNING:El subtitulo: subtitles\La 1_spa_OCR.st 2017 10 04.xlogmorning_new está vacio 

2020-05-01 09:45:23,809:get_data.py:71:WARNING:El subtitulo: subtitles\La 1_spa_OCR.st 2017 10 07.xlogmorning_new está vacio 

2020-05-01 09:45:23,809:get_data.py:73:WARNING:El subtitulo: subtitles\La 1_spa_OCR.st 2017 10 07.xlogafternoon_new está vacio 

2020-05-01 09:45:24,634:get_data.py:71:WARNING:El subtitulo: subtitles\La 1_spa_OCR.st 2017 11 09.xlogmorning_new está vacio 

2020-05-01 09:45:25,857:get_data.py:71:WARNING:El subtitulo: subtitles\La 1_spa_OCR.st 2017 11 21.xlogmorning_new está vacio 

2020-05-01 09:45:25,857:get_data.py:73:WARNING:El subtitulo: subtitles\La 1_spa_OCR.st 2017 11 21.xlogafternoon_new está vacio 

2020-05-01 09:45:25,900:get_data.py:71:WARNING:El subtitulo: subtitles\La 1_spa_OCR.st 2017 11 23.xlogmorning_new está vacio 

2020-05-01 09:45:26,988:get_data.py:71:WARNING:El subtitulo: subtitles\La 1_spa_OCR.st 2017 12 27.xlogmorning_new está vacio 

2020-05-01 09:45:27,281:get_data.py:89:WARNING:UnicodeDecodeError --- The subtititle: subtitles\La 1_spa_OCR.st 2018 01 09.xlog cant be decodified  

2020-05-01 09:45:27,395:get_data.py:89:WARNING:UnicodeDecodeError --- The subtititle: subtitles\La 1_spa_OCR.st 2018 01 16.xlog cant be decodified  

2020-05-01 09:45:29,235:get_data.py:73:WARNING:El subtitulo: subtitles\La 1_spa_OCR.st 2018 04 04.xlogafternoon_new está vacio 

2020-05-01 09:45:29,767:get_data.py:71:WARNING:El subtitulo: subtitles\La 1_spa_OCR.st 2018 04 26.xlogmorning_new está vacio 

2020-05-01 09:45:29,767:get_data.py:73:WARNING:El subtitulo: subtitles\La 1_spa_OCR.st 2018 04 26.xlogafternoon_new está vacio 

2020-05-01 09:45:32,121:get_data.py:89:WARNING:UnicodeDecodeError --- The subtititle: subtitles\La 1_spa_OCR.st 2018 06 23.xlog cant be decodified  

2020-05-01 09:45:35,545:get_data.py:71:WARNING:El subtitulo: subtitles\La 1_spa_OCR.st 2018 08 10.xlogmorning_new está vacio 

2020-05-01 09:45:35,545:get_data.py:73:WARNING:El subtitulo: subtitles\La 1_spa_OCR.st 2018 08 10.xlogafternoon_new está vacio 

