2020-04-17 07:49:49,888:get_data.py:60:WARNING:El subtitulo: subtitles\antena3 HD_spa_TXT.st 2019 10 18.xlogmorning_new está vacio 

2020-04-17 07:49:49,888:get_data.py:62:WARNING:El subtitulo: subtitles\antena3 HD_spa_TXT.st 2019 10 18.xlogafternoon_new está vacio 

2020-04-17 07:49:50,842:get_data.py:60:WARNING:El subtitulo: subtitles\antena3_spa_OCR.st 2019 10 18.xlogmorning_new está vacio 

2020-04-17 07:49:50,842:get_data.py:62:WARNING:El subtitulo: subtitles\antena3_spa_OCR.st 2019 10 18.xlogafternoon_new está vacio 

2020-04-17 07:49:54,627:get_data.py:60:WARNING:El subtitulo: subtitles\laSexta HD_spa_TXT.st 2019 10 18.xlogmorning_new está vacio 

2020-04-17 07:49:54,629:get_data.py:62:WARNING:El subtitulo: subtitles\laSexta HD_spa_TXT.st 2019 10 18.xlogafternoon_new está vacio 

2020-04-17 07:50:00,356:get_data.py:60:WARNING:El subtitulo: subtitles\RTVE-La1-Madrid.st 2019 09 10.xlogmorning_new está vacio 

2020-04-17 07:50:00,356:get_data.py:62:WARNING:El subtitulo: subtitles\RTVE-La1-Madrid.st 2019 09 10.xlogafternoon_new está vacio 

2020-04-17 07:50:00,362:get_data.py:60:WARNING:El subtitulo: subtitles\RTVE-La1-Madrid.st 2019 09 16.xlogmorning_new está vacio 

2020-04-17 07:50:00,362:get_data.py:62:WARNING:El subtitulo: subtitles\RTVE-La1-Madrid.st 2019 09 16.xlogafternoon_new está vacio 

2020-04-17 07:50:00,367:get_data.py:60:WARNING:El subtitulo: subtitles\RTVE-La1-Madrid.st 2019 09 17.xlogmorning_new está vacio 

2020-04-17 07:50:00,367:get_data.py:62:WARNING:El subtitulo: subtitles\RTVE-La1-Madrid.st 2019 09 17.xlogafternoon_new está vacio 

2020-04-17 07:50:00,373:get_data.py:60:WARNING:El subtitulo: subtitles\RTVE-La1-Madrid.st 2019 09 18.xlogmorning_new está vacio 

2020-04-17 07:50:00,373:get_data.py:62:WARNING:El subtitulo: subtitles\RTVE-La1-Madrid.st 2019 09 18.xlogafternoon_new está vacio 

2020-04-17 07:50:00,377:get_data.py:60:WARNING:El subtitulo: subtitles\RTVE-La1-Madrid.st 2019 09 19.xlogmorning_new está vacio 

2020-04-17 07:50:00,377:get_data.py:62:WARNING:El subtitulo: subtitles\RTVE-La1-Madrid.st 2019 09 19.xlogafternoon_new está vacio 

2020-04-17 07:50:00,382:get_data.py:60:WARNING:El subtitulo: subtitles\RTVE-La1-Madrid.st 2019 09 20.xlogmorning_new está vacio 

2020-04-17 07:50:00,382:get_data.py:62:WARNING:El subtitulo: subtitles\RTVE-La1-Madrid.st 2019 09 20.xlogafternoon_new está vacio 

2020-04-17 07:50:00,390:get_data.py:60:WARNING:El subtitulo: subtitles\RTVE-La1-Madrid.st 2019 09 23.xlogmorning_new está vacio 

2020-04-17 07:50:00,390:get_data.py:62:WARNING:El subtitulo: subtitles\RTVE-La1-Madrid.st 2019 09 23.xlogafternoon_new está vacio 

2020-04-17 07:50:00,395:get_data.py:60:WARNING:El subtitulo: subtitles\RTVE-La1-Madrid.st 2019 09 24.xlogmorning_new está vacio 

2020-04-17 07:50:00,395:get_data.py:62:WARNING:El subtitulo: subtitles\RTVE-La1-Madrid.st 2019 09 24.xlogafternoon_new está vacio 

2020-04-17 07:50:00,399:get_data.py:60:WARNING:El subtitulo: subtitles\RTVE-La1-Madrid.st 2019 09 25.xlogmorning_new está vacio 

2020-04-17 07:50:00,399:get_data.py:62:WARNING:El subtitulo: subtitles\RTVE-La1-Madrid.st 2019 09 25.xlogafternoon_new está vacio 

2020-04-17 07:50:00,405:get_data.py:60:WARNING:El subtitulo: subtitles\RTVE-La1-Merida.st 2019 09 16.xlogmorning_new está vacio 

2020-04-17 07:50:00,405:get_data.py:62:WARNING:El subtitulo: subtitles\RTVE-La1-Merida.st 2019 09 16.xlogafternoon_new está vacio 

2020-04-17 07:50:00,410:get_data.py:60:WARNING:El subtitulo: subtitles\RTVE-La1-Merida.st 2019 09 17.xlogmorning_new está vacio 

2020-04-17 07:50:00,410:get_data.py:62:WARNING:El subtitulo: subtitles\RTVE-La1-Merida.st 2019 09 17.xlogafternoon_new está vacio 

2020-04-17 07:50:00,415:get_data.py:60:WARNING:El subtitulo: subtitles\RTVE-La1-Merida.st 2019 09 18.xlogmorning_new está vacio 

2020-04-17 07:50:00,415:get_data.py:62:WARNING:El subtitulo: subtitles\RTVE-La1-Merida.st 2019 09 18.xlogafternoon_new está vacio 

2020-04-17 07:50:00,421:get_data.py:60:WARNING:El subtitulo: subtitles\RTVE-La1-Merida.st 2019 09 19.xlogmorning_new está vacio 

2020-04-17 07:50:00,421:get_data.py:62:WARNING:El subtitulo: subtitles\RTVE-La1-Merida.st 2019 09 19.xlogafternoon_new está vacio 

2020-04-17 07:50:00,427:get_data.py:60:WARNING:El subtitulo: subtitles\RTVE-La1-Merida.st 2019 09 20.xlogmorning_new está vacio 

2020-04-17 07:50:00,427:get_data.py:62:WARNING:El subtitulo: subtitles\RTVE-La1-Merida.st 2019 09 20.xlogafternoon_new está vacio 

2020-04-17 07:50:00,432:get_data.py:60:WARNING:El subtitulo: subtitles\RTVE-La1-Merida.st 2019 09 23.xlogmorning_new está vacio 

2020-04-17 07:50:00,432:get_data.py:62:WARNING:El subtitulo: subtitles\RTVE-La1-Merida.st 2019 09 23.xlogafternoon_new está vacio 

2020-04-17 07:50:00,438:get_data.py:60:WARNING:El subtitulo: subtitles\RTVE-La1-Merida.st 2019 09 24.xlogmorning_new está vacio 

2020-04-17 07:50:00,438:get_data.py:62:WARNING:El subtitulo: subtitles\RTVE-La1-Merida.st 2019 09 24.xlogafternoon_new está vacio 

2020-04-17 07:50:00,443:get_data.py:60:WARNING:El subtitulo: subtitles\RTVE-La1-Merida.st 2019 09 25.xlogmorning_new está vacio 

2020-04-17 07:50:00,443:get_data.py:62:WARNING:El subtitulo: subtitles\RTVE-La1-Merida.st 2019 09 25.xlogafternoon_new está vacio 

2020-04-17 07:50:00,448:get_data.py:60:WARNING:El subtitulo: subtitles\RTVE-La1-Merida.st 2019 09 26.xlogmorning_new está vacio 

2020-04-17 07:50:00,448:get_data.py:62:WARNING:El subtitulo: subtitles\RTVE-La1-Merida.st 2019 09 26.xlogafternoon_new está vacio 

2020-04-17 07:50:00,454:get_data.py:60:WARNING:El subtitulo: subtitles\RTVE-La1-Merida.st 2019 09 27.xlogmorning_new está vacio 

2020-04-17 07:50:00,454:get_data.py:62:WARNING:El subtitulo: subtitles\RTVE-La1-Merida.st 2019 09 27.xlogafternoon_new está vacio 

2020-04-17 07:50:00,459:get_data.py:60:WARNING:El subtitulo: subtitles\RTVE-La1-Merida.st 2019 09 30.xlogmorning_new está vacio 

2020-04-17 07:50:00,460:get_data.py:62:WARNING:El subtitulo: subtitles\RTVE-La1-Merida.st 2019 09 30.xlogafternoon_new está vacio 

2020-04-17 07:50:00,465:get_data.py:60:WARNING:El subtitulo: subtitles\RTVE-La1-Merida.st 2019 10 01.xlogmorning_new está vacio 

2020-04-17 07:50:00,465:get_data.py:62:WARNING:El subtitulo: subtitles\RTVE-La1-Merida.st 2019 10 01.xlogafternoon_new está vacio 

2020-04-17 07:50:00,471:get_data.py:60:WARNING:El subtitulo: subtitles\RTVE-La1-Merida.st 2019 10 02.xlogmorning_new está vacio 

2020-04-17 07:50:00,471:get_data.py:62:WARNING:El subtitulo: subtitles\RTVE-La1-Merida.st 2019 10 02.xlogafternoon_new está vacio 

2020-04-17 07:50:00,477:get_data.py:60:WARNING:El subtitulo: subtitles\RTVE-La1-Merida.st 2019 10 03.xlogmorning_new está vacio 

2020-04-17 07:50:00,477:get_data.py:62:WARNING:El subtitulo: subtitles\RTVE-La1-Merida.st 2019 10 03.xlogafternoon_new está vacio 

2020-04-17 07:50:00,481:get_data.py:60:WARNING:El subtitulo: subtitles\RTVE-La1-Merida.st 2019 10 04.xlogmorning_new está vacio 

2020-04-17 07:50:00,481:get_data.py:62:WARNING:El subtitulo: subtitles\RTVE-La1-Merida.st 2019 10 04.xlogafternoon_new está vacio 

2020-04-17 07:50:00,486:get_data.py:60:WARNING:El subtitulo: subtitles\RTVE-La1-Merida.st 2019 10 07.xlogmorning_new está vacio 

2020-04-17 07:50:00,486:get_data.py:62:WARNING:El subtitulo: subtitles\RTVE-La1-Merida.st 2019 10 07.xlogafternoon_new está vacio 

2020-04-17 07:50:00,491:get_data.py:60:WARNING:El subtitulo: subtitles\RTVE-La1-Merida.st 2019 10 08.xlogmorning_new está vacio 

2020-04-17 07:50:00,491:get_data.py:62:WARNING:El subtitulo: subtitles\RTVE-La1-Merida.st 2019 10 08.xlogafternoon_new está vacio 

2020-04-17 07:50:00,495:get_data.py:60:WARNING:El subtitulo: subtitles\RTVE-La1-Merida.st 2019 10 09.xlogmorning_new está vacio 

2020-04-17 07:50:00,495:get_data.py:62:WARNING:El subtitulo: subtitles\RTVE-La1-Merida.st 2019 10 09.xlogafternoon_new está vacio 

2020-04-17 07:50:00,500:get_data.py:60:WARNING:El subtitulo: subtitles\RTVE-La1-Merida.st 2019 10 10.xlogmorning_new está vacio 

2020-04-17 07:50:00,500:get_data.py:62:WARNING:El subtitulo: subtitles\RTVE-La1-Merida.st 2019 10 10.xlogafternoon_new está vacio 

2020-04-17 07:50:00,505:get_data.py:60:WARNING:El subtitulo: subtitles\RTVE-La1-Merida.st 2019 10 11.xlogmorning_new está vacio 

2020-04-17 07:50:00,506:get_data.py:62:WARNING:El subtitulo: subtitles\RTVE-La1-Merida.st 2019 10 11.xlogafternoon_new está vacio 

2020-04-17 07:50:00,510:get_data.py:60:WARNING:El subtitulo: subtitles\RTVE-La1-Merida.st 2019 10 14.xlogmorning_new está vacio 

2020-04-17 07:50:00,510:get_data.py:62:WARNING:El subtitulo: subtitles\RTVE-La1-Merida.st 2019 10 14.xlogafternoon_new está vacio 

2020-04-17 07:50:00,515:get_data.py:60:WARNING:El subtitulo: subtitles\RTVE-La1-Merida.st 2019 10 15.xlogmorning_new está vacio 

2020-04-17 07:50:00,515:get_data.py:62:WARNING:El subtitulo: subtitles\RTVE-La1-Merida.st 2019 10 15.xlogafternoon_new está vacio 

2020-04-17 07:50:00,521:get_data.py:60:WARNING:El subtitulo: subtitles\RTVE-La1-Merida.st 2019 10 16.xlogmorning_new está vacio 

2020-04-17 07:50:00,521:get_data.py:62:WARNING:El subtitulo: subtitles\RTVE-La1-Merida.st 2019 10 16.xlogafternoon_new está vacio 

2020-04-17 07:50:00,526:get_data.py:60:WARNING:El subtitulo: subtitles\RTVE-La1-Merida.st 2019 10 17.xlogmorning_new está vacio 

2020-04-17 07:50:00,526:get_data.py:62:WARNING:El subtitulo: subtitles\RTVE-La1-Merida.st 2019 10 17.xlogafternoon_new está vacio 

2020-04-17 07:50:00,529:get_data.py:60:WARNING:El subtitulo: subtitles\RTVE-La1-Oviedo.st 2019 09 23.xlogmorning_new está vacio 

2020-04-17 07:50:00,529:get_data.py:62:WARNING:El subtitulo: subtitles\RTVE-La1-Oviedo.st 2019 09 23.xlogafternoon_new está vacio 

2020-04-17 07:50:00,530:get_data.py:60:WARNING:El subtitulo: subtitles\RTVE-La1-Sevilla.st 2019 06 18.xlogmorning_new está vacio 

2020-04-17 07:50:00,530:get_data.py:62:WARNING:El subtitulo: subtitles\RTVE-La1-Sevilla.st 2019 06 18.xlogafternoon_new está vacio 

2020-04-17 07:50:00,535:get_data.py:60:WARNING:El subtitulo: subtitles\RTVE-La1-Sevilla.st 2019 09 16.xlogmorning_new está vacio 

2020-04-17 07:50:00,535:get_data.py:62:WARNING:El subtitulo: subtitles\RTVE-La1-Sevilla.st 2019 09 16.xlogafternoon_new está vacio 

2020-04-17 07:50:00,540:get_data.py:60:WARNING:El subtitulo: subtitles\RTVE-La1-Sevilla.st 2019 09 17.xlogmorning_new está vacio 

2020-04-17 07:50:00,540:get_data.py:62:WARNING:El subtitulo: subtitles\RTVE-La1-Sevilla.st 2019 09 17.xlogafternoon_new está vacio 

2020-04-17 07:50:00,544:get_data.py:60:WARNING:El subtitulo: subtitles\RTVE-La1-Sevilla.st 2019 09 18.xlogmorning_new está vacio 

2020-04-17 07:50:00,544:get_data.py:62:WARNING:El subtitulo: subtitles\RTVE-La1-Sevilla.st 2019 09 18.xlogafternoon_new está vacio 

2020-04-17 07:50:00,549:get_data.py:60:WARNING:El subtitulo: subtitles\RTVE-La1-Sevilla.st 2019 09 19.xlogmorning_new está vacio 

2020-04-17 07:50:00,549:get_data.py:62:WARNING:El subtitulo: subtitles\RTVE-La1-Sevilla.st 2019 09 19.xlogafternoon_new está vacio 

2020-04-17 07:50:00,554:get_data.py:60:WARNING:El subtitulo: subtitles\RTVE-La1-Sevilla.st 2019 09 20.xlogmorning_new está vacio 

2020-04-17 07:50:00,554:get_data.py:62:WARNING:El subtitulo: subtitles\RTVE-La1-Sevilla.st 2019 09 20.xlogafternoon_new está vacio 

2020-04-17 07:50:00,560:get_data.py:60:WARNING:El subtitulo: subtitles\RTVE-La1-Sevilla.st 2019 09 23.xlogmorning_new está vacio 

2020-04-17 07:50:00,560:get_data.py:62:WARNING:El subtitulo: subtitles\RTVE-La1-Sevilla.st 2019 09 23.xlogafternoon_new está vacio 

2020-04-17 07:50:00,565:get_data.py:60:WARNING:El subtitulo: subtitles\RTVE-La1-Sevilla.st 2019 09 24.xlogmorning_new está vacio 

2020-04-17 07:50:00,565:get_data.py:62:WARNING:El subtitulo: subtitles\RTVE-La1-Sevilla.st 2019 09 24.xlogafternoon_new está vacio 

2020-04-17 07:50:00,570:get_data.py:60:WARNING:El subtitulo: subtitles\RTVE-La1-Sevilla.st 2019 09 25.xlogmorning_new está vacio 

2020-04-17 07:50:00,570:get_data.py:62:WARNING:El subtitulo: subtitles\RTVE-La1-Sevilla.st 2019 09 25.xlogafternoon_new está vacio 

2020-04-17 07:50:00,574:get_data.py:60:WARNING:El subtitulo: subtitles\RTVE-La1-Sevilla.st 2019 09 26.xlogmorning_new está vacio 

2020-04-17 07:50:00,574:get_data.py:62:WARNING:El subtitulo: subtitles\RTVE-La1-Sevilla.st 2019 09 26.xlogafternoon_new está vacio 

2020-04-17 07:50:00,579:get_data.py:60:WARNING:El subtitulo: subtitles\RTVE-La1-Sevilla.st 2019 09 27.xlogmorning_new está vacio 

2020-04-17 07:50:00,579:get_data.py:62:WARNING:El subtitulo: subtitles\RTVE-La1-Sevilla.st 2019 09 27.xlogafternoon_new está vacio 

2020-04-17 07:50:00,584:get_data.py:60:WARNING:El subtitulo: subtitles\RTVE-La1-Sevilla.st 2019 09 30.xlogmorning_new está vacio 

2020-04-17 07:50:00,584:get_data.py:62:WARNING:El subtitulo: subtitles\RTVE-La1-Sevilla.st 2019 09 30.xlogafternoon_new está vacio 

2020-04-17 07:50:00,588:get_data.py:60:WARNING:El subtitulo: subtitles\RTVE-La1-Sevilla.st 2019 10 01.xlogmorning_new está vacio 

2020-04-17 07:50:00,589:get_data.py:62:WARNING:El subtitulo: subtitles\RTVE-La1-Sevilla.st 2019 10 01.xlogafternoon_new está vacio 

2020-04-17 07:50:00,593:get_data.py:60:WARNING:El subtitulo: subtitles\RTVE-La1-Sevilla.st 2019 10 02.xlogmorning_new está vacio 

2020-04-17 07:50:00,593:get_data.py:62:WARNING:El subtitulo: subtitles\RTVE-La1-Sevilla.st 2019 10 02.xlogafternoon_new está vacio 

2020-04-17 07:50:00,598:get_data.py:60:WARNING:El subtitulo: subtitles\RTVE-La1-Sevilla.st 2019 10 03.xlogmorning_new está vacio 

2020-04-17 07:50:00,598:get_data.py:62:WARNING:El subtitulo: subtitles\RTVE-La1-Sevilla.st 2019 10 03.xlogafternoon_new está vacio 

2020-04-17 07:50:00,605:get_data.py:60:WARNING:El subtitulo: subtitles\RTVE-La1-Sevilla.st 2019 10 04.xlogmorning_new está vacio 

2020-04-17 07:50:00,605:get_data.py:62:WARNING:El subtitulo: subtitles\RTVE-La1-Sevilla.st 2019 10 04.xlogafternoon_new está vacio 

2020-04-17 07:50:00,610:get_data.py:60:WARNING:El subtitulo: subtitles\RTVE-La1-Sevilla.st 2019 10 07.xlogmorning_new está vacio 

2020-04-17 07:50:00,610:get_data.py:62:WARNING:El subtitulo: subtitles\RTVE-La1-Sevilla.st 2019 10 07.xlogafternoon_new está vacio 

2020-04-17 07:50:00,615:get_data.py:60:WARNING:El subtitulo: subtitles\RTVE-La1-Sevilla.st 2019 10 08.xlogmorning_new está vacio 

2020-04-17 07:50:00,615:get_data.py:62:WARNING:El subtitulo: subtitles\RTVE-La1-Sevilla.st 2019 10 08.xlogafternoon_new está vacio 

2020-04-17 07:50:00,619:get_data.py:60:WARNING:El subtitulo: subtitles\RTVE-La1-Sevilla.st 2019 10 09.xlogmorning_new está vacio 

2020-04-17 07:50:00,619:get_data.py:62:WARNING:El subtitulo: subtitles\RTVE-La1-Sevilla.st 2019 10 09.xlogafternoon_new está vacio 

2020-04-17 07:50:00,624:get_data.py:60:WARNING:El subtitulo: subtitles\RTVE-La1-Sevilla.st 2019 10 10.xlogmorning_new está vacio 

2020-04-17 07:50:00,624:get_data.py:62:WARNING:El subtitulo: subtitles\RTVE-La1-Sevilla.st 2019 10 10.xlogafternoon_new está vacio 

2020-04-17 07:50:00,628:get_data.py:60:WARNING:El subtitulo: subtitles\RTVE-La1-Sevilla.st 2019 10 11.xlogmorning_new está vacio 

2020-04-17 07:50:00,628:get_data.py:62:WARNING:El subtitulo: subtitles\RTVE-La1-Sevilla.st 2019 10 11.xlogafternoon_new está vacio 

2020-04-17 07:50:00,633:get_data.py:60:WARNING:El subtitulo: subtitles\RTVE-La1-Sevilla.st 2019 10 14.xlogmorning_new está vacio 

2020-04-17 07:50:00,633:get_data.py:62:WARNING:El subtitulo: subtitles\RTVE-La1-Sevilla.st 2019 10 14.xlogafternoon_new está vacio 

2020-04-17 07:50:00,638:get_data.py:60:WARNING:El subtitulo: subtitles\RTVE-La1-Sevilla.st 2019 10 15.xlogmorning_new está vacio 

2020-04-17 07:50:00,638:get_data.py:62:WARNING:El subtitulo: subtitles\RTVE-La1-Sevilla.st 2019 10 15.xlogafternoon_new está vacio 

2020-04-17 07:50:00,643:get_data.py:60:WARNING:El subtitulo: subtitles\RTVE-La1-Sevilla.st 2019 10 16.xlogmorning_new está vacio 

2020-04-17 07:50:00,643:get_data.py:62:WARNING:El subtitulo: subtitles\RTVE-La1-Sevilla.st 2019 10 16.xlogafternoon_new está vacio 

2020-04-17 07:50:00,647:get_data.py:60:WARNING:El subtitulo: subtitles\RTVE-La1-Toledo.st 2019 09 16.xlogmorning_new está vacio 

2020-04-17 07:50:00,647:get_data.py:62:WARNING:El subtitulo: subtitles\RTVE-La1-Toledo.st 2019 09 16.xlogafternoon_new está vacio 

2020-04-17 07:50:00,652:get_data.py:60:WARNING:El subtitulo: subtitles\RTVE-La1-Toledo.st 2019 09 17.xlogmorning_new está vacio 

2020-04-17 07:50:00,652:get_data.py:62:WARNING:El subtitulo: subtitles\RTVE-La1-Toledo.st 2019 09 17.xlogafternoon_new está vacio 

2020-04-17 07:50:00,657:get_data.py:60:WARNING:El subtitulo: subtitles\RTVE-La1-Toledo.st 2019 09 18.xlogmorning_new está vacio 

2020-04-17 07:50:00,657:get_data.py:62:WARNING:El subtitulo: subtitles\RTVE-La1-Toledo.st 2019 09 18.xlogafternoon_new está vacio 

2020-04-17 07:50:00,662:get_data.py:60:WARNING:El subtitulo: subtitles\RTVE-La1-Toledo.st 2019 09 19.xlogmorning_new está vacio 

2020-04-17 07:50:00,662:get_data.py:62:WARNING:El subtitulo: subtitles\RTVE-La1-Toledo.st 2019 09 19.xlogafternoon_new está vacio 

2020-04-17 07:50:00,666:get_data.py:60:WARNING:El subtitulo: subtitles\RTVE-La1-Toledo.st 2019 09 20.xlogmorning_new está vacio 

2020-04-17 07:50:00,666:get_data.py:62:WARNING:El subtitulo: subtitles\RTVE-La1-Toledo.st 2019 09 20.xlogafternoon_new está vacio 

2020-04-17 07:50:00,671:get_data.py:60:WARNING:El subtitulo: subtitles\RTVE-La1-Toledo.st 2019 09 23.xlogmorning_new está vacio 

2020-04-17 07:50:00,671:get_data.py:62:WARNING:El subtitulo: subtitles\RTVE-La1-Toledo.st 2019 09 23.xlogafternoon_new está vacio 

2020-04-17 07:50:00,676:get_data.py:60:WARNING:El subtitulo: subtitles\RTVE-La1-Toledo.st 2019 09 24.xlogmorning_new está vacio 

2020-04-17 07:50:00,676:get_data.py:62:WARNING:El subtitulo: subtitles\RTVE-La1-Toledo.st 2019 09 24.xlogafternoon_new está vacio 

2020-04-17 07:50:00,681:get_data.py:60:WARNING:El subtitulo: subtitles\RTVE-La1-Toledo.st 2019 09 25.xlogmorning_new está vacio 

2020-04-17 07:50:00,681:get_data.py:62:WARNING:El subtitulo: subtitles\RTVE-La1-Toledo.st 2019 09 25.xlogafternoon_new está vacio 

2020-04-17 07:50:00,686:get_data.py:60:WARNING:El subtitulo: subtitles\RTVE-La1-Toledo.st 2019 09 26.xlogmorning_new está vacio 

2020-04-17 07:50:00,686:get_data.py:62:WARNING:El subtitulo: subtitles\RTVE-La1-Toledo.st 2019 09 26.xlogafternoon_new está vacio 

2020-04-17 07:50:00,691:get_data.py:60:WARNING:El subtitulo: subtitles\RTVE-La1-Toledo.st 2019 09 27.xlogmorning_new está vacio 

2020-04-17 07:50:00,691:get_data.py:62:WARNING:El subtitulo: subtitles\RTVE-La1-Toledo.st 2019 09 27.xlogafternoon_new está vacio 

2020-04-17 07:50:00,696:get_data.py:60:WARNING:El subtitulo: subtitles\RTVE-La1-Toledo.st 2019 09 30.xlogmorning_new está vacio 

2020-04-17 07:50:00,696:get_data.py:62:WARNING:El subtitulo: subtitles\RTVE-La1-Toledo.st 2019 09 30.xlogafternoon_new está vacio 

2020-04-17 07:50:00,701:get_data.py:60:WARNING:El subtitulo: subtitles\RTVE-La1-Toledo.st 2019 10 01.xlogmorning_new está vacio 

2020-04-17 07:50:00,701:get_data.py:62:WARNING:El subtitulo: subtitles\RTVE-La1-Toledo.st 2019 10 01.xlogafternoon_new está vacio 

2020-04-17 07:50:00,705:get_data.py:60:WARNING:El subtitulo: subtitles\RTVE-La1-Toledo.st 2019 10 04.xlogmorning_new está vacio 

2020-04-17 07:50:00,706:get_data.py:62:WARNING:El subtitulo: subtitles\RTVE-La1-Toledo.st 2019 10 04.xlogafternoon_new está vacio 

2020-04-17 07:50:00,710:get_data.py:60:WARNING:El subtitulo: subtitles\RTVE-La1-Toledo.st 2019 10 07.xlogmorning_new está vacio 

2020-04-17 07:50:00,710:get_data.py:62:WARNING:El subtitulo: subtitles\RTVE-La1-Toledo.st 2019 10 07.xlogafternoon_new está vacio 

2020-04-17 07:50:00,715:get_data.py:60:WARNING:El subtitulo: subtitles\RTVE-La1-Toledo.st 2019 10 08.xlogmorning_new está vacio 

2020-04-17 07:50:00,715:get_data.py:62:WARNING:El subtitulo: subtitles\RTVE-La1-Toledo.st 2019 10 08.xlogafternoon_new está vacio 

2020-04-17 07:50:00,720:get_data.py:60:WARNING:El subtitulo: subtitles\RTVE-La1-Toledo.st 2019 10 09.xlogmorning_new está vacio 

2020-04-17 07:50:00,720:get_data.py:62:WARNING:El subtitulo: subtitles\RTVE-La1-Toledo.st 2019 10 09.xlogafternoon_new está vacio 

2020-04-17 07:50:00,725:get_data.py:60:WARNING:El subtitulo: subtitles\RTVE-La1-Toledo.st 2019 10 10.xlogmorning_new está vacio 

2020-04-17 07:50:00,725:get_data.py:62:WARNING:El subtitulo: subtitles\RTVE-La1-Toledo.st 2019 10 10.xlogafternoon_new está vacio 

2020-04-17 07:50:00,729:get_data.py:60:WARNING:El subtitulo: subtitles\RTVE-La1-Toledo.st 2019 10 11.xlogmorning_new está vacio 

2020-04-17 07:50:00,729:get_data.py:62:WARNING:El subtitulo: subtitles\RTVE-La1-Toledo.st 2019 10 11.xlogafternoon_new está vacio 

2020-04-17 07:50:00,734:get_data.py:60:WARNING:El subtitulo: subtitles\RTVE-La1-Toledo.st 2019 10 14.xlogmorning_new está vacio 

2020-04-17 07:50:00,734:get_data.py:62:WARNING:El subtitulo: subtitles\RTVE-La1-Toledo.st 2019 10 14.xlogafternoon_new está vacio 

2020-04-17 07:50:00,739:get_data.py:60:WARNING:El subtitulo: subtitles\RTVE-La1-Toledo.st 2019 10 15.xlogmorning_new está vacio 

2020-04-17 07:50:00,739:get_data.py:62:WARNING:El subtitulo: subtitles\RTVE-La1-Toledo.st 2019 10 15.xlogafternoon_new está vacio 

2020-04-17 07:50:00,744:get_data.py:60:WARNING:El subtitulo: subtitles\RTVE-La1-Toledo.st 2019 10 16.xlogmorning_new está vacio 

2020-04-17 07:50:00,744:get_data.py:62:WARNING:El subtitulo: subtitles\RTVE-La1-Toledo.st 2019 10 16.xlogafternoon_new está vacio 

2020-04-17 07:50:00,748:get_data.py:60:WARNING:El subtitulo: subtitles\RTVE-La1-Toledo.st 2019 10 17.xlogmorning_new está vacio 

2020-04-17 07:50:00,748:get_data.py:62:WARNING:El subtitulo: subtitles\RTVE-La1-Toledo.st 2019 10 17.xlogafternoon_new está vacio 

2020-04-17 07:50:00,752:get_data.py:60:WARNING:El subtitulo: subtitles\RTVE-La1-Valladolid.st 2019 09 23.xlogmorning_new está vacio 

2020-04-17 07:50:00,752:get_data.py:62:WARNING:El subtitulo: subtitles\RTVE-La1-Valladolid.st 2019 09 23.xlogafternoon_new está vacio 

2020-04-17 07:50:00,763:get_data.py:60:WARNING:El subtitulo: subtitles\Telecinco HD_spa_TXT.st 2019 09 18.xlogmorning_new está vacio 

2020-04-17 07:50:00,822:get_data.py:60:WARNING:El subtitulo: subtitles\Telecinco HD_spa_TXT.st 2019 09 21.xlogmorning_new está vacio 

2020-04-17 07:50:00,823:get_data.py:62:WARNING:El subtitulo: subtitles\Telecinco HD_spa_TXT.st 2019 09 21.xlogafternoon_new está vacio 

2020-04-17 07:50:00,839:get_data.py:60:WARNING:El subtitulo: subtitles\Telecinco HD_spa_TXT.st 2019 09 22.xlogmorning_new está vacio 

2020-04-17 07:50:00,898:get_data.py:62:WARNING:El subtitulo: subtitles\Telecinco HD_spa_TXT.st 2019 09 25.xlogafternoon_new está vacio 

2020-04-17 07:50:00,939:get_data.py:62:WARNING:El subtitulo: subtitles\Telecinco HD_spa_TXT.st 2019 09 26.xlogafternoon_new está vacio 

2020-04-17 07:50:00,968:get_data.py:60:WARNING:El subtitulo: subtitles\Telecinco HD_spa_TXT.st 2019 09 28.xlogmorning_new está vacio 

2020-04-17 07:50:00,983:get_data.py:60:WARNING:El subtitulo: subtitles\Telecinco HD_spa_TXT.st 2019 09 29.xlogmorning_new está vacio 

2020-04-17 07:50:01,027:get_data.py:62:WARNING:El subtitulo: subtitles\Telecinco HD_spa_TXT.st 2019 10 01.xlogafternoon_new está vacio 

2020-04-17 07:50:01,088:get_data.py:62:WARNING:El subtitulo: subtitles\Telecinco HD_spa_TXT.st 2019 10 04.xlogafternoon_new está vacio 

2020-04-17 07:50:01,101:get_data.py:60:WARNING:El subtitulo: subtitles\Telecinco HD_spa_TXT.st 2019 10 05.xlogmorning_new está vacio 

2020-04-17 07:50:01,116:get_data.py:60:WARNING:El subtitulo: subtitles\Telecinco HD_spa_TXT.st 2019 10 06.xlogmorning_new está vacio 

2020-04-17 07:50:01,154:get_data.py:62:WARNING:El subtitulo: subtitles\Telecinco HD_spa_TXT.st 2019 10 07.xlogafternoon_new está vacio 

2020-04-17 07:50:01,205:get_data.py:62:WARNING:El subtitulo: subtitles\Telecinco HD_spa_TXT.st 2019 10 09.xlogafternoon_new está vacio 

2020-04-17 07:50:01,254:get_data.py:62:WARNING:El subtitulo: subtitles\Telecinco HD_spa_TXT.st 2019 10 11.xlogafternoon_new está vacio 

2020-04-17 07:50:01,270:get_data.py:60:WARNING:El subtitulo: subtitles\Telecinco HD_spa_TXT.st 2019 10 12.xlogmorning_new está vacio 

2020-04-17 07:50:01,283:get_data.py:60:WARNING:El subtitulo: subtitles\Telecinco HD_spa_TXT.st 2019 10 13.xlogmorning_new está vacio 

2020-04-17 07:50:01,312:get_data.py:62:WARNING:El subtitulo: subtitles\Telecinco HD_spa_TXT.st 2019 10 14.xlogafternoon_new está vacio 

2020-04-17 07:50:01,343:get_data.py:60:WARNING:El subtitulo: subtitles\Telecinco HD_spa_TXT.st 2019 10 16.xlogmorning_new está vacio 

2020-04-17 07:50:01,352:get_data.py:60:WARNING:El subtitulo: subtitles\Telecinco HD_spa_TXT.st 2019 10 17.xlogmorning_new está vacio 

2020-04-17 07:50:01,367:get_data.py:60:WARNING:El subtitulo: subtitles\Telecinco HD_spa_TXT.st 2019 10 18.xlogmorning_new está vacio 

2020-04-17 07:50:01,367:get_data.py:62:WARNING:El subtitulo: subtitles\Telecinco HD_spa_TXT.st 2019 10 18.xlogafternoon_new está vacio 

2020-04-17 07:50:01,375:get_data.py:60:WARNING:El subtitulo: subtitles\Telecinco_spa_TXT.st 2019 09 18.xlogmorning_new está vacio 

2020-04-17 07:50:01,436:get_data.py:60:WARNING:El subtitulo: subtitles\Telecinco_spa_TXT.st 2019 09 21.xlogmorning_new está vacio 

2020-04-17 07:50:01,436:get_data.py:62:WARNING:El subtitulo: subtitles\Telecinco_spa_TXT.st 2019 09 21.xlogafternoon_new está vacio 

2020-04-17 07:50:01,451:get_data.py:60:WARNING:El subtitulo: subtitles\Telecinco_spa_TXT.st 2019 09 22.xlogmorning_new está vacio 

2020-04-17 07:50:01,514:get_data.py:62:WARNING:El subtitulo: subtitles\Telecinco_spa_TXT.st 2019 09 25.xlogafternoon_new está vacio 

2020-04-17 07:50:01,561:get_data.py:62:WARNING:El subtitulo: subtitles\Telecinco_spa_TXT.st 2019 09 26.xlogafternoon_new está vacio 

2020-04-17 07:50:01,595:get_data.py:60:WARNING:El subtitulo: subtitles\Telecinco_spa_TXT.st 2019 09 28.xlogmorning_new está vacio 

2020-04-17 07:50:01,611:get_data.py:60:WARNING:El subtitulo: subtitles\Telecinco_spa_TXT.st 2019 09 29.xlogmorning_new está vacio 

2020-04-17 07:50:01,654:get_data.py:62:WARNING:El subtitulo: subtitles\Telecinco_spa_TXT.st 2019 10 01.xlogafternoon_new está vacio 

2020-04-17 07:50:01,717:get_data.py:62:WARNING:El subtitulo: subtitles\Telecinco_spa_TXT.st 2019 10 04.xlogafternoon_new está vacio 

2020-04-17 07:50:01,732:get_data.py:60:WARNING:El subtitulo: subtitles\Telecinco_spa_TXT.st 2019 10 05.xlogmorning_new está vacio 

2020-04-17 07:50:01,747:get_data.py:60:WARNING:El subtitulo: subtitles\Telecinco_spa_TXT.st 2019 10 06.xlogmorning_new está vacio 

2020-04-17 07:50:01,776:get_data.py:62:WARNING:El subtitulo: subtitles\Telecinco_spa_TXT.st 2019 10 07.xlogafternoon_new está vacio 

2020-04-17 07:50:01,823:get_data.py:62:WARNING:El subtitulo: subtitles\Telecinco_spa_TXT.st 2019 10 09.xlogafternoon_new está vacio 

2020-04-17 07:50:01,868:get_data.py:62:WARNING:El subtitulo: subtitles\Telecinco_spa_TXT.st 2019 10 11.xlogafternoon_new está vacio 

2020-04-17 07:50:01,883:get_data.py:60:WARNING:El subtitulo: subtitles\Telecinco_spa_TXT.st 2019 10 12.xlogmorning_new está vacio 

2020-04-17 07:50:01,897:get_data.py:60:WARNING:El subtitulo: subtitles\Telecinco_spa_TXT.st 2019 10 13.xlogmorning_new está vacio 

2020-04-17 07:50:01,927:get_data.py:62:WARNING:El subtitulo: subtitles\Telecinco_spa_TXT.st 2019 10 14.xlogafternoon_new está vacio 

2020-04-17 07:50:01,958:get_data.py:60:WARNING:El subtitulo: subtitles\Telecinco_spa_TXT.st 2019 10 16.xlogmorning_new está vacio 

2020-04-17 07:50:01,968:get_data.py:60:WARNING:El subtitulo: subtitles\Telecinco_spa_TXT.st 2019 10 17.xlogmorning_new está vacio 

2020-04-17 07:50:01,987:get_data.py:60:WARNING:El subtitulo: subtitles\Telecinco_spa_TXT.st 2019 10 18.xlogmorning_new está vacio 

2020-04-17 07:50:01,987:get_data.py:62:WARNING:El subtitulo: subtitles\Telecinco_spa_TXT.st 2019 10 18.xlogafternoon_new está vacio 

2020-04-17 07:50:19,101:get_data.py:60:WARNING:El subtitulo: subtitles\antena3 HD_spa_TXT.st 2019 10 18.xlogmorning_new está vacio 

2020-04-17 07:50:19,101:get_data.py:62:WARNING:El subtitulo: subtitles\antena3 HD_spa_TXT.st 2019 10 18.xlogafternoon_new está vacio 

2020-04-17 07:50:19,760:get_data.py:60:WARNING:El subtitulo: subtitles\antena3_spa_OCR.st 2019 10 18.xlogmorning_new está vacio 

2020-04-17 07:50:19,760:get_data.py:62:WARNING:El subtitulo: subtitles\antena3_spa_OCR.st 2019 10 18.xlogafternoon_new está vacio 

2020-04-17 07:50:22,829:get_data.py:60:WARNING:El subtitulo: subtitles\laSexta HD_spa_TXT.st 2019 10 18.xlogmorning_new está vacio 

2020-04-17 07:50:22,829:get_data.py:62:WARNING:El subtitulo: subtitles\laSexta HD_spa_TXT.st 2019 10 18.xlogafternoon_new está vacio 

2020-04-17 07:50:27,521:get_data.py:60:WARNING:El subtitulo: subtitles\RTVE-La1-Madrid.st 2019 09 10.xlogmorning_new está vacio 

2020-04-17 07:50:27,521:get_data.py:62:WARNING:El subtitulo: subtitles\RTVE-La1-Madrid.st 2019 09 10.xlogafternoon_new está vacio 

2020-04-17 07:50:27,521:get_data.py:60:WARNING:El subtitulo: subtitles\RTVE-La1-Madrid.st 2019 09 16.xlogmorning_new está vacio 

2020-04-17 07:50:27,521:get_data.py:62:WARNING:El subtitulo: subtitles\RTVE-La1-Madrid.st 2019 09 16.xlogafternoon_new está vacio 

2020-04-17 07:50:27,522:get_data.py:60:WARNING:El subtitulo: subtitles\RTVE-La1-Madrid.st 2019 09 17.xlogmorning_new está vacio 

2020-04-17 07:50:27,522:get_data.py:62:WARNING:El subtitulo: subtitles\RTVE-La1-Madrid.st 2019 09 17.xlogafternoon_new está vacio 

2020-04-17 07:50:27,522:get_data.py:60:WARNING:El subtitulo: subtitles\RTVE-La1-Madrid.st 2019 09 18.xlogmorning_new está vacio 

2020-04-17 07:50:27,522:get_data.py:62:WARNING:El subtitulo: subtitles\RTVE-La1-Madrid.st 2019 09 18.xlogafternoon_new está vacio 

2020-04-17 07:50:27,523:get_data.py:60:WARNING:El subtitulo: subtitles\RTVE-La1-Madrid.st 2019 09 19.xlogmorning_new está vacio 

2020-04-17 07:50:27,523:get_data.py:62:WARNING:El subtitulo: subtitles\RTVE-La1-Madrid.st 2019 09 19.xlogafternoon_new está vacio 

2020-04-17 07:50:27,523:get_data.py:60:WARNING:El subtitulo: subtitles\RTVE-La1-Madrid.st 2019 09 20.xlogmorning_new está vacio 

2020-04-17 07:50:27,523:get_data.py:62:WARNING:El subtitulo: subtitles\RTVE-La1-Madrid.st 2019 09 20.xlogafternoon_new está vacio 

2020-04-17 07:50:27,524:get_data.py:60:WARNING:El subtitulo: subtitles\RTVE-La1-Madrid.st 2019 09 23.xlogmorning_new está vacio 

2020-04-17 07:50:27,524:get_data.py:62:WARNING:El subtitulo: subtitles\RTVE-La1-Madrid.st 2019 09 23.xlogafternoon_new está vacio 

2020-04-17 07:50:27,524:get_data.py:60:WARNING:El subtitulo: subtitles\RTVE-La1-Madrid.st 2019 09 24.xlogmorning_new está vacio 

2020-04-17 07:50:27,524:get_data.py:62:WARNING:El subtitulo: subtitles\RTVE-La1-Madrid.st 2019 09 24.xlogafternoon_new está vacio 

2020-04-17 07:50:27,524:get_data.py:60:WARNING:El subtitulo: subtitles\RTVE-La1-Madrid.st 2019 09 25.xlogmorning_new está vacio 

2020-04-17 07:50:27,524:get_data.py:62:WARNING:El subtitulo: subtitles\RTVE-La1-Madrid.st 2019 09 25.xlogafternoon_new está vacio 

2020-04-17 07:50:27,525:get_data.py:60:WARNING:El subtitulo: subtitles\RTVE-La1-Merida.st 2019 09 16.xlogmorning_new está vacio 

2020-04-17 07:50:27,525:get_data.py:62:WARNING:El subtitulo: subtitles\RTVE-La1-Merida.st 2019 09 16.xlogafternoon_new está vacio 

2020-04-17 07:50:27,525:get_data.py:60:WARNING:El subtitulo: subtitles\RTVE-La1-Merida.st 2019 09 17.xlogmorning_new está vacio 

2020-04-17 07:50:27,525:get_data.py:62:WARNING:El subtitulo: subtitles\RTVE-La1-Merida.st 2019 09 17.xlogafternoon_new está vacio 

2020-04-17 07:50:27,526:get_data.py:60:WARNING:El subtitulo: subtitles\RTVE-La1-Merida.st 2019 09 18.xlogmorning_new está vacio 

2020-04-17 07:50:27,526:get_data.py:62:WARNING:El subtitulo: subtitles\RTVE-La1-Merida.st 2019 09 18.xlogafternoon_new está vacio 

2020-04-17 07:50:27,526:get_data.py:60:WARNING:El subtitulo: subtitles\RTVE-La1-Merida.st 2019 09 19.xlogmorning_new está vacio 

2020-04-17 07:50:27,526:get_data.py:62:WARNING:El subtitulo: subtitles\RTVE-La1-Merida.st 2019 09 19.xlogafternoon_new está vacio 

2020-04-17 07:50:27,527:get_data.py:60:WARNING:El subtitulo: subtitles\RTVE-La1-Merida.st 2019 09 20.xlogmorning_new está vacio 

2020-04-17 07:50:27,527:get_data.py:62:WARNING:El subtitulo: subtitles\RTVE-La1-Merida.st 2019 09 20.xlogafternoon_new está vacio 

2020-04-17 07:50:27,527:get_data.py:60:WARNING:El subtitulo: subtitles\RTVE-La1-Merida.st 2019 09 23.xlogmorning_new está vacio 

2020-04-17 07:50:27,527:get_data.py:62:WARNING:El subtitulo: subtitles\RTVE-La1-Merida.st 2019 09 23.xlogafternoon_new está vacio 

2020-04-17 07:50:27,528:get_data.py:60:WARNING:El subtitulo: subtitles\RTVE-La1-Merida.st 2019 09 24.xlogmorning_new está vacio 

2020-04-17 07:50:27,528:get_data.py:62:WARNING:El subtitulo: subtitles\RTVE-La1-Merida.st 2019 09 24.xlogafternoon_new está vacio 

2020-04-17 07:50:27,528:get_data.py:60:WARNING:El subtitulo: subtitles\RTVE-La1-Merida.st 2019 09 25.xlogmorning_new está vacio 

2020-04-17 07:50:27,528:get_data.py:62:WARNING:El subtitulo: subtitles\RTVE-La1-Merida.st 2019 09 25.xlogafternoon_new está vacio 

2020-04-17 07:50:27,529:get_data.py:60:WARNING:El subtitulo: subtitles\RTVE-La1-Merida.st 2019 09 26.xlogmorning_new está vacio 

2020-04-17 07:50:27,529:get_data.py:62:WARNING:El subtitulo: subtitles\RTVE-La1-Merida.st 2019 09 26.xlogafternoon_new está vacio 

2020-04-17 07:50:27,529:get_data.py:60:WARNING:El subtitulo: subtitles\RTVE-La1-Merida.st 2019 09 27.xlogmorning_new está vacio 

2020-04-17 07:50:27,529:get_data.py:62:WARNING:El subtitulo: subtitles\RTVE-La1-Merida.st 2019 09 27.xlogafternoon_new está vacio 

2020-04-17 07:50:27,529:get_data.py:60:WARNING:El subtitulo: subtitles\RTVE-La1-Merida.st 2019 09 30.xlogmorning_new está vacio 

2020-04-17 07:50:27,529:get_data.py:62:WARNING:El subtitulo: subtitles\RTVE-La1-Merida.st 2019 09 30.xlogafternoon_new está vacio 

2020-04-17 07:50:27,530:get_data.py:60:WARNING:El subtitulo: subtitles\RTVE-La1-Merida.st 2019 10 01.xlogmorning_new está vacio 

2020-04-17 07:50:27,530:get_data.py:62:WARNING:El subtitulo: subtitles\RTVE-La1-Merida.st 2019 10 01.xlogafternoon_new está vacio 

2020-04-17 07:50:27,530:get_data.py:60:WARNING:El subtitulo: subtitles\RTVE-La1-Merida.st 2019 10 02.xlogmorning_new está vacio 

2020-04-17 07:50:27,530:get_data.py:62:WARNING:El subtitulo: subtitles\RTVE-La1-Merida.st 2019 10 02.xlogafternoon_new está vacio 

2020-04-17 07:50:27,531:get_data.py:60:WARNING:El subtitulo: subtitles\RTVE-La1-Merida.st 2019 10 03.xlogmorning_new está vacio 

2020-04-17 07:50:27,531:get_data.py:62:WARNING:El subtitulo: subtitles\RTVE-La1-Merida.st 2019 10 03.xlogafternoon_new está vacio 

2020-04-17 07:50:27,531:get_data.py:60:WARNING:El subtitulo: subtitles\RTVE-La1-Merida.st 2019 10 04.xlogmorning_new está vacio 

2020-04-17 07:50:27,531:get_data.py:62:WARNING:El subtitulo: subtitles\RTVE-La1-Merida.st 2019 10 04.xlogafternoon_new está vacio 

2020-04-17 07:50:27,531:get_data.py:60:WARNING:El subtitulo: subtitles\RTVE-La1-Merida.st 2019 10 07.xlogmorning_new está vacio 

2020-04-17 07:50:27,532:get_data.py:62:WARNING:El subtitulo: subtitles\RTVE-La1-Merida.st 2019 10 07.xlogafternoon_new está vacio 

2020-04-17 07:50:27,532:get_data.py:60:WARNING:El subtitulo: subtitles\RTVE-La1-Merida.st 2019 10 08.xlogmorning_new está vacio 

2020-04-17 07:50:27,532:get_data.py:62:WARNING:El subtitulo: subtitles\RTVE-La1-Merida.st 2019 10 08.xlogafternoon_new está vacio 

2020-04-17 07:50:27,532:get_data.py:60:WARNING:El subtitulo: subtitles\RTVE-La1-Merida.st 2019 10 09.xlogmorning_new está vacio 

2020-04-17 07:50:27,532:get_data.py:62:WARNING:El subtitulo: subtitles\RTVE-La1-Merida.st 2019 10 09.xlogafternoon_new está vacio 

2020-04-17 07:50:27,533:get_data.py:60:WARNING:El subtitulo: subtitles\RTVE-La1-Merida.st 2019 10 10.xlogmorning_new está vacio 

2020-04-17 07:50:27,533:get_data.py:62:WARNING:El subtitulo: subtitles\RTVE-La1-Merida.st 2019 10 10.xlogafternoon_new está vacio 

2020-04-17 07:50:27,533:get_data.py:60:WARNING:El subtitulo: subtitles\RTVE-La1-Merida.st 2019 10 11.xlogmorning_new está vacio 

2020-04-17 07:50:27,533:get_data.py:62:WARNING:El subtitulo: subtitles\RTVE-La1-Merida.st 2019 10 11.xlogafternoon_new está vacio 

2020-04-17 07:50:27,534:get_data.py:60:WARNING:El subtitulo: subtitles\RTVE-La1-Merida.st 2019 10 14.xlogmorning_new está vacio 

2020-04-17 07:50:27,534:get_data.py:62:WARNING:El subtitulo: subtitles\RTVE-La1-Merida.st 2019 10 14.xlogafternoon_new está vacio 

2020-04-17 07:50:27,534:get_data.py:60:WARNING:El subtitulo: subtitles\RTVE-La1-Merida.st 2019 10 15.xlogmorning_new está vacio 

2020-04-17 07:50:27,534:get_data.py:62:WARNING:El subtitulo: subtitles\RTVE-La1-Merida.st 2019 10 15.xlogafternoon_new está vacio 

2020-04-17 07:50:27,534:get_data.py:60:WARNING:El subtitulo: subtitles\RTVE-La1-Merida.st 2019 10 16.xlogmorning_new está vacio 

2020-04-17 07:50:27,534:get_data.py:62:WARNING:El subtitulo: subtitles\RTVE-La1-Merida.st 2019 10 16.xlogafternoon_new está vacio 

2020-04-17 07:50:27,535:get_data.py:60:WARNING:El subtitulo: subtitles\RTVE-La1-Merida.st 2019 10 17.xlogmorning_new está vacio 

2020-04-17 07:50:27,535:get_data.py:62:WARNING:El subtitulo: subtitles\RTVE-La1-Merida.st 2019 10 17.xlogafternoon_new está vacio 

2020-04-17 07:50:27,535:get_data.py:60:WARNING:El subtitulo: subtitles\RTVE-La1-Oviedo.st 2019 09 23.xlogmorning_new está vacio 

2020-04-17 07:50:27,535:get_data.py:62:WARNING:El subtitulo: subtitles\RTVE-La1-Oviedo.st 2019 09 23.xlogafternoon_new está vacio 

2020-04-17 07:50:27,535:get_data.py:60:WARNING:El subtitulo: subtitles\RTVE-La1-Sevilla.st 2019 06 18.xlogmorning_new está vacio 

2020-04-17 07:50:27,535:get_data.py:62:WARNING:El subtitulo: subtitles\RTVE-La1-Sevilla.st 2019 06 18.xlogafternoon_new está vacio 

2020-04-17 07:50:27,536:get_data.py:60:WARNING:El subtitulo: subtitles\RTVE-La1-Sevilla.st 2019 09 16.xlogmorning_new está vacio 

2020-04-17 07:50:27,536:get_data.py:62:WARNING:El subtitulo: subtitles\RTVE-La1-Sevilla.st 2019 09 16.xlogafternoon_new está vacio 

2020-04-17 07:50:27,536:get_data.py:60:WARNING:El subtitulo: subtitles\RTVE-La1-Sevilla.st 2019 09 17.xlogmorning_new está vacio 

2020-04-17 07:50:27,536:get_data.py:62:WARNING:El subtitulo: subtitles\RTVE-La1-Sevilla.st 2019 09 17.xlogafternoon_new está vacio 

2020-04-17 07:50:27,537:get_data.py:60:WARNING:El subtitulo: subtitles\RTVE-La1-Sevilla.st 2019 09 18.xlogmorning_new está vacio 

2020-04-17 07:50:27,537:get_data.py:62:WARNING:El subtitulo: subtitles\RTVE-La1-Sevilla.st 2019 09 18.xlogafternoon_new está vacio 

2020-04-17 07:50:27,537:get_data.py:60:WARNING:El subtitulo: subtitles\RTVE-La1-Sevilla.st 2019 09 19.xlogmorning_new está vacio 

2020-04-17 07:50:27,537:get_data.py:62:WARNING:El subtitulo: subtitles\RTVE-La1-Sevilla.st 2019 09 19.xlogafternoon_new está vacio 

2020-04-17 07:50:27,538:get_data.py:60:WARNING:El subtitulo: subtitles\RTVE-La1-Sevilla.st 2019 09 20.xlogmorning_new está vacio 

2020-04-17 07:50:27,538:get_data.py:62:WARNING:El subtitulo: subtitles\RTVE-La1-Sevilla.st 2019 09 20.xlogafternoon_new está vacio 

2020-04-17 07:50:27,538:get_data.py:60:WARNING:El subtitulo: subtitles\RTVE-La1-Sevilla.st 2019 09 23.xlogmorning_new está vacio 

2020-04-17 07:50:27,538:get_data.py:62:WARNING:El subtitulo: subtitles\RTVE-La1-Sevilla.st 2019 09 23.xlogafternoon_new está vacio 

2020-04-17 07:50:27,538:get_data.py:60:WARNING:El subtitulo: subtitles\RTVE-La1-Sevilla.st 2019 09 24.xlogmorning_new está vacio 

2020-04-17 07:50:27,539:get_data.py:62:WARNING:El subtitulo: subtitles\RTVE-La1-Sevilla.st 2019 09 24.xlogafternoon_new está vacio 

2020-04-17 07:50:27,539:get_data.py:60:WARNING:El subtitulo: subtitles\RTVE-La1-Sevilla.st 2019 09 25.xlogmorning_new está vacio 

2020-04-17 07:50:27,539:get_data.py:62:WARNING:El subtitulo: subtitles\RTVE-La1-Sevilla.st 2019 09 25.xlogafternoon_new está vacio 

2020-04-17 07:50:27,539:get_data.py:60:WARNING:El subtitulo: subtitles\RTVE-La1-Sevilla.st 2019 09 26.xlogmorning_new está vacio 

2020-04-17 07:50:27,539:get_data.py:62:WARNING:El subtitulo: subtitles\RTVE-La1-Sevilla.st 2019 09 26.xlogafternoon_new está vacio 

2020-04-17 07:50:27,540:get_data.py:60:WARNING:El subtitulo: subtitles\RTVE-La1-Sevilla.st 2019 09 27.xlogmorning_new está vacio 

2020-04-17 07:50:27,540:get_data.py:62:WARNING:El subtitulo: subtitles\RTVE-La1-Sevilla.st 2019 09 27.xlogafternoon_new está vacio 

2020-04-17 07:50:27,540:get_data.py:60:WARNING:El subtitulo: subtitles\RTVE-La1-Sevilla.st 2019 09 30.xlogmorning_new está vacio 

2020-04-17 07:50:27,540:get_data.py:62:WARNING:El subtitulo: subtitles\RTVE-La1-Sevilla.st 2019 09 30.xlogafternoon_new está vacio 

2020-04-17 07:50:27,541:get_data.py:60:WARNING:El subtitulo: subtitles\RTVE-La1-Sevilla.st 2019 10 01.xlogmorning_new está vacio 

2020-04-17 07:50:27,541:get_data.py:62:WARNING:El subtitulo: subtitles\RTVE-La1-Sevilla.st 2019 10 01.xlogafternoon_new está vacio 

2020-04-17 07:50:27,541:get_data.py:60:WARNING:El subtitulo: subtitles\RTVE-La1-Sevilla.st 2019 10 02.xlogmorning_new está vacio 

2020-04-17 07:50:27,541:get_data.py:62:WARNING:El subtitulo: subtitles\RTVE-La1-Sevilla.st 2019 10 02.xlogafternoon_new está vacio 

2020-04-17 07:50:27,542:get_data.py:60:WARNING:El subtitulo: subtitles\RTVE-La1-Sevilla.st 2019 10 03.xlogmorning_new está vacio 

2020-04-17 07:50:27,542:get_data.py:62:WARNING:El subtitulo: subtitles\RTVE-La1-Sevilla.st 2019 10 03.xlogafternoon_new está vacio 

2020-04-17 07:50:27,542:get_data.py:60:WARNING:El subtitulo: subtitles\RTVE-La1-Sevilla.st 2019 10 04.xlogmorning_new está vacio 

2020-04-17 07:50:27,542:get_data.py:62:WARNING:El subtitulo: subtitles\RTVE-La1-Sevilla.st 2019 10 04.xlogafternoon_new está vacio 

2020-04-17 07:50:27,542:get_data.py:60:WARNING:El subtitulo: subtitles\RTVE-La1-Sevilla.st 2019 10 07.xlogmorning_new está vacio 

2020-04-17 07:50:27,542:get_data.py:62:WARNING:El subtitulo: subtitles\RTVE-La1-Sevilla.st 2019 10 07.xlogafternoon_new está vacio 

2020-04-17 07:50:27,543:get_data.py:60:WARNING:El subtitulo: subtitles\RTVE-La1-Sevilla.st 2019 10 08.xlogmorning_new está vacio 

2020-04-17 07:50:27,543:get_data.py:62:WARNING:El subtitulo: subtitles\RTVE-La1-Sevilla.st 2019 10 08.xlogafternoon_new está vacio 

2020-04-17 07:50:27,543:get_data.py:60:WARNING:El subtitulo: subtitles\RTVE-La1-Sevilla.st 2019 10 09.xlogmorning_new está vacio 

2020-04-17 07:50:27,543:get_data.py:62:WARNING:El subtitulo: subtitles\RTVE-La1-Sevilla.st 2019 10 09.xlogafternoon_new está vacio 

2020-04-17 07:50:27,544:get_data.py:60:WARNING:El subtitulo: subtitles\RTVE-La1-Sevilla.st 2019 10 10.xlogmorning_new está vacio 

2020-04-17 07:50:27,544:get_data.py:62:WARNING:El subtitulo: subtitles\RTVE-La1-Sevilla.st 2019 10 10.xlogafternoon_new está vacio 

2020-04-17 07:50:27,544:get_data.py:60:WARNING:El subtitulo: subtitles\RTVE-La1-Sevilla.st 2019 10 11.xlogmorning_new está vacio 

2020-04-17 07:50:27,544:get_data.py:62:WARNING:El subtitulo: subtitles\RTVE-La1-Sevilla.st 2019 10 11.xlogafternoon_new está vacio 

2020-04-17 07:50:27,544:get_data.py:60:WARNING:El subtitulo: subtitles\RTVE-La1-Sevilla.st 2019 10 14.xlogmorning_new está vacio 

2020-04-17 07:50:27,544:get_data.py:62:WARNING:El subtitulo: subtitles\RTVE-La1-Sevilla.st 2019 10 14.xlogafternoon_new está vacio 

2020-04-17 07:50:27,545:get_data.py:60:WARNING:El subtitulo: subtitles\RTVE-La1-Sevilla.st 2019 10 15.xlogmorning_new está vacio 

2020-04-17 07:50:27,545:get_data.py:62:WARNING:El subtitulo: subtitles\RTVE-La1-Sevilla.st 2019 10 15.xlogafternoon_new está vacio 

2020-04-17 07:50:27,545:get_data.py:60:WARNING:El subtitulo: subtitles\RTVE-La1-Sevilla.st 2019 10 16.xlogmorning_new está vacio 

2020-04-17 07:50:27,545:get_data.py:62:WARNING:El subtitulo: subtitles\RTVE-La1-Sevilla.st 2019 10 16.xlogafternoon_new está vacio 

2020-04-17 07:50:27,546:get_data.py:60:WARNING:El subtitulo: subtitles\RTVE-La1-Toledo.st 2019 09 16.xlogmorning_new está vacio 

2020-04-17 07:50:27,546:get_data.py:62:WARNING:El subtitulo: subtitles\RTVE-La1-Toledo.st 2019 09 16.xlogafternoon_new está vacio 

2020-04-17 07:50:27,546:get_data.py:60:WARNING:El subtitulo: subtitles\RTVE-La1-Toledo.st 2019 09 17.xlogmorning_new está vacio 

2020-04-17 07:50:27,546:get_data.py:62:WARNING:El subtitulo: subtitles\RTVE-La1-Toledo.st 2019 09 17.xlogafternoon_new está vacio 

2020-04-17 07:50:27,547:get_data.py:60:WARNING:El subtitulo: subtitles\RTVE-La1-Toledo.st 2019 09 18.xlogmorning_new está vacio 

2020-04-17 07:50:27,547:get_data.py:62:WARNING:El subtitulo: subtitles\RTVE-La1-Toledo.st 2019 09 18.xlogafternoon_new está vacio 

2020-04-17 07:50:27,547:get_data.py:60:WARNING:El subtitulo: subtitles\RTVE-La1-Toledo.st 2019 09 19.xlogmorning_new está vacio 

2020-04-17 07:50:27,547:get_data.py:62:WARNING:El subtitulo: subtitles\RTVE-La1-Toledo.st 2019 09 19.xlogafternoon_new está vacio 

2020-04-17 07:50:27,547:get_data.py:60:WARNING:El subtitulo: subtitles\RTVE-La1-Toledo.st 2019 09 20.xlogmorning_new está vacio 

2020-04-17 07:50:27,547:get_data.py:62:WARNING:El subtitulo: subtitles\RTVE-La1-Toledo.st 2019 09 20.xlogafternoon_new está vacio 

2020-04-17 07:50:27,548:get_data.py:60:WARNING:El subtitulo: subtitles\RTVE-La1-Toledo.st 2019 09 23.xlogmorning_new está vacio 

2020-04-17 07:50:27,548:get_data.py:62:WARNING:El subtitulo: subtitles\RTVE-La1-Toledo.st 2019 09 23.xlogafternoon_new está vacio 

2020-04-17 07:50:27,548:get_data.py:60:WARNING:El subtitulo: subtitles\RTVE-La1-Toledo.st 2019 09 24.xlogmorning_new está vacio 

2020-04-17 07:50:27,548:get_data.py:62:WARNING:El subtitulo: subtitles\RTVE-La1-Toledo.st 2019 09 24.xlogafternoon_new está vacio 

2020-04-17 07:50:27,549:get_data.py:60:WARNING:El subtitulo: subtitles\RTVE-La1-Toledo.st 2019 09 25.xlogmorning_new está vacio 

2020-04-17 07:50:27,549:get_data.py:62:WARNING:El subtitulo: subtitles\RTVE-La1-Toledo.st 2019 09 25.xlogafternoon_new está vacio 

2020-04-17 07:50:27,549:get_data.py:60:WARNING:El subtitulo: subtitles\RTVE-La1-Toledo.st 2019 09 26.xlogmorning_new está vacio 

2020-04-17 07:50:27,549:get_data.py:62:WARNING:El subtitulo: subtitles\RTVE-La1-Toledo.st 2019 09 26.xlogafternoon_new está vacio 

2020-04-17 07:50:27,550:get_data.py:60:WARNING:El subtitulo: subtitles\RTVE-La1-Toledo.st 2019 09 27.xlogmorning_new está vacio 

2020-04-17 07:50:27,550:get_data.py:62:WARNING:El subtitulo: subtitles\RTVE-La1-Toledo.st 2019 09 27.xlogafternoon_new está vacio 

2020-04-17 07:50:27,550:get_data.py:60:WARNING:El subtitulo: subtitles\RTVE-La1-Toledo.st 2019 09 30.xlogmorning_new está vacio 

2020-04-17 07:50:27,550:get_data.py:62:WARNING:El subtitulo: subtitles\RTVE-La1-Toledo.st 2019 09 30.xlogafternoon_new está vacio 

2020-04-17 07:50:27,550:get_data.py:60:WARNING:El subtitulo: subtitles\RTVE-La1-Toledo.st 2019 10 01.xlogmorning_new está vacio 

2020-04-17 07:50:27,550:get_data.py:62:WARNING:El subtitulo: subtitles\RTVE-La1-Toledo.st 2019 10 01.xlogafternoon_new está vacio 

2020-04-17 07:50:27,551:get_data.py:60:WARNING:El subtitulo: subtitles\RTVE-La1-Toledo.st 2019 10 04.xlogmorning_new está vacio 

2020-04-17 07:50:27,551:get_data.py:62:WARNING:El subtitulo: subtitles\RTVE-La1-Toledo.st 2019 10 04.xlogafternoon_new está vacio 

2020-04-17 07:50:27,551:get_data.py:60:WARNING:El subtitulo: subtitles\RTVE-La1-Toledo.st 2019 10 07.xlogmorning_new está vacio 

2020-04-17 07:50:27,551:get_data.py:62:WARNING:El subtitulo: subtitles\RTVE-La1-Toledo.st 2019 10 07.xlogafternoon_new está vacio 

2020-04-17 07:50:27,552:get_data.py:60:WARNING:El subtitulo: subtitles\RTVE-La1-Toledo.st 2019 10 08.xlogmorning_new está vacio 

2020-04-17 07:50:27,552:get_data.py:62:WARNING:El subtitulo: subtitles\RTVE-La1-Toledo.st 2019 10 08.xlogafternoon_new está vacio 

2020-04-17 07:50:27,552:get_data.py:60:WARNING:El subtitulo: subtitles\RTVE-La1-Toledo.st 2019 10 09.xlogmorning_new está vacio 

2020-04-17 07:50:27,552:get_data.py:62:WARNING:El subtitulo: subtitles\RTVE-La1-Toledo.st 2019 10 09.xlogafternoon_new está vacio 

2020-04-17 07:50:27,553:get_data.py:60:WARNING:El subtitulo: subtitles\RTVE-La1-Toledo.st 2019 10 10.xlogmorning_new está vacio 

2020-04-17 07:50:27,553:get_data.py:62:WARNING:El subtitulo: subtitles\RTVE-La1-Toledo.st 2019 10 10.xlogafternoon_new está vacio 

2020-04-17 07:50:27,553:get_data.py:60:WARNING:El subtitulo: subtitles\RTVE-La1-Toledo.st 2019 10 11.xlogmorning_new está vacio 

2020-04-17 07:50:27,553:get_data.py:62:WARNING:El subtitulo: subtitles\RTVE-La1-Toledo.st 2019 10 11.xlogafternoon_new está vacio 

2020-04-17 07:50:27,554:get_data.py:60:WARNING:El subtitulo: subtitles\RTVE-La1-Toledo.st 2019 10 14.xlogmorning_new está vacio 

2020-04-17 07:50:27,554:get_data.py:62:WARNING:El subtitulo: subtitles\RTVE-La1-Toledo.st 2019 10 14.xlogafternoon_new está vacio 

2020-04-17 07:50:27,554:get_data.py:60:WARNING:El subtitulo: subtitles\RTVE-La1-Toledo.st 2019 10 15.xlogmorning_new está vacio 

2020-04-17 07:50:27,554:get_data.py:62:WARNING:El subtitulo: subtitles\RTVE-La1-Toledo.st 2019 10 15.xlogafternoon_new está vacio 

2020-04-17 07:50:27,554:get_data.py:60:WARNING:El subtitulo: subtitles\RTVE-La1-Toledo.st 2019 10 16.xlogmorning_new está vacio 

2020-04-17 07:50:27,554:get_data.py:62:WARNING:El subtitulo: subtitles\RTVE-La1-Toledo.st 2019 10 16.xlogafternoon_new está vacio 

2020-04-17 07:50:27,555:get_data.py:60:WARNING:El subtitulo: subtitles\RTVE-La1-Toledo.st 2019 10 17.xlogmorning_new está vacio 

2020-04-17 07:50:27,555:get_data.py:62:WARNING:El subtitulo: subtitles\RTVE-La1-Toledo.st 2019 10 17.xlogafternoon_new está vacio 

2020-04-17 07:50:27,555:get_data.py:60:WARNING:El subtitulo: subtitles\RTVE-La1-Valladolid.st 2019 09 23.xlogmorning_new está vacio 

2020-04-17 07:50:27,555:get_data.py:62:WARNING:El subtitulo: subtitles\RTVE-La1-Valladolid.st 2019 09 23.xlogafternoon_new está vacio 

2020-04-17 07:50:27,558:get_data.py:60:WARNING:El subtitulo: subtitles\Telecinco HD_spa_TXT.st 2019 09 18.xlogmorning_new está vacio 

2020-04-17 07:50:27,597:get_data.py:60:WARNING:El subtitulo: subtitles\Telecinco HD_spa_TXT.st 2019 09 21.xlogmorning_new está vacio 

2020-04-17 07:50:27,597:get_data.py:62:WARNING:El subtitulo: subtitles\Telecinco HD_spa_TXT.st 2019 09 21.xlogafternoon_new está vacio 

2020-04-17 07:50:27,606:get_data.py:60:WARNING:El subtitulo: subtitles\Telecinco HD_spa_TXT.st 2019 09 22.xlogmorning_new está vacio 

2020-04-17 07:50:27,647:get_data.py:62:WARNING:El subtitulo: subtitles\Telecinco HD_spa_TXT.st 2019 09 25.xlogafternoon_new está vacio 

2020-04-17 07:50:27,680:get_data.py:62:WARNING:El subtitulo: subtitles\Telecinco HD_spa_TXT.st 2019 09 26.xlogafternoon_new está vacio 

2020-04-17 07:50:27,698:get_data.py:60:WARNING:El subtitulo: subtitles\Telecinco HD_spa_TXT.st 2019 09 28.xlogmorning_new está vacio 

2020-04-17 07:50:27,707:get_data.py:60:WARNING:El subtitulo: subtitles\Telecinco HD_spa_TXT.st 2019 09 29.xlogmorning_new está vacio 

2020-04-17 07:50:27,737:get_data.py:62:WARNING:El subtitulo: subtitles\Telecinco HD_spa_TXT.st 2019 10 01.xlogafternoon_new está vacio 

2020-04-17 07:50:27,781:get_data.py:62:WARNING:El subtitulo: subtitles\Telecinco HD_spa_TXT.st 2019 10 04.xlogafternoon_new está vacio 

2020-04-17 07:50:27,788:get_data.py:60:WARNING:El subtitulo: subtitles\Telecinco HD_spa_TXT.st 2019 10 05.xlogmorning_new está vacio 

2020-04-17 07:50:27,797:get_data.py:60:WARNING:El subtitulo: subtitles\Telecinco HD_spa_TXT.st 2019 10 06.xlogmorning_new está vacio 

2020-04-17 07:50:27,820:get_data.py:62:WARNING:El subtitulo: subtitles\Telecinco HD_spa_TXT.st 2019 10 07.xlogafternoon_new está vacio 

2020-04-17 07:50:27,852:get_data.py:62:WARNING:El subtitulo: subtitles\Telecinco HD_spa_TXT.st 2019 10 09.xlogafternoon_new está vacio 

2020-04-17 07:50:27,885:get_data.py:62:WARNING:El subtitulo: subtitles\Telecinco HD_spa_TXT.st 2019 10 11.xlogafternoon_new está vacio 

2020-04-17 07:50:27,893:get_data.py:60:WARNING:El subtitulo: subtitles\Telecinco HD_spa_TXT.st 2019 10 12.xlogmorning_new está vacio 

2020-04-17 07:50:27,901:get_data.py:60:WARNING:El subtitulo: subtitles\Telecinco HD_spa_TXT.st 2019 10 13.xlogmorning_new está vacio 

2020-04-17 07:50:27,923:get_data.py:62:WARNING:El subtitulo: subtitles\Telecinco HD_spa_TXT.st 2019 10 14.xlogafternoon_new está vacio 

2020-04-17 07:50:27,940:get_data.py:60:WARNING:El subtitulo: subtitles\Telecinco HD_spa_TXT.st 2019 10 16.xlogmorning_new está vacio 

2020-04-17 07:50:27,943:get_data.py:60:WARNING:El subtitulo: subtitles\Telecinco HD_spa_TXT.st 2019 10 17.xlogmorning_new está vacio 

2020-04-17 07:50:27,952:get_data.py:60:WARNING:El subtitulo: subtitles\Telecinco HD_spa_TXT.st 2019 10 18.xlogmorning_new está vacio 

2020-04-17 07:50:27,952:get_data.py:62:WARNING:El subtitulo: subtitles\Telecinco HD_spa_TXT.st 2019 10 18.xlogafternoon_new está vacio 

2020-04-17 07:50:27,955:get_data.py:60:WARNING:El subtitulo: subtitles\Telecinco_spa_TXT.st 2019 09 18.xlogmorning_new está vacio 

2020-04-17 07:50:27,993:get_data.py:60:WARNING:El subtitulo: subtitles\Telecinco_spa_TXT.st 2019 09 21.xlogmorning_new está vacio 

2020-04-17 07:50:27,993:get_data.py:62:WARNING:El subtitulo: subtitles\Telecinco_spa_TXT.st 2019 09 21.xlogafternoon_new está vacio 

2020-04-17 07:50:28,003:get_data.py:60:WARNING:El subtitulo: subtitles\Telecinco_spa_TXT.st 2019 09 22.xlogmorning_new está vacio 

2020-04-17 07:50:28,044:get_data.py:62:WARNING:El subtitulo: subtitles\Telecinco_spa_TXT.st 2019 09 25.xlogafternoon_new está vacio 

2020-04-17 07:50:28,078:get_data.py:62:WARNING:El subtitulo: subtitles\Telecinco_spa_TXT.st 2019 09 26.xlogafternoon_new está vacio 

2020-04-17 07:50:28,096:get_data.py:60:WARNING:El subtitulo: subtitles\Telecinco_spa_TXT.st 2019 09 28.xlogmorning_new está vacio 

2020-04-17 07:50:28,104:get_data.py:60:WARNING:El subtitulo: subtitles\Telecinco_spa_TXT.st 2019 09 29.xlogmorning_new está vacio 

2020-04-17 07:50:28,135:get_data.py:62:WARNING:El subtitulo: subtitles\Telecinco_spa_TXT.st 2019 10 01.xlogafternoon_new está vacio 

2020-04-17 07:50:28,179:get_data.py:62:WARNING:El subtitulo: subtitles\Telecinco_spa_TXT.st 2019 10 04.xlogafternoon_new está vacio 

2020-04-17 07:50:28,187:get_data.py:60:WARNING:El subtitulo: subtitles\Telecinco_spa_TXT.st 2019 10 05.xlogmorning_new está vacio 

2020-04-17 07:50:28,197:get_data.py:60:WARNING:El subtitulo: subtitles\Telecinco_spa_TXT.st 2019 10 06.xlogmorning_new está vacio 

2020-04-17 07:50:28,220:get_data.py:62:WARNING:El subtitulo: subtitles\Telecinco_spa_TXT.st 2019 10 07.xlogafternoon_new está vacio 

2020-04-17 07:50:28,253:get_data.py:62:WARNING:El subtitulo: subtitles\Telecinco_spa_TXT.st 2019 10 09.xlogafternoon_new está vacio 

2020-04-17 07:50:28,285:get_data.py:62:WARNING:El subtitulo: subtitles\Telecinco_spa_TXT.st 2019 10 11.xlogafternoon_new está vacio 

2020-04-17 07:50:28,293:get_data.py:60:WARNING:El subtitulo: subtitles\Telecinco_spa_TXT.st 2019 10 12.xlogmorning_new está vacio 

2020-04-17 07:50:28,301:get_data.py:60:WARNING:El subtitulo: subtitles\Telecinco_spa_TXT.st 2019 10 13.xlogmorning_new está vacio 

2020-04-17 07:50:28,324:get_data.py:62:WARNING:El subtitulo: subtitles\Telecinco_spa_TXT.st 2019 10 14.xlogafternoon_new está vacio 

2020-04-17 07:50:28,340:get_data.py:60:WARNING:El subtitulo: subtitles\Telecinco_spa_TXT.st 2019 10 16.xlogmorning_new está vacio 

2020-04-17 07:50:28,343:get_data.py:60:WARNING:El subtitulo: subtitles\Telecinco_spa_TXT.st 2019 10 17.xlogmorning_new está vacio 

2020-04-17 07:50:28,351:get_data.py:60:WARNING:El subtitulo: subtitles\Telecinco_spa_TXT.st 2019 10 18.xlogmorning_new está vacio 

2020-04-17 07:50:28,351:get_data.py:62:WARNING:El subtitulo: subtitles\Telecinco_spa_TXT.st 2019 10 18.xlogafternoon_new está vacio 

2020-04-17 08:02:23,132:get_data.py:60:WARNING:El subtitulo: subtitles\antena3 HD_spa_TXT.st 2019 10 18.xlogmorning_new está vacio 

2020-04-17 08:02:23,132:get_data.py:62:WARNING:El subtitulo: subtitles\antena3 HD_spa_TXT.st 2019 10 18.xlogafternoon_new está vacio 

2020-04-17 08:02:23,770:get_data.py:60:WARNING:El subtitulo: subtitles\antena3_spa_OCR.st 2019 10 18.xlogmorning_new está vacio 

2020-04-17 08:02:23,770:get_data.py:62:WARNING:El subtitulo: subtitles\antena3_spa_OCR.st 2019 10 18.xlogafternoon_new está vacio 

2020-04-17 08:02:26,685:get_data.py:60:WARNING:El subtitulo: subtitles\laSexta HD_spa_TXT.st 2019 10 18.xlogmorning_new está vacio 

2020-04-17 08:02:26,685:get_data.py:62:WARNING:El subtitulo: subtitles\laSexta HD_spa_TXT.st 2019 10 18.xlogafternoon_new está vacio 

2020-04-17 08:02:31,369:get_data.py:60:WARNING:El subtitulo: subtitles\RTVE-La1-Madrid.st 2019 09 10.xlogmorning_new está vacio 

2020-04-17 08:02:31,369:get_data.py:62:WARNING:El subtitulo: subtitles\RTVE-La1-Madrid.st 2019 09 10.xlogafternoon_new está vacio 

2020-04-17 08:02:31,370:get_data.py:60:WARNING:El subtitulo: subtitles\RTVE-La1-Madrid.st 2019 09 16.xlogmorning_new está vacio 

2020-04-17 08:02:31,370:get_data.py:62:WARNING:El subtitulo: subtitles\RTVE-La1-Madrid.st 2019 09 16.xlogafternoon_new está vacio 

2020-04-17 08:02:31,370:get_data.py:60:WARNING:El subtitulo: subtitles\RTVE-La1-Madrid.st 2019 09 17.xlogmorning_new está vacio 

2020-04-17 08:02:31,370:get_data.py:62:WARNING:El subtitulo: subtitles\RTVE-La1-Madrid.st 2019 09 17.xlogafternoon_new está vacio 

2020-04-17 08:02:31,371:get_data.py:60:WARNING:El subtitulo: subtitles\RTVE-La1-Madrid.st 2019 09 18.xlogmorning_new está vacio 

2020-04-17 08:02:31,371:get_data.py:62:WARNING:El subtitulo: subtitles\RTVE-La1-Madrid.st 2019 09 18.xlogafternoon_new está vacio 

2020-04-17 08:02:31,371:get_data.py:60:WARNING:El subtitulo: subtitles\RTVE-La1-Madrid.st 2019 09 19.xlogmorning_new está vacio 

2020-04-17 08:02:31,371:get_data.py:62:WARNING:El subtitulo: subtitles\RTVE-La1-Madrid.st 2019 09 19.xlogafternoon_new está vacio 

2020-04-17 08:02:31,372:get_data.py:60:WARNING:El subtitulo: subtitles\RTVE-La1-Madrid.st 2019 09 20.xlogmorning_new está vacio 

2020-04-17 08:02:31,372:get_data.py:62:WARNING:El subtitulo: subtitles\RTVE-La1-Madrid.st 2019 09 20.xlogafternoon_new está vacio 

2020-04-17 08:02:31,372:get_data.py:60:WARNING:El subtitulo: subtitles\RTVE-La1-Madrid.st 2019 09 23.xlogmorning_new está vacio 

2020-04-17 08:02:31,372:get_data.py:62:WARNING:El subtitulo: subtitles\RTVE-La1-Madrid.st 2019 09 23.xlogafternoon_new está vacio 

2020-04-17 08:02:31,372:get_data.py:60:WARNING:El subtitulo: subtitles\RTVE-La1-Madrid.st 2019 09 24.xlogmorning_new está vacio 

2020-04-17 08:02:31,372:get_data.py:62:WARNING:El subtitulo: subtitles\RTVE-La1-Madrid.st 2019 09 24.xlogafternoon_new está vacio 

2020-04-17 08:02:31,373:get_data.py:60:WARNING:El subtitulo: subtitles\RTVE-La1-Madrid.st 2019 09 25.xlogmorning_new está vacio 

2020-04-17 08:02:31,373:get_data.py:62:WARNING:El subtitulo: subtitles\RTVE-La1-Madrid.st 2019 09 25.xlogafternoon_new está vacio 

2020-04-17 08:02:31,373:get_data.py:60:WARNING:El subtitulo: subtitles\RTVE-La1-Merida.st 2019 09 16.xlogmorning_new está vacio 

2020-04-17 08:02:31,373:get_data.py:62:WARNING:El subtitulo: subtitles\RTVE-La1-Merida.st 2019 09 16.xlogafternoon_new está vacio 

2020-04-17 08:02:31,374:get_data.py:60:WARNING:El subtitulo: subtitles\RTVE-La1-Merida.st 2019 09 17.xlogmorning_new está vacio 

2020-04-17 08:02:31,374:get_data.py:62:WARNING:El subtitulo: subtitles\RTVE-La1-Merida.st 2019 09 17.xlogafternoon_new está vacio 

2020-04-17 08:02:31,374:get_data.py:60:WARNING:El subtitulo: subtitles\RTVE-La1-Merida.st 2019 09 18.xlogmorning_new está vacio 

2020-04-17 08:02:31,374:get_data.py:62:WARNING:El subtitulo: subtitles\RTVE-La1-Merida.st 2019 09 18.xlogafternoon_new está vacio 

2020-04-17 08:02:31,375:get_data.py:60:WARNING:El subtitulo: subtitles\RTVE-La1-Merida.st 2019 09 19.xlogmorning_new está vacio 

2020-04-17 08:02:31,375:get_data.py:62:WARNING:El subtitulo: subtitles\RTVE-La1-Merida.st 2019 09 19.xlogafternoon_new está vacio 

2020-04-17 08:02:31,375:get_data.py:60:WARNING:El subtitulo: subtitles\RTVE-La1-Merida.st 2019 09 20.xlogmorning_new está vacio 

2020-04-17 08:02:31,375:get_data.py:62:WARNING:El subtitulo: subtitles\RTVE-La1-Merida.st 2019 09 20.xlogafternoon_new está vacio 

2020-04-17 08:02:31,376:get_data.py:60:WARNING:El subtitulo: subtitles\RTVE-La1-Merida.st 2019 09 23.xlogmorning_new está vacio 

2020-04-17 08:02:31,376:get_data.py:62:WARNING:El subtitulo: subtitles\RTVE-La1-Merida.st 2019 09 23.xlogafternoon_new está vacio 

2020-04-17 08:02:31,376:get_data.py:60:WARNING:El subtitulo: subtitles\RTVE-La1-Merida.st 2019 09 24.xlogmorning_new está vacio 

2020-04-17 08:02:31,376:get_data.py:62:WARNING:El subtitulo: subtitles\RTVE-La1-Merida.st 2019 09 24.xlogafternoon_new está vacio 

2020-04-17 08:02:31,376:get_data.py:60:WARNING:El subtitulo: subtitles\RTVE-La1-Merida.st 2019 09 25.xlogmorning_new está vacio 

2020-04-17 08:02:31,376:get_data.py:62:WARNING:El subtitulo: subtitles\RTVE-La1-Merida.st 2019 09 25.xlogafternoon_new está vacio 

2020-04-17 08:02:31,377:get_data.py:60:WARNING:El subtitulo: subtitles\RTVE-La1-Merida.st 2019 09 26.xlogmorning_new está vacio 

2020-04-17 08:02:31,377:get_data.py:62:WARNING:El subtitulo: subtitles\RTVE-La1-Merida.st 2019 09 26.xlogafternoon_new está vacio 

2020-04-17 08:02:31,377:get_data.py:60:WARNING:El subtitulo: subtitles\RTVE-La1-Merida.st 2019 09 27.xlogmorning_new está vacio 

2020-04-17 08:02:31,377:get_data.py:62:WARNING:El subtitulo: subtitles\RTVE-La1-Merida.st 2019 09 27.xlogafternoon_new está vacio 

2020-04-17 08:02:31,378:get_data.py:60:WARNING:El subtitulo: subtitles\RTVE-La1-Merida.st 2019 09 30.xlogmorning_new está vacio 

2020-04-17 08:02:31,378:get_data.py:62:WARNING:El subtitulo: subtitles\RTVE-La1-Merida.st 2019 09 30.xlogafternoon_new está vacio 

2020-04-17 08:02:31,378:get_data.py:60:WARNING:El subtitulo: subtitles\RTVE-La1-Merida.st 2019 10 01.xlogmorning_new está vacio 

2020-04-17 08:02:31,378:get_data.py:62:WARNING:El subtitulo: subtitles\RTVE-La1-Merida.st 2019 10 01.xlogafternoon_new está vacio 

2020-04-17 08:02:31,379:get_data.py:60:WARNING:El subtitulo: subtitles\RTVE-La1-Merida.st 2019 10 02.xlogmorning_new está vacio 

2020-04-17 08:02:31,379:get_data.py:62:WARNING:El subtitulo: subtitles\RTVE-La1-Merida.st 2019 10 02.xlogafternoon_new está vacio 

2020-04-17 08:02:31,379:get_data.py:60:WARNING:El subtitulo: subtitles\RTVE-La1-Merida.st 2019 10 03.xlogmorning_new está vacio 

2020-04-17 08:02:31,379:get_data.py:62:WARNING:El subtitulo: subtitles\RTVE-La1-Merida.st 2019 10 03.xlogafternoon_new está vacio 

2020-04-17 08:02:31,380:get_data.py:60:WARNING:El subtitulo: subtitles\RTVE-La1-Merida.st 2019 10 04.xlogmorning_new está vacio 

2020-04-17 08:02:31,380:get_data.py:62:WARNING:El subtitulo: subtitles\RTVE-La1-Merida.st 2019 10 04.xlogafternoon_new está vacio 

2020-04-17 08:02:31,380:get_data.py:60:WARNING:El subtitulo: subtitles\RTVE-La1-Merida.st 2019 10 07.xlogmorning_new está vacio 

2020-04-17 08:02:31,380:get_data.py:62:WARNING:El subtitulo: subtitles\RTVE-La1-Merida.st 2019 10 07.xlogafternoon_new está vacio 

2020-04-17 08:02:31,380:get_data.py:60:WARNING:El subtitulo: subtitles\RTVE-La1-Merida.st 2019 10 08.xlogmorning_new está vacio 

2020-04-17 08:02:31,380:get_data.py:62:WARNING:El subtitulo: subtitles\RTVE-La1-Merida.st 2019 10 08.xlogafternoon_new está vacio 

2020-04-17 08:02:31,381:get_data.py:60:WARNING:El subtitulo: subtitles\RTVE-La1-Merida.st 2019 10 09.xlogmorning_new está vacio 

2020-04-17 08:02:31,381:get_data.py:62:WARNING:El subtitulo: subtitles\RTVE-La1-Merida.st 2019 10 09.xlogafternoon_new está vacio 

2020-04-17 08:02:31,381:get_data.py:60:WARNING:El subtitulo: subtitles\RTVE-La1-Merida.st 2019 10 10.xlogmorning_new está vacio 

2020-04-17 08:02:31,381:get_data.py:62:WARNING:El subtitulo: subtitles\RTVE-La1-Merida.st 2019 10 10.xlogafternoon_new está vacio 

2020-04-17 08:02:31,382:get_data.py:60:WARNING:El subtitulo: subtitles\RTVE-La1-Merida.st 2019 10 11.xlogmorning_new está vacio 

2020-04-17 08:02:31,382:get_data.py:62:WARNING:El subtitulo: subtitles\RTVE-La1-Merida.st 2019 10 11.xlogafternoon_new está vacio 

2020-04-17 08:02:31,382:get_data.py:60:WARNING:El subtitulo: subtitles\RTVE-La1-Merida.st 2019 10 14.xlogmorning_new está vacio 

2020-04-17 08:02:31,382:get_data.py:62:WARNING:El subtitulo: subtitles\RTVE-La1-Merida.st 2019 10 14.xlogafternoon_new está vacio 

2020-04-17 08:02:31,382:get_data.py:60:WARNING:El subtitulo: subtitles\RTVE-La1-Merida.st 2019 10 15.xlogmorning_new está vacio 

2020-04-17 08:02:31,383:get_data.py:62:WARNING:El subtitulo: subtitles\RTVE-La1-Merida.st 2019 10 15.xlogafternoon_new está vacio 

2020-04-17 08:02:31,383:get_data.py:60:WARNING:El subtitulo: subtitles\RTVE-La1-Merida.st 2019 10 16.xlogmorning_new está vacio 

2020-04-17 08:02:31,383:get_data.py:62:WARNING:El subtitulo: subtitles\RTVE-La1-Merida.st 2019 10 16.xlogafternoon_new está vacio 

2020-04-17 08:02:31,383:get_data.py:60:WARNING:El subtitulo: subtitles\RTVE-La1-Merida.st 2019 10 17.xlogmorning_new está vacio 

2020-04-17 08:02:31,383:get_data.py:62:WARNING:El subtitulo: subtitles\RTVE-La1-Merida.st 2019 10 17.xlogafternoon_new está vacio 

2020-04-17 08:02:31,384:get_data.py:60:WARNING:El subtitulo: subtitles\RTVE-La1-Oviedo.st 2019 09 23.xlogmorning_new está vacio 

2020-04-17 08:02:31,384:get_data.py:62:WARNING:El subtitulo: subtitles\RTVE-La1-Oviedo.st 2019 09 23.xlogafternoon_new está vacio 

2020-04-17 08:02:31,384:get_data.py:60:WARNING:El subtitulo: subtitles\RTVE-La1-Sevilla.st 2019 06 18.xlogmorning_new está vacio 

2020-04-17 08:02:31,384:get_data.py:62:WARNING:El subtitulo: subtitles\RTVE-La1-Sevilla.st 2019 06 18.xlogafternoon_new está vacio 

2020-04-17 08:02:31,384:get_data.py:60:WARNING:El subtitulo: subtitles\RTVE-La1-Sevilla.st 2019 09 16.xlogmorning_new está vacio 

2020-04-17 08:02:31,384:get_data.py:62:WARNING:El subtitulo: subtitles\RTVE-La1-Sevilla.st 2019 09 16.xlogafternoon_new está vacio 

2020-04-17 08:02:31,385:get_data.py:60:WARNING:El subtitulo: subtitles\RTVE-La1-Sevilla.st 2019 09 17.xlogmorning_new está vacio 

2020-04-17 08:02:31,385:get_data.py:62:WARNING:El subtitulo: subtitles\RTVE-La1-Sevilla.st 2019 09 17.xlogafternoon_new está vacio 

2020-04-17 08:02:31,385:get_data.py:60:WARNING:El subtitulo: subtitles\RTVE-La1-Sevilla.st 2019 09 18.xlogmorning_new está vacio 

2020-04-17 08:02:31,385:get_data.py:62:WARNING:El subtitulo: subtitles\RTVE-La1-Sevilla.st 2019 09 18.xlogafternoon_new está vacio 

2020-04-17 08:02:31,386:get_data.py:60:WARNING:El subtitulo: subtitles\RTVE-La1-Sevilla.st 2019 09 19.xlogmorning_new está vacio 

2020-04-17 08:02:31,386:get_data.py:62:WARNING:El subtitulo: subtitles\RTVE-La1-Sevilla.st 2019 09 19.xlogafternoon_new está vacio 

2020-04-17 08:02:31,386:get_data.py:60:WARNING:El subtitulo: subtitles\RTVE-La1-Sevilla.st 2019 09 20.xlogmorning_new está vacio 

2020-04-17 08:02:31,386:get_data.py:62:WARNING:El subtitulo: subtitles\RTVE-La1-Sevilla.st 2019 09 20.xlogafternoon_new está vacio 

2020-04-17 08:02:31,386:get_data.py:60:WARNING:El subtitulo: subtitles\RTVE-La1-Sevilla.st 2019 09 23.xlogmorning_new está vacio 

2020-04-17 08:02:31,386:get_data.py:62:WARNING:El subtitulo: subtitles\RTVE-La1-Sevilla.st 2019 09 23.xlogafternoon_new está vacio 

2020-04-17 08:02:31,387:get_data.py:60:WARNING:El subtitulo: subtitles\RTVE-La1-Sevilla.st 2019 09 24.xlogmorning_new está vacio 

2020-04-17 08:02:31,387:get_data.py:62:WARNING:El subtitulo: subtitles\RTVE-La1-Sevilla.st 2019 09 24.xlogafternoon_new está vacio 

2020-04-17 08:02:31,387:get_data.py:60:WARNING:El subtitulo: subtitles\RTVE-La1-Sevilla.st 2019 09 25.xlogmorning_new está vacio 

2020-04-17 08:02:31,388:get_data.py:62:WARNING:El subtitulo: subtitles\RTVE-La1-Sevilla.st 2019 09 25.xlogafternoon_new está vacio 

2020-04-17 08:02:31,388:get_data.py:60:WARNING:El subtitulo: subtitles\RTVE-La1-Sevilla.st 2019 09 26.xlogmorning_new está vacio 

2020-04-17 08:02:31,388:get_data.py:62:WARNING:El subtitulo: subtitles\RTVE-La1-Sevilla.st 2019 09 26.xlogafternoon_new está vacio 

2020-04-17 08:02:31,388:get_data.py:60:WARNING:El subtitulo: subtitles\RTVE-La1-Sevilla.st 2019 09 27.xlogmorning_new está vacio 

2020-04-17 08:02:31,388:get_data.py:62:WARNING:El subtitulo: subtitles\RTVE-La1-Sevilla.st 2019 09 27.xlogafternoon_new está vacio 

2020-04-17 08:02:31,389:get_data.py:60:WARNING:El subtitulo: subtitles\RTVE-La1-Sevilla.st 2019 09 30.xlogmorning_new está vacio 

2020-04-17 08:02:31,389:get_data.py:62:WARNING:El subtitulo: subtitles\RTVE-La1-Sevilla.st 2019 09 30.xlogafternoon_new está vacio 

2020-04-17 08:02:31,389:get_data.py:60:WARNING:El subtitulo: subtitles\RTVE-La1-Sevilla.st 2019 10 01.xlogmorning_new está vacio 

2020-04-17 08:02:31,389:get_data.py:62:WARNING:El subtitulo: subtitles\RTVE-La1-Sevilla.st 2019 10 01.xlogafternoon_new está vacio 

2020-04-17 08:02:31,390:get_data.py:60:WARNING:El subtitulo: subtitles\RTVE-La1-Sevilla.st 2019 10 02.xlogmorning_new está vacio 

2020-04-17 08:02:31,390:get_data.py:62:WARNING:El subtitulo: subtitles\RTVE-La1-Sevilla.st 2019 10 02.xlogafternoon_new está vacio 

2020-04-17 08:02:31,390:get_data.py:60:WARNING:El subtitulo: subtitles\RTVE-La1-Sevilla.st 2019 10 03.xlogmorning_new está vacio 

2020-04-17 08:02:31,390:get_data.py:62:WARNING:El subtitulo: subtitles\RTVE-La1-Sevilla.st 2019 10 03.xlogafternoon_new está vacio 

2020-04-17 08:02:31,390:get_data.py:60:WARNING:El subtitulo: subtitles\RTVE-La1-Sevilla.st 2019 10 04.xlogmorning_new está vacio 

2020-04-17 08:02:31,390:get_data.py:62:WARNING:El subtitulo: subtitles\RTVE-La1-Sevilla.st 2019 10 04.xlogafternoon_new está vacio 

2020-04-17 08:02:31,391:get_data.py:60:WARNING:El subtitulo: subtitles\RTVE-La1-Sevilla.st 2019 10 07.xlogmorning_new está vacio 

2020-04-17 08:02:31,391:get_data.py:62:WARNING:El subtitulo: subtitles\RTVE-La1-Sevilla.st 2019 10 07.xlogafternoon_new está vacio 

2020-04-17 08:02:31,391:get_data.py:60:WARNING:El subtitulo: subtitles\RTVE-La1-Sevilla.st 2019 10 08.xlogmorning_new está vacio 

2020-04-17 08:02:31,391:get_data.py:62:WARNING:El subtitulo: subtitles\RTVE-La1-Sevilla.st 2019 10 08.xlogafternoon_new está vacio 

2020-04-17 08:02:31,392:get_data.py:60:WARNING:El subtitulo: subtitles\RTVE-La1-Sevilla.st 2019 10 09.xlogmorning_new está vacio 

2020-04-17 08:02:31,392:get_data.py:62:WARNING:El subtitulo: subtitles\RTVE-La1-Sevilla.st 2019 10 09.xlogafternoon_new está vacio 

2020-04-17 08:02:31,392:get_data.py:60:WARNING:El subtitulo: subtitles\RTVE-La1-Sevilla.st 2019 10 10.xlogmorning_new está vacio 

2020-04-17 08:02:31,392:get_data.py:62:WARNING:El subtitulo: subtitles\RTVE-La1-Sevilla.st 2019 10 10.xlogafternoon_new está vacio 

2020-04-17 08:02:31,392:get_data.py:60:WARNING:El subtitulo: subtitles\RTVE-La1-Sevilla.st 2019 10 11.xlogmorning_new está vacio 

2020-04-17 08:02:31,393:get_data.py:62:WARNING:El subtitulo: subtitles\RTVE-La1-Sevilla.st 2019 10 11.xlogafternoon_new está vacio 

2020-04-17 08:02:31,393:get_data.py:60:WARNING:El subtitulo: subtitles\RTVE-La1-Sevilla.st 2019 10 14.xlogmorning_new está vacio 

2020-04-17 08:02:31,393:get_data.py:62:WARNING:El subtitulo: subtitles\RTVE-La1-Sevilla.st 2019 10 14.xlogafternoon_new está vacio 

2020-04-17 08:02:31,393:get_data.py:60:WARNING:El subtitulo: subtitles\RTVE-La1-Sevilla.st 2019 10 15.xlogmorning_new está vacio 

2020-04-17 08:02:31,393:get_data.py:62:WARNING:El subtitulo: subtitles\RTVE-La1-Sevilla.st 2019 10 15.xlogafternoon_new está vacio 

2020-04-17 08:02:31,394:get_data.py:60:WARNING:El subtitulo: subtitles\RTVE-La1-Sevilla.st 2019 10 16.xlogmorning_new está vacio 

2020-04-17 08:02:31,394:get_data.py:62:WARNING:El subtitulo: subtitles\RTVE-La1-Sevilla.st 2019 10 16.xlogafternoon_new está vacio 

2020-04-17 08:02:31,394:get_data.py:60:WARNING:El subtitulo: subtitles\RTVE-La1-Toledo.st 2019 09 16.xlogmorning_new está vacio 

2020-04-17 08:02:31,394:get_data.py:62:WARNING:El subtitulo: subtitles\RTVE-La1-Toledo.st 2019 09 16.xlogafternoon_new está vacio 

2020-04-17 08:02:31,395:get_data.py:60:WARNING:El subtitulo: subtitles\RTVE-La1-Toledo.st 2019 09 17.xlogmorning_new está vacio 

2020-04-17 08:02:31,395:get_data.py:62:WARNING:El subtitulo: subtitles\RTVE-La1-Toledo.st 2019 09 17.xlogafternoon_new está vacio 

2020-04-17 08:02:31,395:get_data.py:60:WARNING:El subtitulo: subtitles\RTVE-La1-Toledo.st 2019 09 18.xlogmorning_new está vacio 

2020-04-17 08:02:31,395:get_data.py:62:WARNING:El subtitulo: subtitles\RTVE-La1-Toledo.st 2019 09 18.xlogafternoon_new está vacio 

2020-04-17 08:02:31,396:get_data.py:60:WARNING:El subtitulo: subtitles\RTVE-La1-Toledo.st 2019 09 19.xlogmorning_new está vacio 

2020-04-17 08:02:31,396:get_data.py:62:WARNING:El subtitulo: subtitles\RTVE-La1-Toledo.st 2019 09 19.xlogafternoon_new está vacio 

2020-04-17 08:02:31,396:get_data.py:60:WARNING:El subtitulo: subtitles\RTVE-La1-Toledo.st 2019 09 20.xlogmorning_new está vacio 

2020-04-17 08:02:31,396:get_data.py:62:WARNING:El subtitulo: subtitles\RTVE-La1-Toledo.st 2019 09 20.xlogafternoon_new está vacio 

2020-04-17 08:02:31,397:get_data.py:60:WARNING:El subtitulo: subtitles\RTVE-La1-Toledo.st 2019 09 23.xlogmorning_new está vacio 

2020-04-17 08:02:31,397:get_data.py:62:WARNING:El subtitulo: subtitles\RTVE-La1-Toledo.st 2019 09 23.xlogafternoon_new está vacio 

2020-04-17 08:02:31,397:get_data.py:60:WARNING:El subtitulo: subtitles\RTVE-La1-Toledo.st 2019 09 24.xlogmorning_new está vacio 

2020-04-17 08:02:31,397:get_data.py:62:WARNING:El subtitulo: subtitles\RTVE-La1-Toledo.st 2019 09 24.xlogafternoon_new está vacio 

2020-04-17 08:02:31,398:get_data.py:60:WARNING:El subtitulo: subtitles\RTVE-La1-Toledo.st 2019 09 25.xlogmorning_new está vacio 

2020-04-17 08:02:31,398:get_data.py:62:WARNING:El subtitulo: subtitles\RTVE-La1-Toledo.st 2019 09 25.xlogafternoon_new está vacio 

2020-04-17 08:02:31,398:get_data.py:60:WARNING:El subtitulo: subtitles\RTVE-La1-Toledo.st 2019 09 26.xlogmorning_new está vacio 

2020-04-17 08:02:31,398:get_data.py:62:WARNING:El subtitulo: subtitles\RTVE-La1-Toledo.st 2019 09 26.xlogafternoon_new está vacio 

2020-04-17 08:02:31,398:get_data.py:60:WARNING:El subtitulo: subtitles\RTVE-La1-Toledo.st 2019 09 27.xlogmorning_new está vacio 

2020-04-17 08:02:31,398:get_data.py:62:WARNING:El subtitulo: subtitles\RTVE-La1-Toledo.st 2019 09 27.xlogafternoon_new está vacio 

2020-04-17 08:02:31,399:get_data.py:60:WARNING:El subtitulo: subtitles\RTVE-La1-Toledo.st 2019 09 30.xlogmorning_new está vacio 

2020-04-17 08:02:31,399:get_data.py:62:WARNING:El subtitulo: subtitles\RTVE-La1-Toledo.st 2019 09 30.xlogafternoon_new está vacio 

2020-04-17 08:02:31,399:get_data.py:60:WARNING:El subtitulo: subtitles\RTVE-La1-Toledo.st 2019 10 01.xlogmorning_new está vacio 

2020-04-17 08:02:31,399:get_data.py:62:WARNING:El subtitulo: subtitles\RTVE-La1-Toledo.st 2019 10 01.xlogafternoon_new está vacio 

2020-04-17 08:02:31,400:get_data.py:60:WARNING:El subtitulo: subtitles\RTVE-La1-Toledo.st 2019 10 04.xlogmorning_new está vacio 

2020-04-17 08:02:31,400:get_data.py:62:WARNING:El subtitulo: subtitles\RTVE-La1-Toledo.st 2019 10 04.xlogafternoon_new está vacio 

2020-04-17 08:02:31,400:get_data.py:60:WARNING:El subtitulo: subtitles\RTVE-La1-Toledo.st 2019 10 07.xlogmorning_new está vacio 

2020-04-17 08:02:31,400:get_data.py:62:WARNING:El subtitulo: subtitles\RTVE-La1-Toledo.st 2019 10 07.xlogafternoon_new está vacio 

2020-04-17 08:02:31,400:get_data.py:60:WARNING:El subtitulo: subtitles\RTVE-La1-Toledo.st 2019 10 08.xlogmorning_new está vacio 

2020-04-17 08:02:31,400:get_data.py:62:WARNING:El subtitulo: subtitles\RTVE-La1-Toledo.st 2019 10 08.xlogafternoon_new está vacio 

2020-04-17 08:02:31,401:get_data.py:60:WARNING:El subtitulo: subtitles\RTVE-La1-Toledo.st 2019 10 09.xlogmorning_new está vacio 

2020-04-17 08:02:31,401:get_data.py:62:WARNING:El subtitulo: subtitles\RTVE-La1-Toledo.st 2019 10 09.xlogafternoon_new está vacio 

2020-04-17 08:02:31,401:get_data.py:60:WARNING:El subtitulo: subtitles\RTVE-La1-Toledo.st 2019 10 10.xlogmorning_new está vacio 

2020-04-17 08:02:31,401:get_data.py:62:WARNING:El subtitulo: subtitles\RTVE-La1-Toledo.st 2019 10 10.xlogafternoon_new está vacio 

2020-04-17 08:02:31,402:get_data.py:60:WARNING:El subtitulo: subtitles\RTVE-La1-Toledo.st 2019 10 11.xlogmorning_new está vacio 

2020-04-17 08:02:31,402:get_data.py:62:WARNING:El subtitulo: subtitles\RTVE-La1-Toledo.st 2019 10 11.xlogafternoon_new está vacio 

2020-04-17 08:02:31,402:get_data.py:60:WARNING:El subtitulo: subtitles\RTVE-La1-Toledo.st 2019 10 14.xlogmorning_new está vacio 

2020-04-17 08:02:31,402:get_data.py:62:WARNING:El subtitulo: subtitles\RTVE-La1-Toledo.st 2019 10 14.xlogafternoon_new está vacio 

2020-04-17 08:02:31,403:get_data.py:60:WARNING:El subtitulo: subtitles\RTVE-La1-Toledo.st 2019 10 15.xlogmorning_new está vacio 

2020-04-17 08:02:31,403:get_data.py:62:WARNING:El subtitulo: subtitles\RTVE-La1-Toledo.st 2019 10 15.xlogafternoon_new está vacio 

2020-04-17 08:02:31,403:get_data.py:60:WARNING:El subtitulo: subtitles\RTVE-La1-Toledo.st 2019 10 16.xlogmorning_new está vacio 

2020-04-17 08:02:31,403:get_data.py:62:WARNING:El subtitulo: subtitles\RTVE-La1-Toledo.st 2019 10 16.xlogafternoon_new está vacio 

2020-04-17 08:02:31,403:get_data.py:60:WARNING:El subtitulo: subtitles\RTVE-La1-Toledo.st 2019 10 17.xlogmorning_new está vacio 

2020-04-17 08:02:31,403:get_data.py:62:WARNING:El subtitulo: subtitles\RTVE-La1-Toledo.st 2019 10 17.xlogafternoon_new está vacio 

2020-04-17 08:02:31,404:get_data.py:60:WARNING:El subtitulo: subtitles\RTVE-La1-Valladolid.st 2019 09 23.xlogmorning_new está vacio 

2020-04-17 08:02:31,404:get_data.py:62:WARNING:El subtitulo: subtitles\RTVE-La1-Valladolid.st 2019 09 23.xlogafternoon_new está vacio 

2020-04-17 08:02:31,407:get_data.py:60:WARNING:El subtitulo: subtitles\Telecinco HD_spa_TXT.st 2019 09 18.xlogmorning_new está vacio 

2020-04-17 08:02:31,451:get_data.py:60:WARNING:El subtitulo: subtitles\Telecinco HD_spa_TXT.st 2019 09 21.xlogmorning_new está vacio 

2020-04-17 08:02:31,451:get_data.py:62:WARNING:El subtitulo: subtitles\Telecinco HD_spa_TXT.st 2019 09 21.xlogafternoon_new está vacio 

2020-04-17 08:02:31,461:get_data.py:60:WARNING:El subtitulo: subtitles\Telecinco HD_spa_TXT.st 2019 09 22.xlogmorning_new está vacio 

2020-04-17 08:02:31,507:get_data.py:62:WARNING:El subtitulo: subtitles\Telecinco HD_spa_TXT.st 2019 09 25.xlogafternoon_new está vacio 

2020-04-17 08:02:31,543:get_data.py:62:WARNING:El subtitulo: subtitles\Telecinco HD_spa_TXT.st 2019 09 26.xlogafternoon_new está vacio 

2020-04-17 08:02:31,561:get_data.py:60:WARNING:El subtitulo: subtitles\Telecinco HD_spa_TXT.st 2019 09 28.xlogmorning_new está vacio 

2020-04-17 08:02:31,571:get_data.py:60:WARNING:El subtitulo: subtitles\Telecinco HD_spa_TXT.st 2019 09 29.xlogmorning_new está vacio 

2020-04-17 08:02:31,603:get_data.py:62:WARNING:El subtitulo: subtitles\Telecinco HD_spa_TXT.st 2019 10 01.xlogafternoon_new está vacio 

2020-04-17 08:02:31,648:get_data.py:62:WARNING:El subtitulo: subtitles\Telecinco HD_spa_TXT.st 2019 10 04.xlogafternoon_new está vacio 

2020-04-17 08:02:31,656:get_data.py:60:WARNING:El subtitulo: subtitles\Telecinco HD_spa_TXT.st 2019 10 05.xlogmorning_new está vacio 

2020-04-17 08:02:31,665:get_data.py:60:WARNING:El subtitulo: subtitles\Telecinco HD_spa_TXT.st 2019 10 06.xlogmorning_new está vacio 

2020-04-17 08:02:31,689:get_data.py:62:WARNING:El subtitulo: subtitles\Telecinco HD_spa_TXT.st 2019 10 07.xlogafternoon_new está vacio 

2020-04-17 08:02:31,720:get_data.py:62:WARNING:El subtitulo: subtitles\Telecinco HD_spa_TXT.st 2019 10 09.xlogafternoon_new está vacio 

2020-04-17 08:02:31,753:get_data.py:62:WARNING:El subtitulo: subtitles\Telecinco HD_spa_TXT.st 2019 10 11.xlogafternoon_new está vacio 

2020-04-17 08:02:31,761:get_data.py:60:WARNING:El subtitulo: subtitles\Telecinco HD_spa_TXT.st 2019 10 12.xlogmorning_new está vacio 

2020-04-17 08:02:31,769:get_data.py:60:WARNING:El subtitulo: subtitles\Telecinco HD_spa_TXT.st 2019 10 13.xlogmorning_new está vacio 

2020-04-17 08:02:31,792:get_data.py:62:WARNING:El subtitulo: subtitles\Telecinco HD_spa_TXT.st 2019 10 14.xlogafternoon_new está vacio 

2020-04-17 08:02:31,809:get_data.py:60:WARNING:El subtitulo: subtitles\Telecinco HD_spa_TXT.st 2019 10 16.xlogmorning_new está vacio 

2020-04-17 08:02:31,812:get_data.py:60:WARNING:El subtitulo: subtitles\Telecinco HD_spa_TXT.st 2019 10 17.xlogmorning_new está vacio 

2020-04-17 08:02:31,821:get_data.py:60:WARNING:El subtitulo: subtitles\Telecinco HD_spa_TXT.st 2019 10 18.xlogmorning_new está vacio 

2020-04-17 08:02:31,822:get_data.py:62:WARNING:El subtitulo: subtitles\Telecinco HD_spa_TXT.st 2019 10 18.xlogafternoon_new está vacio 

2020-04-17 08:02:31,825:get_data.py:60:WARNING:El subtitulo: subtitles\Telecinco_spa_TXT.st 2019 09 18.xlogmorning_new está vacio 

2020-04-17 08:02:31,864:get_data.py:60:WARNING:El subtitulo: subtitles\Telecinco_spa_TXT.st 2019 09 21.xlogmorning_new está vacio 

2020-04-17 08:02:31,864:get_data.py:62:WARNING:El subtitulo: subtitles\Telecinco_spa_TXT.st 2019 09 21.xlogafternoon_new está vacio 

2020-04-17 08:02:31,874:get_data.py:60:WARNING:El subtitulo: subtitles\Telecinco_spa_TXT.st 2019 09 22.xlogmorning_new está vacio 

2020-04-17 08:02:31,916:get_data.py:62:WARNING:El subtitulo: subtitles\Telecinco_spa_TXT.st 2019 09 25.xlogafternoon_new está vacio 

2020-04-17 08:02:31,949:get_data.py:62:WARNING:El subtitulo: subtitles\Telecinco_spa_TXT.st 2019 09 26.xlogafternoon_new está vacio 

2020-04-17 08:02:31,968:get_data.py:60:WARNING:El subtitulo: subtitles\Telecinco_spa_TXT.st 2019 09 28.xlogmorning_new está vacio 

2020-04-17 08:02:31,976:get_data.py:60:WARNING:El subtitulo: subtitles\Telecinco_spa_TXT.st 2019 09 29.xlogmorning_new está vacio 

2020-04-17 08:02:32,005:get_data.py:62:WARNING:El subtitulo: subtitles\Telecinco_spa_TXT.st 2019 10 01.xlogafternoon_new está vacio 

2020-04-17 08:02:32,046:get_data.py:62:WARNING:El subtitulo: subtitles\Telecinco_spa_TXT.st 2019 10 04.xlogafternoon_new está vacio 

2020-04-17 08:02:32,054:get_data.py:60:WARNING:El subtitulo: subtitles\Telecinco_spa_TXT.st 2019 10 05.xlogmorning_new está vacio 

2020-04-17 08:02:32,063:get_data.py:60:WARNING:El subtitulo: subtitles\Telecinco_spa_TXT.st 2019 10 06.xlogmorning_new está vacio 

2020-04-17 08:02:32,087:get_data.py:62:WARNING:El subtitulo: subtitles\Telecinco_spa_TXT.st 2019 10 07.xlogafternoon_new está vacio 

2020-04-17 08:02:32,121:get_data.py:62:WARNING:El subtitulo: subtitles\Telecinco_spa_TXT.st 2019 10 09.xlogafternoon_new está vacio 

2020-04-17 08:02:32,154:get_data.py:62:WARNING:El subtitulo: subtitles\Telecinco_spa_TXT.st 2019 10 11.xlogafternoon_new está vacio 

2020-04-17 08:02:32,161:get_data.py:60:WARNING:El subtitulo: subtitles\Telecinco_spa_TXT.st 2019 10 12.xlogmorning_new está vacio 

2020-04-17 08:02:32,170:get_data.py:60:WARNING:El subtitulo: subtitles\Telecinco_spa_TXT.st 2019 10 13.xlogmorning_new está vacio 

2020-04-17 08:02:32,192:get_data.py:62:WARNING:El subtitulo: subtitles\Telecinco_spa_TXT.st 2019 10 14.xlogafternoon_new está vacio 

2020-04-17 08:02:32,208:get_data.py:60:WARNING:El subtitulo: subtitles\Telecinco_spa_TXT.st 2019 10 16.xlogmorning_new está vacio 

2020-04-17 08:02:32,211:get_data.py:60:WARNING:El subtitulo: subtitles\Telecinco_spa_TXT.st 2019 10 17.xlogmorning_new está vacio 

2020-04-17 08:02:32,220:get_data.py:60:WARNING:El subtitulo: subtitles\Telecinco_spa_TXT.st 2019 10 18.xlogmorning_new está vacio 

2020-04-17 08:02:32,220:get_data.py:62:WARNING:El subtitulo: subtitles\Telecinco_spa_TXT.st 2019 10 18.xlogafternoon_new está vacio 

