2020-06-14 01:20:46,559:unsupervised_learning_gensim.py:81:WARNING:OSError --- key error: Millar
2020-06-14 01:20:46,611:unsupervised_learning_gensim.py:81:WARNING:OSError --- key error: Vega-Baja
2020-06-14 01:20:46,627:unsupervised_learning_gensim.py:81:WARNING:OSError --- key error: desbordase
2020-06-14 01:20:46,705:unsupervised_learning_gensim.py:81:WARNING:OSError --- key error: precipitadamente
2020-06-14 01:20:46,721:unsupervised_learning_gensim.py:81:WARNING:OSError --- key error: torrenteras
2020-06-14 01:20:46,721:unsupervised_learning_gensim.py:81:WARNING:OSError --- key error: Albaida
2020-06-14 01:20:46,736:unsupervised_learning_gensim.py:81:WARNING:OSError --- key error: gráficamente
2020-06-14 01:20:46,797:unsupervised_learning_gensim.py:81:WARNING:OSError --- key error: Alhaurín
2020-06-14 01:20:46,797:unsupervised_learning_gensim.py:81:WARNING:OSError --- key error: Gudiña
2020-06-14 01:20:46,812:unsupervised_learning_gensim.py:81:WARNING:OSError --- key error: Inquietante
2020-06-14 01:20:46,828:unsupervised_learning_gensim.py:81:WARNING:OSError --- key error: proiraníes
2020-06-14 01:20:46,922:unsupervised_learning_gensim.py:81:WARNING:OSError --- key error: vaciarlas
2020-06-14 01:20:46,984:unsupervised_learning_gensim.py:81:WARNING:OSError --- key error: Pepu-Hernández
2020-06-14 01:20:47,000:unsupervised_learning_gensim.py:81:WARNING:OSError --- key error: Sabremos
2020-06-14 01:20:47,078:unsupervised_learning_gensim.py:81:WARNING:OSError --- key error: arruinadas
2020-06-14 01:20:47,125:unsupervised_learning_gensim.py:81:WARNING:OSError --- key error: Acudiremos
2020-06-14 01:20:47,187:unsupervised_learning_gensim.py:81:WARNING:OSError --- key error: Santiago-Cid
2020-06-14 01:20:47,218:unsupervised_learning_gensim.py:81:WARNING:OSError --- key error: Colchones
2020-06-14 01:20:47,254:unsupervised_learning_gensim.py:81:WARNING:OSError --- key error: Ponciano
2020-06-14 01:20:47,267:unsupervised_learning_gensim.py:81:WARNING:OSError --- key error: Alcáceres
2020-06-14 01:20:47,336:unsupervised_learning_gensim.py:81:WARNING:OSError --- key error: Vega-Alta
2020-06-14 01:20:47,343:unsupervised_learning_gensim.py:81:WARNING:OSError --- key error: anegar
2020-06-14 01:20:47,345:unsupervised_learning_gensim.py:81:WARNING:OSError --- key error: Cieza
2020-06-14 01:20:47,348:unsupervised_learning_gensim.py:81:WARNING:OSError --- key error: Archena
2020-06-14 01:20:47,355:unsupervised_learning_gensim.py:81:WARNING:OSError --- key error: Bernabé-Sánchez-Minguet
2020-06-14 01:20:47,419:unsupervised_learning_gensim.py:81:WARNING:OSError --- key error: Desbordado
2020-06-14 01:20:47,438:unsupervised_learning_gensim.py:81:WARNING:OSError --- key error: Andando
2020-06-14 01:20:47,482:unsupervised_learning_gensim.py:81:WARNING:OSError --- key error: Beniel
2020-06-14 01:20:47,510:unsupervised_learning_gensim.py:81:WARNING:OSError --- key error: Almoradí
2020-06-14 01:20:47,541:unsupervised_learning_gensim.py:81:WARNING:OSError --- key error: Almoradí
2020-06-14 01:20:47,551:unsupervised_learning_gensim.py:81:WARNING:OSError --- key error: Inma-González
2020-06-14 01:20:47,627:unsupervised_learning_gensim.py:81:WARNING:OSError --- key error: anegados
2020-06-14 01:20:47,692:unsupervised_learning_gensim.py:81:WARNING:OSError --- key error: Carla-García
2020-06-14 01:20:47,739:unsupervised_learning_gensim.py:81:WARNING:OSError --- key error: anegado
2020-06-14 01:20:47,739:unsupervised_learning_gensim.py:81:WARNING:OSError --- key error: Excavadoras
2020-06-14 01:20:47,787:unsupervised_learning_gensim.py:81:WARNING:OSError --- key error: fastidiada
2020-06-14 01:20:47,819:unsupervised_learning_gensim.py:81:WARNING:OSError --- key error: olvidarla
2020-06-14 01:20:47,819:unsupervised_learning_gensim.py:81:WARNING:OSError --- key error: Alhaurín
2020-06-14 01:20:47,834:unsupervised_learning_gensim.py:81:WARNING:OSError --- key error: Juanma-Corzo
2020-06-14 01:20:47,912:unsupervised_learning_gensim.py:81:WARNING:OSError --- key error: Alahurín
2020-06-14 01:20:47,944:unsupervised_learning_gensim.py:81:WARNING:OSError --- key error: cañada
2020-06-14 01:20:47,992:unsupervised_learning_gensim.py:81:WARNING:OSError --- key error: Almoradí
2020-06-14 01:20:47,992:unsupervised_learning_gensim.py:81:WARNING:OSError --- key error: Cieza
2020-06-14 01:20:48,023:unsupervised_learning_gensim.py:81:WARNING:OSError --- key error: Himar
2020-06-14 01:20:48,132:unsupervised_learning_gensim.py:81:WARNING:OSError --- key error: Matías
2020-06-14 01:20:48,148:unsupervised_learning_gensim.py:81:WARNING:OSError --- key error: chocándose
2020-06-14 01:20:48,179:unsupervised_learning_gensim.py:81:WARNING:OSError --- key error: inundándolo
2020-06-14 01:20:48,179:unsupervised_learning_gensim.py:81:WARNING:OSError --- key error: Horadada
2020-06-14 01:20:48,210:unsupervised_learning_gensim.py:81:WARNING:OSError --- key error: Higuera
2020-06-14 01:20:48,288:unsupervised_learning_gensim.py:81:WARNING:OSError --- key error: Cosechas
2020-06-14 01:20:48,332:unsupervised_learning_gensim.py:81:WARNING:OSError --- key error: Alcáceres
2020-06-14 01:20:48,361:unsupervised_learning_gensim.py:81:WARNING:OSError --- key error: Santiago-Cid
2020-06-14 01:20:48,439:unsupervised_learning_gensim.py:81:WARNING:OSError --- key error: Alcáceres
2020-06-14 01:20:48,627:unsupervised_learning_gensim.py:81:WARNING:OSError --- key error: riachuelo
2020-06-14 01:20:48,689:unsupervised_learning_gensim.py:81:WARNING:OSError --- key error: afanadas
2020-06-14 01:20:48,722:unsupervised_learning_gensim.py:81:WARNING:OSError --- key error: Gudiña
2020-06-14 01:20:48,737:unsupervised_learning_gensim.py:81:WARNING:OSError --- key error: María-Cheda
2020-06-14 01:20:48,831:unsupervised_learning_gensim.py:81:WARNING:OSError --- key error: Carlos-Narganes
2020-06-14 01:20:48,862:unsupervised_learning_gensim.py:81:WARNING:OSError --- key error: formalidad
2020-06-14 01:20:48,894:unsupervised_learning_gensim.py:81:WARNING:OSError --- key error: formalismo
2020-06-14 01:20:49,003:unsupervised_learning_gensim.py:81:WARNING:OSError --- key error: Times
2020-06-14 01:20:49,081:unsupervised_learning_gensim.py:81:WARNING:OSError --- key error: Ocean-Viking
2020-06-14 01:20:49,112:unsupervised_learning_gensim.py:81:WARNING:OSError --- key error: mostrasen
2020-06-14 01:20:49,112:unsupervised_learning_gensim.py:81:WARNING:OSError --- key error: Desvalijaban
2020-06-14 01:20:49,143:unsupervised_learning_gensim.py:81:WARNING:OSError --- key error: Tania-Latorre
2020-06-14 01:20:49,175:unsupervised_learning_gensim.py:81:WARNING:OSError --- key error: Marcar
2020-06-14 01:20:49,190:unsupervised_learning_gensim.py:81:WARNING:OSError --- key error: sustrajeron
2020-06-14 01:20:49,300:unsupervised_learning_gensim.py:81:WARNING:OSError --- key error: Beatriz-Solano
2020-06-14 01:20:49,364:unsupervised_learning_gensim.py:81:WARNING:OSError --- key error: Castellanos
2020-06-14 01:20:49,381:unsupervised_learning_gensim.py:81:WARNING:OSError --- key error: Pepu-Hernández
2020-06-14 01:20:49,383:unsupervised_learning_gensim.py:81:WARNING:OSError --- key error: Sabremos
2020-06-14 01:20:49,393:unsupervised_learning_gensim.py:81:WARNING:OSError --- key error: Paradón
2020-06-14 01:20:49,396:unsupervised_learning_gensim.py:81:WARNING:OSError --- key error: Vezo
2020-06-14 01:20:49,489:unsupervised_learning_gensim.py:81:WARNING:OSError --- key error: terminase
2020-06-14 01:20:49,505:unsupervised_learning_gensim.py:81:WARNING:OSError --- key error: desaprovechadas
2020-06-14 01:20:49,536:unsupervised_learning_gensim.py:81:WARNING:OSError --- key error: granotas
2020-06-14 01:20:49,536:unsupervised_learning_gensim.py:81:WARNING:OSError --- key error: Gonzalo-Melero
2020-06-14 01:20:49,583:unsupervised_learning_gensim.py:81:WARNING:OSError --- key error: Takefusa-Kubo
2020-06-14 01:20:49,599:unsupervised_learning_gensim.py:81:WARNING:OSError --- key error: Prats
2020-06-14 01:20:49,614:unsupervised_learning_gensim.py:81:WARNING:OSError --- key error: Babá
2020-06-14 01:20:49,614:unsupervised_learning_gensim.py:81:WARNING:OSError --- key error: Manolo-Reina
2020-06-14 01:20:49,661:unsupervised_learning_gensim.py:81:WARNING:OSError --- key error: Pepu-Hernández
2020-06-14 01:20:49,677:unsupervised_learning_gensim.py:81:WARNING:OSError --- key error: Antena
2020-06-14 01:20:49,677:unsupervised_learning_gensim.py:81:WARNING:OSError --- key error: Raúl-Meda
2020-06-14 01:20:49,677:unsupervised_learning_gensim.py:81:WARNING:OSError --- key error: Pepu
2020-06-14 01:20:49,724:unsupervised_learning_gensim.py:81:WARNING:OSError --- key error: Solo-Marc-Gasol
2020-06-14 01:20:49,724:unsupervised_learning_gensim.py:81:WARNING:OSError --- key error: Garbajosa
2020-06-14 01:20:49,755:unsupervised_learning_gensim.py:81:WARNING:OSError --- key error: Pepu
2020-06-14 01:20:49,771:unsupervised_learning_gensim.py:81:WARNING:OSError --- key error: Pude
2020-06-14 01:20:49,804:unsupervised_learning_gensim.py:81:WARNING:OSError --- key error: Litchenburg
2020-06-14 01:20:49,804:unsupervised_learning_gensim.py:81:WARNING:OSError --- key error: probándose
2020-06-14 01:20:49,804:unsupervised_learning_gensim.py:81:WARNING:OSError --- key error: Marc-Coma
2020-06-14 01:20:49,820:unsupervised_learning_gensim.py:81:WARNING:OSError --- key error: parabrisas
2020-06-14 01:20:49,820:unsupervised_learning_gensim.py:81:WARNING:OSError --- key error: parabrisas
2020-06-14 01:20:49,835:unsupervised_learning_gensim.py:81:WARNING:OSError --- key error: San-Fernando-Club
2020-06-14 01:20:49,882:unsupervised_learning_gensim.py:81:WARNING:OSError --- key error: Himar-González
2020-06-14 01:20:49,882:unsupervised_learning_gensim.py:81:WARNING:OSError --- key error: multicine
2020-06-14 01:20:50,023:unsupervised_learning_gensim.py:81:WARNING:OSError --- key error: Vea
2020-06-14 01:20:50,101:unsupervised_learning_gensim.py:81:WARNING:OSError --- key error: Persistentes
2020-06-14 01:20:51,212:unsupervised_learning_gensim.py:81:WARNING:OSError --- key error: Alharuín
2020-06-14 01:20:51,480:unsupervised_learning_gensim.py:81:WARNING:OSError --- key error: tibieza
2020-06-14 01:20:51,495:unsupervised_learning_gensim.py:81:WARNING:OSError --- key error: Bin-Laden
2020-06-14 01:20:51,511:unsupervised_learning_gensim.py:81:WARNING:OSError --- key error: Hamza-Bin-Laden
2020-06-14 01:20:51,651:unsupervised_learning_gensim.py:81:WARNING:OSError --- key error: Ponle-Freno-Axa
2020-06-14 01:20:51,708:unsupervised_learning_gensim.py:81:WARNING:OSError --- key error: reinauguración
2020-06-14 01:20:51,737:unsupervised_learning_gensim.py:81:WARNING:OSError --- key error: Asag
2020-06-14 01:20:51,846:unsupervised_learning_gensim.py:81:WARNING:OSError --- key error: Molins
2020-06-14 01:20:51,893:unsupervised_learning_gensim.py:81:WARNING:OSError --- key error: Carla-García
2020-06-14 01:20:52,065:unsupervised_learning_gensim.py:81:WARNING:OSError --- key error: Inma-González
2020-06-14 01:20:52,268:unsupervised_learning_gensim.py:81:WARNING:OSError --- key error: Bernabé-Sánchez-Minguet
2020-06-14 01:20:52,371:unsupervised_learning_gensim.py:81:WARNING:OSError --- key error: terrero
2020-06-14 01:20:52,398:unsupervised_learning_gensim.py:81:WARNING:OSError --- key error: Mojón
2020-06-14 01:20:52,401:unsupervised_learning_gensim.py:81:WARNING:OSError --- key error: Beniel
2020-06-14 01:20:52,493:unsupervised_learning_gensim.py:81:WARNING:OSError --- key error: Santiago-Cid
2020-06-14 01:20:52,592:unsupervised_learning_gensim.py:81:WARNING:OSError --- key error: Ponciano
2020-06-14 01:20:52,627:unsupervised_learning_gensim.py:81:WARNING:OSError --- key error: Arreglar
2020-06-14 01:20:52,643:unsupervised_learning_gensim.py:81:WARNING:OSError --- key error: Alhaurín
2020-06-14 01:20:52,674:unsupervised_learning_gensim.py:81:WARNING:OSError --- key error: Juanma-Corzo
2020-06-14 01:20:52,690:unsupervised_learning_gensim.py:81:WARNING:OSError --- key error: Consorcio-Provincial
2020-06-14 01:20:52,737:unsupervised_learning_gensim.py:81:WARNING:OSError --- key error: Alhaurín
2020-06-14 01:20:52,783:unsupervised_learning_gensim.py:81:WARNING:OSError --- key error: cañada
2020-06-14 01:20:52,953:unsupervised_learning_gensim.py:81:WARNING:OSError --- key error: Bernabé-Sánchez-Minguet
2020-06-14 01:20:53,000:unsupervised_learning_gensim.py:81:WARNING:OSError --- key error: delicadamente
2020-06-14 01:20:53,094:unsupervised_learning_gensim.py:81:WARNING:OSError --- key error: Volando
2020-06-14 01:20:53,109:unsupervised_learning_gensim.py:81:WARNING:OSError --- key error: Alargando
2020-06-14 01:20:53,172:unsupervised_learning_gensim.py:81:WARNING:OSError --- key error: paradójico
2020-06-14 01:20:53,218:unsupervised_learning_gensim.py:81:WARNING:OSError --- key error: Matías
2020-06-14 01:20:53,297:unsupervised_learning_gensim.py:81:WARNING:OSError --- key error: Vega-Baja
2020-06-14 01:20:53,328:unsupervised_learning_gensim.py:81:WARNING:OSError --- key error: Santiago-Cid
2020-06-14 01:20:53,522:unsupervised_learning_gensim.py:81:WARNING:OSError --- key error: Teodoro-García-Egea
2020-06-14 01:20:53,631:unsupervised_learning_gensim.py:81:WARNING:OSError --- key error: alabanzas
2020-06-14 01:20:53,662:unsupervised_learning_gensim.py:81:WARNING:OSError --- key error: discordantes
2020-06-14 01:20:53,725:unsupervised_learning_gensim.py:81:WARNING:OSError --- key error: Gudiña
2020-06-14 01:20:53,756:unsupervised_learning_gensim.py:81:WARNING:OSError --- key error: María-Cheda
2020-06-14 01:20:53,804:unsupervised_learning_gensim.py:81:WARNING:OSError --- key error: Hazma-Bin-Laden
2020-06-14 01:20:53,820:unsupervised_learning_gensim.py:81:WARNING:OSError --- key error: Osama-Bin-Laden
2020-06-14 01:20:53,835:unsupervised_learning_gensim.py:81:WARNING:OSError --- key error: Hazma-Bin-Laden
2020-06-14 01:20:53,867:unsupervised_learning_gensim.py:81:WARNING:OSError --- key error: socava
2020-06-14 01:20:53,882:unsupervised_learning_gensim.py:81:WARNING:OSError --- key error: 11S
2020-06-14 01:20:53,898:unsupervised_learning_gensim.py:81:WARNING:OSError --- key error: Tania-Latorre
2020-06-14 01:20:53,929:unsupervised_learning_gensim.py:81:WARNING:OSError --- key error: San-Jaume
2020-06-14 01:20:54,093:unsupervised_learning_gensim.py:81:WARNING:OSError --- key error: Desafíos
2020-06-14 01:20:54,134:unsupervised_learning_gensim.py:81:WARNING:OSError --- key error: Estudios-Ponle-Freno
2020-06-14 01:20:54,134:unsupervised_learning_gensim.py:81:WARNING:OSError --- key error: Axa
2020-06-14 01:20:54,134:unsupervised_learning_gensim.py:81:WARNING:OSError --- key error: accidentalidad
