2020-06-21 18:38:22,283:create_corpus.py:222:WARNING:RuntimeError---- in normalization text (Preparation corpus in lsa)  first time generator fails. 
2020-06-21 19:13:26,655:unsupervised_learning_gensim.py:81:WARNING:OSError --- key error: Millar
2020-06-21 19:13:26,766:unsupervised_learning_gensim.py:81:WARNING:OSError --- key error: Vega-Baja
2020-06-21 19:13:26,801:unsupervised_learning_gensim.py:81:WARNING:OSError --- key error: Santomera
2020-06-21 19:13:26,809:unsupervised_learning_gensim.py:81:WARNING:OSError --- key error: desbordase
2020-06-21 19:13:26,919:unsupervised_learning_gensim.py:81:WARNING:OSError --- key error: precipitadamente
2020-06-21 19:13:26,942:unsupervised_learning_gensim.py:81:WARNING:OSError --- key error: torrenteras
2020-06-21 19:13:26,952:unsupervised_learning_gensim.py:81:WARNING:OSError --- key error: Albaida
2020-06-21 19:13:26,957:unsupervised_learning_gensim.py:81:WARNING:OSError --- key error: gráficamente
2020-06-21 19:13:27,050:unsupervised_learning_gensim.py:81:WARNING:OSError --- key error: Gudiña
2020-06-21 19:13:27,071:unsupervised_learning_gensim.py:81:WARNING:OSError --- key error: Inquietante
2020-06-21 19:13:27,103:unsupervised_learning_gensim.py:81:WARNING:OSError --- key error: proiraníes
2020-06-21 19:13:27,241:unsupervised_learning_gensim.py:81:WARNING:OSError --- key error: vaciarlas
2020-06-21 19:13:27,351:unsupervised_learning_gensim.py:81:WARNING:OSError --- key error: Pepu-Hernández
2020-06-21 19:13:27,362:unsupervised_learning_gensim.py:81:WARNING:OSError --- key error: Sabremos
2020-06-21 19:13:27,509:unsupervised_learning_gensim.py:81:WARNING:OSError --- key error: arruinadas
2020-06-21 19:13:27,549:unsupervised_learning_gensim.py:81:WARNING:OSError --- key error: Santomera
2020-06-21 19:13:27,590:unsupervised_learning_gensim.py:81:WARNING:OSError --- key error: Acudiremos
2020-06-21 19:13:27,682:unsupervised_learning_gensim.py:81:WARNING:OSError --- key error: Santiago-Cid
2020-06-21 19:13:27,740:unsupervised_learning_gensim.py:81:WARNING:OSError --- key error: Colchones
2020-06-21 19:13:27,795:unsupervised_learning_gensim.py:81:WARNING:OSError --- key error: Ponciano
2020-06-21 19:13:27,827:unsupervised_learning_gensim.py:81:WARNING:OSError --- key error: Alcáceres
2020-06-21 19:13:27,938:unsupervised_learning_gensim.py:81:WARNING:OSError --- key error: Vega-Alta
2020-06-21 19:13:27,948:unsupervised_learning_gensim.py:81:WARNING:OSError --- key error: anegar
2020-06-21 19:13:27,952:unsupervised_learning_gensim.py:81:WARNING:OSError --- key error: Cieza
2020-06-21 19:13:27,957:unsupervised_learning_gensim.py:81:WARNING:OSError --- key error: Archena
2020-06-21 19:13:27,973:unsupervised_learning_gensim.py:81:WARNING:OSError --- key error: Bernabé-Sánchez-Minguet
2020-06-21 19:13:28,092:unsupervised_learning_gensim.py:81:WARNING:OSError --- key error: Desbordado
2020-06-21 19:13:28,131:unsupervised_learning_gensim.py:81:WARNING:OSError --- key error: Andando
2020-06-21 19:13:28,211:unsupervised_learning_gensim.py:81:WARNING:OSError --- key error: Beniel
2020-06-21 19:13:28,252:unsupervised_learning_gensim.py:81:WARNING:OSError --- key error: Almoradí
2020-06-21 19:13:28,300:unsupervised_learning_gensim.py:81:WARNING:OSError --- key error: Almoradí
2020-06-21 19:13:28,314:unsupervised_learning_gensim.py:81:WARNING:OSError --- key error: Inma-González
2020-06-21 19:13:28,434:unsupervised_learning_gensim.py:81:WARNING:OSError --- key error: anegados
2020-06-21 19:13:28,545:unsupervised_learning_gensim.py:81:WARNING:OSError --- key error: Carla-García
2020-06-21 19:13:28,622:unsupervised_learning_gensim.py:81:WARNING:OSError --- key error: anegado
2020-06-21 19:13:28,625:unsupervised_learning_gensim.py:81:WARNING:OSError --- key error: Excavadoras
2020-06-21 19:13:28,681:unsupervised_learning_gensim.py:81:WARNING:OSError --- key error: fastidiada
2020-06-21 19:13:28,749:unsupervised_learning_gensim.py:81:WARNING:OSError --- key error: Juanma-Corzo
2020-06-21 19:13:28,770:unsupervised_learning_gensim.py:81:WARNING:OSError --- key error: cubitos
2020-06-21 19:13:28,869:unsupervised_learning_gensim.py:81:WARNING:OSError --- key error: Alahurín
2020-06-21 19:13:28,905:unsupervised_learning_gensim.py:81:WARNING:OSError --- key error: cañada
2020-06-21 19:13:28,971:unsupervised_learning_gensim.py:81:WARNING:OSError --- key error: Almoradí
2020-06-21 19:13:28,974:unsupervised_learning_gensim.py:81:WARNING:OSError --- key error: Cieza
2020-06-21 19:13:29,012:unsupervised_learning_gensim.py:81:WARNING:OSError --- key error: Himar
2020-06-21 19:13:29,177:unsupervised_learning_gensim.py:81:WARNING:OSError --- key error: Matías
2020-06-21 19:13:29,193:unsupervised_learning_gensim.py:81:WARNING:OSError --- key error: chocándose
2020-06-21 19:13:29,227:unsupervised_learning_gensim.py:81:WARNING:OSError --- key error: inundándolo
2020-06-21 19:13:29,231:unsupervised_learning_gensim.py:81:WARNING:OSError --- key error: Horadada
2020-06-21 19:13:29,279:unsupervised_learning_gensim.py:81:WARNING:OSError --- key error: Higuera
2020-06-21 19:13:29,406:unsupervised_learning_gensim.py:81:WARNING:OSError --- key error: Cosechas
2020-06-21 19:13:29,450:unsupervised_learning_gensim.py:81:WARNING:OSError --- key error: Alcáceres
2020-06-21 19:13:29,508:unsupervised_learning_gensim.py:81:WARNING:OSError --- key error: Santiago-Cid
2020-06-21 19:13:29,606:unsupervised_learning_gensim.py:81:WARNING:OSError --- key error: Alcáceres
2020-06-21 19:13:29,875:unsupervised_learning_gensim.py:81:WARNING:OSError --- key error: riachuelo
2020-06-21 19:13:29,944:unsupervised_learning_gensim.py:81:WARNING:OSError --- key error: edificaciones
2020-06-21 19:13:29,967:unsupervised_learning_gensim.py:81:WARNING:OSError --- key error: afanadas
2020-06-21 19:13:30,014:unsupervised_learning_gensim.py:81:WARNING:OSError --- key error: Gudiña
2020-06-21 19:13:30,030:unsupervised_learning_gensim.py:81:WARNING:OSError --- key error: María-Cheda
2020-06-21 19:13:30,161:unsupervised_learning_gensim.py:81:WARNING:OSError --- key error: Carlos-Narganes
2020-06-21 19:13:30,224:unsupervised_learning_gensim.py:81:WARNING:OSError --- key error: formalidad
2020-06-21 19:13:30,262:unsupervised_learning_gensim.py:81:WARNING:OSError --- key error: formalismo
2020-06-21 19:13:30,571:unsupervised_learning_gensim.py:81:WARNING:OSError --- key error: Ocean-Viking
2020-06-21 19:13:30,619:unsupervised_learning_gensim.py:81:WARNING:OSError --- key error: mostrasen
2020-06-21 19:13:30,635:unsupervised_learning_gensim.py:81:WARNING:OSError --- key error: Desvalijaban
2020-06-21 19:13:30,687:unsupervised_learning_gensim.py:81:WARNING:OSError --- key error: Tania-Latorre
2020-06-21 19:13:30,724:unsupervised_learning_gensim.py:81:WARNING:OSError --- key error: Marcar
2020-06-21 19:13:30,745:unsupervised_learning_gensim.py:81:WARNING:OSError --- key error: sustrajeron
2020-06-21 19:13:30,935:unsupervised_learning_gensim.py:81:WARNING:OSError --- key error: Beatriz-Solano
2020-06-21 19:13:30,997:unsupervised_learning_gensim.py:81:WARNING:OSError --- key error: Castellanos
2020-06-21 19:13:31,014:unsupervised_learning_gensim.py:81:WARNING:OSError --- key error: Pepu-Hernández
2020-06-21 19:13:31,017:unsupervised_learning_gensim.py:81:WARNING:OSError --- key error: Sabremos
2020-06-21 19:13:31,033:unsupervised_learning_gensim.py:81:WARNING:OSError --- key error: Paradón
2020-06-21 19:13:31,054:unsupervised_learning_gensim.py:81:WARNING:OSError --- key error: Vezo
2020-06-21 19:13:31,164:unsupervised_learning_gensim.py:81:WARNING:OSError --- key error: terminase
2020-06-21 19:13:31,180:unsupervised_learning_gensim.py:81:WARNING:OSError --- key error: Borja-Mayoral
2020-06-21 19:13:31,207:unsupervised_learning_gensim.py:81:WARNING:OSError --- key error: desaprovechadas
2020-06-21 19:13:31,231:unsupervised_learning_gensim.py:81:WARNING:OSError --- key error: granotas
2020-06-21 19:13:31,238:unsupervised_learning_gensim.py:81:WARNING:OSError --- key error: Gonzalo-Melero
2020-06-21 19:13:31,319:unsupervised_learning_gensim.py:81:WARNING:OSError --- key error: Takefusa-Kubo
2020-06-21 19:13:31,336:unsupervised_learning_gensim.py:81:WARNING:OSError --- key error: Prats
2020-06-21 19:13:31,352:unsupervised_learning_gensim.py:81:WARNING:OSError --- key error: Babá
2020-06-21 19:13:31,359:unsupervised_learning_gensim.py:81:WARNING:OSError --- key error: Manolo-Reina
2020-06-21 19:13:31,399:unsupervised_learning_gensim.py:81:WARNING:OSError --- key error: Rudy-Fernández
2020-06-21 19:13:31,413:unsupervised_learning_gensim.py:81:WARNING:OSError --- key error: Pepu-Hernández
2020-06-21 19:13:31,424:unsupervised_learning_gensim.py:81:WARNING:OSError --- key error: Antena
2020-06-21 19:13:31,431:unsupervised_learning_gensim.py:81:WARNING:OSError --- key error: Raúl-Meda
2020-06-21 19:13:31,441:unsupervised_learning_gensim.py:81:WARNING:OSError --- key error: Pepu
2020-06-21 19:13:31,483:unsupervised_learning_gensim.py:81:WARNING:OSError --- key error: Solo-Marc-Gasol
2020-06-21 19:13:31,489:unsupervised_learning_gensim.py:81:WARNING:OSError --- key error: Rudy-Fernández
2020-06-21 19:13:31,500:unsupervised_learning_gensim.py:81:WARNING:OSError --- key error: Garbajosa
2020-06-21 19:13:31,541:unsupervised_learning_gensim.py:81:WARNING:OSError --- key error: Pepu
2020-06-21 19:13:31,557:unsupervised_learning_gensim.py:81:WARNING:OSError --- key error: Pude
2020-06-21 19:13:31,594:unsupervised_learning_gensim.py:81:WARNING:OSError --- key error: Litchenburg
2020-06-21 19:13:31,597:unsupervised_learning_gensim.py:81:WARNING:OSError --- key error: probándose
2020-06-21 19:13:31,611:unsupervised_learning_gensim.py:81:WARNING:OSError --- key error: Marc-Coma
2020-06-21 19:13:31,616:unsupervised_learning_gensim.py:81:WARNING:OSError --- key error: parabrisas
2020-06-21 19:13:31,629:unsupervised_learning_gensim.py:81:WARNING:OSError --- key error: parabrisas
2020-06-21 19:13:31,647:unsupervised_learning_gensim.py:81:WARNING:OSError --- key error: San-Fernando-Club
2020-06-21 19:13:31,704:unsupervised_learning_gensim.py:81:WARNING:OSError --- key error: Himar-González
2020-06-21 19:13:31,718:unsupervised_learning_gensim.py:81:WARNING:OSError --- key error: multicine
2020-06-21 19:13:31,882:unsupervised_learning_gensim.py:81:WARNING:OSError --- key error: trasladándose
2020-06-21 19:13:31,888:unsupervised_learning_gensim.py:81:WARNING:OSError --- key error: Vea
2020-06-21 19:13:31,965:unsupervised_learning_gensim.py:81:WARNING:OSError --- key error: Persistentes
2020-06-21 19:48:49,444:create_corpus.py:101:WARNING:size of news has been changed becouse of compounds words 

2020-06-21 23:30:47,035:unsupervised_learning_gensim.py:81:WARNING:OSError --- key error: Millar
2020-06-21 23:30:47,127:unsupervised_learning_gensim.py:81:WARNING:OSError --- key error: Vega-Baja
2020-06-21 23:30:47,159:unsupervised_learning_gensim.py:81:WARNING:OSError --- key error: Santomera
2020-06-21 23:30:47,169:unsupervised_learning_gensim.py:81:WARNING:OSError --- key error: desbordase
2020-06-21 23:30:47,289:unsupervised_learning_gensim.py:81:WARNING:OSError --- key error: precipitadamente
2020-06-21 23:30:47,317:unsupervised_learning_gensim.py:81:WARNING:OSError --- key error: torrenteras
2020-06-21 23:30:47,329:unsupervised_learning_gensim.py:81:WARNING:OSError --- key error: Albaida
2020-06-21 23:30:47,334:unsupervised_learning_gensim.py:81:WARNING:OSError --- key error: gráficamente
2020-06-21 23:30:47,435:unsupervised_learning_gensim.py:81:WARNING:OSError --- key error: Gudiña
2020-06-21 23:30:47,458:unsupervised_learning_gensim.py:81:WARNING:OSError --- key error: Inquietante
2020-06-21 23:30:47,489:unsupervised_learning_gensim.py:81:WARNING:OSError --- key error: proiraníes
2020-06-21 23:30:47,628:unsupervised_learning_gensim.py:81:WARNING:OSError --- key error: vaciarlas
2020-06-21 23:30:47,731:unsupervised_learning_gensim.py:81:WARNING:OSError --- key error: Pepu-Hernández
2020-06-21 23:30:47,743:unsupervised_learning_gensim.py:81:WARNING:OSError --- key error: Sabremos
2020-06-21 23:30:47,888:unsupervised_learning_gensim.py:81:WARNING:OSError --- key error: arruinadas
2020-06-21 23:30:47,921:unsupervised_learning_gensim.py:81:WARNING:OSError --- key error: Santomera
2020-06-21 23:30:47,968:unsupervised_learning_gensim.py:81:WARNING:OSError --- key error: Acudiremos
2020-06-21 23:30:48,061:unsupervised_learning_gensim.py:81:WARNING:OSError --- key error: Santiago-Cid
2020-06-21 23:30:48,134:unsupervised_learning_gensim.py:81:WARNING:OSError --- key error: Colchones
2020-06-21 23:30:48,184:unsupervised_learning_gensim.py:81:WARNING:OSError --- key error: Ponciano
2020-06-21 23:30:48,213:unsupervised_learning_gensim.py:81:WARNING:OSError --- key error: Alcáceres
2020-06-21 23:30:48,321:unsupervised_learning_gensim.py:81:WARNING:OSError --- key error: Vega-Alta
2020-06-21 23:30:48,334:unsupervised_learning_gensim.py:81:WARNING:OSError --- key error: anegar
2020-06-21 23:30:48,337:unsupervised_learning_gensim.py:81:WARNING:OSError --- key error: Cieza
2020-06-21 23:30:48,343:unsupervised_learning_gensim.py:81:WARNING:OSError --- key error: Archena
2020-06-21 23:30:48,356:unsupervised_learning_gensim.py:81:WARNING:OSError --- key error: Bernabé-Sánchez-Minguet
2020-06-21 23:30:48,484:unsupervised_learning_gensim.py:81:WARNING:OSError --- key error: Desbordado
2020-06-21 23:30:48,519:unsupervised_learning_gensim.py:81:WARNING:OSError --- key error: Andando
2020-06-21 23:30:48,606:unsupervised_learning_gensim.py:81:WARNING:OSError --- key error: Beniel
2020-06-21 23:30:48,648:unsupervised_learning_gensim.py:81:WARNING:OSError --- key error: Almoradí
2020-06-21 23:30:48,709:unsupervised_learning_gensim.py:81:WARNING:OSError --- key error: Almoradí
2020-06-21 23:30:48,725:unsupervised_learning_gensim.py:81:WARNING:OSError --- key error: Inma-González
2020-06-21 23:30:48,871:unsupervised_learning_gensim.py:81:WARNING:OSError --- key error: anegados
2020-06-21 23:30:49,002:unsupervised_learning_gensim.py:81:WARNING:OSError --- key error: Carla-García
2020-06-21 23:30:49,089:unsupervised_learning_gensim.py:81:WARNING:OSError --- key error: anegado
2020-06-21 23:30:49,091:unsupervised_learning_gensim.py:81:WARNING:OSError --- key error: Excavadoras
2020-06-21 23:30:49,154:unsupervised_learning_gensim.py:81:WARNING:OSError --- key error: fastidiada
2020-06-21 23:30:49,228:unsupervised_learning_gensim.py:81:WARNING:OSError --- key error: Juanma-Corzo
2020-06-21 23:30:49,249:unsupervised_learning_gensim.py:81:WARNING:OSError --- key error: cubitos
2020-06-21 23:30:49,354:unsupervised_learning_gensim.py:81:WARNING:OSError --- key error: Alahurín
2020-06-21 23:30:49,390:unsupervised_learning_gensim.py:81:WARNING:OSError --- key error: cañada
2020-06-21 23:30:49,465:unsupervised_learning_gensim.py:81:WARNING:OSError --- key error: Almoradí
2020-06-21 23:30:49,468:unsupervised_learning_gensim.py:81:WARNING:OSError --- key error: Cieza
2020-06-21 23:30:49,515:unsupervised_learning_gensim.py:81:WARNING:OSError --- key error: Himar
2020-06-21 23:30:49,708:unsupervised_learning_gensim.py:81:WARNING:OSError --- key error: Matías
2020-06-21 23:30:49,725:unsupervised_learning_gensim.py:81:WARNING:OSError --- key error: chocándose
2020-06-21 23:30:49,761:unsupervised_learning_gensim.py:81:WARNING:OSError --- key error: inundándolo
2020-06-21 23:30:49,764:unsupervised_learning_gensim.py:81:WARNING:OSError --- key error: Horadada
2020-06-21 23:30:49,812:unsupervised_learning_gensim.py:81:WARNING:OSError --- key error: Higuera
2020-06-21 23:30:49,943:unsupervised_learning_gensim.py:81:WARNING:OSError --- key error: Cosechas
2020-06-21 23:30:49,988:unsupervised_learning_gensim.py:81:WARNING:OSError --- key error: Alcáceres
2020-06-21 23:30:50,055:unsupervised_learning_gensim.py:81:WARNING:OSError --- key error: Santiago-Cid
2020-06-21 23:30:50,157:unsupervised_learning_gensim.py:81:WARNING:OSError --- key error: Alcáceres
2020-06-21 23:30:50,433:unsupervised_learning_gensim.py:81:WARNING:OSError --- key error: riachuelo
2020-06-21 23:30:50,515:unsupervised_learning_gensim.py:81:WARNING:OSError --- key error: edificaciones
2020-06-21 23:30:50,537:unsupervised_learning_gensim.py:81:WARNING:OSError --- key error: afanadas
2020-06-21 23:30:50,582:unsupervised_learning_gensim.py:81:WARNING:OSError --- key error: Gudiña
2020-06-21 23:30:50,600:unsupervised_learning_gensim.py:81:WARNING:OSError --- key error: María-Cheda
2020-06-21 23:30:50,748:unsupervised_learning_gensim.py:81:WARNING:OSError --- key error: Carlos-Narganes
2020-06-21 23:30:50,814:unsupervised_learning_gensim.py:81:WARNING:OSError --- key error: formalidad
2020-06-21 23:30:50,853:unsupervised_learning_gensim.py:81:WARNING:OSError --- key error: formalismo
2020-06-21 23:30:51,134:unsupervised_learning_gensim.py:81:WARNING:OSError --- key error: Ocean-Viking
2020-06-21 23:30:51,183:unsupervised_learning_gensim.py:81:WARNING:OSError --- key error: mostrasen
2020-06-21 23:30:51,201:unsupervised_learning_gensim.py:81:WARNING:OSError --- key error: Desvalijaban
2020-06-21 23:30:51,250:unsupervised_learning_gensim.py:81:WARNING:OSError --- key error: Tania-Latorre
2020-06-21 23:30:51,297:unsupervised_learning_gensim.py:81:WARNING:OSError --- key error: Marcar
2020-06-21 23:30:51,317:unsupervised_learning_gensim.py:81:WARNING:OSError --- key error: sustrajeron
2020-06-21 23:30:51,504:unsupervised_learning_gensim.py:81:WARNING:OSError --- key error: Beatriz-Solano
2020-06-21 23:30:51,574:unsupervised_learning_gensim.py:81:WARNING:OSError --- key error: Castellanos
2020-06-21 23:30:51,593:unsupervised_learning_gensim.py:81:WARNING:OSError --- key error: Pepu-Hernández
2020-06-21 23:30:51,596:unsupervised_learning_gensim.py:81:WARNING:OSError --- key error: Sabremos
2020-06-21 23:30:51,612:unsupervised_learning_gensim.py:81:WARNING:OSError --- key error: Paradón
2020-06-21 23:30:51,631:unsupervised_learning_gensim.py:81:WARNING:OSError --- key error: Vezo
2020-06-21 23:30:51,741:unsupervised_learning_gensim.py:81:WARNING:OSError --- key error: terminase
2020-06-21 23:30:51,757:unsupervised_learning_gensim.py:81:WARNING:OSError --- key error: Borja-Mayoral
2020-06-21 23:30:51,787:unsupervised_learning_gensim.py:81:WARNING:OSError --- key error: desaprovechadas
2020-06-21 23:30:51,810:unsupervised_learning_gensim.py:81:WARNING:OSError --- key error: granotas
2020-06-21 23:30:51,816:unsupervised_learning_gensim.py:81:WARNING:OSError --- key error: Gonzalo-Melero
2020-06-21 23:30:51,900:unsupervised_learning_gensim.py:81:WARNING:OSError --- key error: Takefusa-Kubo
2020-06-21 23:30:51,920:unsupervised_learning_gensim.py:81:WARNING:OSError --- key error: Prats
2020-06-21 23:30:51,937:unsupervised_learning_gensim.py:81:WARNING:OSError --- key error: Babá
2020-06-21 23:30:51,944:unsupervised_learning_gensim.py:81:WARNING:OSError --- key error: Manolo-Reina
2020-06-21 23:30:51,985:unsupervised_learning_gensim.py:81:WARNING:OSError --- key error: Rudy-Fernández
2020-06-21 23:30:52,001:unsupervised_learning_gensim.py:81:WARNING:OSError --- key error: Pepu-Hernández
2020-06-21 23:30:52,012:unsupervised_learning_gensim.py:81:WARNING:OSError --- key error: Antena
2020-06-21 23:30:52,019:unsupervised_learning_gensim.py:81:WARNING:OSError --- key error: Raúl-Meda
2020-06-21 23:30:52,031:unsupervised_learning_gensim.py:81:WARNING:OSError --- key error: Pepu
2020-06-21 23:30:52,074:unsupervised_learning_gensim.py:81:WARNING:OSError --- key error: Solo-Marc-Gasol
2020-06-21 23:30:52,080:unsupervised_learning_gensim.py:81:WARNING:OSError --- key error: Rudy-Fernández
2020-06-21 23:30:52,091:unsupervised_learning_gensim.py:81:WARNING:OSError --- key error: Garbajosa
2020-06-21 23:30:52,137:unsupervised_learning_gensim.py:81:WARNING:OSError --- key error: Pepu
2020-06-21 23:30:52,153:unsupervised_learning_gensim.py:81:WARNING:OSError --- key error: Pude
2020-06-21 23:30:52,189:unsupervised_learning_gensim.py:81:WARNING:OSError --- key error: Litchenburg
2020-06-21 23:30:52,192:unsupervised_learning_gensim.py:81:WARNING:OSError --- key error: probándose
2020-06-21 23:30:52,208:unsupervised_learning_gensim.py:81:WARNING:OSError --- key error: Marc-Coma
2020-06-21 23:30:52,216:unsupervised_learning_gensim.py:81:WARNING:OSError --- key error: parabrisas
2020-06-21 23:30:52,226:unsupervised_learning_gensim.py:81:WARNING:OSError --- key error: parabrisas
2020-06-21 23:30:52,246:unsupervised_learning_gensim.py:81:WARNING:OSError --- key error: San-Fernando-Club
2020-06-21 23:30:52,302:unsupervised_learning_gensim.py:81:WARNING:OSError --- key error: Himar-González
2020-06-21 23:30:52,320:unsupervised_learning_gensim.py:81:WARNING:OSError --- key error: multicine
2020-06-21 23:30:52,483:unsupervised_learning_gensim.py:81:WARNING:OSError --- key error: trasladándose
2020-06-21 23:30:52,488:unsupervised_learning_gensim.py:81:WARNING:OSError --- key error: Vea
2020-06-21 23:30:52,570:unsupervised_learning_gensim.py:81:WARNING:OSError --- key error: Persistentes
2020-06-21 23:30:54,102:unsupervised_learning_gensim.py:81:WARNING:OSError --- key error: Alharuín
2020-06-21 23:30:54,440:unsupervised_learning_gensim.py:81:WARNING:OSError --- key error: tibieza
2020-06-21 23:30:54,470:unsupervised_learning_gensim.py:81:WARNING:OSError --- key error: Bin-Laden
2020-06-21 23:30:54,485:unsupervised_learning_gensim.py:81:WARNING:OSError --- key error: Hamza-Bin-Laden
2020-06-21 23:30:54,589:unsupervised_learning_gensim.py:81:WARNING:OSError --- key error: Ponle-Freno-Axa
2020-06-21 23:30:54,641:unsupervised_learning_gensim.py:81:WARNING:OSError --- key error: reinauguración
2020-06-21 23:30:54,685:unsupervised_learning_gensim.py:81:WARNING:OSError --- key error: Asag
2020-06-21 23:30:54,836:unsupervised_learning_gensim.py:81:WARNING:OSError --- key error: Molins
2020-06-21 23:30:54,919:unsupervised_learning_gensim.py:81:WARNING:OSError --- key error: Carla-García
2020-06-21 23:30:55,150:unsupervised_learning_gensim.py:81:WARNING:OSError --- key error: Inma-González
2020-06-21 23:30:55,408:unsupervised_learning_gensim.py:81:WARNING:OSError --- key error: Bernabé-Sánchez-Minguet
2020-06-21 23:30:55,530:unsupervised_learning_gensim.py:81:WARNING:OSError --- key error: terrero
2020-06-21 23:30:55,569:unsupervised_learning_gensim.py:81:WARNING:OSError --- key error: Mojón
2020-06-21 23:30:55,573:unsupervised_learning_gensim.py:81:WARNING:OSError --- key error: Beniel
2020-06-21 23:30:55,702:unsupervised_learning_gensim.py:81:WARNING:OSError --- key error: Santiago-Cid
2020-06-21 23:30:55,846:unsupervised_learning_gensim.py:81:WARNING:OSError --- key error: Ponciano
2020-06-21 23:30:55,883:unsupervised_learning_gensim.py:81:WARNING:OSError --- key error: Arreglar
2020-06-21 23:30:55,917:unsupervised_learning_gensim.py:81:WARNING:OSError --- key error: Juanma-Corzo
2020-06-21 23:30:55,937:unsupervised_learning_gensim.py:81:WARNING:OSError --- key error: Consorcio-Provincial
2020-06-21 23:30:56,042:unsupervised_learning_gensim.py:81:WARNING:OSError --- key error: cañada
2020-06-21 23:30:56,195:unsupervised_learning_gensim.py:81:WARNING:OSError --- key error: Bernabé-Sánchez-Minguet
2020-06-21 23:30:56,241:unsupervised_learning_gensim.py:81:WARNING:OSError --- key error: delicadamente
2020-06-21 23:30:56,329:unsupervised_learning_gensim.py:81:WARNING:OSError --- key error: Volando
2020-06-21 23:30:56,336:unsupervised_learning_gensim.py:81:WARNING:OSError --- key error: Alargando
2020-06-21 23:30:56,416:unsupervised_learning_gensim.py:81:WARNING:OSError --- key error: paradójico
2020-06-21 23:30:56,452:unsupervised_learning_gensim.py:81:WARNING:OSError --- key error: Matías
2020-06-21 23:30:56,530:unsupervised_learning_gensim.py:81:WARNING:OSError --- key error: Vega-Baja
2020-06-21 23:30:56,544:unsupervised_learning_gensim.py:81:WARNING:OSError --- key error: añadirles
2020-06-21 23:30:56,565:unsupervised_learning_gensim.py:81:WARNING:OSError --- key error: Santiago-Cid
2020-06-21 23:30:56,771:unsupervised_learning_gensim.py:81:WARNING:OSError --- key error: Teodoro-García-Egea
2020-06-21 23:30:56,872:unsupervised_learning_gensim.py:81:WARNING:OSError --- key error: alabanzas
2020-06-21 23:30:56,911:unsupervised_learning_gensim.py:81:WARNING:OSError --- key error: discordantes
2020-06-21 23:30:57,003:unsupervised_learning_gensim.py:81:WARNING:OSError --- key error: Gudiña
2020-06-21 23:30:57,025:unsupervised_learning_gensim.py:81:WARNING:OSError --- key error: María-Cheda
2020-06-21 23:30:57,101:unsupervised_learning_gensim.py:81:WARNING:OSError --- key error: Hazma-Bin-Laden
2020-06-21 23:30:57,108:unsupervised_learning_gensim.py:81:WARNING:OSError --- key error: Osama-Bin-Laden
2020-06-21 23:30:57,154:unsupervised_learning_gensim.py:81:WARNING:OSError --- key error: Hazma-Bin-Laden
2020-06-21 23:30:57,179:unsupervised_learning_gensim.py:81:WARNING:OSError --- key error: socava
2020-06-21 23:30:57,205:unsupervised_learning_gensim.py:81:WARNING:OSError --- key error: decimoctavo
2020-06-21 23:30:57,206:unsupervised_learning_gensim.py:81:WARNING:OSError --- key error: 11S
2020-06-21 23:30:57,242:unsupervised_learning_gensim.py:81:WARNING:OSError --- key error: Tania-Latorre
2020-06-21 23:30:57,277:unsupervised_learning_gensim.py:81:WARNING:OSError --- key error: San-Jaume
2020-06-21 23:30:57,510:unsupervised_learning_gensim.py:81:WARNING:OSError --- key error: Desafíos
2020-06-21 23:30:57,563:unsupervised_learning_gensim.py:81:WARNING:OSError --- key error: Estudios-Ponle-Freno
2020-06-21 23:30:57,566:unsupervised_learning_gensim.py:81:WARNING:OSError --- key error: Axa
2020-06-21 23:30:57,574:unsupervised_learning_gensim.py:81:WARNING:OSError --- key error: accidentalidad
2020-06-21 23:30:58,843:unsupervised_learning_gensim.py:81:WARNING:OSError --- key error: Jorge-Fuset
2020-06-21 23:30:58,914:unsupervised_learning_gensim.py:81:WARNING:OSError --- key error: ARAMCO
2020-06-21 23:30:59,067:unsupervised_learning_gensim.py:81:WARNING:OSError --- key error: contradirección
2020-06-21 23:30:59,106:unsupervised_learning_gensim.py:81:WARNING:OSError --- key error: saqueadores
2020-06-21 23:30:59,222:unsupervised_learning_gensim.py:81:WARNING:OSError --- key error: Almoradí
2020-06-21 23:30:59,260:unsupervised_learning_gensim.py:81:WARNING:OSError --- key error: Heredades
2020-06-21 23:30:59,331:unsupervised_learning_gensim.py:81:WARNING:OSError --- key error: Carla-García
2020-06-21 23:30:59,375:unsupervised_learning_gensim.py:81:WARNING:OSError --- key error: pescadilla
2020-06-21 23:30:59,378:unsupervised_learning_gensim.py:81:WARNING:OSError --- key error: muerde
2020-06-21 23:30:59,423:unsupervised_learning_gensim.py:81:WARNING:OSError --- key error: filtrándose
2020-06-21 23:30:59,446:unsupervised_learning_gensim.py:81:WARNING:OSError --- key error: Tarea
2020-06-21 23:30:59,516:unsupervised_learning_gensim.py:81:WARNING:OSError --- key error: Almoradí
2020-06-21 23:30:59,520:unsupervised_learning_gensim.py:81:WARNING:OSError --- key error: Antena
2020-06-21 23:30:59,529:unsupervised_learning_gensim.py:81:WARNING:OSError --- key error: Inma-García
2020-06-21 23:30:59,611:unsupervised_learning_gensim.py:81:WARNING:OSError --- key error: Heredades
2020-06-21 23:30:59,762:unsupervised_learning_gensim.py:81:WARNING:OSError --- key error: Santiago-Cid
2020-06-21 23:30:59,774:unsupervised_learning_gensim.py:81:WARNING:OSError --- key error: sofás
2020-06-21 23:30:59,837:unsupervised_learning_gensim.py:81:WARNING:OSError --- key error: Escoba
2020-06-21 23:30:59,860:unsupervised_learning_gensim.py:81:WARNING:OSError --- key error: Echándole
2020-06-21 23:30:59,863:unsupervised_learning_gensim.py:81:WARNING:OSError --- key error: scouts
2020-06-21 23:30:59,900:unsupervised_learning_gensim.py:81:WARNING:OSError --- key error: Deseando
2020-06-21 23:30:59,968:unsupervised_learning_gensim.py:81:WARNING:OSError --- key error: Vertidos-Cero
2020-06-21 23:31:00,076:unsupervised_learning_gensim.py:81:WARNING:OSError --- key error: Bernabé-Sánchez-Minguet
2020-06-21 23:31:00,246:unsupervised_learning_gensim.py:81:WARNING:OSError --- key error: Comprendo
2020-06-21 23:31:00,279:unsupervised_learning_gensim.py:81:WARNING:OSError --- key error: arduas
2020-06-21 23:31:00,298:unsupervised_learning_gensim.py:81:WARNING:OSError --- key error: menage
2020-06-21 23:31:00,426:unsupervised_learning_gensim.py:81:WARNING:OSError --- key error: Yolanda
2020-06-21 23:31:00,509:unsupervised_learning_gensim.py:81:WARNING:OSError --- key error: Arriman
2020-06-21 23:31:00,553:unsupervised_learning_gensim.py:81:WARNING:OSError --- key error: Crevillente
2020-06-21 23:31:00,636:unsupervised_learning_gensim.py:81:WARNING:OSError --- key error: Juanma-Corzo
2020-06-21 23:31:00,729:unsupervised_learning_gensim.py:81:WARNING:OSError --- key error: Santomera
2020-06-21 23:31:00,739:unsupervised_learning_gensim.py:81:WARNING:OSError --- key error: Almoradí
2020-06-21 23:31:00,777:unsupervised_learning_gensim.py:81:WARNING:OSError --- key error: lcázares
2020-06-21 23:31:00,871:unsupervised_learning_gensim.py:81:WARNING:OSError --- key error: trailers
2020-06-21 23:31:00,904:unsupervised_learning_gensim.py:81:WARNING:OSError --- key error: Jorge-Fuset
2020-06-21 23:31:00,917:unsupervised_learning_gensim.py:81:WARNING:OSError --- key error: Señor-Fuset
2020-06-21 23:31:00,972:unsupervised_learning_gensim.py:81:WARNING:OSError --- key error: previsores
2020-06-21 23:31:01,102:unsupervised_learning_gensim.py:81:WARNING:OSError --- key error: desglose
2020-06-21 23:31:01,137:unsupervised_learning_gensim.py:81:WARNING:OSError --- key error: Desmantelada
2020-06-21 23:31:01,246:unsupervised_learning_gensim.py:81:WARNING:OSError --- key error: malienses
2020-06-21 23:31:01,295:unsupervised_learning_gensim.py:81:WARNING:OSError --- key error: cobrándoles
2020-06-21 23:31:01,318:unsupervised_learning_gensim.py:81:WARNING:OSError --- key error: diversificar
2020-06-21 23:31:01,362:unsupervised_learning_gensim.py:81:WARNING:OSError --- key error: Fallece
2020-06-21 23:31:01,464:unsupervised_learning_gensim.py:81:WARNING:OSError --- key error: Jaime-Casilla
2020-06-21 23:31:01,616:unsupervised_learning_gensim.py:81:WARNING:OSError --- key error: desmovilización
2020-06-21 23:31:01,680:unsupervised_learning_gensim.py:81:WARNING:OSError --- key error: Pompeo
2020-06-21 23:31:01,717:unsupervised_learning_gensim.py:81:WARNING:OSError --- key error: acrecienta
2020-06-21 23:31:01,739:unsupervised_learning_gensim.py:81:WARNING:OSError --- key error: nativos
2020-06-21 23:31:01,770:unsupervised_learning_gensim.py:81:WARNING:OSError --- key error: Beatriz-Solano
2020-06-21 23:31:01,855:unsupervised_learning_gensim.py:81:WARNING:OSError --- key error: calificaciones
2020-06-21 23:31:02,110:unsupervised_learning_gensim.py:81:WARNING:OSError --- key error: vapeadores
2020-06-21 23:31:02,145:unsupervised_learning_gensim.py:81:WARNING:OSError --- key error: Produce
2020-06-21 23:31:02,323:unsupervised_learning_gensim.py:81:WARNING:OSError --- key error: microbios
2020-06-21 23:31:02,336:unsupervised_learning_gensim.py:81:WARNING:OSError --- key error: IG-NOBEL
2020-06-21 23:31:02,376:unsupervised_learning_gensim.py:81:WARNING:OSError --- key error: carteros
2020-06-21 23:31:02,398:unsupervised_learning_gensim.py:81:WARNING:OSError --- key error: IG
2020-06-21 23:31:02,405:unsupervised_learning_gensim.py:81:WARNING:OSError --- key error: gamberros
2020-06-21 23:31:02,431:unsupervised_learning_gensim.py:81:WARNING:OSError --- key error: IG
2020-06-21 23:31:02,453:unsupervised_learning_gensim.py:81:WARNING:OSError --- key error: chimpancés
2020-06-21 23:31:02,464:unsupervised_learning_gensim.py:81:WARNING:OSError --- key error: Bodnar
2020-06-21 23:31:02,485:unsupervised_learning_gensim.py:81:WARNING:OSError --- key error: Laboratorio
2020-06-21 23:31:02,492:unsupervised_learning_gensim.py:81:WARNING:OSError --- key error: Fuerza-Aérea
2020-06-21 23:31:02,495:unsupervised_learning_gensim.py:81:WARNING:OSError --- key error: Dayton
2020-06-21 23:31:02,575:unsupervised_learning_gensim.py:81:WARNING:OSError --- key error: Murphy
2020-06-21 23:31:02,578:unsupervised_learning_gensim.py:81:WARNING:OSError --- key error: Murphy
2020-06-21 23:31:02,640:unsupervised_learning_gensim.py:81:WARNING:OSError --- key error: Desafío-Total
2020-06-21 23:31:02,663:unsupervised_learning_gensim.py:81:WARNING:OSError --- key error: adentrándose
2020-06-21 23:31:02,681:unsupervised_learning_gensim.py:81:WARNING:OSError --- key error: Desafío-Total
2020-06-21 23:31:02,757:unsupervised_learning_gensim.py:81:WARNING:OSError --- key error: Ricks-Café
2020-06-21 23:31:02,767:unsupervised_learning_gensim.py:81:WARNING:OSError --- key error: Dirty-Dancing
2020-06-21 23:31:02,803:unsupervised_learning_gensim.py:81:WARNING:OSError --- key error: mutantes
2020-06-21 23:31:02,806:unsupervised_learning_gensim.py:81:WARNING:OSError --- key error: Disponibles
2020-06-21 23:31:02,819:unsupervised_learning_gensim.py:81:WARNING:OSError --- key error: Castellanos
2020-06-21 23:31:02,866:unsupervised_learning_gensim.py:81:WARNING:OSError --- key error: Pues-Ansu-Fati
2020-06-21 23:31:02,921:unsupervised_learning_gensim.py:81:WARNING:OSError --- key error: Guinea-Bisaú
2020-06-21 23:31:02,947:unsupervised_learning_gensim.py:81:WARNING:OSError --- key error: Muniain
2020-06-21 23:31:02,982:unsupervised_learning_gensim.py:81:WARNING:OSError --- key error: inflado
2020-06-21 23:31:03,000:unsupervised_learning_gensim.py:81:WARNING:OSError --- key error: Ansu-Fati
2020-06-21 23:31:03,019:unsupervised_learning_gensim.py:81:WARNING:OSError --- key error: Recordó
2020-06-21 23:31:03,026:unsupervised_learning_gensim.py:81:WARNING:OSError --- key error: Xana
2020-06-21 23:31:03,109:unsupervised_learning_gensim.py:81:WARNING:OSError --- key error: jugase
2020-06-21 23:31:03,183:unsupervised_learning_gensim.py:81:WARNING:OSError --- key error: Joao-Félix
2020-06-21 23:31:03,235:unsupervised_learning_gensim.py:81:WARNING:OSError --- key error: Tacón
2020-06-21 23:31:03,293:unsupervised_learning_gensim.py:81:WARNING:OSError --- key error: Eibar-Espanyol
2020-06-21 23:31:03,339:unsupervised_learning_gensim.py:81:WARNING:OSError --- key error: Ferreira
2020-06-21 23:31:03,599:unsupervised_learning_gensim.py:81:WARNING:OSError --- key error: Descienden
2020-06-21 23:31:05,071:unsupervised_learning_gensim.py:81:WARNING:OSError --- key error: Almoradí
2020-06-21 23:31:05,122:unsupervised_learning_gensim.py:81:WARNING:OSError --- key error: Vega-Baja
2020-06-21 23:31:05,364:unsupervised_learning_gensim.py:81:WARNING:OSError --- key error: Tensiones
2020-06-21 23:31:05,402:unsupervised_learning_gensim.py:81:WARNING:OSError --- key error: petrolíferas
2020-06-21 23:31:05,567:unsupervised_learning_gensim.py:81:WARNING:OSError --- key error: Sabremos
2020-06-21 23:31:05,663:unsupervised_learning_gensim.py:81:WARNING:OSError --- key error: San-Marino
2020-06-21 23:31:05,708:unsupervised_learning_gensim.py:81:WARNING:OSError --- key error: Conquistan
2020-06-21 23:31:05,760:unsupervised_learning_gensim.py:81:WARNING:OSError --- key error: Sacaron
2020-06-21 23:31:05,817:unsupervised_learning_gensim.py:81:WARNING:OSError --- key error: Escribiendo
2020-06-21 23:31:06,050:unsupervised_learning_gensim.py:81:WARNING:OSError --- key error: Campo-Real
2020-06-21 23:31:06,054:unsupervised_learning_gensim.py:81:WARNING:OSError --- key error: Daganzo
2020-06-21 23:31:06,060:unsupervised_learning_gensim.py:81:WARNING:OSError --- key error: Nuevo-Baztán
2020-06-21 23:31:06,094:unsupervised_learning_gensim.py:81:WARNING:OSError --- key error: Silvia-García
2020-06-21 23:31:06,334:unsupervised_learning_gensim.py:81:WARNING:OSError --- key error: Bernabé-Sánchez-Minguet
2020-06-21 23:31:06,423:unsupervised_learning_gensim.py:81:WARNING:OSError --- key error: Carla-García
2020-06-21 23:31:06,579:unsupervised_learning_gensim.py:81:WARNING:OSError --- key error: Almoradí
2020-06-21 23:31:06,602:unsupervised_learning_gensim.py:81:WARNING:OSError --- key error: Heredades
2020-06-21 23:31:06,611:unsupervised_learning_gensim.py:81:WARNING:OSError --- key error: Almoradí
2020-06-21 23:31:06,630:unsupervised_learning_gensim.py:81:WARNING:OSError --- key error: Inma-González
2020-06-21 23:31:06,731:unsupervised_learning_gensim.py:81:WARNING:OSError --- key error: Santiago-Cid
2020-06-21 23:31:06,790:unsupervised_learning_gensim.py:81:WARNING:OSError --- key error: Quitanieves
2020-06-21 23:31:06,795:unsupervised_learning_gensim.py:81:WARNING:OSError --- key error: Caminamos
2020-06-21 23:31:06,805:unsupervised_learning_gensim.py:81:WARNING:OSError --- key error: Resbala
2020-06-21 23:31:06,962:unsupervised_learning_gensim.py:81:WARNING:OSError --- key error: Bernabé-Sánchez-Minguet
2020-06-21 23:31:07,020:unsupervised_learning_gensim.py:81:WARNING:OSError --- key error: Cercados
2020-06-21 23:31:07,085:unsupervised_learning_gensim.py:81:WARNING:OSError --- key error: Molíns
2020-06-21 23:31:07,119:unsupervised_learning_gensim.py:81:WARNING:OSError --- key error: Zona-Cero
2020-06-21 23:31:07,148:unsupervised_learning_gensim.py:81:WARNING:OSError --- key error: Atrapadas
2020-06-21 23:31:07,170:unsupervised_learning_gensim.py:81:WARNING:OSError --- key error: Achican
2020-06-21 23:31:07,204:unsupervised_learning_gensim.py:81:WARNING:OSError --- key error: Sepamos
2020-06-21 23:31:07,215:unsupervised_learning_gensim.py:81:WARNING:OSError --- key error: Himar
2020-06-21 23:31:07,444:unsupervised_learning_gensim.py:81:WARNING:OSError --- key error: Matías
2020-06-21 23:31:07,667:unsupervised_learning_gensim.py:81:WARNING:OSError --- key error: Llevará
2020-06-21 23:31:07,707:unsupervised_learning_gensim.py:81:WARNING:OSError --- key error: Jurais
2020-06-21 23:31:07,713:unsupervised_learning_gensim.py:81:WARNING:OSError --- key error: Abqaik
2020-06-21 23:31:07,791:unsupervised_learning_gensim.py:81:WARNING:OSError --- key error: Hutis
2020-06-21 23:31:08,046:unsupervised_learning_gensim.py:81:WARNING:OSError --- key error: Apodado
2020-06-21 23:31:08,175:unsupervised_learning_gensim.py:81:WARNING:OSError --- key error: Formar
2020-06-21 23:31:08,243:unsupervised_learning_gensim.py:81:WARNING:OSError --- key error: influenciable
2020-06-21 23:31:09,087:unsupervised_learning_gensim.py:81:WARNING:OSError --- key error: Triple
2020-06-21 23:31:09,092:unsupervised_learning_gensim.py:81:WARNING:OSError --- key error: Valga
2020-06-21 23:31:09,112:unsupervised_learning_gensim.py:81:WARNING:OSError --- key error: excuñada
2020-06-21 23:31:09,178:unsupervised_learning_gensim.py:81:WARNING:OSError --- key error: abriéndose
2020-06-21 23:31:09,209:unsupervised_learning_gensim.py:81:WARNING:OSError --- key error: Joaquín-Hernández
2020-06-21 23:31:09,652:unsupervised_learning_gensim.py:81:WARNING:OSError --- key error: Alfa-Centauri
2020-06-21 23:31:09,659:unsupervised_learning_gensim.py:81:WARNING:OSError --- key error: Mickey-Mouse
2020-06-21 23:31:09,691:unsupervised_learning_gensim.py:81:WARNING:OSError --- key error: M87
2020-06-21 23:31:09,705:unsupervised_learning_gensim.py:81:WARNING:OSError --- key error: Virgo-A
2020-06-21 23:31:09,714:unsupervised_learning_gensim.py:81:WARNING:OSError --- key error: Mickey-Mouse
2020-06-21 23:31:09,726:unsupervised_learning_gensim.py:81:WARNING:OSError --- key error: Topolino
2020-06-21 23:31:09,738:unsupervised_learning_gensim.py:81:WARNING:OSError --- key error: Fiat-Topolino
2020-06-21 23:31:09,780:unsupervised_learning_gensim.py:81:WARNING:OSError --- key error: Antena
2020-06-21 23:31:09,804:unsupervised_learning_gensim.py:81:WARNING:OSError --- key error: Milsani
2020-06-21 23:31:09,815:unsupervised_learning_gensim.py:81:WARNING:OSError --- key error: ecopack
2020-06-21 23:31:09,990:unsupervised_learning_gensim.py:81:WARNING:OSError --- key error: excuñada
2020-06-21 23:31:10,043:unsupervised_learning_gensim.py:81:WARNING:OSError --- key error: Valga
2020-06-21 23:31:10,070:unsupervised_learning_gensim.py:81:WARNING:OSError --- key error: Remite
2020-06-21 23:31:10,187:unsupervised_learning_gensim.py:81:WARNING:OSError --- key error: petrolíferos
2020-06-21 23:31:10,227:unsupervised_learning_gensim.py:81:WARNING:OSError --- key error: Antena
2020-06-21 23:31:10,478:unsupervised_learning_gensim.py:81:WARNING:OSError --- key error: Jara-Laliena
2020-06-21 23:31:10,661:unsupervised_learning_gensim.py:81:WARNING:OSError --- key error: Si-Sánchez
2020-06-21 23:31:10,742:unsupervised_learning_gensim.py:81:WARNING:OSError --- key error: Ainara-Guezuraga
2020-06-21 23:31:11,210:unsupervised_learning_gensim.py:81:WARNING:OSError --- key error: descalificaciones
2020-06-21 23:31:11,227:unsupervised_learning_gensim.py:81:WARNING:OSError --- key error: antinacionalista
2020-06-21 23:31:11,230:unsupervised_learning_gensim.py:81:WARNING:OSError --- key error: acérrimo
2020-06-21 23:31:11,366:unsupervised_learning_gensim.py:81:WARNING:OSError --- key error: letrada
2020-06-21 23:31:11,375:unsupervised_learning_gensim.py:81:WARNING:OSError --- key error: Arantza-Zulueta
2020-06-21 23:31:11,415:unsupervised_learning_gensim.py:81:WARNING:OSError --- key error: excuñada
2020-06-21 23:31:11,419:unsupervised_learning_gensim.py:81:WARNING:OSError --- key error: Valga
2020-06-21 23:31:11,448:unsupervised_learning_gensim.py:81:WARNING:OSError --- key error: María-Cheda
2020-06-21 23:31:11,540:unsupervised_learning_gensim.py:81:WARNING:OSError --- key error: Conocía
2020-06-21 23:31:11,572:unsupervised_learning_gensim.py:81:WARNING:OSError --- key error: socorrerla
2020-06-21 23:31:11,695:unsupervised_learning_gensim.py:81:WARNING:OSError --- key error: Tolerancia
2020-06-21 23:31:11,739:unsupervised_learning_gensim.py:81:WARNING:OSError --- key error: Hoy-Ana-Julia-Quezada
2020-06-21 23:31:11,790:unsupervised_learning_gensim.py:81:WARNING:OSError --- key error: axfisiado
2020-06-21 23:31:11,804:unsupervised_learning_gensim.py:81:WARNING:OSError --- key error: Ana-Jula
2020-06-21 23:31:11,812:unsupervised_learning_gensim.py:81:WARNING:OSError --- key error: axfisiarlo
2020-06-21 23:31:11,832:unsupervised_learning_gensim.py:81:WARNING:OSError --- key error: Maña
2020-06-21 23:31:12,146:unsupervised_learning_gensim.py:81:WARNING:OSError --- key error: Joaquín-Hernández
2020-06-21 23:31:12,262:unsupervised_learning_gensim.py:81:WARNING:OSError --- key error: Bernabé-Sánchez-Minguet
2020-06-21 23:31:12,370:unsupervised_learning_gensim.py:81:WARNING:OSError --- key error: escombreras
2020-06-21 23:31:12,375:unsupervised_learning_gensim.py:81:WARNING:OSError --- key error: Lodazales
2020-06-21 23:31:12,447:unsupervised_learning_gensim.py:81:WARNING:OSError --- key error: Horadada
2020-06-21 23:31:12,460:unsupervised_learning_gensim.py:81:WARNING:OSError --- key error: Cieza
2020-06-21 23:31:12,526:unsupervised_learning_gensim.py:81:WARNING:OSError --- key error: Santiago-Cid
2020-06-21 23:31:12,567:unsupervised_learning_gensim.py:81:WARNING:OSError --- key error: Restaurantes
2020-06-21 23:31:12,652:unsupervised_learning_gensim.py:81:WARNING:OSError --- key error: Granjas
2020-06-21 23:31:12,738:unsupervised_learning_gensim.py:81:WARNING:OSError --- key error: Almansa
2020-06-21 23:31:12,977:unsupervised_learning_gensim.py:81:WARNING:OSError --- key error: Rubick
2020-06-21 23:31:13,013:unsupervised_learning_gensim.py:81:WARNING:OSError --- key error: Estel-Llobet
2020-06-21 23:31:13,140:unsupervised_learning_gensim.py:81:WARNING:OSError --- key error: Afectará
2020-06-21 23:31:13,186:unsupervised_learning_gensim.py:81:WARNING:OSError --- key error: sucedio
2020-06-21 23:31:13,293:unsupervised_learning_gensim.py:81:WARNING:OSError --- key error: Ormuz
2020-06-21 23:31:13,301:unsupervised_learning_gensim.py:81:WARNING:OSError --- key error: Abad
2020-06-21 23:31:13,315:unsupervised_learning_gensim.py:81:WARNING:OSError --- key error: provocaciones
2020-06-21 23:31:13,415:unsupervised_learning_gensim.py:81:WARNING:OSError --- key error: brent
2020-06-21 23:31:13,559:unsupervised_learning_gensim.py:81:WARNING:OSError --- key error: Guillermo-Pascual
2020-06-21 23:31:14,513:unsupervised_learning_gensim.py:81:WARNING:OSError --- key error: Pedirle
2020-06-21 23:31:14,559:unsupervised_learning_gensim.py:81:WARNING:OSError --- key error: Carlota-Núñez
2020-06-21 23:31:14,576:unsupervised_learning_gensim.py:81:WARNING:OSError --- key error: sociópata
2020-06-21 23:31:14,578:unsupervised_learning_gensim.py:81:WARNING:OSError --- key error: Gritan
2020-06-21 23:31:14,586:unsupervised_learning_gensim.py:81:WARNING:OSError --- key error: Valga
2020-06-21 23:31:14,621:unsupervised_learning_gensim.py:81:WARNING:OSError --- key error: excuñada
2020-06-21 23:31:15,028:unsupervised_learning_gensim.py:81:WARNING:OSError --- key error: Boom
2020-06-21 23:31:15,033:unsupervised_learning_gensim.py:81:WARNING:OSError --- key error: Octógono
2020-06-21 23:31:15,072:unsupervised_learning_gensim.py:81:WARNING:OSError --- key error: Marc-Anthony
2020-06-21 23:31:15,091:unsupervised_learning_gensim.py:81:WARNING:OSError --- key error: Agamenón
2020-06-21 23:31:15,099:unsupervised_learning_gensim.py:81:WARNING:OSError --- key error: Sófocles
2020-06-21 23:31:15,100:unsupervised_learning_gensim.py:81:WARNING:OSError --- key error: PRI
2020-06-21 23:31:15,109:unsupervised_learning_gensim.py:81:WARNING:OSError --- key error: Vicente-Fox
2020-06-21 23:31:15,127:unsupervised_learning_gensim.py:81:WARNING:OSError --- key error: numeradas
2020-06-21 23:31:15,132:unsupervised_learning_gensim.py:81:WARNING:OSError --- key error: Parchís
2020-06-21 23:31:15,139:unsupervised_learning_gensim.py:81:WARNING:OSError --- key error: Octogonal
2020-06-21 23:31:15,144:unsupervised_learning_gensim.py:81:WARNING:OSError --- key error: Rectángulo
2020-06-21 23:31:15,146:unsupervised_learning_gensim.py:81:WARNING:OSError --- key error: rectangular
2020-06-21 23:31:15,172:unsupervised_learning_gensim.py:81:WARNING:OSError --- key error: Antena
2020-06-21 23:31:15,371:unsupervised_learning_gensim.py:81:WARNING:OSError --- key error: frentismo
2020-06-21 23:31:15,547:unsupervised_learning_gensim.py:81:WARNING:OSError --- key error: compartimentado
2020-06-21 23:31:15,607:unsupervised_learning_gensim.py:81:WARNING:OSError --- key error: sostenimiento
2020-06-21 23:31:15,633:unsupervised_learning_gensim.py:81:WARNING:OSError --- key error: fortalecimiento
2020-06-21 23:31:15,720:unsupervised_learning_gensim.py:81:WARNING:OSError --- key error: Serenidad
2020-06-21 23:31:15,837:unsupervised_learning_gensim.py:81:WARNING:OSError --- key error: Demostraremos
2020-06-21 23:31:15,867:unsupervised_learning_gensim.py:81:WARNING:OSError --- key error: ejemplaridad
2020-06-21 23:31:16,425:unsupervised_learning_gensim.py:81:WARNING:OSError --- key error: indefinición
2020-06-21 23:31:16,457:unsupervised_learning_gensim.py:81:WARNING:OSError --- key error: Carina-Verdú
2020-06-21 23:31:16,621:unsupervised_learning_gensim.py:81:WARNING:OSError --- key error: socialdemocracia
2020-06-21 23:31:16,767:unsupervised_learning_gensim.py:81:WARNING:OSError --- key error: Ainara-Guezuraga
2020-06-21 23:31:16,949:unsupervised_learning_gensim.py:81:WARNING:OSError --- key error: Si-Sánchez
2020-06-21 23:31:17,021:unsupervised_learning_gensim.py:81:WARNING:OSError --- key error: idas
2020-06-21 23:31:17,726:unsupervised_learning_gensim.py:81:WARNING:OSError --- key error: Marino-Holgado
2020-06-21 23:31:17,848:unsupervised_learning_gensim.py:81:WARNING:OSError --- key error: discapacidades
2020-06-21 23:31:17,854:unsupervised_learning_gensim.py:81:WARNING:OSError --- key error: intectuales
2020-06-21 23:31:17,857:unsupervised_learning_gensim.py:81:WARNING:OSError --- key error: sensoriales
2020-06-21 23:31:17,902:unsupervised_learning_gensim.py:81:WARNING:OSError --- key error: resocialización
2020-06-21 23:31:17,939:unsupervised_learning_gensim.py:81:WARNING:OSError --- key error: Tratamiento
2020-06-21 23:31:17,960:unsupervised_learning_gensim.py:81:WARNING:OSError --- key error: Pedirle
2020-06-21 23:31:18,017:unsupervised_learning_gensim.py:81:WARNING:OSError --- key error: Carlota-Núñez
2020-06-21 23:31:18,118:unsupervised_learning_gensim.py:81:WARNING:OSError --- key error: afectivo
2020-06-21 23:31:18,172:unsupervised_learning_gensim.py:81:WARNING:OSError --- key error: definiéndola
2020-06-21 23:31:18,174:unsupervised_learning_gensim.py:81:WARNING:OSError --- key error: sociópata
2020-06-21 23:31:18,319:unsupervised_learning_gensim.py:81:WARNING:OSError --- key error: Valga
2020-06-21 23:31:18,355:unsupervised_learning_gensim.py:81:WARNING:OSError --- key error: María-Cheda
2020-06-21 23:31:18,412:unsupervised_learning_gensim.py:81:WARNING:OSError --- key error: Jose-Luis-Abet
2020-06-21 23:31:18,420:unsupervised_learning_gensim.py:81:WARNING:OSError --- key error: Caldas
2020-06-21 23:31:18,422:unsupervised_learning_gensim.py:81:WARNING:OSError --- key error: Rei
2020-06-21 23:31:18,510:unsupervised_learning_gensim.py:81:WARNING:OSError --- key error: Valga
2020-06-21 23:31:18,527:unsupervised_learning_gensim.py:81:WARNING:OSError --- key error: Jose-Luis-Abet
2020-06-21 23:31:18,541:unsupervised_learning_gensim.py:81:WARNING:OSError --- key error: Tolerancia
2020-06-21 23:31:18,565:unsupervised_learning_gensim.py:81:WARNING:OSError --- key error: succionado
2020-06-21 23:31:18,575:unsupervised_learning_gensim.py:81:WARNING:OSError --- key error: Isabel-Goyanes
2020-06-21 23:31:19,650:unsupervised_learning_gensim.py:81:WARNING:OSError --- key error: Isabel-Goyanes
2020-06-21 23:31:19,678:unsupervised_learning_gensim.py:81:WARNING:OSError --- key error: alférez
2020-06-21 23:31:19,746:unsupervised_learning_gensim.py:81:WARNING:OSError --- key error: Ainara-Guezuraga
2020-06-21 23:31:19,802:unsupervised_learning_gensim.py:81:WARNING:OSError --- key error: bemoles
2020-06-21 23:31:19,837:unsupervised_learning_gensim.py:81:WARNING:OSError --- key error: Tromba
2020-06-21 23:31:19,842:unsupervised_learning_gensim.py:81:WARNING:OSError --- key error: Inundó
2020-06-21 23:31:19,936:unsupervised_learning_gensim.py:81:WARNING:OSError --- key error: Lucía-Fernández
2020-06-21 23:31:19,993:unsupervised_learning_gensim.py:81:WARNING:OSError --- key error: intrusos
2020-06-21 23:31:20,086:unsupervised_learning_gensim.py:81:WARNING:OSError --- key error: Isabel-Goyanes
2020-06-21 23:31:20,511:unsupervised_learning_gensim.py:81:WARNING:OSError --- key error: Ainara
2020-06-21 23:31:20,523:unsupervised_learning_gensim.py:81:WARNING:OSError --- key error: Autocrítica
2020-06-21 23:31:20,548:unsupervised_learning_gensim.py:81:WARNING:OSError --- key error: Echando
2020-06-21 23:31:20,575:unsupervised_learning_gensim.py:81:WARNING:OSError --- key error: bemoles
2020-06-21 23:31:20,653:unsupervised_learning_gensim.py:81:WARNING:OSError --- key error: bemoles
2020-06-21 23:31:20,693:unsupervised_learning_gensim.py:81:WARNING:OSError --- key error: Javier-Gallego
2020-06-21 23:31:21,058:unsupervised_learning_gensim.py:81:WARNING:OSError --- key error: preguntaros
2020-06-21 23:31:21,082:unsupervised_learning_gensim.py:81:WARNING:OSError --- key error: Eutanasia
2020-06-21 23:31:21,116:unsupervised_learning_gensim.py:81:WARNING:OSError --- key error: Permanente
2020-06-21 23:31:21,164:unsupervised_learning_gensim.py:81:WARNING:OSError --- key error: Ipad
2020-06-21 23:31:21,228:unsupervised_learning_gensim.py:81:WARNING:OSError --- key error: Marino-Holgado
2020-06-21 23:31:21,331:unsupervised_learning_gensim.py:81:WARNING:OSError --- key error: Susana-Ahijado
2020-06-21 23:31:21,339:unsupervised_learning_gensim.py:81:WARNING:OSError --- key error: semisótano
2020-06-21 23:31:21,514:unsupervised_learning_gensim.py:81:WARNING:OSError --- key error: Joaquín-Hernández
2020-06-21 23:31:21,568:unsupervised_learning_gensim.py:81:WARNING:OSError --- key error: Alcazares
2020-06-21 23:31:21,596:unsupervised_learning_gensim.py:81:WARNING:OSError --- key error: Alcazares
2020-06-21 23:31:21,612:unsupervised_learning_gensim.py:81:WARNING:OSError --- key error: sicólogica
2020-06-21 23:31:21,625:unsupervised_learning_gensim.py:81:WARNING:OSError --- key error: Catral
2020-06-21 23:31:21,651:unsupervised_learning_gensim.py:81:WARNING:OSError --- key error: Almoradi
2020-06-21 23:31:21,668:unsupervised_learning_gensim.py:81:WARNING:OSError --- key error: Mikel-Eguía
2020-06-21 23:31:21,738:unsupervised_learning_gensim.py:81:WARNING:OSError --- key error: Lucía-Fernández
2020-06-21 23:31:21,825:unsupervised_learning_gensim.py:81:WARNING:OSError --- key error: Valga
2020-06-21 23:31:21,839:unsupervised_learning_gensim.py:81:WARNING:OSError --- key error: excuñada
2020-06-21 23:31:21,865:unsupervised_learning_gensim.py:81:WARNING:OSError --- key error: Espejo-Público
2020-06-21 23:31:21,976:unsupervised_learning_gensim.py:81:WARNING:OSError --- key error: Traumatismos
2020-06-21 23:31:21,984:unsupervised_learning_gensim.py:81:WARNING:OSError --- key error: craneoencefálicos
2020-06-21 23:31:22,007:unsupervised_learning_gensim.py:81:WARNING:OSError --- key error: Estel-LLobet
2020-06-21 23:31:22,025:unsupervised_learning_gensim.py:81:WARNING:OSError --- key error: martirio
2020-06-21 23:31:22,076:unsupervised_learning_gensim.py:81:WARNING:OSError --- key error: filón
2020-06-21 23:31:22,113:unsupervised_learning_gensim.py:81:WARNING:OSError --- key error: José-Luís
2020-06-21 23:31:22,166:unsupervised_learning_gensim.py:81:WARNING:OSError --- key error: Sientes
2020-06-21 23:31:22,204:unsupervised_learning_gensim.py:81:WARNING:OSError --- key error: Corderos
2020-06-21 23:31:22,242:unsupervised_learning_gensim.py:81:WARNING:OSError --- key error: Asociación-Equalia
2020-06-21 23:31:22,258:unsupervised_learning_gensim.py:81:WARNING:OSError --- key error: Victoria-Arnau
2020-06-21 23:31:22,290:unsupervised_learning_gensim.py:81:WARNING:OSError --- key error: aturde
2020-06-21 23:31:22,360:unsupervised_learning_gensim.py:81:WARNING:OSError --- key error: equalia
2020-06-21 23:31:22,381:unsupervised_learning_gensim.py:81:WARNING:OSError --- key error: identificadores
2020-06-21 23:31:22,416:unsupervised_learning_gensim.py:81:WARNING:OSError --- key error: Salvanés
2020-06-21 23:31:22,441:unsupervised_learning_gensim.py:81:WARNING:OSError --- key error: Equalia
2020-06-21 23:31:22,490:unsupervised_learning_gensim.py:81:WARNING:OSError --- key error: David-Cifuentes
2020-06-21 23:31:22,517:unsupervised_learning_gensim.py:81:WARNING:OSError --- key error: sigilosa
2020-06-21 23:31:22,523:unsupervised_learning_gensim.py:81:WARNING:OSError --- key error: Captaba
2020-06-21 23:31:22,530:unsupervised_learning_gensim.py:81:WARNING:OSError --- key error: suscribientes
2020-06-21 23:31:22,552:unsupervised_learning_gensim.py:81:WARNING:OSError --- key error: Acudimos
2020-06-21 23:31:22,579:unsupervised_learning_gensim.py:81:WARNING:OSError --- key error: Llamamos
2020-06-21 23:31:22,606:unsupervised_learning_gensim.py:81:WARNING:OSError --- key error: Christopher
2020-06-21 23:31:22,618:unsupervised_learning_gensim.py:81:WARNING:OSError --- key error: pseudoterapias
2020-06-21 23:31:22,662:unsupervised_learning_gensim.py:81:WARNING:OSError --- key error: Jake
2020-06-21 23:31:22,664:unsupervised_learning_gensim.py:81:WARNING:OSError --- key error: Hobbit
2020-06-21 23:31:22,710:unsupervised_learning_gensim.py:81:WARNING:OSError --- key error: Susana-Román
2020-06-21 23:31:22,734:unsupervised_learning_gensim.py:81:WARNING:OSError --- key error: listeriosis
2020-06-21 23:31:22,759:unsupervised_learning_gensim.py:81:WARNING:OSError --- key error: balconing
2020-06-21 23:31:22,837:unsupervised_learning_gensim.py:81:WARNING:OSError --- key error: Barack
2020-06-21 23:31:22,990:unsupervised_learning_gensim.py:81:WARNING:OSError --- key error: Pisos
2020-06-21 23:31:23,048:unsupervised_learning_gensim.py:81:WARNING:OSError --- key error: Munilla
2020-06-21 23:31:23,058:unsupervised_learning_gensim.py:81:WARNING:OSError --- key error: José-Martín
2020-06-21 23:31:23,216:unsupervised_learning_gensim.py:81:WARNING:OSError --- key error: Boneco
2020-06-21 23:31:23,234:unsupervised_learning_gensim.py:81:WARNING:OSError --- key error: cornamenta
2020-06-21 23:31:23,243:unsupervised_learning_gensim.py:81:WARNING:OSError --- key error: conocidísima
2020-06-21 23:31:23,296:unsupervised_learning_gensim.py:81:WARNING:OSError --- key error: Lindo
2020-06-21 23:31:23,298:unsupervised_learning_gensim.py:81:WARNING:OSError --- key error: Gallardo
2020-06-21 23:31:23,394:unsupervised_learning_gensim.py:81:WARNING:OSError --- key error: Coleo
2020-06-21 23:31:23,430:unsupervised_learning_gensim.py:81:WARNING:OSError --- key error: Heather-Friesen
2020-06-21 23:31:23,473:unsupervised_learning_gensim.py:81:WARNING:OSError --- key error: Heather
2020-06-21 23:31:23,507:unsupervised_learning_gensim.py:81:WARNING:OSError --- key error: Heather-Friesen
2020-06-21 23:31:23,516:unsupervised_learning_gensim.py:81:WARNING:OSError --- key error: Kaau-Crater
2020-06-21 23:31:23,549:unsupervised_learning_gensim.py:81:WARNING:OSError --- key error: volleyball
2020-06-21 23:31:23,580:unsupervised_learning_gensim.py:81:WARNING:OSError --- key error: escápula
2020-06-21 23:31:23,601:unsupervised_learning_gensim.py:81:WARNING:OSError --- key error: Heather
2020-06-21 23:31:23,606:unsupervised_learning_gensim.py:81:WARNING:OSError --- key error: Sarah
2020-06-21 23:31:23,634:unsupervised_learning_gensim.py:81:WARNING:OSError --- key error: Recuperando
2020-06-21 23:31:23,651:unsupervised_learning_gensim.py:81:WARNING:OSError --- key error: Sara-Thomas
2020-06-21 23:31:23,708:unsupervised_learning_gensim.py:81:WARNING:OSError --- key error: Sarah
2020-06-21 23:31:23,746:unsupervised_learning_gensim.py:81:WARNING:OSError --- key error: estomacales
2020-06-21 23:31:23,789:unsupervised_learning_gensim.py:81:WARNING:OSError --- key error: Davo-Karnichar
2020-06-21 23:31:23,927:unsupervised_learning_gensim.py:81:WARNING:OSError --- key error: Katelyn-Ohashi
2020-06-21 23:31:23,957:unsupervised_learning_gensim.py:81:WARNING:OSError --- key error: Imperfecta
2020-06-21 23:31:23,962:unsupervised_learning_gensim.py:81:WARNING:OSError --- key error: ESPN
2020-06-21 23:31:24,011:unsupervised_learning_gensim.py:81:WARNING:OSError --- key error: imperfecciones
2020-06-21 23:31:24,019:unsupervised_learning_gensim.py:81:WARNING:OSError --- key error: Piedrafita
2020-06-21 23:31:24,036:unsupervised_learning_gensim.py:81:WARNING:OSError --- key error: Alex-Villar
2020-06-21 23:31:24,045:unsupervised_learning_gensim.py:81:WARNING:OSError --- key error: enhebrar
2020-06-21 23:31:25,199:unsupervised_learning_gensim.py:81:WARNING:OSError --- key error: Daniel-Gómez
2020-06-21 23:31:25,238:unsupervised_learning_gensim.py:81:WARNING:OSError --- key error: húsares
2020-06-21 23:31:25,258:unsupervised_learning_gensim.py:81:WARNING:OSError --- key error: Virtual-LaLiga
2020-06-21 23:31:25,271:unsupervised_learning_gensim.py:81:WARNING:OSError --- key error: Jaime-Gravesen
2020-06-21 23:31:25,282:unsupervised_learning_gensim.py:81:WARNING:OSError --- key error: Peineta
2020-06-21 23:31:25,316:unsupervised_learning_gensim.py:81:WARNING:OSError --- key error: Dijiste-EE.UU
2020-06-21 23:31:25,327:unsupervised_learning_gensim.py:81:WARNING:OSError --- key error: Antena
2020-06-21 23:31:25,339:unsupervised_learning_gensim.py:81:WARNING:OSError --- key error: Señorías
2020-06-21 23:31:25,430:unsupervised_learning_gensim.py:81:WARNING:OSError --- key error: lamborguinis
2020-06-21 23:31:25,495:unsupervised_learning_gensim.py:81:WARNING:OSError --- key error: Antena
2020-06-21 23:31:25,502:unsupervised_learning_gensim.py:81:WARNING:OSError --- key error: ovnis
2020-06-21 23:31:25,754:unsupervised_learning_gensim.py:81:WARNING:OSError --- key error: dogmático
2020-06-21 23:31:25,781:unsupervised_learning_gensim.py:81:WARNING:OSError --- key error: Ainara-Guezuraga
2020-06-21 23:31:25,870:unsupervised_learning_gensim.py:81:WARNING:OSError --- key error: Señorías
2020-06-21 23:31:25,878:unsupervised_learning_gensim.py:81:WARNING:OSError --- key error: audibles
2020-06-21 23:31:25,900:unsupervised_learning_gensim.py:81:WARNING:OSError --- key error: Señor-Rivera
2020-06-21 23:31:26,060:unsupervised_learning_gensim.py:81:WARNING:OSError --- key error: Jara-Laliena
2020-06-21 23:31:26,222:unsupervised_learning_gensim.py:81:WARNING:OSError --- key error: bemoles
2020-06-21 23:31:26,281:unsupervised_learning_gensim.py:81:WARNING:OSError --- key error: aderezado
2020-06-21 23:31:26,384:unsupervised_learning_gensim.py:81:WARNING:OSError --- key error: Compareció
2020-06-21 23:31:26,552:unsupervised_learning_gensim.py:81:WARNING:OSError --- key error: Adelante-Andalucía
2020-06-21 23:31:26,574:unsupervised_learning_gensim.py:81:WARNING:OSError --- key error: España-Suma
2020-06-21 23:31:26,602:unsupervised_learning_gensim.py:81:WARNING:OSError --- key error: Llamaré
2020-06-21 23:31:26,644:unsupervised_learning_gensim.py:81:WARNING:OSError --- key error: distanciándose
2020-06-21 23:31:26,717:unsupervised_learning_gensim.py:81:WARNING:OSError --- key error: PP-Pablo-Casado
2020-06-21 23:31:26,766:unsupervised_learning_gensim.py:81:WARNING:OSError --- key error: 10-N
2020-06-21 23:31:27,095:unsupervised_learning_gensim.py:81:WARNING:OSError --- key error: Guillermo-Pascual
2020-06-21 23:31:27,169:unsupervised_learning_gensim.py:81:WARNING:OSError --- key error: financial
2020-06-21 23:31:27,258:unsupervised_learning_gensim.py:81:WARNING:OSError --- key error: Abad
2020-06-21 23:31:27,366:unsupervised_learning_gensim.py:81:WARNING:OSError --- key error: Lieberman
2020-06-21 23:31:27,445:unsupervised_learning_gensim.py:81:WARNING:OSError --- key error: megacontrato
2020-06-21 23:31:27,459:unsupervised_learning_gensim.py:81:WARNING:OSError --- key error: CAF
2020-06-21 23:31:27,473:unsupervised_learning_gensim.py:81:WARNING:OSError --- key error: Beasaín
2020-06-21 23:31:27,537:unsupervised_learning_gensim.py:81:WARNING:OSError --- key error: Academia-General
2020-06-21 23:31:27,574:unsupervised_learning_gensim.py:81:WARNING:OSError --- key error: Isabel-Goyanes
2020-06-21 23:31:27,637:unsupervised_learning_gensim.py:81:WARNING:OSError --- key error: Antena3
2020-06-21 23:31:27,646:unsupervised_learning_gensim.py:81:WARNING:OSError --- key error: Academia-General
2020-06-21 23:31:27,654:unsupervised_learning_gensim.py:81:WARNING:OSError --- key error: despegues
2020-06-21 23:31:27,678:unsupervised_learning_gensim.py:81:WARNING:OSError --- key error: eyectables
2020-06-21 23:31:27,681:unsupervised_learning_gensim.py:81:WARNING:OSError --- key error: amerizaje
2020-06-21 23:31:27,724:unsupervised_learning_gensim.py:81:WARNING:OSError --- key error: Daniel-Melero
2020-06-21 23:31:27,727:unsupervised_learning_gensim.py:81:WARNING:OSError --- key error: alférez
2020-06-21 23:31:27,736:unsupervised_learning_gensim.py:81:WARNING:OSError --- key error: Rosa-Almirón
2020-06-21 23:31:27,752:unsupervised_learning_gensim.py:81:WARNING:OSError --- key error: Francisco-Marín
2020-06-21 23:31:27,906:unsupervised_learning_gensim.py:81:WARNING:OSError --- key error: sorpresiva
2020-06-21 23:31:28,025:unsupervised_learning_gensim.py:81:WARNING:OSError --- key error: Valga
2020-06-21 23:31:28,123:unsupervised_learning_gensim.py:81:WARNING:OSError --- key error: M50
2020-06-21 23:31:28,305:unsupervised_learning_gensim.py:81:WARNING:OSError --- key error: Lamborghinis
2020-06-21 23:31:28,356:unsupervised_learning_gensim.py:81:WARNING:OSError --- key error: Exceso
2020-06-21 23:31:28,430:unsupervised_learning_gensim.py:81:WARNING:OSError --- key error: Economía-Digital
2020-06-21 23:31:28,490:unsupervised_learning_gensim.py:81:WARNING:OSError --- key error: Cualidades
2020-06-21 23:31:28,570:unsupervised_learning_gensim.py:81:WARNING:OSError --- key error: ovnis
2020-06-21 23:31:28,592:unsupervised_learning_gensim.py:81:WARNING:OSError --- key error: ovnis
2020-06-21 23:31:28,624:unsupervised_learning_gensim.py:81:WARNING:OSError --- key error: exhaustivamente
2020-06-21 23:31:28,653:unsupervised_learning_gensim.py:81:WARNING:OSError --- key error: ovni
2020-06-21 23:31:28,677:unsupervised_learning_gensim.py:81:WARNING:OSError --- key error: supersónicas
2020-06-21 23:31:28,716:unsupervised_learning_gensim.py:81:WARNING:OSError --- key error: panda
2020-06-21 23:31:28,737:unsupervised_learning_gensim.py:81:WARNING:OSError --- key error: panda
2020-06-21 23:31:28,743:unsupervised_learning_gensim.py:81:WARNING:OSError --- key error: practicarle
2020-06-21 23:31:28,769:unsupervised_learning_gensim.py:81:WARNING:OSError --- key error: Chuang-Chuang
2020-06-21 23:31:28,773:unsupervised_learning_gensim.py:81:WARNING:OSError --- key error: panda
2020-06-21 23:31:28,775:unsupervised_learning_gensim.py:81:WARNING:OSError --- key error: bambú
2020-06-21 23:31:28,804:unsupervised_learning_gensim.py:81:WARNING:OSError --- key error: Chuang-Chuang
2020-06-21 23:31:28,811:unsupervised_learning_gensim.py:81:WARNING:OSError --- key error: Lin-Hui
