2020-05-10 09:42:05,774:get_data.py:71:WARNING:El subtitulo: subtitles\antena3 HD_spa_TXT.st 2019 10 18.xlogmorning_new está vacio 

2020-05-10 09:42:05,774:get_data.py:73:WARNING:El subtitulo: subtitles\antena3 HD_spa_TXT.st 2019 10 18.xlogafternoon_new está vacio 

2020-05-10 09:42:21,303:get_data.py:71:WARNING:El subtitulo: subtitles\antena3 HD_spa_TXT.st 2019 10 18.xlogmorning_new está vacio 

2020-05-10 09:42:21,303:get_data.py:73:WARNING:El subtitulo: subtitles\antena3 HD_spa_TXT.st 2019 10 18.xlogafternoon_new está vacio 

2020-05-10 09:46:25,642:ldamodel.py:145:WARNING:updated prior is not positive
2020-05-10 09:46:26,622:ldamodel.py:145:WARNING:updated prior is not positive
2020-05-10 09:46:27,582:ldamodel.py:145:WARNING:updated prior is not positive
2020-05-10 09:46:28,609:ldamodel.py:145:WARNING:updated prior is not positive
2020-05-10 09:46:29,545:ldamodel.py:145:WARNING:updated prior is not positive
2020-05-10 09:46:44,872:ldamodel.py:145:WARNING:updated prior is not positive
2020-05-10 09:46:45,811:ldamodel.py:145:WARNING:updated prior is not positive
2020-05-10 09:46:46,738:ldamodel.py:145:WARNING:updated prior is not positive
2020-05-10 09:46:47,807:ldamodel.py:145:WARNING:updated prior is not positive
2020-05-10 09:46:48,932:ldamodel.py:145:WARNING:updated prior is not positive
2020-05-10 09:46:50,032:ldamodel.py:145:WARNING:updated prior is not positive
2020-05-10 10:29:17,087:alias.py:221:ERROR:Invalid alias: The name ls can't be aliased because it is another magic command.
2020-05-10 10:29:17,087:alias.py:221:ERROR:Invalid alias: The name ddir can't be aliased because it is another magic command.
2020-05-10 10:29:17,087:alias.py:221:ERROR:Invalid alias: The name ldir can't be aliased because it is another magic command.
2020-05-10 10:29:17,087:alias.py:221:ERROR:Invalid alias: The name mkdir can't be aliased because it is another magic command.
2020-05-10 10:29:17,087:alias.py:221:ERROR:Invalid alias: The name rmdir can't be aliased because it is another magic command.
2020-05-10 10:29:17,087:alias.py:221:ERROR:Invalid alias: The name echo can't be aliased because it is another magic command.
2020-05-10 10:29:17,087:alias.py:221:ERROR:Invalid alias: The name ren can't be aliased because it is another magic command.
2020-05-10 10:29:17,087:alias.py:221:ERROR:Invalid alias: The name copy can't be aliased because it is another magic command.
2020-05-10 10:31:53,805:get_data.py:71:WARNING:El subtitulo: subtitles\antena3 HD_spa_TXT.st 2019 10 18.xlogmorning_new está vacio 

2020-05-10 10:31:53,805:get_data.py:73:WARNING:El subtitulo: subtitles\antena3 HD_spa_TXT.st 2019 10 18.xlogafternoon_new está vacio 

2020-05-10 10:37:05,555:get_data.py:71:WARNING:El subtitulo: subtitles\antena3 HD_spa_TXT.st 2019 10 18.xlogmorning_new está vacio 

2020-05-10 10:37:05,555:get_data.py:73:WARNING:El subtitulo: subtitles\antena3 HD_spa_TXT.st 2019 10 18.xlogafternoon_new está vacio 

