2020-08-05 18:44:56,696:unsupervised_learning_gensim.py:81:WARNING:OSError --- key error: Millar
2020-08-05 18:44:56,786:unsupervised_learning_gensim.py:81:WARNING:OSError --- key error: desbordase
2020-08-05 18:44:56,873:unsupervised_learning_gensim.py:81:WARNING:OSError --- key error: precipitadamente
2020-08-05 18:44:56,892:unsupervised_learning_gensim.py:81:WARNING:OSError --- key error: torrenteras
2020-08-05 18:44:56,904:unsupervised_learning_gensim.py:81:WARNING:OSError --- key error: gráficamente
2020-08-05 18:44:56,998:unsupervised_learning_gensim.py:81:WARNING:OSError --- key error: Inquietante
2020-08-05 18:44:57,020:unsupervised_learning_gensim.py:81:WARNING:OSError --- key error: proiraníes
2020-08-05 18:44:57,114:unsupervised_learning_gensim.py:81:WARNING:OSError --- key error: vaciarlas
2020-08-05 18:44:57,292:unsupervised_learning_gensim.py:81:WARNING:OSError --- key error: arruinadas
2020-08-05 18:44:57,344:unsupervised_learning_gensim.py:81:WARNING:OSError --- key error: Acudiremos
2020-08-05 18:44:57,435:unsupervised_learning_gensim.py:81:WARNING:OSError --- key error: Colchones
2020-08-05 18:44:57,556:unsupervised_learning_gensim.py:81:WARNING:OSError --- key error: Vega-Alta
2020-08-05 18:44:57,565:unsupervised_learning_gensim.py:81:WARNING:OSError --- key error: anegar
2020-08-05 18:44:57,571:unsupervised_learning_gensim.py:81:WARNING:OSError --- key error: Archena
2020-08-05 18:44:57,669:unsupervised_learning_gensim.py:81:WARNING:OSError --- key error: Andando
2020-08-05 18:44:57,869:unsupervised_learning_gensim.py:81:WARNING:OSError --- key error: anegados
2020-08-05 18:44:58,020:unsupervised_learning_gensim.py:81:WARNING:OSError --- key error: anegado
2020-08-05 18:44:58,022:unsupervised_learning_gensim.py:81:WARNING:OSError --- key error: Excavadoras
2020-08-05 18:44:58,067:unsupervised_learning_gensim.py:81:WARNING:OSError --- key error: fastidiada
2020-08-05 18:44:58,247:unsupervised_learning_gensim.py:81:WARNING:OSError --- key error: Alahurín
2020-08-05 18:44:58,482:unsupervised_learning_gensim.py:81:WARNING:OSError --- key error: Capaz
2020-08-05 18:44:58,519:unsupervised_learning_gensim.py:81:WARNING:OSError --- key error: chocándose
2020-08-05 18:44:58,545:unsupervised_learning_gensim.py:81:WARNING:OSError --- key error: inundándolo
2020-08-05 18:44:58,582:unsupervised_learning_gensim.py:81:WARNING:OSError --- key error: Higuera
2020-08-05 18:44:58,694:unsupervised_learning_gensim.py:81:WARNING:OSError --- key error: Cosechas
2020-08-05 18:44:59,259:unsupervised_learning_gensim.py:81:WARNING:OSError --- key error: edificaciones
2020-08-05 18:44:59,280:unsupervised_learning_gensim.py:81:WARNING:OSError --- key error: afanadas
2020-08-05 18:44:59,493:unsupervised_learning_gensim.py:81:WARNING:OSError --- key error: formalidad
2020-08-05 18:44:59,525:unsupervised_learning_gensim.py:81:WARNING:OSError --- key error: formalismo
2020-08-05 18:44:59,733:unsupervised_learning_gensim.py:81:WARNING:OSError --- key error: Ocean-Viking
2020-08-05 18:44:59,763:unsupervised_learning_gensim.py:81:WARNING:OSError --- key error: mostrasen
2020-08-05 18:44:59,774:unsupervised_learning_gensim.py:81:WARNING:OSError --- key error: Desvalijaban
2020-08-05 18:44:59,835:unsupervised_learning_gensim.py:81:WARNING:OSError --- key error: Marcar
2020-08-05 18:44:59,849:unsupervised_learning_gensim.py:81:WARNING:OSError --- key error: sustrajeron
2020-08-05 18:45:00,066:unsupervised_learning_gensim.py:81:WARNING:OSError --- key error: Paradón
2020-08-05 18:45:00,082:unsupervised_learning_gensim.py:81:WARNING:OSError --- key error: Vezo
2020-08-05 18:45:00,152:unsupervised_learning_gensim.py:81:WARNING:OSError --- key error: Vinicius
2020-08-05 18:45:00,169:unsupervised_learning_gensim.py:81:WARNING:OSError --- key error: terminase
2020-08-05 18:45:00,200:unsupervised_learning_gensim.py:81:WARNING:OSError --- key error: desaprovechadas
2020-08-05 18:45:00,210:unsupervised_learning_gensim.py:81:WARNING:OSError --- key error: Hazard
2020-08-05 18:45:00,222:unsupervised_learning_gensim.py:81:WARNING:OSError --- key error: Gonzalo-Melero
2020-08-05 18:45:00,284:unsupervised_learning_gensim.py:81:WARNING:OSError --- key error: Takefusa-Kubo
2020-08-05 18:45:00,297:unsupervised_learning_gensim.py:81:WARNING:OSError --- key error: Prats
2020-08-05 18:45:00,315:unsupervised_learning_gensim.py:81:WARNING:OSError --- key error: Manolo-Reina
2020-08-05 18:45:00,381:unsupervised_learning_gensim.py:81:WARNING:OSError --- key error: Raúl-Meda
2020-08-05 18:45:00,422:unsupervised_learning_gensim.py:81:WARNING:OSError --- key error: Solo-Marc-Gasol
2020-08-05 18:45:00,435:unsupervised_learning_gensim.py:81:WARNING:OSError --- key error: Garbajosa
2020-08-05 18:45:00,479:unsupervised_learning_gensim.py:81:WARNING:OSError --- key error: Pude
2020-08-05 18:45:00,507:unsupervised_learning_gensim.py:81:WARNING:OSError --- key error: Litchenburg
2020-08-05 18:45:00,509:unsupervised_learning_gensim.py:81:WARNING:OSError --- key error: probándose
2020-08-05 18:45:00,520:unsupervised_learning_gensim.py:81:WARNING:OSError --- key error: Marc-Coma
2020-08-05 18:45:00,536:unsupervised_learning_gensim.py:81:WARNING:OSError --- key error: Guinea
2020-08-05 18:45:00,545:unsupervised_learning_gensim.py:81:WARNING:OSError --- key error: San-Fernando-Club
2020-08-05 18:45:00,728:unsupervised_learning_gensim.py:81:WARNING:OSError --- key error: Vea
2020-08-05 18:45:05,990:unsupervised_learning_gensim.py:81:WARNING:OSError --- key error: Jorge-Fuset
2020-08-05 18:45:06,061:unsupervised_learning_gensim.py:81:WARNING:OSError --- key error: ARAMCO
2020-08-05 18:45:06,224:unsupervised_learning_gensim.py:81:WARNING:OSError --- key error: contradirección
2020-08-05 18:45:06,247:unsupervised_learning_gensim.py:81:WARNING:OSError --- key error: desuso
2020-08-05 18:45:06,514:unsupervised_learning_gensim.py:81:WARNING:OSError --- key error: pescadilla
2020-08-05 18:45:06,517:unsupervised_learning_gensim.py:81:WARNING:OSError --- key error: muerde
2020-08-05 18:45:06,536:unsupervised_learning_gensim.py:81:WARNING:OSError --- key error: dominical
2020-08-05 18:45:06,555:unsupervised_learning_gensim.py:81:WARNING:OSError --- key error: filtrándose
2020-08-05 18:45:06,572:unsupervised_learning_gensim.py:81:WARNING:OSError --- key error: Tarea
2020-08-05 18:45:06,653:unsupervised_learning_gensim.py:81:WARNING:OSError --- key error: Inma-García
2020-08-05 18:45:06,874:unsupervised_learning_gensim.py:81:WARNING:OSError --- key error: sofás
2020-08-05 18:45:06,913:unsupervised_learning_gensim.py:81:WARNING:OSError --- key error: Escoba
2020-08-05 18:45:06,923:unsupervised_learning_gensim.py:81:WARNING:OSError --- key error: desesperante
2020-08-05 18:45:06,932:unsupervised_learning_gensim.py:81:WARNING:OSError --- key error: Echándole
2020-08-05 18:45:06,935:unsupervised_learning_gensim.py:81:WARNING:OSError --- key error: scouts
2020-08-05 18:45:06,962:unsupervised_learning_gensim.py:81:WARNING:OSError --- key error: Deseando
2020-08-05 18:45:06,994:unsupervised_learning_gensim.py:81:WARNING:OSError --- key error: Transición-Ecológica
2020-08-05 18:45:07,003:unsupervised_learning_gensim.py:81:WARNING:OSError --- key error: Vertidos-Cero
2020-08-05 18:45:07,006:unsupervised_learning_gensim.py:81:WARNING:OSError --- key error: salada
2020-08-05 18:45:07,193:unsupervised_learning_gensim.py:81:WARNING:OSError --- key error: Hago
2020-08-05 18:45:07,202:unsupervised_learning_gensim.py:81:WARNING:OSError --- key error: Comprendo
2020-08-05 18:45:07,226:unsupervised_learning_gensim.py:81:WARNING:OSError --- key error: arduas
2020-08-05 18:45:07,240:unsupervised_learning_gensim.py:81:WARNING:OSError --- key error: menage
2020-08-05 18:45:07,347:unsupervised_learning_gensim.py:81:WARNING:OSError --- key error: Yolanda
2020-08-05 18:45:07,413:unsupervised_learning_gensim.py:81:WARNING:OSError --- key error: Arriman
2020-08-05 18:45:07,616:unsupervised_learning_gensim.py:81:WARNING:OSError --- key error: lcázares
2020-08-05 18:45:07,687:unsupervised_learning_gensim.py:81:WARNING:OSError --- key error: trailers
2020-08-05 18:45:07,713:unsupervised_learning_gensim.py:81:WARNING:OSError --- key error: Jorge-Fuset
2020-08-05 18:45:07,723:unsupervised_learning_gensim.py:81:WARNING:OSError --- key error: Señor-Fuset
2020-08-05 18:45:07,763:unsupervised_learning_gensim.py:81:WARNING:OSError --- key error: previsores
2020-08-05 18:45:07,868:unsupervised_learning_gensim.py:81:WARNING:OSError --- key error: desglose
2020-08-05 18:45:07,894:unsupervised_learning_gensim.py:81:WARNING:OSError --- key error: Desmantelada
2020-08-05 18:45:07,977:unsupervised_learning_gensim.py:81:WARNING:OSError --- key error: malienses
2020-08-05 18:45:08,016:unsupervised_learning_gensim.py:81:WARNING:OSError --- key error: cobrándoles
2020-08-05 18:45:08,033:unsupervised_learning_gensim.py:81:WARNING:OSError --- key error: diversificar
2020-08-05 18:45:08,133:unsupervised_learning_gensim.py:81:WARNING:OSError --- key error: desuso
2020-08-05 18:45:08,140:unsupervised_learning_gensim.py:81:WARNING:OSError --- key error: Jaime-Casilla
2020-08-05 18:45:08,251:unsupervised_learning_gensim.py:81:WARNING:OSError --- key error: desmovilización
2020-08-05 18:45:08,297:unsupervised_learning_gensim.py:81:WARNING:OSError --- key error: Mike-Pompeo
2020-08-05 18:45:08,300:unsupervised_learning_gensim.py:81:WARNING:OSError --- key error: Pompeo
2020-08-05 18:45:08,322:unsupervised_learning_gensim.py:81:WARNING:OSError --- key error: acrecienta
2020-08-05 18:45:08,344:unsupervised_learning_gensim.py:81:WARNING:OSError --- key error: nativos
2020-08-05 18:45:08,419:unsupervised_learning_gensim.py:81:WARNING:OSError --- key error: calificaciones
2020-08-05 18:45:08,577:unsupervised_learning_gensim.py:81:WARNING:OSError --- key error: vapeadores
2020-08-05 18:45:08,599:unsupervised_learning_gensim.py:81:WARNING:OSError --- key error: Produce
2020-08-05 18:45:08,714:unsupervised_learning_gensim.py:81:WARNING:OSError --- key error: IG-NOBEL
2020-08-05 18:45:08,741:unsupervised_learning_gensim.py:81:WARNING:OSError --- key error: carteros
2020-08-05 18:45:08,758:unsupervised_learning_gensim.py:81:WARNING:OSError --- key error: IG
2020-08-05 18:45:08,764:unsupervised_learning_gensim.py:81:WARNING:OSError --- key error: gamberros
2020-08-05 18:45:08,781:unsupervised_learning_gensim.py:81:WARNING:OSError --- key error: IG
2020-08-05 18:45:08,793:unsupervised_learning_gensim.py:81:WARNING:OSError --- key error: chimpancés
2020-08-05 18:45:08,801:unsupervised_learning_gensim.py:81:WARNING:OSError --- key error: Bodnar
2020-08-05 18:45:08,822:unsupervised_learning_gensim.py:81:WARNING:OSError --- key error: Fuerza-Aérea
2020-08-05 18:45:08,824:unsupervised_learning_gensim.py:81:WARNING:OSError --- key error: Dayton
2020-08-05 18:45:08,885:unsupervised_learning_gensim.py:81:WARNING:OSError --- key error: Murphy
2020-08-05 18:45:08,887:unsupervised_learning_gensim.py:81:WARNING:OSError --- key error: Murphy
2020-08-05 18:45:08,947:unsupervised_learning_gensim.py:81:WARNING:OSError --- key error: adentrándose
2020-08-05 18:45:08,956:unsupervised_learning_gensim.py:81:WARNING:OSError --- key error: futurista
2020-08-05 18:45:09,006:unsupervised_learning_gensim.py:81:WARNING:OSError --- key error: Ricks-Café
2020-08-05 18:45:09,034:unsupervised_learning_gensim.py:81:WARNING:OSError --- key error: mutantes
2020-08-05 18:45:09,036:unsupervised_learning_gensim.py:81:WARNING:OSError --- key error: Disponibles
2020-08-05 18:45:09,081:unsupervised_learning_gensim.py:81:WARNING:OSError --- key error: Pues-Ansu-Fati
2020-08-05 18:45:09,120:unsupervised_learning_gensim.py:81:WARNING:OSError --- key error: Guinea-Bisaú
2020-08-05 18:45:09,134:unsupervised_learning_gensim.py:81:WARNING:OSError --- key error: Muniain
2020-08-05 18:45:09,153:unsupervised_learning_gensim.py:81:WARNING:OSError --- key error: inflado
2020-08-05 18:45:09,162:unsupervised_learning_gensim.py:81:WARNING:OSError --- key error: Ovación
2020-08-05 18:45:09,183:unsupervised_learning_gensim.py:81:WARNING:OSError --- key error: Recordó
2020-08-05 18:45:09,238:unsupervised_learning_gensim.py:81:WARNING:OSError --- key error: jugase
2020-08-05 18:45:09,272:unsupervised_learning_gensim.py:81:WARNING:OSError --- key error: Joao-Félix
2020-08-05 18:45:09,310:unsupervised_learning_gensim.py:81:WARNING:OSError --- key error: Tacón
2020-08-05 18:45:09,353:unsupervised_learning_gensim.py:81:WARNING:OSError --- key error: Eibar-Espanyol
2020-08-05 18:45:09,383:unsupervised_learning_gensim.py:81:WARNING:OSError --- key error: Ferreira
2020-08-05 18:45:09,570:unsupervised_learning_gensim.py:81:WARNING:OSError --- key error: Descienden
2020-08-05 18:45:10,706:unsupervised_learning_gensim.py:81:WARNING:OSError --- key error: Tensiones
2020-08-05 18:45:10,946:unsupervised_learning_gensim.py:81:WARNING:OSError --- key error: Conquistan
2020-08-05 18:45:11,071:unsupervised_learning_gensim.py:81:WARNING:OSError --- key error: Disfrutar
2020-08-05 18:45:11,229:unsupervised_learning_gensim.py:81:WARNING:OSError --- key error: Nuevo-Baztán
2020-08-05 18:45:12,045:unsupervised_learning_gensim.py:81:WARNING:OSError --- key error: Molíns
2020-08-05 18:45:12,071:unsupervised_learning_gensim.py:81:WARNING:OSError --- key error: Zona-Cero
2020-08-05 18:45:12,491:unsupervised_learning_gensim.py:81:WARNING:OSError --- key error: Jurais
2020-08-05 18:45:12,494:unsupervised_learning_gensim.py:81:WARNING:OSError --- key error: Abqaik
2020-08-05 18:45:12,561:unsupervised_learning_gensim.py:81:WARNING:OSError --- key error: militarmente
2020-08-05 18:45:12,818:unsupervised_learning_gensim.py:81:WARNING:OSError --- key error: Formar
2020-08-05 18:45:12,871:unsupervised_learning_gensim.py:81:WARNING:OSError --- key error: influenciable
2020-08-05 18:45:13,761:unsupervised_learning_gensim.py:81:WARNING:OSError --- key error: Alfa-Centauri
2020-08-05 18:45:13,767:unsupervised_learning_gensim.py:81:WARNING:OSError --- key error: Mickey-Mouse
2020-08-05 18:45:13,790:unsupervised_learning_gensim.py:81:WARNING:OSError --- key error: M87
2020-08-05 18:45:13,794:unsupervised_learning_gensim.py:81:WARNING:OSError --- key error: Virgo-A
2020-08-05 18:45:13,799:unsupervised_learning_gensim.py:81:WARNING:OSError --- key error: Mickey-Mouse
2020-08-05 18:45:13,805:unsupervised_learning_gensim.py:81:WARNING:OSError --- key error: Topolino
2020-08-05 18:45:13,811:unsupervised_learning_gensim.py:81:WARNING:OSError --- key error: Fiat-Topolino
2020-08-05 18:45:13,862:unsupervised_learning_gensim.py:81:WARNING:OSError --- key error: Milsani
2020-08-05 18:45:13,869:unsupervised_learning_gensim.py:81:WARNING:OSError --- key error: ecopack
2020-08-05 18:45:13,962:unsupervised_learning_gensim.py:81:WARNING:OSError --- key error: Remite
2020-08-05 18:45:14,015:unsupervised_learning_gensim.py:81:WARNING:OSError --- key error: petrolíferos
2020-08-05 18:45:14,118:unsupervised_learning_gensim.py:81:WARNING:OSError --- key error: baladí
2020-08-05 18:45:14,119:unsupervised_learning_gensim.py:81:WARNING:OSError --- key error: baladí
2020-08-05 18:45:14,664:unsupervised_learning_gensim.py:81:WARNING:OSError --- key error: antinacionalista
2020-08-05 18:45:14,666:unsupervised_learning_gensim.py:81:WARNING:OSError --- key error: acérrimo
2020-08-05 18:45:14,687:unsupervised_learning_gensim.py:81:WARNING:OSError --- key error: Memoria-Histórica
2020-08-05 18:45:14,770:unsupervised_learning_gensim.py:81:WARNING:OSError --- key error: letrada
2020-08-05 18:45:14,775:unsupervised_learning_gensim.py:81:WARNING:OSError --- key error: Arantza-Zulueta
2020-08-05 18:45:14,892:unsupervised_learning_gensim.py:81:WARNING:OSError --- key error: Conocía
2020-08-05 18:45:14,912:unsupervised_learning_gensim.py:81:WARNING:OSError --- key error: socorrerla
2020-08-05 18:45:14,945:unsupervised_learning_gensim.py:81:WARNING:OSError --- key error: divorciada
2020-08-05 18:45:15,038:unsupervised_learning_gensim.py:81:WARNING:OSError --- key error: Hoy-Ana-Julia-Quezada
2020-08-05 18:45:15,082:unsupervised_learning_gensim.py:81:WARNING:OSError --- key error: axfisiado
2020-08-05 18:45:15,096:unsupervised_learning_gensim.py:81:WARNING:OSError --- key error: Ana-Jula
2020-08-05 18:45:15,102:unsupervised_learning_gensim.py:81:WARNING:OSError --- key error: axfisiarlo
2020-08-05 18:45:15,117:unsupervised_learning_gensim.py:81:WARNING:OSError --- key error: Maña
2020-08-05 18:45:15,484:unsupervised_learning_gensim.py:81:WARNING:OSError --- key error: escombreras
2020-08-05 18:45:15,488:unsupervised_learning_gensim.py:81:WARNING:OSError --- key error: Lodazales
2020-08-05 18:45:15,663:unsupervised_learning_gensim.py:81:WARNING:OSError --- key error: borbotones
2020-08-05 18:45:15,695:unsupervised_learning_gensim.py:81:WARNING:OSError --- key error: Granjas
2020-08-05 18:45:15,724:unsupervised_learning_gensim.py:81:WARNING:OSError --- key error: inservibles
2020-08-05 18:45:15,995:unsupervised_learning_gensim.py:81:WARNING:OSError --- key error: delimitada
2020-08-05 18:45:16,033:unsupervised_learning_gensim.py:81:WARNING:OSError --- key error: Madrid-Central
2020-08-05 18:45:16,053:unsupervised_learning_gensim.py:81:WARNING:OSError --- key error: Afectará
2020-08-05 18:45:16,082:unsupervised_learning_gensim.py:81:WARNING:OSError --- key error: sucedio
2020-08-05 18:45:16,160:unsupervised_learning_gensim.py:81:WARNING:OSError --- key error: Ormuz
2020-08-05 18:45:16,184:unsupervised_learning_gensim.py:81:WARNING:OSError --- key error: provocaciones
2020-08-05 18:45:16,284:unsupervised_learning_gensim.py:81:WARNING:OSError --- key error: brent
2020-08-05 18:45:17,348:unsupervised_learning_gensim.py:81:WARNING:OSError --- key error: Octógono
2020-08-05 18:45:17,381:unsupervised_learning_gensim.py:81:WARNING:OSError --- key error: Marc-Anthony
2020-08-05 18:45:17,398:unsupervised_learning_gensim.py:81:WARNING:OSError --- key error: Agamenón
2020-08-05 18:45:17,407:unsupervised_learning_gensim.py:81:WARNING:OSError --- key error: Sófocles
2020-08-05 18:45:17,430:unsupervised_learning_gensim.py:81:WARNING:OSError --- key error: numeradas
2020-08-05 18:45:17,437:unsupervised_learning_gensim.py:81:WARNING:OSError --- key error: Octogonal
2020-08-05 18:45:17,441:unsupervised_learning_gensim.py:81:WARNING:OSError --- key error: Rectángulo
2020-08-05 18:45:17,443:unsupervised_learning_gensim.py:81:WARNING:OSError --- key error: rectangular
2020-08-05 18:45:17,595:unsupervised_learning_gensim.py:81:WARNING:OSError --- key error: frentismo
2020-08-05 18:45:17,689:unsupervised_learning_gensim.py:81:WARNING:OSError --- key error: compartimentado
2020-08-05 18:45:17,889:unsupervised_learning_gensim.py:81:WARNING:OSError --- key error: Demostraremos
2020-08-05 18:45:17,908:unsupervised_learning_gensim.py:81:WARNING:OSError --- key error: ejemplaridad
2020-08-05 18:45:18,749:unsupervised_learning_gensim.py:81:WARNING:OSError --- key error: idas
2020-08-05 18:45:18,888:unsupervised_learning_gensim.py:81:WARNING:OSError --- key error: resonaba
2020-08-05 18:45:19,424:unsupervised_learning_gensim.py:81:WARNING:OSError --- key error: intectuales
2020-08-05 18:45:19,490:unsupervised_learning_gensim.py:81:WARNING:OSError --- key error: Tratamiento
2020-08-05 18:45:19,631:unsupervised_learning_gensim.py:81:WARNING:OSError --- key error: afectivo
2020-08-05 18:45:19,670:unsupervised_learning_gensim.py:81:WARNING:OSError --- key error: definiéndola
2020-08-05 18:45:19,672:unsupervised_learning_gensim.py:81:WARNING:OSError --- key error: sociópata
2020-08-05 18:45:19,685:unsupervised_learning_gensim.py:81:WARNING:OSError --- key error: premeditada
2020-08-05 18:45:19,876:unsupervised_learning_gensim.py:81:WARNING:OSError --- key error: Vivió
2020-08-05 18:45:19,964:unsupervised_learning_gensim.py:81:WARNING:OSError --- key error: succionado
2020-08-05 18:45:20,856:unsupervised_learning_gensim.py:81:WARNING:OSError --- key error: Tromba
2020-08-05 18:45:20,860:unsupervised_learning_gensim.py:81:WARNING:OSError --- key error: Inundó
2020-08-05 18:45:20,883:unsupervised_learning_gensim.py:81:WARNING:OSError --- key error: ahijado
2020-08-05 18:45:20,905:unsupervised_learning_gensim.py:81:WARNING:OSError --- key error: Colapso
2020-08-05 18:45:21,245:unsupervised_learning_gensim.py:81:WARNING:OSError --- key error: Ainara
2020-08-05 18:45:21,253:unsupervised_learning_gensim.py:81:WARNING:OSError --- key error: Autocrítica
2020-08-05 18:45:21,266:unsupervised_learning_gensim.py:81:WARNING:OSError --- key error: Echando
2020-08-05 18:45:21,514:unsupervised_learning_gensim.py:81:WARNING:OSError --- key error: sinvergüenzas
2020-08-05 18:45:21,535:unsupervised_learning_gensim.py:81:WARNING:OSError --- key error: aburrimiento
2020-08-05 18:45:21,550:unsupervised_learning_gensim.py:81:WARNING:OSError --- key error: Preguntamos
2020-08-05 18:45:21,576:unsupervised_learning_gensim.py:81:WARNING:OSError --- key error: preguntaros
2020-08-05 18:45:21,591:unsupervised_learning_gensim.py:81:WARNING:OSError --- key error: Eutanasia
2020-08-05 18:45:21,613:unsupervised_learning_gensim.py:81:WARNING:OSError --- key error: Permanente
2020-08-05 18:45:21,643:unsupervised_learning_gensim.py:81:WARNING:OSError --- key error: Ipad
2020-08-05 18:45:21,769:unsupervised_learning_gensim.py:81:WARNING:OSError --- key error: semisótano
2020-08-05 18:45:21,951:unsupervised_learning_gensim.py:81:WARNING:OSError --- key error: Alto
2020-08-05 18:45:21,965:unsupervised_learning_gensim.py:81:WARNING:OSError --- key error: sicólogica
2020-08-05 18:45:21,990:unsupervised_learning_gensim.py:81:WARNING:OSError --- key error: Almoradi
2020-08-05 18:45:22,003:unsupervised_learning_gensim.py:81:WARNING:OSError --- key error: Mikel-Eguía
2020-08-05 18:45:22,229:unsupervised_learning_gensim.py:81:WARNING:OSError --- key error: Traumatismos
2020-08-05 18:45:22,236:unsupervised_learning_gensim.py:81:WARNING:OSError --- key error: craneoencefálicos
2020-08-05 18:45:22,254:unsupervised_learning_gensim.py:81:WARNING:OSError --- key error: Estel-LLobet
2020-08-05 18:45:22,301:unsupervised_learning_gensim.py:81:WARNING:OSError --- key error: filón
2020-08-05 18:45:22,305:unsupervised_learning_gensim.py:81:WARNING:OSError --- key error: cruzarla
2020-08-05 18:45:22,332:unsupervised_learning_gensim.py:81:WARNING:OSError --- key error: José-Luís
2020-08-05 18:45:22,372:unsupervised_learning_gensim.py:81:WARNING:OSError --- key error: Sientes
2020-08-05 18:45:22,403:unsupervised_learning_gensim.py:81:WARNING:OSError --- key error: Corderos
2020-08-05 18:45:22,428:unsupervised_learning_gensim.py:81:WARNING:OSError --- key error: Asociación-Equalia
2020-08-05 18:45:22,466:unsupervised_learning_gensim.py:81:WARNING:OSError --- key error: aturde
2020-08-05 18:45:22,470:unsupervised_learning_gensim.py:81:WARNING:OSError --- key error: degollarlos
2020-08-05 18:45:22,515:unsupervised_learning_gensim.py:81:WARNING:OSError --- key error: equalia
2020-08-05 18:45:22,529:unsupervised_learning_gensim.py:81:WARNING:OSError --- key error: identificadores
2020-08-05 18:45:22,555:unsupervised_learning_gensim.py:81:WARNING:OSError --- key error: Villarejo
2020-08-05 18:45:22,559:unsupervised_learning_gensim.py:81:WARNING:OSError --- key error: Salvanés
2020-08-05 18:45:22,577:unsupervised_learning_gensim.py:81:WARNING:OSError --- key error: Equalia
2020-08-05 18:45:22,612:unsupervised_learning_gensim.py:81:WARNING:OSError --- key error: David-Cifuentes
2020-08-05 18:45:22,633:unsupervised_learning_gensim.py:81:WARNING:OSError --- key error: sigilosa
2020-08-05 18:45:22,638:unsupervised_learning_gensim.py:81:WARNING:OSError --- key error: Captaba
2020-08-05 18:45:22,643:unsupervised_learning_gensim.py:81:WARNING:OSError --- key error: suscribientes
2020-08-05 18:45:22,660:unsupervised_learning_gensim.py:81:WARNING:OSError --- key error: Acudimos
2020-08-05 18:45:22,673:unsupervised_learning_gensim.py:81:WARNING:OSError --- key error: Llamamos
2020-08-05 18:45:22,694:unsupervised_learning_gensim.py:81:WARNING:OSError --- key error: Christopher
2020-08-05 18:45:22,736:unsupervised_learning_gensim.py:81:WARNING:OSError --- key error: Jake
2020-08-05 18:45:22,738:unsupervised_learning_gensim.py:81:WARNING:OSError --- key error: Hobbit
2020-08-05 18:45:22,804:unsupervised_learning_gensim.py:81:WARNING:OSError --- key error: balconing
2020-08-05 18:45:22,862:unsupervised_learning_gensim.py:81:WARNING:OSError --- key error: Barack
2020-08-05 18:45:22,900:unsupervised_learning_gensim.py:81:WARNING:OSError --- key error: Miró
2020-08-05 18:45:22,909:unsupervised_learning_gensim.py:81:WARNING:OSError --- key error: atenuante
2020-08-05 18:45:22,970:unsupervised_learning_gensim.py:81:WARNING:OSError --- key error: Pisos
2020-08-05 18:45:23,015:unsupervised_learning_gensim.py:81:WARNING:OSError --- key error: Munilla
2020-08-05 18:45:23,023:unsupervised_learning_gensim.py:81:WARNING:OSError --- key error: José-Martín
2020-08-05 18:45:23,138:unsupervised_learning_gensim.py:81:WARNING:OSError --- key error: Boneco
2020-08-05 18:45:23,155:unsupervised_learning_gensim.py:81:WARNING:OSError --- key error: conocidísima
2020-08-05 18:45:23,190:unsupervised_learning_gensim.py:81:WARNING:OSError --- key error: Lindo
2020-08-05 18:45:23,191:unsupervised_learning_gensim.py:81:WARNING:OSError --- key error: Gallardo
2020-08-05 18:45:23,221:unsupervised_learning_gensim.py:81:WARNING:OSError --- key error: Hawái
2020-08-05 18:45:23,226:unsupervised_learning_gensim.py:81:WARNING:OSError --- key error: Paramos
2020-08-05 18:45:23,245:unsupervised_learning_gensim.py:81:WARNING:OSError --- key error: Coleo
2020-08-05 18:45:23,321:unsupervised_learning_gensim.py:81:WARNING:OSError --- key error: Kaau-Crater
2020-08-05 18:45:23,349:unsupervised_learning_gensim.py:81:WARNING:OSError --- key error: volleyball
2020-08-05 18:45:23,371:unsupervised_learning_gensim.py:81:WARNING:OSError --- key error: escápula
2020-08-05 18:45:23,378:unsupervised_learning_gensim.py:81:WARNING:OSError --- key error: riéndose
2020-08-05 18:45:23,412:unsupervised_learning_gensim.py:81:WARNING:OSError --- key error: Recuperando
2020-08-05 18:45:23,423:unsupervised_learning_gensim.py:81:WARNING:OSError --- key error: Sara-Thomas
2020-08-05 18:45:23,522:unsupervised_learning_gensim.py:81:WARNING:OSError --- key error: Davo-Karnichar
2020-08-05 18:45:23,645:unsupervised_learning_gensim.py:81:WARNING:OSError --- key error: Imperfecta
2020-08-05 18:45:23,649:unsupervised_learning_gensim.py:81:WARNING:OSError --- key error: ESPN
2020-08-05 18:45:23,693:unsupervised_learning_gensim.py:81:WARNING:OSError --- key error: Piedrafita
2020-08-05 18:45:23,706:unsupervised_learning_gensim.py:81:WARNING:OSError --- key error: Alex-Villar
2020-08-05 18:45:23,717:unsupervised_learning_gensim.py:81:WARNING:OSError --- key error: enhebrar
2020-08-05 18:45:24,603:unsupervised_learning_gensim.py:81:WARNING:OSError --- key error: húsares
2020-08-05 18:45:24,620:unsupervised_learning_gensim.py:81:WARNING:OSError --- key error: Virtual-LaLiga
2020-08-05 18:45:24,629:unsupervised_learning_gensim.py:81:WARNING:OSError --- key error: Jaime-Gravesen
2020-08-05 18:45:24,670:unsupervised_learning_gensim.py:81:WARNING:OSError --- key error: Dijiste-EE.UU
2020-08-05 18:45:24,754:unsupervised_learning_gensim.py:81:WARNING:OSError --- key error: lamborguinis
2020-08-05 18:45:24,844:unsupervised_learning_gensim.py:81:WARNING:OSError --- key error: Decimos
2020-08-05 18:45:24,867:unsupervised_learning_gensim.py:81:WARNING:OSError --- key error: Cortes-Generales
2020-08-05 18:45:25,078:unsupervised_learning_gensim.py:81:WARNING:OSError --- key error: audibles
2020-08-05 18:45:25,092:unsupervised_learning_gensim.py:81:WARNING:OSError --- key error: Señor-Rivera
2020-08-05 18:45:25,353:unsupervised_learning_gensim.py:81:WARNING:OSError --- key error: aderezado
2020-08-05 18:45:25,409:unsupervised_learning_gensim.py:81:WARNING:OSError --- key error: patético
2020-08-05 18:45:25,601:unsupervised_learning_gensim.py:81:WARNING:OSError --- key error: Llamaré
2020-08-05 18:45:25,640:unsupervised_learning_gensim.py:81:WARNING:OSError --- key error: distanciándose
2020-08-05 18:45:25,706:unsupervised_learning_gensim.py:81:WARNING:OSError --- key error: exlíder
2020-08-05 18:45:25,738:unsupervised_learning_gensim.py:81:WARNING:OSError --- key error: 10-N
2020-08-05 18:45:26,025:unsupervised_learning_gensim.py:81:WARNING:OSError --- key error: financial
2020-08-05 18:45:26,176:unsupervised_learning_gensim.py:81:WARNING:OSError --- key error: Lieberman
2020-08-05 18:45:26,196:unsupervised_learning_gensim.py:81:WARNING:OSError --- key error: Reserva-Federal
2020-08-05 18:45:26,244:unsupervised_learning_gensim.py:81:WARNING:OSError --- key error: CAF
2020-08-05 18:45:26,377:unsupervised_learning_gensim.py:81:WARNING:OSError --- key error: Antena3
2020-08-05 18:45:26,411:unsupervised_learning_gensim.py:81:WARNING:OSError --- key error: eyectables
2020-08-05 18:45:26,414:unsupervised_learning_gensim.py:81:WARNING:OSError --- key error: amerizaje
2020-08-05 18:45:26,445:unsupervised_learning_gensim.py:81:WARNING:OSError --- key error: Daniel-Melero
2020-08-05 18:45:26,453:unsupervised_learning_gensim.py:81:WARNING:OSError --- key error: Rosa-Almirón
2020-08-05 18:45:26,465:unsupervised_learning_gensim.py:81:WARNING:OSError --- key error: Francisco-Marín
2020-08-05 18:45:26,881:unsupervised_learning_gensim.py:81:WARNING:OSError --- key error: Lamborghinis
2020-08-05 18:45:26,920:unsupervised_learning_gensim.py:81:WARNING:OSError --- key error: Exceso
2020-08-05 18:45:26,924:unsupervised_learning_gensim.py:81:WARNING:OSError --- key error: caballitos
2020-08-05 18:45:26,975:unsupervised_learning_gensim.py:81:WARNING:OSError --- key error: Economía-Digital
2020-08-05 18:45:27,145:unsupervised_learning_gensim.py:81:WARNING:OSError --- key error: ovni
2020-08-05 18:45:27,212:unsupervised_learning_gensim.py:81:WARNING:OSError --- key error: practicarle
2020-08-05 18:45:27,233:unsupervised_learning_gensim.py:81:WARNING:OSError --- key error: bambú
2020-08-05 18:45:27,259:unsupervised_learning_gensim.py:81:WARNING:OSError --- key error: Lin-Hui
2020-08-05 18:45:27,901:unsupervised_learning_gensim.py:81:WARNING:OSError --- key error: Saluda
2020-08-05 18:45:27,926:unsupervised_learning_gensim.py:81:WARNING:OSError --- key error: Hogar-Don-Orione
2020-08-05 18:45:27,966:unsupervised_learning_gensim.py:81:WARNING:OSError --- key error: excontras
2020-08-05 18:45:28,060:unsupervised_learning_gensim.py:81:WARNING:OSError --- key error: VOX
2020-08-05 18:45:28,067:unsupervised_learning_gensim.py:81:WARNING:OSError --- key error: Insólita
2020-08-05 18:45:31,863:unsupervised_learning_gensim.py:81:WARNING:OSError --- key error: Ferreras
2020-08-05 18:45:31,868:unsupervised_learning_gensim.py:81:WARNING:OSError --- key error: laSexta
2020-08-05 18:45:31,901:unsupervised_learning_gensim.py:81:WARNING:OSError --- key error: faltarle
2020-08-05 18:45:31,960:unsupervised_learning_gensim.py:81:WARNING:OSError --- key error: Gabriel-Cruz-Ramírez
2020-08-05 18:45:31,984:unsupervised_learning_gensim.py:81:WARNING:OSError --- key error: asfixiándolo
2020-08-05 18:45:32,036:unsupervised_learning_gensim.py:81:WARNING:OSError --- key error: asaltada
2020-08-05 18:45:32,051:unsupervised_learning_gensim.py:81:WARNING:OSError --- key error: Desiree-Hernández
2020-08-05 18:45:32,138:unsupervised_learning_gensim.py:81:WARNING:OSError --- key error: Pegarse
2020-08-05 18:45:32,185:unsupervised_learning_gensim.py:81:WARNING:OSError --- key error: Von-Braun
2020-08-05 18:45:32,209:unsupervised_learning_gensim.py:81:WARNING:OSError --- key error: Bruce-Springsteen
2020-08-05 18:45:32,255:unsupervised_learning_gensim.py:81:WARNING:OSError --- key error: Ferreras
2020-08-05 18:45:32,260:unsupervised_learning_gensim.py:81:WARNING:OSError --- key error: laSexta
2020-08-05 18:45:32,415:unsupervised_learning_gensim.py:81:WARNING:OSError --- key error: tertulianos
2020-08-05 18:45:32,436:unsupervised_learning_gensim.py:81:WARNING:OSError --- key error: Felisuco
2020-08-05 18:45:32,440:unsupervised_learning_gensim.py:81:WARNING:OSError --- key error: Toni-Cantó
2020-08-05 18:45:32,459:unsupervised_learning_gensim.py:81:WARNING:OSError --- key error: Miguel-Abellán
2020-08-05 18:45:32,473:unsupervised_learning_gensim.py:81:WARNING:OSError --- key error: Pablo-Montesinos
2020-08-05 18:45:32,478:unsupervised_learning_gensim.py:81:WARNING:OSError --- key error: Vicesecretario
2020-08-05 18:45:32,537:unsupervised_learning_gensim.py:81:WARNING:OSError --- key error: Pedro-Iglesias
2020-08-05 18:45:32,704:unsupervised_learning_gensim.py:81:WARNING:OSError --- key error: perplejidad
2020-08-05 18:45:32,754:unsupervised_learning_gensim.py:81:WARNING:OSError --- key error: Sant-Llorenç
2020-08-05 18:45:32,850:unsupervised_learning_gensim.py:81:WARNING:OSError --- key error: San-Llorenç
2020-08-05 18:45:32,872:unsupervised_learning_gensim.py:81:WARNING:OSError --- key error: Temporales
2020-08-05 18:45:32,935:unsupervised_learning_gensim.py:81:WARNING:OSError --- key error: justificantes
2020-08-05 18:45:33,057:unsupervised_learning_gensim.py:81:WARNING:OSError --- key error: abrazarles
2020-08-05 18:45:33,112:unsupervised_learning_gensim.py:81:WARNING:OSError --- key error: maravillosamente
2020-08-05 18:45:33,160:unsupervised_learning_gensim.py:81:WARNING:OSError --- key error: Gabriel-Cruz-Ramírez
2020-08-05 18:45:33,163:unsupervised_learning_gensim.py:81:WARNING:OSError --- key error: sorpresiva
2020-08-05 18:45:33,291:unsupervised_learning_gensim.py:81:WARNING:OSError --- key error: Pareció
2020-08-05 18:45:33,312:unsupervised_learning_gensim.py:81:WARNING:OSError --- key error: camaleónica
2020-08-05 18:45:33,320:unsupervised_learning_gensim.py:81:WARNING:OSError --- key error: Comparte
2020-08-05 18:45:33,338:unsupervised_learning_gensim.py:81:WARNING:OSError --- key error: Pioz
2020-08-05 18:45:33,351:unsupervised_learning_gensim.py:81:WARNING:OSError --- key error: pestañeó
2020-08-05 18:45:33,454:unsupervised_learning_gensim.py:81:WARNING:OSError --- key error: Oleiros
2020-08-05 18:45:33,636:unsupervised_learning_gensim.py:81:WARNING:OSError --- key error: Desiree-Hernández
2020-08-05 18:45:33,702:unsupervised_learning_gensim.py:81:WARNING:OSError --- key error: Desesperados
2020-08-05 18:45:33,756:unsupervised_learning_gensim.py:81:WARNING:OSError --- key error: madame
2020-08-05 18:45:33,771:unsupervised_learning_gensim.py:81:WARNING:OSError --- key error: trasiego
2020-08-05 18:45:33,779:unsupervised_learning_gensim.py:81:WARNING:OSError --- key error: señorita
2020-08-05 18:45:33,834:unsupervised_learning_gensim.py:81:WARNING:OSError --- key error: epidémicos
2020-08-05 18:45:33,876:unsupervised_learning_gensim.py:81:WARNING:OSError --- key error: María-Fernández
2020-08-05 18:45:33,941:unsupervised_learning_gensim.py:81:WARNING:OSError --- key error: Artes-Escénicas
2020-08-05 18:45:33,993:unsupervised_learning_gensim.py:81:WARNING:OSError --- key error: Tremenda
2020-08-05 18:45:34,017:unsupervised_learning_gensim.py:81:WARNING:OSError --- key error: Adolfo-Izquierdo
2020-08-05 18:45:34,024:unsupervised_learning_gensim.py:81:WARNING:OSError --- key error: ventanal
2020-08-05 18:45:34,034:unsupervised_learning_gensim.py:81:WARNING:OSError --- key error: aferrándose
2020-08-05 18:45:34,064:unsupervised_learning_gensim.py:81:WARNING:OSError --- key error: Descalza
2020-08-05 18:45:34,090:unsupervised_learning_gensim.py:81:WARNING:OSError --- key error: Limpiando
2020-08-05 18:45:34,234:unsupervised_learning_gensim.py:81:WARNING:OSError --- key error: Cobran
2020-08-05 18:45:34,380:unsupervised_learning_gensim.py:81:WARNING:OSError --- key error: Stanley-Kubrick
2020-08-05 18:45:34,406:unsupervised_learning_gensim.py:81:WARNING:OSError --- key error: Stanley-Kubrick
2020-08-05 18:45:34,440:unsupervised_learning_gensim.py:81:WARNING:OSError --- key error: ramera
2020-08-05 18:45:34,486:unsupervised_learning_gensim.py:81:WARNING:OSError --- key error: MUCHA
2020-08-05 18:45:34,612:unsupervised_learning_gensim.py:81:WARNING:OSError --- key error: Kylie-Jenner
2020-08-05 18:45:34,616:unsupervised_learning_gensim.py:81:WARNING:OSError --- key error: Labios
2020-08-05 18:45:34,686:unsupervised_learning_gensim.py:81:WARNING:OSError --- key error: faltarle
2020-08-05 18:45:34,689:unsupervised_learning_gensim.py:81:WARNING:OSError --- key error: nutrientes
2020-08-05 18:45:34,786:unsupervised_learning_gensim.py:81:WARNING:OSError --- key error: hipoxia
2020-08-05 18:45:34,797:unsupervised_learning_gensim.py:81:WARNING:OSError --- key error: intrauterina
2020-08-05 18:45:34,936:unsupervised_learning_gensim.py:81:WARNING:OSError --- key error: Teléfonica
2020-08-05 18:45:35,064:unsupervised_learning_gensim.py:81:WARNING:OSError --- key error: dinamizará
2020-08-05 18:45:35,070:unsupervised_learning_gensim.py:81:WARNING:OSError --- key error: Promoviendo
2020-08-05 18:45:35,076:unsupervised_learning_gensim.py:81:WARNING:OSError --- key error: coproducciones
2020-08-05 18:45:35,183:unsupervised_learning_gensim.py:81:WARNING:OSError --- key error: alarmadas
2020-08-05 18:45:35,189:unsupervised_learning_gensim.py:81:WARNING:OSError --- key error: Borrachos
2020-08-05 18:45:35,190:unsupervised_learning_gensim.py:81:WARNING:OSError --- key error: Tablón
2020-08-05 18:45:35,224:unsupervised_learning_gensim.py:81:WARNING:OSError --- key error: Chacarita
2020-08-05 18:45:35,252:unsupervised_learning_gensim.py:81:WARNING:OSError --- key error: Angélica-Molina
2020-08-05 18:45:35,255:unsupervised_learning_gensim.py:81:WARNING:OSError --- key error: Dueña
2020-08-05 18:45:35,262:unsupervised_learning_gensim.py:81:WARNING:OSError --- key error: Ana-Molina
2020-08-05 18:45:35,264:unsupervised_learning_gensim.py:81:WARNING:OSError --- key error: Negra
2020-08-05 18:45:35,365:unsupervised_learning_gensim.py:81:WARNING:OSError --- key error: rezumaba
2020-08-05 18:45:35,374:unsupervised_learning_gensim.py:81:WARNING:OSError --- key error: Disparar
2020-08-05 18:45:35,381:unsupervised_learning_gensim.py:81:WARNING:OSError --- key error: Lara-Croft
2020-08-05 18:45:35,398:unsupervised_learning_gensim.py:81:WARNING:OSError --- key error: Yuraima
2020-08-05 18:45:35,416:unsupervised_learning_gensim.py:81:WARNING:OSError --- key error: Lara-Croft
2020-08-05 18:45:35,469:unsupervised_learning_gensim.py:81:WARNING:OSError --- key error: dehabitados
2020-08-05 18:45:35,476:unsupervised_learning_gensim.py:81:WARNING:OSError --- key error: Nou-Mestalla
2020-08-05 18:45:35,507:unsupervised_learning_gensim.py:81:WARNING:OSError --- key error: exploradores
2020-08-05 18:45:35,537:unsupervised_learning_gensim.py:81:WARNING:OSError --- key error: pétalo
2020-08-05 18:45:35,542:unsupervised_learning_gensim.py:81:WARNING:OSError --- key error: subjetiva
2020-08-05 18:45:35,594:unsupervised_learning_gensim.py:81:WARNING:OSError --- key error: Dialoga
2020-08-05 18:45:35,623:unsupervised_learning_gensim.py:81:WARNING:OSError --- key error: Cortaste
2020-08-05 18:45:36,830:unsupervised_learning_gensim.py:81:WARNING:OSError --- key error: aflora
2020-08-05 18:45:37,217:unsupervised_learning_gensim.py:81:WARNING:OSError --- key error: fraguada
2020-08-05 18:45:37,220:unsupervised_learning_gensim.py:81:WARNING:OSError --- key error: Relación
2020-08-05 18:45:37,320:unsupervised_learning_gensim.py:81:WARNING:OSError --- key error: Ocupa
2020-08-05 18:45:37,755:unsupervised_learning_gensim.py:81:WARNING:OSError --- key error: suscribieron
2020-08-05 18:45:37,800:unsupervised_learning_gensim.py:81:WARNING:OSError --- key error: Agatha
2020-08-05 18:45:37,876:unsupervised_learning_gensim.py:81:WARNING:OSError --- key error: decimoséptimo
2020-08-05 18:45:38,025:unsupervised_learning_gensim.py:81:WARNING:OSError --- key error: Jaime-Castilla
2020-08-05 18:45:38,117:unsupervised_learning_gensim.py:81:WARNING:OSError --- key error: enviasen
2020-08-05 18:45:38,150:unsupervised_learning_gensim.py:81:WARNING:OSError --- key error: Traficaban
2020-08-05 18:45:38,207:unsupervised_learning_gensim.py:81:WARNING:OSError --- key error: Anclan
2020-08-05 18:45:38,222:unsupervised_learning_gensim.py:81:WARNING:OSError --- key error: escondite
2020-08-05 18:45:38,273:unsupervised_learning_gensim.py:81:WARNING:OSError --- key error: planeadoras
2020-08-05 18:45:38,305:unsupervised_learning_gensim.py:81:WARNING:OSError --- key error: Ahumada
2020-08-05 18:45:38,319:unsupervised_learning_gensim.py:81:WARNING:OSError --- key error: Aro
2020-08-05 18:45:38,371:unsupervised_learning_gensim.py:81:WARNING:OSError --- key error: Predomina
2020-08-05 18:45:38,437:unsupervised_learning_gensim.py:81:WARNING:OSError --- key error: benévolas
2020-08-05 18:45:38,518:unsupervised_learning_gensim.py:81:WARNING:OSError --- key error: Mercé
2020-08-05 18:45:38,529:unsupervised_learning_gensim.py:81:WARNING:OSError --- key error: Veamos
2020-08-05 18:45:38,735:unsupervised_learning_gensim.py:81:WARNING:OSError --- key error: kilometraje
2020-08-05 18:45:39,088:unsupervised_learning_gensim.py:81:WARNING:OSError --- key error: inventario
2020-08-05 18:45:39,187:unsupervised_learning_gensim.py:81:WARNING:OSError --- key error: Cuanta
2020-08-05 18:45:39,255:unsupervised_learning_gensim.py:81:WARNING:OSError --- key error: Habilidades
2020-08-05 18:45:39,321:unsupervised_learning_gensim.py:81:WARNING:OSError --- key error: Gemelos
2020-08-05 18:45:39,328:unsupervised_learning_gensim.py:81:WARNING:OSError --- key error: Trillizos
2020-08-05 18:45:39,358:unsupervised_learning_gensim.py:81:WARNING:OSError --- key error: Susto
2020-08-05 18:45:39,389:unsupervised_learning_gensim.py:81:WARNING:OSError --- key error: Parto
2020-08-05 18:45:39,446:unsupervised_learning_gensim.py:81:WARNING:OSError --- key error: Tavernes
2020-08-05 18:45:39,450:unsupervised_learning_gensim.py:81:WARNING:OSError --- key error: Valldigna
2020-08-05 18:45:39,555:unsupervised_learning_gensim.py:81:WARNING:OSError --- key error: inseguridades
2020-08-05 18:45:39,755:unsupervised_learning_gensim.py:81:WARNING:OSError --- key error: segadores
2020-08-05 18:45:39,806:unsupervised_learning_gensim.py:81:WARNING:OSError --- key error: Cantos
2020-08-05 18:45:39,857:unsupervised_learning_gensim.py:81:WARNING:OSError --- key error: Arroz
2020-08-05 18:45:39,881:unsupervised_learning_gensim.py:81:WARNING:OSError --- key error: Perdía
2020-08-05 18:45:39,911:unsupervised_learning_gensim.py:81:WARNING:OSError --- key error: tirase
2020-08-05 18:45:40,025:unsupervised_learning_gensim.py:81:WARNING:OSError --- key error: Tampoco-Messi
2020-08-05 18:45:40,095:unsupervised_learning_gensim.py:81:WARNING:OSError --- key error: marcarle
2020-08-05 18:45:40,103:unsupervised_learning_gensim.py:81:WARNING:OSError --- key error: Rubén-Blanco
2020-08-05 18:45:40,120:unsupervised_learning_gensim.py:81:WARNING:OSError --- key error: Joao-Félix
2020-08-05 18:45:40,133:unsupervised_learning_gensim.py:81:WARNING:OSError --- key error: Buscara
2020-08-05 18:45:40,154:unsupervised_learning_gensim.py:81:WARNING:OSError --- key error: Geta
2020-08-05 18:45:40,174:unsupervised_learning_gensim.py:81:WARNING:OSError --- key error: Nyam
2020-08-05 18:45:40,186:unsupervised_learning_gensim.py:81:WARNING:OSError --- key error: Budimir
2020-08-05 18:45:40,232:unsupervised_learning_gensim.py:81:WARNING:OSError --- key error: enloquecida
2020-08-05 18:45:40,306:unsupervised_learning_gensim.py:81:WARNING:OSError --- key error: inflamada
2020-08-05 18:45:40,326:unsupervised_learning_gensim.py:81:WARNING:OSError --- key error: París-Bercy
2020-08-05 18:45:40,345:unsupervised_learning_gensim.py:81:WARNING:OSError --- key error: Basket
2020-08-05 18:45:40,380:unsupervised_learning_gensim.py:81:WARNING:OSError --- key error: adulteraría
2020-08-05 18:45:40,436:unsupervised_learning_gensim.py:81:WARNING:OSError --- key error: mountain
2020-08-05 18:45:40,441:unsupervised_learning_gensim.py:81:WARNING:OSError --- key error: Madrid-Lisboa
2020-08-05 18:45:40,519:unsupervised_learning_gensim.py:81:WARNING:OSError --- key error: Arrastró
2020-08-05 18:45:40,544:unsupervised_learning_gensim.py:81:WARNING:OSError --- key error: Multicine
2020-08-05 18:45:41,750:unsupervised_learning_gensim.py:81:WARNING:OSError --- key error: radicalizada
2020-08-05 18:45:41,795:unsupervised_learning_gensim.py:81:WARNING:OSError --- key error: salvajemente
2020-08-05 18:45:41,992:unsupervised_learning_gensim.py:81:WARNING:OSError --- key error: unificada
2020-08-05 18:45:42,055:unsupervised_learning_gensim.py:81:WARNING:OSError --- key error: teleasistencia
2020-08-05 18:45:42,065:unsupervised_learning_gensim.py:81:WARNING:OSError --- key error: depedendientes
2020-08-05 18:45:42,202:unsupervised_learning_gensim.py:81:WARNING:OSError --- key error: Manda
2020-08-05 18:45:42,556:unsupervised_learning_gensim.py:81:WARNING:OSError --- key error: Errejón-Iglesias
2020-08-05 18:45:42,578:unsupervised_learning_gensim.py:81:WARNING:OSError --- key error: Continuó
2020-08-05 18:45:42,587:unsupervised_learning_gensim.py:81:WARNING:OSError --- key error: Gana-Iglesias
2020-08-05 18:45:42,621:unsupervised_learning_gensim.py:81:WARNING:OSError --- key error: Obtiene
2020-08-05 18:45:42,759:unsupervised_learning_gensim.py:81:WARNING:OSError --- key error: Pablo-Montesinos
2020-08-05 18:45:42,863:unsupervised_learning_gensim.py:81:WARNING:OSError --- key error: fragmentada
2020-08-05 18:45:42,885:unsupervised_learning_gensim.py:81:WARNING:OSError --- key error: ingobernables
2020-08-05 18:45:42,920:unsupervised_learning_gensim.py:81:WARNING:OSError --- key error: centro-derecha
2020-08-05 18:45:42,933:unsupervised_learning_gensim.py:81:WARNING:OSError --- key error: elucubraciones
2020-08-05 18:45:42,946:unsupervised_learning_gensim.py:81:WARNING:OSError --- key error: Suddeutche-Zeitung
2020-08-05 18:45:43,003:unsupervised_learning_gensim.py:81:WARNING:OSError --- key error: Acción-Climática
2020-08-05 18:45:43,033:unsupervised_learning_gensim.py:81:WARNING:OSError --- key error: inapelable
2020-08-05 18:45:43,064:unsupervised_learning_gensim.py:81:WARNING:OSError --- key error: Encima
2020-08-05 18:45:43,239:unsupervised_learning_gensim.py:81:WARNING:OSError --- key error: Sequías
2020-08-05 18:45:43,303:unsupervised_learning_gensim.py:81:WARNING:OSError --- key error: pesimistas
2020-08-05 18:45:43,350:unsupervised_learning_gensim.py:81:WARNING:OSError --- key error: limitante
2020-08-05 18:45:43,359:unsupervised_learning_gensim.py:81:WARNING:OSError --- key error: migrar
2020-08-05 18:45:43,513:unsupervised_learning_gensim.py:81:WARNING:OSError --- key error: echárselo
2020-08-05 18:45:43,699:unsupervised_learning_gensim.py:81:WARNING:OSError --- key error: Viladecans
2020-08-05 18:45:43,785:unsupervised_learning_gensim.py:81:WARNING:OSError --- key error: magulladuras
2020-08-05 18:45:43,801:unsupervised_learning_gensim.py:81:WARNING:OSError --- key error: Desnuda
2020-08-05 18:45:43,803:unsupervised_learning_gensim.py:81:WARNING:OSError --- key error: Desnuda
2020-08-05 18:45:43,847:unsupervised_learning_gensim.py:81:WARNING:OSError --- key error: malvarrosa
2020-08-05 18:45:43,863:unsupervised_learning_gensim.py:81:WARNING:OSError --- key error: indicasen
2020-08-05 18:45:43,887:unsupervised_learning_gensim.py:81:WARNING:OSError --- key error: Chipiona
2020-08-05 18:45:43,932:unsupervised_learning_gensim.py:81:WARNING:OSError --- key error: Contaban
2020-08-05 18:45:43,994:unsupervised_learning_gensim.py:81:WARNING:OSError --- key error: Guardería
2020-08-05 18:45:43,996:unsupervised_learning_gensim.py:81:WARNING:OSError --- key error: Ahumada
2020-08-05 18:45:44,056:unsupervised_learning_gensim.py:81:WARNING:OSError --- key error: reflotan
2020-08-05 18:45:44,213:unsupervised_learning_gensim.py:81:WARNING:OSError --- key error: Joaquin
2020-08-05 18:45:44,219:unsupervised_learning_gensim.py:81:WARNING:OSError --- key error: Comienzo
2020-08-05 18:45:44,257:unsupervised_learning_gensim.py:81:WARNING:OSError --- key error: medidor
2020-08-05 18:45:44,326:unsupervised_learning_gensim.py:81:WARNING:OSError --- key error: fortificación
2020-08-05 18:45:44,376:unsupervised_learning_gensim.py:81:WARNING:OSError --- key error: fortificación
2020-08-05 18:45:44,500:unsupervised_learning_gensim.py:81:WARNING:OSError --- key error: Segways
2020-08-05 18:45:44,508:unsupervised_learning_gensim.py:81:WARNING:OSError --- key error: monorraíles
2020-08-05 18:45:44,536:unsupervised_learning_gensim.py:81:WARNING:OSError --- key error: Peligrosos
2020-08-05 18:45:44,601:unsupervised_learning_gensim.py:81:WARNING:OSError --- key error: Juguetes
2020-08-05 18:45:44,606:unsupervised_learning_gensim.py:81:WARNING:OSError --- key error: hoverboars
2020-08-05 18:45:44,624:unsupervised_learning_gensim.py:81:WARNING:OSError --- key error: surquemos
2020-08-05 18:45:44,633:unsupervised_learning_gensim.py:81:WARNING:OSError --- key error: Escaleras
2020-08-05 18:45:44,716:unsupervised_learning_gensim.py:81:WARNING:OSError --- key error: suficiencia
2020-08-05 18:45:44,726:unsupervised_learning_gensim.py:81:WARNING:OSError --- key error: poderte
2020-08-05 18:45:44,734:unsupervised_learning_gensim.py:81:WARNING:OSError --- key error: poderte
2020-08-05 18:45:44,735:unsupervised_learning_gensim.py:81:WARNING:OSError --- key error: Carmelo
2020-08-05 18:45:44,744:unsupervised_learning_gensim.py:81:WARNING:OSError --- key error: nigún
2020-08-05 18:45:44,782:unsupervised_learning_gensim.py:81:WARNING:OSError --- key error: teleasistencia
2020-08-05 18:45:45,902:unsupervised_learning_gensim.py:81:WARNING:OSError --- key error: Preferían
2020-08-05 18:45:46,119:unsupervised_learning_gensim.py:81:WARNING:OSError --- key error: Usos
2020-08-05 18:45:46,205:unsupervised_learning_gensim.py:81:WARNING:OSError --- key error: aterrada
2020-08-05 18:45:46,230:unsupervised_learning_gensim.py:81:WARNING:OSError --- key error: rasguños
2020-08-05 18:45:46,243:unsupervised_learning_gensim.py:81:WARNING:OSError --- key error: Subyace
2020-08-05 18:45:46,246:unsupervised_learning_gensim.py:81:WARNING:OSError --- key error: drogadicción
2020-08-05 18:45:46,360:unsupervised_learning_gensim.py:81:WARNING:OSError --- key error: Exhumar
2020-08-05 18:45:46,365:unsupervised_learning_gensim.py:81:WARNING:OSError --- key error: Trasladarlo
2020-08-05 18:45:46,425:unsupervised_learning_gensim.py:81:WARNING:OSError --- key error: Carmen-Polo
2020-08-05 18:45:46,494:unsupervised_learning_gensim.py:81:WARNING:OSError --- key error: Arias-Navarro
2020-08-05 18:45:46,565:unsupervised_learning_gensim.py:81:WARNING:OSError --- key error: Carmen-Calvo
2020-08-05 18:45:46,588:unsupervised_learning_gensim.py:81:WARNING:OSError --- key error: Paradójicamente
2020-08-05 18:45:46,618:unsupervised_learning_gensim.py:81:WARNING:OSError --- key error: Supremo-Albert-Rivera
2020-08-05 18:45:46,654:unsupervised_learning_gensim.py:81:WARNING:OSError --- key error: Santiago-Abascal
2020-08-05 18:45:46,680:unsupervised_learning_gensim.py:81:WARNING:OSError --- key error: Lamentamos
2020-08-05 18:45:46,758:unsupervised_learning_gensim.py:81:WARNING:OSError --- key error: problamente
2020-08-05 18:45:46,771:unsupervised_learning_gensim.py:81:WARNING:OSError --- key error: Exhumación
2020-08-05 18:45:46,814:unsupervised_learning_gensim.py:81:WARNING:OSError --- key error: mármol
2020-08-05 18:45:46,839:unsupervised_learning_gensim.py:81:WARNING:OSError --- key error: Falange
2020-08-05 18:45:46,842:unsupervised_learning_gensim.py:81:WARNING:OSError --- key error: preeminente
2020-08-05 18:45:46,903:unsupervised_learning_gensim.py:81:WARNING:OSError --- key error: Presentaron
2020-08-05 18:45:47,010:unsupervised_learning_gensim.py:81:WARNING:OSError --- key error: Don-Orione
2020-08-05 18:45:47,132:unsupervised_learning_gensim.py:81:WARNING:OSError --- key error: semilibertad
2020-08-05 18:45:47,161:unsupervised_learning_gensim.py:81:WARNING:OSError --- key error: Tremendo
2020-08-05 18:45:47,171:unsupervised_learning_gensim.py:81:WARNING:OSError --- key error: watshapp
2020-08-05 18:45:47,198:unsupervised_learning_gensim.py:81:WARNING:OSError --- key error: Susana-Cortés
2020-08-05 18:45:47,204:unsupervised_learning_gensim.py:81:WARNING:OSError --- key error: paranoico
2020-08-05 18:45:47,232:unsupervised_learning_gensim.py:81:WARNING:OSError --- key error: Finge
2020-08-05 18:45:47,312:unsupervised_learning_gensim.py:81:WARNING:OSError --- key error: Esther-Alonso
2020-08-05 18:45:47,475:unsupervised_learning_gensim.py:81:WARNING:OSError --- key error: Allegad
2020-08-05 18:45:47,496:unsupervised_learning_gensim.py:81:WARNING:OSError --- key error: clausurada
2020-08-05 18:45:47,526:unsupervised_learning_gensim.py:81:WARNING:OSError --- key error: escrupulósamentes
2020-08-05 18:45:47,871:unsupervised_learning_gensim.py:81:WARNING:OSError --- key error: siutaicón
2020-08-05 18:45:47,892:unsupervised_learning_gensim.py:81:WARNING:OSError --- key error: turoperador
2020-08-05 18:45:47,945:unsupervised_learning_gensim.py:81:WARNING:OSError --- key error: Iphone
2020-08-05 18:45:47,947:unsupervised_learning_gensim.py:81:WARNING:OSError --- key error: Blockbuster
2020-08-05 18:45:47,950:unsupervised_learning_gensim.py:81:WARNING:OSError --- key error: videoclub
2020-08-05 18:45:47,957:unsupervised_learning_gensim.py:81:WARNING:OSError --- key error: Alquilaban
2020-08-05 18:45:47,966:unsupervised_learning_gensim.py:81:WARNING:OSError --- key error: Kodak
2020-08-05 18:45:47,983:unsupervised_learning_gensim.py:81:WARNING:OSError --- key error: Olivetti
2020-08-05 18:45:48,019:unsupervised_learning_gensim.py:81:WARNING:OSError --- key error: convenientemente
2020-08-05 18:45:48,059:unsupervised_learning_gensim.py:81:WARNING:OSError --- key error: readmitirla
2020-08-05 18:45:48,066:unsupervised_learning_gensim.py:81:WARNING:OSError --- key error: Optaron
2020-08-05 18:45:48,077:unsupervised_learning_gensim.py:81:WARNING:OSError --- key error: sexagenario
2020-08-05 18:45:48,181:unsupervised_learning_gensim.py:81:WARNING:OSError --- key error: Amnistía-Internacinal
2020-08-05 18:45:48,189:unsupervised_learning_gensim.py:81:WARNING:OSError --- key error: retuerce
2020-08-05 18:45:48,230:unsupervised_learning_gensim.py:81:WARNING:OSError --- key error: cardiólogos
2020-08-05 18:45:48,289:unsupervised_learning_gensim.py:81:WARNING:OSError --- key error: adquirirlas
2020-08-05 18:45:48,339:unsupervised_learning_gensim.py:81:WARNING:OSError --- key error: María-José-Zamora
2020-08-05 18:45:48,441:unsupervised_learning_gensim.py:81:WARNING:OSError --- key error: perdiese
2020-08-05 18:45:48,594:unsupervised_learning_gensim.py:81:WARNING:OSError --- key error: San-Ignacio
2020-08-05 18:45:48,596:unsupervised_learning_gensim.py:81:WARNING:OSError --- key error: Loyola
2020-08-05 18:45:48,623:unsupervised_learning_gensim.py:81:WARNING:OSError --- key error: Cansado
2020-08-05 18:45:48,650:unsupervised_learning_gensim.py:81:WARNING:OSError --- key error: Silvia-Gonzalez
2020-08-05 18:45:48,666:unsupervised_learning_gensim.py:81:WARNING:OSError --- key error: pajarillo
2020-08-05 18:45:48,669:unsupervised_learning_gensim.py:81:WARNING:OSError --- key error: repitiéndose
2020-08-05 18:45:48,716:unsupervised_learning_gensim.py:81:WARNING:OSError --- key error: Harto
2020-08-05 18:45:48,765:unsupervised_learning_gensim.py:81:WARNING:OSError --- key error: Jesucristo
2020-08-05 18:45:48,774:unsupervised_learning_gensim.py:81:WARNING:OSError --- key error: Pajarillos
2020-08-05 18:45:48,785:unsupervised_learning_gensim.py:81:WARNING:OSError --- key error: Carrera-Ponle-Freno-Madrid
2020-08-05 18:45:48,796:unsupervised_learning_gensim.py:81:WARNING:OSError --- key error: ponlefreno.com
2020-08-05 18:45:48,828:unsupervised_learning_gensim.py:81:WARNING:OSError --- key error: ciclística
2020-08-05 18:45:48,858:unsupervised_learning_gensim.py:81:WARNING:OSError --- key error: Jaume
2020-08-05 18:45:48,894:unsupervised_learning_gensim.py:81:WARNING:OSError --- key error: Yaume-Estebanell
2020-08-05 18:45:48,934:unsupervised_learning_gensim.py:81:WARNING:OSError --- key error: acomplejado
2020-08-05 18:45:48,951:unsupervised_learning_gensim.py:81:WARNING:OSError --- key error: espantada
2020-08-05 18:45:49,006:unsupervised_learning_gensim.py:81:WARNING:OSError --- key error: Recien
2020-08-05 18:45:49,083:unsupervised_learning_gensim.py:81:WARNING:OSError --- key error: qataries
2020-08-05 18:45:49,107:unsupervised_learning_gensim.py:81:WARNING:OSError --- key error: Amnstía-Internacional
2020-08-05 18:45:49,131:unsupervised_learning_gensim.py:81:WARNING:OSError --- key error: flagelar
2020-08-05 18:45:49,147:unsupervised_learning_gensim.py:81:WARNING:OSError --- key error: ferraris
2020-08-05 18:45:49,148:unsupervised_learning_gensim.py:81:WARNING:OSError --- key error: Perla
2020-08-05 18:45:49,191:unsupervised_learning_gensim.py:81:WARNING:OSError --- key error: pantorrilla
2020-08-05 18:45:49,193:unsupervised_learning_gensim.py:81:WARNING:OSError --- key error: ombligo
2020-08-05 18:45:49,216:unsupervised_learning_gensim.py:81:WARNING:OSError --- key error: observada
2020-08-05 18:45:49,221:unsupervised_learning_gensim.py:81:WARNING:OSError --- key error: Afghanistán
2020-08-05 18:45:49,242:unsupervised_learning_gensim.py:81:WARNING:OSError --- key error: Antena3deportes
2020-08-05 18:45:49,281:unsupervised_learning_gensim.py:81:WARNING:OSError --- key error: Tapada
2020-08-05 18:45:49,341:unsupervised_learning_gensim.py:81:WARNING:OSError --- key error: otroPRecordado
2020-08-05 18:45:49,348:unsupervised_learning_gensim.py:81:WARNING:OSError --- key error: Megan-Rapinoe
2020-08-05 18:45:49,371:unsupervised_learning_gensim.py:81:WARNING:OSError --- key error: Sahar-Khodayari
2020-08-05 18:45:49,399:unsupervised_learning_gensim.py:81:WARNING:OSError --- key error: Camboya
2020-08-05 18:45:49,419:unsupervised_learning_gensim.py:81:WARNING:OSError --- key error: Jill-Ellis
2020-08-05 18:45:50,428:unsupervised_learning_gensim.py:81:WARNING:OSError --- key error: Salma-Hayek
2020-08-05 18:45:50,437:unsupervised_learning_gensim.py:81:WARNING:OSError --- key error: Salma-Hayek
2020-08-05 18:45:50,442:unsupervised_learning_gensim.py:81:WARNING:OSError --- key error: Probad
2020-08-05 18:45:50,448:unsupervised_learning_gensim.py:81:WARNING:OSError --- key error: Azabache
2020-08-05 18:45:50,486:unsupervised_learning_gensim.py:81:WARNING:OSError --- key error: Daniela-Soto-Inés
2020-08-05 18:45:50,491:unsupervised_learning_gensim.py:81:WARNING:OSError --- key error: Glenn-Ford
2020-08-05 18:45:50,512:unsupervised_learning_gensim.py:81:WARNING:OSError --- key error: Sam-Cade
2020-08-05 18:45:50,524:unsupervised_learning_gensim.py:81:WARNING:OSError --- key error: Coromoto
2020-08-05 18:45:50,535:unsupervised_learning_gensim.py:81:WARNING:OSError --- key error: Volvéis
2020-08-05 18:45:50,550:unsupervised_learning_gensim.py:81:WARNING:OSError --- key error: Pensarlo
2020-08-05 18:45:50,552:unsupervised_learning_gensim.py:81:WARNING:OSError --- key error: Tenerlo
2020-08-05 18:45:50,563:unsupervised_learning_gensim.py:81:WARNING:OSError --- key error: Kutxabank
2020-08-05 18:45:50,636:unsupervised_learning_gensim.py:81:WARNING:OSError --- key error: Corte-Suprema
2020-08-05 18:45:50,653:unsupervised_learning_gensim.py:81:WARNING:OSError --- key error: Boris-Jonhson
2020-08-05 18:45:50,670:unsupervised_learning_gensim.py:81:WARNING:OSError --- key error: peculiares
2020-08-05 18:45:51,079:unsupervised_learning_gensim.py:81:WARNING:OSError --- key error: Recurrir
2020-08-05 18:45:51,154:unsupervised_learning_gensim.py:81:WARNING:OSError --- key error: Dictador-Franco
2020-08-05 18:45:51,212:unsupervised_learning_gensim.py:81:WARNING:OSError --- key error: Mingorrubio
2020-08-05 18:45:51,296:unsupervised_learning_gensim.py:81:WARNING:OSError --- key error: Memoria-Histórica
2020-08-05 18:45:51,312:unsupervised_learning_gensim.py:81:WARNING:OSError --- key error: objeciones
2020-08-05 18:45:51,320:unsupervised_learning_gensim.py:81:WARNING:OSError --- key error: abad
2020-08-05 18:45:51,333:unsupervised_learning_gensim.py:81:WARNING:OSError --- key error: indisimulada
2020-08-05 18:45:51,393:unsupervised_learning_gensim.py:81:WARNING:OSError --- key error: Escribe
2020-08-05 18:45:51,428:unsupervised_learning_gensim.py:81:WARNING:OSError --- key error: Lamentamos
2020-08-05 18:45:51,610:unsupervised_learning_gensim.py:81:WARNING:OSError --- key error: Carina
2020-08-05 18:45:51,684:unsupervised_learning_gensim.py:81:WARNING:OSError --- key error: pragmático
2020-08-05 18:45:51,701:unsupervised_learning_gensim.py:81:WARNING:OSError --- key error: desmovilización
2020-08-05 18:45:51,895:unsupervised_learning_gensim.py:81:WARNING:OSError --- key error: Mónica-Oltra
2020-08-05 18:45:51,910:unsupervised_learning_gensim.py:81:WARNING:OSError --- key error: emoticono
2020-08-05 18:45:51,972:unsupervised_learning_gensim.py:81:WARNING:OSError --- key error: Tres-Cantos
2020-08-05 18:45:52,103:unsupervised_learning_gensim.py:81:WARNING:OSError --- key error: Sandra-Izquierdo
2020-08-05 18:45:52,204:unsupervised_learning_gensim.py:81:WARNING:OSError --- key error: Elsa-Artadi
2020-08-05 18:45:52,206:unsupervised_learning_gensim.py:81:WARNING:OSError --- key error: Sufriendo
2020-08-05 18:45:52,214:unsupervised_learning_gensim.py:81:WARNING:OSError --- key error: vulneraciones
2020-08-05 18:45:52,225:unsupervised_learning_gensim.py:81:WARNING:OSError --- key error: Aquí-ERC
2020-08-05 18:45:52,386:unsupervised_learning_gensim.py:81:WARNING:OSError --- key error: ajustarte
2020-08-05 18:45:52,497:unsupervised_learning_gensim.py:81:WARNING:OSError --- key error: Fran-Peraza
2020-08-05 18:45:52,544:unsupervised_learning_gensim.py:81:WARNING:OSError --- key error: Comunidades-Autonómas
2020-08-05 18:45:52,628:unsupervised_learning_gensim.py:81:WARNING:OSError --- key error: listerioris
2020-08-05 18:45:52,698:unsupervised_learning_gensim.py:81:WARNING:OSError --- key error: Previsiblemente
2020-08-05 18:45:52,732:unsupervised_learning_gensim.py:81:WARNING:OSError --- key error: Dio
2020-08-05 18:45:52,788:unsupervised_learning_gensim.py:81:WARNING:OSError --- key error: Margrudis
2020-08-05 18:45:52,950:unsupervised_learning_gensim.py:81:WARNING:OSError --- key error: Triunfantes
2020-08-05 18:45:53,019:unsupervised_learning_gensim.py:81:WARNING:OSError --- key error: Order
2020-08-05 18:45:53,060:unsupervised_learning_gensim.py:81:WARNING:OSError --- key error: Corte-Supremo
2020-08-05 18:45:53,102:unsupervised_learning_gensim.py:81:WARNING:OSError --- key error: eurocámara
2020-08-05 18:45:53,166:unsupervised_learning_gensim.py:81:WARNING:OSError --- key error: colonialista
2020-08-05 18:45:53,168:unsupervised_learning_gensim.py:81:WARNING:OSError --- key error: irrespetuosa
2020-08-05 18:45:53,170:unsupervised_learning_gensim.py:81:WARNING:OSError --- key error: Discursos
2020-08-05 18:45:53,207:unsupervised_learning_gensim.py:81:WARNING:OSError --- key error: unilateralismo
2020-08-05 18:45:53,287:unsupervised_learning_gensim.py:81:WARNING:OSError --- key error: exprofesor
2020-08-05 18:45:53,330:unsupervised_learning_gensim.py:81:WARNING:OSError --- key error: Tarrassa
2020-08-05 18:45:54,036:unsupervised_learning_gensim.py:81:WARNING:OSError --- key error: Aterrador
2020-08-05 18:45:54,066:unsupervised_learning_gensim.py:81:WARNING:OSError --- key error: Recibo
2020-08-05 18:45:54,105:unsupervised_learning_gensim.py:81:WARNING:OSError --- key error: Propietario
2020-08-05 18:45:54,168:unsupervised_learning_gensim.py:81:WARNING:OSError --- key error: apaleada
2020-08-05 18:45:54,332:unsupervised_learning_gensim.py:81:WARNING:OSError --- key error: Ruan
2020-08-05 18:45:54,444:unsupervised_learning_gensim.py:81:WARNING:OSError --- key error: atraparla
2020-08-05 18:45:54,453:unsupervised_learning_gensim.py:81:WARNING:OSError --- key error: avisándoles
2020-08-05 18:45:54,739:unsupervised_learning_gensim.py:81:WARNING:OSError --- key error: Pegaron
2020-08-05 18:45:54,746:unsupervised_learning_gensim.py:81:WARNING:OSError --- key error: instituto.Y
2020-08-05 18:45:54,765:unsupervised_learning_gensim.py:81:WARNING:OSError --- key error: Soledad-Arroyo
2020-08-05 18:45:54,788:unsupervised_learning_gensim.py:81:WARNING:OSError --- key error: Quevedo
2020-08-05 18:45:54,814:unsupervised_learning_gensim.py:81:WARNING:OSError --- key error: Cajal
2020-08-05 18:45:54,824:unsupervised_learning_gensim.py:81:WARNING:OSError --- key error: hermanastra
2020-08-05 18:45:54,842:unsupervised_learning_gensim.py:81:WARNING:OSError --- key error: avisada
2020-08-05 18:45:54,988:unsupervised_learning_gensim.py:81:WARNING:OSError --- key error: exhibicionismo
2020-08-05 18:45:55,019:unsupervised_learning_gensim.py:81:WARNING:OSError --- key error: Ganaría
2020-08-05 18:45:55,087:unsupervised_learning_gensim.py:81:WARNING:OSError --- key error: centro-derecha
2020-08-05 18:45:55,121:unsupervised_learning_gensim.py:81:WARNING:OSError --- key error: Juegan
2020-08-05 18:45:55,133:unsupervised_learning_gensim.py:81:WARNING:OSError --- key error: Trabajamos
2020-08-05 18:45:55,145:unsupervised_learning_gensim.py:81:WARNING:OSError --- key error: Tezanos
2020-08-05 18:45:55,160:unsupervised_learning_gensim.py:81:WARNING:OSError --- key error: inválido
2020-08-05 18:45:55,254:unsupervised_learning_gensim.py:81:WARNING:OSError --- key error: Cosrtés
2020-08-05 18:45:55,263:unsupervised_learning_gensim.py:81:WARNING:OSError --- key error: Declaró
2020-08-05 18:45:55,319:unsupervised_learning_gensim.py:81:WARNING:OSError --- key error: Dice-Francis-Franco
2020-08-05 18:45:55,376:unsupervised_learning_gensim.py:81:WARNING:OSError --- key error: Operación-Púnica
2020-08-05 18:45:55,481:unsupervised_learning_gensim.py:81:WARNING:OSError --- key error: Estudio
2020-08-05 18:45:55,499:unsupervised_learning_gensim.py:81:WARNING:OSError --- key error: periferia
2020-08-05 18:45:55,502:unsupervised_learning_gensim.py:81:WARNING:OSError --- key error: M-José
2020-08-05 18:45:55,510:unsupervised_learning_gensim.py:81:WARNING:OSError --- key error: Comparte
2020-08-05 18:45:55,531:unsupervised_learning_gensim.py:81:WARNING:OSError --- key error: Guipuzkoa
2020-08-05 18:45:55,596:unsupervised_learning_gensim.py:81:WARNING:OSError --- key error: empadronada
2020-08-05 18:45:55,615:unsupervised_learning_gensim.py:81:WARNING:OSError --- key error: empadronadas
2020-08-05 18:45:55,637:unsupervised_learning_gensim.py:81:WARNING:OSError --- key error: Holfo
2020-08-05 18:45:55,698:unsupervised_learning_gensim.py:81:WARNING:OSError --- key error: Samur-Social
2020-08-05 18:45:55,734:unsupervised_learning_gensim.py:81:WARNING:OSError --- key error: empadaronadas
2020-08-05 18:45:55,780:unsupervised_learning_gensim.py:81:WARNING:OSError --- key error: limpiadores
2020-08-05 18:45:55,812:unsupervised_learning_gensim.py:81:WARNING:OSError --- key error: Toñi-Galván
2020-08-05 18:45:55,850:unsupervised_learning_gensim.py:81:WARNING:OSError --- key error: Antihigiénico
2020-08-05 18:45:55,853:unsupervised_learning_gensim.py:81:WARNING:OSError --- key error: Vete
2020-08-05 18:45:55,909:unsupervised_learning_gensim.py:81:WARNING:OSError --- key error: Tomen
2020-08-05 18:45:55,937:unsupervised_learning_gensim.py:81:WARNING:OSError --- key error: Fortune
2020-08-05 18:45:56,025:unsupervised_learning_gensim.py:81:WARNING:OSError --- key error: locución
2020-08-05 18:45:56,029:unsupervised_learning_gensim.py:81:WARNING:OSError --- key error: Diplomático
2020-08-05 18:45:56,089:unsupervised_learning_gensim.py:81:WARNING:OSError --- key error: embutido
2020-08-05 18:45:56,093:unsupervised_learning_gensim.py:81:WARNING:OSError --- key error: mujeriego
2020-08-05 18:45:56,098:unsupervised_learning_gensim.py:81:WARNING:OSError --- key error: Lady-Di
2020-08-05 18:45:56,105:unsupervised_learning_gensim.py:81:WARNING:OSError --- key error: localizarle
2020-08-05 18:45:56,114:unsupervised_learning_gensim.py:81:WARNING:OSError --- key error: Gaulle
2020-08-05 18:45:56,123:unsupervised_learning_gensim.py:81:WARNING:OSError --- key error: Ruan
2020-08-05 18:45:56,178:unsupervised_learning_gensim.py:81:WARNING:OSError --- key error: Claudia-Vázquez
2020-08-05 18:45:56,187:unsupervised_learning_gensim.py:81:WARNING:OSError --- key error: Radio-Bohemia
2020-08-05 18:45:56,291:unsupervised_learning_gensim.py:81:WARNING:OSError --- key error: Caixa
2020-08-05 18:45:56,306:unsupervised_learning_gensim.py:81:WARNING:OSError --- key error: mensajeros
2020-08-05 18:45:56,318:unsupervised_learning_gensim.py:81:WARNING:OSError --- key error: Sacando
2020-08-05 18:45:56,322:unsupervised_learning_gensim.py:81:WARNING:OSError --- key error: Cuchillos
2020-08-05 18:45:56,406:unsupervised_learning_gensim.py:81:WARNING:OSError --- key error: bario
2020-08-05 18:45:56,432:unsupervised_learning_gensim.py:81:WARNING:OSError --- key error: Totalmente
2020-08-05 18:45:56,537:unsupervised_learning_gensim.py:81:WARNING:OSError --- key error: Suleima
2020-08-05 18:45:56,545:unsupervised_learning_gensim.py:81:WARNING:OSError --- key error: vapeador
2020-08-05 18:45:56,558:unsupervised_learning_gensim.py:81:WARNING:OSError --- key error: palestra
2020-08-05 18:45:56,573:unsupervised_learning_gensim.py:81:WARNING:OSError --- key error: Alertar
2020-08-05 18:45:56,594:unsupervised_learning_gensim.py:81:WARNING:OSError --- key error: petroquímica
2020-08-05 18:45:56,713:unsupervised_learning_gensim.py:81:WARNING:OSError --- key error: siquera
2020-08-05 18:45:56,715:unsupervised_learning_gensim.py:81:WARNING:OSError --- key error: repelentes
2020-08-05 18:45:56,731:unsupervised_learning_gensim.py:81:WARNING:OSError --- key error: Magdalena
2020-08-05 18:45:56,739:unsupervised_learning_gensim.py:81:WARNING:OSError --- key error: salada
2020-08-05 18:45:56,805:unsupervised_learning_gensim.py:81:WARNING:OSError --- key error: proliferan
2020-08-05 18:45:56,847:unsupervised_learning_gensim.py:81:WARNING:OSError --- key error: acorralada
2020-08-05 18:45:56,890:unsupervised_learning_gensim.py:81:WARNING:OSError --- key error: acorralada
2020-08-05 18:45:56,903:unsupervised_learning_gensim.py:81:WARNING:OSError --- key error: Embiste
2020-08-05 18:45:56,928:unsupervised_learning_gensim.py:81:WARNING:OSError --- key error: toriles
2020-08-05 18:45:56,970:unsupervised_learning_gensim.py:81:WARNING:OSError --- key error: Método
2020-08-05 18:45:56,988:unsupervised_learning_gensim.py:81:WARNING:OSError --- key error: Competido
2020-08-05 18:45:56,996:unsupervised_learning_gensim.py:81:WARNING:OSError --- key error: radiofrecuencia
2020-08-05 18:45:57,021:unsupervised_learning_gensim.py:81:WARNING:OSError --- key error: marchadores
2020-08-05 18:45:57,031:unsupervised_learning_gensim.py:81:WARNING:OSError --- key error: pastilla-termómetro
2020-08-05 18:45:57,044:unsupervised_learning_gensim.py:81:WARNING:OSError --- key error: marchadora
2020-08-05 18:45:57,104:unsupervised_learning_gensim.py:81:WARNING:OSError --- key error: tomarte
2020-08-05 18:45:57,113:unsupervised_learning_gensim.py:81:WARNING:OSError --- key error: Chalecos
2020-08-05 18:45:57,127:unsupervised_learning_gensim.py:81:WARNING:OSError --- key error: Gorra
2020-08-05 18:45:57,197:unsupervised_learning_gensim.py:81:WARNING:OSError --- key error: Sara-True
2020-08-05 18:45:57,203:unsupervised_learning_gensim.py:81:WARNING:OSError --- key error: marathon
2020-08-05 18:45:57,230:unsupervised_learning_gensim.py:81:WARNING:OSError --- key error: arritmia
2020-08-05 18:45:57,239:unsupervised_learning_gensim.py:81:WARNING:OSError --- key error: Aclimatación
2020-08-05 18:45:57,245:unsupervised_learning_gensim.py:81:WARNING:OSError --- key error: Identificar
2020-08-05 18:45:57,349:unsupervised_learning_gensim.py:81:WARNING:OSError --- key error: agilidad
2020-08-05 18:45:57,358:unsupervised_learning_gensim.py:81:WARNING:OSError --- key error: Simone-Biles
2020-08-05 18:45:57,373:unsupervised_learning_gensim.py:81:WARNING:OSError --- key error: válvulas
2020-08-05 18:45:57,392:unsupervised_learning_gensim.py:81:WARNING:OSError --- key error: parkour
2020-08-05 18:45:57,432:unsupervised_learning_gensim.py:81:WARNING:OSError --- key error: influensers
2020-08-05 18:45:57,439:unsupervised_learning_gensim.py:81:WARNING:OSError --- key error: fitness
2020-08-05 18:45:57,449:unsupervised_learning_gensim.py:81:WARNING:OSError --- key error: Arat-Hoseini
2020-08-05 18:45:57,483:unsupervised_learning_gensim.py:81:WARNING:OSError --- key error: 300mil
2020-08-05 18:45:57,516:unsupervised_learning_gensim.py:81:WARNING:OSError --- key error: frustacción
2020-08-05 18:45:57,645:unsupervised_learning_gensim.py:81:WARNING:OSError --- key error: Vinícius
2020-08-05 18:45:57,656:unsupervised_learning_gensim.py:81:WARNING:OSError --- key error: Rodrygo
2020-08-05 18:45:57,670:unsupervised_learning_gensim.py:81:WARNING:OSError --- key error: Rodrygo
2020-08-05 18:45:58,935:unsupervised_learning_gensim.py:81:WARNING:OSError --- key error: Sanxenso
2020-08-05 18:45:58,973:unsupervised_learning_gensim.py:81:WARNING:OSError --- key error: sufrirlo
2020-08-05 18:45:59,001:unsupervised_learning_gensim.py:81:WARNING:OSError --- key error: Dramática
2020-08-05 18:45:59,008:unsupervised_learning_gensim.py:81:WARNING:OSError --- key error: Aruba
2020-08-05 18:45:59,024:unsupervised_learning_gensim.py:81:WARNING:OSError --- key error: desaprueba
2020-08-05 18:45:59,062:unsupervised_learning_gensim.py:81:WARNING:OSError --- key error: Begoña-Gómez
2020-08-05 18:45:59,329:unsupervised_learning_gensim.py:81:WARNING:OSError --- key error: Junta-Electoral-Central
2020-08-05 18:45:59,502:unsupervised_learning_gensim.py:81:WARNING:OSError --- key error: plácidamente
2020-08-05 18:45:59,582:unsupervised_learning_gensim.py:81:WARNING:OSError --- key error: Iglesias-Errejón
2020-08-05 18:45:59,585:unsupervised_learning_gensim.py:81:WARNING:OSError --- key error: Respetamos
2020-08-05 18:45:59,653:unsupervised_learning_gensim.py:81:WARNING:OSError --- key error: Creía-Pedro-Sánchez
2020-08-05 18:45:59,659:unsupervised_learning_gensim.py:81:WARNING:OSError --- key error: Duros
2020-08-05 18:45:59,682:unsupervised_learning_gensim.py:81:WARNING:OSError --- key error: Recibirán
2020-08-05 18:45:59,704:unsupervised_learning_gensim.py:81:WARNING:OSError --- key error: Atascos
2020-08-05 18:45:59,736:unsupervised_learning_gensim.py:81:WARNING:OSError --- key error: Cuelgamuros
2020-08-05 18:45:59,742:unsupervised_learning_gensim.py:81:WARNING:OSError --- key error: Teresa-Fernández
2020-08-05 18:45:59,811:unsupervised_learning_gensim.py:81:WARNING:OSError --- key error: dejasen
2020-08-05 18:45:59,831:unsupervised_learning_gensim.py:81:WARNING:OSError --- key error: Ucraniagate
2020-08-05 18:45:59,979:unsupervised_learning_gensim.py:81:WARNING:OSError --- key error: Ghani
2020-08-05 18:45:59,986:unsupervised_learning_gensim.py:81:WARNING:OSError --- key error: Abdullah-Abdullah
2020-08-05 18:46:00,052:unsupervised_learning_gensim.py:81:WARNING:OSError --- key error: Jovenel-Mois
2020-08-05 18:46:00,172:unsupervised_learning_gensim.py:81:WARNING:OSError --- key error: habitable
2020-08-05 18:46:00,176:unsupervised_learning_gensim.py:81:WARNING:OSError --- key error: pesimistas
2020-08-05 18:46:00,218:unsupervised_learning_gensim.py:81:WARNING:OSError --- key error: respetarlo
2020-08-05 18:46:00,336:unsupervised_learning_gensim.py:81:WARNING:OSError --- key error: Sergio-Ruíz
2020-08-05 18:46:00,354:unsupervised_learning_gensim.py:81:WARNING:OSError --- key error: desparación
2020-08-05 18:46:00,527:unsupervised_learning_gensim.py:81:WARNING:OSError --- key error: presionarles
2020-08-05 18:46:00,561:unsupervised_learning_gensim.py:81:WARNING:OSError --- key error: Electrodomésticos
2020-08-05 18:46:00,678:unsupervised_learning_gensim.py:81:WARNING:OSError --- key error: Defensores
2020-08-05 18:46:00,721:unsupervised_learning_gensim.py:81:WARNING:OSError --- key error: Vicente-Ibáñez
2020-08-05 18:46:00,740:unsupervised_learning_gensim.py:81:WARNING:OSError --- key error: Terapias
2020-08-05 18:46:00,765:unsupervised_learning_gensim.py:81:WARNING:OSError --- key error: gurús
2020-08-05 18:46:00,784:unsupervised_learning_gensim.py:81:WARNING:OSError --- key error: curandero
2020-08-05 18:46:00,789:unsupervised_learning_gensim.py:81:WARNING:OSError --- key error: MMS
2020-08-05 18:46:00,798:unsupervised_learning_gensim.py:81:WARNING:OSError --- key error: Andres-Kalcker
2020-08-05 18:46:00,815:unsupervised_learning_gensim.py:81:WARNING:OSError --- key error: Teresa-Forcades
2020-08-05 18:46:00,822:unsupervised_learning_gensim.py:81:WARNING:OSError --- key error: naturópata
2020-08-05 18:46:00,827:unsupervised_learning_gensim.py:81:WARNING:OSError --- key error: Txumari-Alfaro
2020-08-05 18:46:00,832:unsupervised_learning_gensim.py:81:WARNING:OSError --- key error: enemas
2020-08-05 18:46:00,877:unsupervised_learning_gensim.py:81:WARNING:OSError --- key error: Josep-Pàmiés
2020-08-05 18:46:00,893:unsupervised_learning_gensim.py:81:WARNING:OSError --- key error: angina
2020-08-05 18:46:00,907:unsupervised_learning_gensim.py:81:WARNING:OSError --- key error: denostan
2020-08-05 18:46:00,975:unsupervised_learning_gensim.py:81:WARNING:OSError --- key error: Cogiendo
2020-08-05 18:46:00,996:unsupervised_learning_gensim.py:81:WARNING:OSError --- key error: Conducir
2020-08-05 18:46:01,003:unsupervised_learning_gensim.py:81:WARNING:OSError --- key error: civismo
2020-08-05 18:46:01,006:unsupervised_learning_gensim.py:81:WARNING:OSError --- key error: Receta
2020-08-05 18:46:01,093:unsupervised_learning_gensim.py:81:WARNING:OSError --- key error: estirásemos
2020-08-05 18:46:01,108:unsupervised_learning_gensim.py:81:WARNING:OSError --- key error: Costas
2020-08-05 18:46:01,219:unsupervised_learning_gensim.py:81:WARNING:OSError --- key error: veranillo
2020-08-05 18:46:01,225:unsupervised_learning_gensim.py:81:WARNING:OSError --- key error: Veamos
2020-08-05 18:46:01,241:unsupervised_learning_gensim.py:81:WARNING:OSError --- key error: Sigan
2020-08-05 18:46:01,281:unsupervised_learning_gensim.py:81:WARNING:OSError --- key error: -San-Sebastián
2020-08-05 18:46:01,298:unsupervised_learning_gensim.py:81:WARNING:OSError --- key error: Ondarreta
2020-08-05 18:46:01,381:unsupervised_learning_gensim.py:81:WARNING:OSError --- key error: bodegueros
2020-08-05 18:46:01,409:unsupervised_learning_gensim.py:81:WARNING:OSError --- key error: bodegueros
2020-08-05 18:46:01,458:unsupervised_learning_gensim.py:81:WARNING:OSError --- key error: viticultores
2020-08-05 18:46:01,627:unsupervised_learning_gensim.py:81:WARNING:OSError --- key error: Mireia-García
2020-08-05 18:46:01,710:unsupervised_learning_gensim.py:81:WARNING:OSError --- key error: Incluyó
2020-08-05 18:46:01,747:unsupervised_learning_gensim.py:81:WARNING:OSError --- key error: Vanesa-Martín
2020-08-05 18:46:01,770:unsupervised_learning_gensim.py:81:WARNING:OSError --- key error: Wizincenter
2020-08-05 18:46:01,782:unsupervised_learning_gensim.py:81:WARNING:OSError --- key error: Voz-Kids
2020-08-05 18:46:01,794:unsupervised_learning_gensim.py:81:WARNING:OSError --- key error: Dramáticas
2020-08-05 18:46:01,815:unsupervised_learning_gensim.py:81:WARNING:OSError --- key error: Agónico
2020-08-05 18:46:01,827:unsupervised_learning_gensim.py:81:WARNING:OSError --- key error: Aruba
2020-08-05 18:46:01,833:unsupervised_learning_gensim.py:81:WARNING:OSError --- key error: guineano
2020-08-05 18:46:01,837:unsupervised_learning_gensim.py:81:WARNING:OSError --- key error: Braina-Dabo
2020-08-05 18:46:01,864:unsupervised_learning_gensim.py:81:WARNING:OSError --- key error: Inexplicable
2020-08-05 18:46:01,875:unsupervised_learning_gensim.py:81:WARNING:OSError --- key error: Inhumano
2020-08-05 18:46:01,945:unsupervised_learning_gensim.py:81:WARNING:OSError --- key error: inexperiencia
2020-08-05 18:46:02,028:unsupervised_learning_gensim.py:81:WARNING:OSError --- key error: Cheryshev
2020-08-05 18:46:02,041:unsupervised_learning_gensim.py:81:WARNING:OSError --- key error: Melero-López
2020-08-05 18:46:02,048:unsupervised_learning_gensim.py:81:WARNING:OSError --- key error: rajada
2020-08-05 18:46:02,056:unsupervised_learning_gensim.py:81:WARNING:OSError --- key error: Villarreal-Betis
2020-08-05 18:46:02,065:unsupervised_learning_gensim.py:81:WARNING:OSError --- key error: Ekambi
2020-08-05 18:46:02,070:unsupervised_learning_gensim.py:81:WARNING:OSError --- key error: Emerson
2020-08-05 18:46:02,082:unsupervised_learning_gensim.py:81:WARNING:OSError --- key error: Dudoso
2020-08-05 18:46:02,091:unsupervised_learning_gensim.py:81:WARNING:OSError --- key error: Samu-Chukueze
2020-08-05 18:46:02,101:unsupervised_learning_gensim.py:81:WARNING:OSError --- key error: Estrada-Fernández
2020-08-05 18:46:02,119:unsupervised_learning_gensim.py:81:WARNING:OSError --- key error: Ekambi
2020-08-05 18:46:02,126:unsupervised_learning_gensim.py:81:WARNING:OSError --- key error: Chukueze
2020-08-05 18:46:02,135:unsupervised_learning_gensim.py:81:WARNING:OSError --- key error: Eminem
2020-08-05 18:46:02,175:unsupervised_learning_gensim.py:81:WARNING:OSError --- key error: Mauricio-García
2020-08-05 18:46:02,207:unsupervised_learning_gensim.py:81:WARNING:OSError --- key error: Arrancamos
2020-08-05 18:46:02,334:unsupervised_learning_gensim.py:81:WARNING:OSError --- key error: alcanzándolo
2020-08-05 19:32:43,003:base_any2vec.py:720:WARNING:consider setting layer size to a multiple of 4 for greater performance
